1 0 0
1 0 2
1 0 3
1 0 3
1 0 5
1 0 6
1 0 6
1 0 6
1 0 10
1 0 10
1 0 12
1 0 12
1 0 12
1 0 18
1 0 21
1 0 28
1 0 32
1 0 33
1 0 35
1 0 35
1 0 35
1 0 43
1 0 43
1 0 45
1 0 45
1 0 45
1 1 0
1 1 0
1 1 0
1 1 1
1 1 4
1 1 4
1 1 4
1 1 7
1 1 7
1 1 8
1 1 8
1 1 13
1 1 15
1 1 16
1 1 16
1 1 16
1 1 17
1 1 17
1 1 17
1 1 19
1 1 19
1 1 22
1 1 23
1 1 23
1 1 23
1 1 26
1 1 26
1 1 28
1 1 32
1 1 32
1 1 34
1 1 34
1 1 35
1 1 40
1 1 40
1 1 40
1 1 42
1 1 43
1 1 43
1 1 44
1 1 44
1 1 44
1 2 5
1 2 5
1 2 5
1 2 10
1 2 11
1 2 11
1 2 11
1 2 14
1 2 16
1 2 19
1 2 19
1 2 25
1 2 25
1 2 25
1 2 35
1 2 35
1 2 35
1 2 40
1 2 41
1 2 41
1 2 44
1 2 48
1 2 48
1 3 0
1 3 2
1 3 2
1 3 2
1 3 5
1 3 5
1 3 6
1 3 15
1 3 15
1 3 15
1 3 17
1 3 17
1 3 20
1 3 20
1 3 21
1 3 21
1 3 26
1 3 36
1 3 36
1 3 36
1 3 39
1 3 39
1 3 39
1 3 40
1 3 41
1 3 41
1 3 41
1 3 45
1 3 45
1 3 48
1 3 48
1 4 8
1 4 8
1 4 8
1 4 10
1 4 10
1 4 12
1 4 12
1 4 12
1 4 19
1 4 22
1 4 23
1 4 23
1 4 23
1 4 26
1 4 26
1 4 26
1 4 28
1 4 28
1 4 30
1 4 30
1 4 31
1 4 31
1 4 31
1 4 32
1 4 32
1 4 33
1 4 39
1 4 39
1 4 42
1 5 3
1 5 3
1 5 3
1 5 11
1 5 11
1 5 11
1 5 14
1 5 16
1 5 16
1 5 16
1 5 17
1 5 18
1 5 18
1 5 19
1 5 19
1 5 19
1 5 20
1 5 20
1 5 20
1 5 21
1 5 21
1 5 21
1 5 28
1 5 28
1 5 31
1 5 32
1 5 32
1 5 32
1 5 34
1 5 36
1 5 36
1 5 37
1 5 37
1 5 37
1 5 39
1 5 39
1 5 39
1 5 42
1 5 42
1 5 42
1 5 44
1 5 44
1 6 3
1 6 3
1 6 3
1 6 4
1 6 4
1 6 4
1 6 7
1 6 9
1 6 9
1 6 9
1 6 12
1 6 14
1 6 14
1 6 14
1 6 15
1 6 15
1 6 16
1 6 16
1 6 21
1 6 21
1 6 25
1 6 27
1 6 35
1 6 35
1 6 35
1 6 37
1 6 37
1 6 40
1 6 40
1 6 41
1 6 43
1 6 43
1 6 43
1 6 46
1 6 46
1 6 46
1 6 49
1 6 49
1 7 0
1 7 0
1 7 0
1 7 4
1 7 4
1 7 7
1 7 8
1 7 8
1 7 8
1 7 14
1 7 15
1 7 15
1 7 16
1 7 16
1 7 21
1 7 21
1 7 21
1 7 23
1 7 23
1 7 24
1 7 24
1 7 29
1 7 30
1 7 31
1 7 31
1 7 31
1 7 32
1 7 32
1 7 32
1 7 33
1 7 33
1 7 40
1 7 43
1 8 0
1 8 0
1 8 0
1 8 1
1 8 1
1 8 4
1 8 5
1 8 7
1 8 7
1 8 9
1 8 9
1 8 11
1 8 17
1 8 17
1 8 17
1 8 18
1 8 19
1 8 19
1 8 19
1 8 20
1 8 20
1 8 20
1 8 21
1 8 21
1 8 21
1 8 22
1 8 22
1 8 24
1 8 24
1 8 31
1 8 31
1 8 31
1 8 35
1 8 35
1 8 36
1 8 36
1 8 38
1 8 38
1 8 39
1 8 39
1 8 39
1 8 40
1 8 40
1 8 43
1 8 43
1 8 43
1 8 44
1 8 44
1 8 47
1 8 47
1 8 49
1 8 49
1 9 0
1 9 2
1 9 3
1 9 3
1 9 3
1 9 8
1 9 8
1 9 11
1 9 11
1 9 11
1 9 16
1 9 16
1 9 16
1 9 20
1 9 20
1 9 20
1 9 25
1 9 30
1 9 30
1 9 40
1 9 40
1 9 41
1 9 41
1 9 49
1 9 49
1 9 49
1 10 1
1 10 1
1 10 7
1 10 9
1 10 10
1 10 10
1 10 12
1 10 16
1 10 16
1 10 21
1 10 21
1 10 27
1 10 28
1 10 28
1 10 29
1 10 29
1 10 32
1 10 32
1 10 32
1 10 33
1 10 34
1 10 35
1 10 35
1 10 35
1 10 38
1 10 38
1 10 38
1 10 39
1 10 39
1 10 39
1 11 7
1 11 9
1 11 9
1 11 9
1 11 23
1 11 23
1 11 23
1 11 30
1 11 30
1 11 30
1 11 35
1 11 44
1 11 47
1 11 47
1 11 48
1 11 48
1 11 48
1 11 49
1 11 49
1 11 49
1 12 1
1 12 1
1 12 1
1 12 9
1 12 10
1 12 10
1 12 10
1 12 11
1 12 11
1 12 15
1 12 21
1 12 21
1 12 22
1 12 22
1 12 31
1 12 31
1 12 31
1 12 41
1 12 41
1 12 43
1 12 43
1 12 44
1 12 44
1 13 1
1 13 1
1 13 5
1 13 5
1 13 7
1 13 7
1 13 7
1 13 10
1 13 10
1 13 10
1 13 14
1 13 14
1 13 14
1 13 15
1 13 15
1 13 15
1 13 18
1 13 18
1 13 18
1 13 20
1 13 22
1 13 22
1 13 22
1 13 23
1 13 23
1 13 23
1 13 27
1 13 27
1 13 27
1 13 29
1 13 29
1 13 29
1 13 37
1 13 37
1 13 41
1 13 41
1 13 42
1 13 42
1 13 42
1 13 45
1 13 45
1 13 45
1 13 47
1 13 47
1 13 47
1 13 49
1 13 49
1 14 2
1 14 2
1 14 2
1 14 4
1 14 13
1 14 13
1 14 13
1 14 16
1 14 16
1 14 16
1 14 18
1 14 21
1 14 21
1 14 21
1 14 22
1 14 28
1 14 30
1 14 32
1 14 32
1 14 38
1 14 38
1 14 38
1 14 41
1 14 41
1 14 41
1 14 42
1 14 42
1 14 42
1 14 47
1 15 0
1 15 2
1 15 2
1 15 4
1 15 8
1 15 8
1 15 8
1 15 11
1 15 16
1 15 17
1 15 17
1 15 21
1 15 21
1 15 21
1 15 23
1 15 23
1 15 24
1 15 25
1 15 25
1 15 25
1 15 29
1 15 29
1 15 31
1 15 31
1 15 31
1 15 33
1 15 36
1 15 36
1 15 36
1 15 38
1 15 38
1 15 38
1 15 43
1 15 43
1 15 45
1 15 47
1 15 47
1 15 47
1 16 0
1 16 0
1 16 0
1 16 6
1 16 6
1 16 9
1 16 9
1 16 11
1 16 20
1 16 20
1 16 29
1 16 31
1 16 35
1 16 42
1 16 44
1 16 44
1 16 44
1 16 45
1 16 46
1 16 46
1 16 48
1 16 48
1 16 48
1 17 2
1 17 2
1 17 5
1 17 5
1 17 10
1 17 10
1 17 10
1 17 18
1 17 18
1 17 18
1 17 25
1 17 25
1 17 26
1 17 27
1 17 27
1 17 27
1 17 38
1 17 38
1 17 41
1 17 42
1 17 42
1 17 42
1 17 43
1 17 43
1 17 43
1 17 45
1 17 45
1 17 46
1 17 49
1 17 49
1 18 4
1 18 7
1 18 7
1 18 8
1 18 8
1 18 11
1 18 11
1 18 11
1 18 12
1 18 14
1 18 18
1 18 18
1 18 19
1 18 19
1 18 19
1 18 22
1 18 22
1 18 23
1 18 23
1 18 23
1 18 24
1 18 24
1 18 29
1 18 29
1 18 29
1 18 36
1 18 37
1 18 37
1 18 37
1 18 38
1 18 38
1 18 39
1 18 39
1 18 40
1 18 40
1 18 40
1 18 48
1 18 48
1 18 48
1 19 0
1 19 0
1 19 0
1 19 2
1 19 3
1 19 3
1 19 4
1 19 4
1 19 8
1 19 8
1 19 11
1 19 12
1 19 14
1 19 18
1 19 18
1 19 19
1 19 19
1 19 20
1 19 20
1 19 20
1 19 21
1 19 23
1 19 23
1 19 24
1 19 26
1 19 26
1 19 26
1 19 30
1 19 30
1 19 31
1 19 34
1 19 35
1 19 35
1 19 36
1 19 37
1 19 37
1 19 37
1 19 40
1 19 40
1 19 44
1 19 45
1 19 45
1 19 47
1 19 47
1 20 1
1 20 1
1 20 2
1 20 2
1 20 4
1 20 4
1 20 4
1 20 5
1 20 5
1 20 7
1 20 14
1 20 14
1 20 14
1 20 16
1 20 21
1 20 21
1 20 21
1 20 23
1 20 23
1 20 23
1 20 24
1 20 26
1 20 33
1 20 34
1 20 35
1 20 36
1 20 36
1 20 36
1 20 41
1 20 41
1 20 41
1 20 46
1 21 2
1 21 2
1 21 6
1 21 6
1 21 6
1 21 10
1 21 10
1 21 10
1 21 11
1 21 11
1 21 12
1 21 12
1 21 12
1 21 13
1 21 19
1 21 19
1 21 19
1 21 20
1 21 20
1 21 33
1 21 34
1 21 34
1 21 38
1 21 39
1 21 40
1 21 40
1 21 44
1 21 44
1 21 44
1 21 46
1 21 46
1 21 46
1 21 47
1 21 48
1 22 1
1 22 1
1 22 1
1 22 2
1 22 2
1 22 4
1 22 4
1 22 4
1 22 8
1 22 8
1 22 8
1 22 11
1 22 11
1 22 15
1 22 16
1 22 16
1 22 16
1 22 22
1 22 24
1 22 24
1 22 25
1 22 25
1 22 25
1 22 26
1 22 29
1 22 29
1 22 29
1 22 31
1 22 32
1 22 35
1 22 36
1 22 36
1 22 36
1 22 38
1 22 43
1 22 43
1 22 43
1 22 44
1 22 44
1 22 44
1 22 47
1 22 47
1 23 4
1 23 7
1 23 7
1 23 7
1 23 12
1 23 12
1 23 12
1 23 17
1 23 17
1 23 17
1 23 22
1 23 22
1 23 22
1 23 25
1 23 25
1 23 25
1 23 27
1 23 27
1 23 32
1 23 33
1 23 40
1 23 42
1 23 42
1 23 44
1 23 45
1 23 45
1 23 49
1 24 1
1 24 1
1 24 1
1 24 4
1 24 4
1 24 4
1 24 9
1 24 9
1 24 9
1 24 20
1 24 21
1 24 22
1 24 23
1 24 23
1 24 23
1 24 25
1 24 25
1 24 29
1 24 29
1 24 29
1 24 31
1 24 33
1 24 34
1 24 34
1 24 40
1 24 40
1 24 40
1 24 41
1 24 41
1 24 41
1 24 42
1 24 42
1 24 44
1 25 2
1 25 2
1 25 3
1 25 3
1 25 3
1 25 5
1 25 5
1 25 5
1 25 6
1 25 6
1 25 6
1 25 8
1 25 8
1 25 11
1 25 11
1 25 11
1 25 13
1 25 22
1 25 22
1 25 24
1 25 24
1 25 25
1 25 25
1 25 25
1 25 31
1 25 31
1 25 35
1 25 35
1 25 35
1 25 37
1 25 37
1 25 42
1 25 45
1 25 45
1 25 45
1 26 0
1 26 4
1 26 5
1 26 5
1 26 5
1 26 7
1 26 7
1 26 7
1 26 8
1 26 9
1 26 9
1 26 10
1 26 10
1 26 10
1 26 14
1 26 17
1 26 17
1 26 20
1 26 20
1 26 25
1 26 25
1 26 25
1 26 33
1 26 33
1 26 37
1 26 37
1 26 37
1 26 38
1 26 38
1 26 38
1 26 40
1 26 40
1 26 40
1 26 44
1 26 47
1 26 47
1 27 6
1 27 6
1 27 9
1 27 11
1 27 11
1 27 13
1 27 15
1 27 15
1 27 18
1 27 22
1 27 26
1 27 26
1 27 26
1 27 30
1 27 31
1 27 31
1 27 31
1 27 35
1 27 35
1 27 35
1 27 40
1 27 40
1 27 40
1 27 42
1 27 42
1 27 42
1 27 43
1 27 43
1 27 45
1 27 45
1 28 1
1 28 1
1 28 7
1 28 7
1 28 7
1 28 11
1 28 11
1 28 15
1 28 15
1 28 17
1 28 17
1 28 20
1 28 20
1 28 20
1 28 21
1 28 21
1 28 21
1 28 32
1 28 32
1 28 32
1 28 36
1 28 38
1 28 38
1 28 38
1 28 40
1 28 40
1 28 41
1 28 41
1 28 41
1 28 46
1 29 0
1 29 0
1 29 3
1 29 4
1 29 4
1 29 11
1 29 13
1 29 13
1 29 13
1 29 14
1 29 15
1 29 15
1 29 15
1 29 18
1 29 18
1 29 19
1 29 19
1 29 26
1 29 26
1 29 29
1 29 36
1 29 38
1 29 39
1 29 39
1 29 41
1 29 41
1 29 41
1 29 42
1 29 43
1 29 43
1 29 43
1 29 46
1 29 46
1 29 46
1 30 1
1 30 2
1 30 2
1 30 4
1 30 4
1 30 4
1 30 8
1 30 8
1 30 10
1 30 10
1 30 10
1 30 14
1 30 14
1 30 14
1 30 17
1 30 17
1 30 17
1 30 23
1 30 23
1 30 24
1 30 25
1 30 25
1 30 25
1 30 27
1 30 28
1 30 28
1 30 30
1 30 30
1 30 31
1 30 31
1 30 31
1 30 37
1 30 37
1 30 37
1 30 41
1 30 41
1 30 45
1 30 48
1 30 48
1 30 48
1 30 49
1 31 0
1 31 1
1 31 1
1 31 1
1 31 3
1 31 4
1 31 4
1 31 6
1 31 6
1 31 6
1 31 8
1 31 8
1 31 12
1 31 14
1 31 14
1 31 14
1 31 15
1 31 15
1 31 15
1 31 22
1 31 28
1 31 28
1 31 28
1 31 30
1 31 30
1 31 31
1 31 32
1 31 32
1 31 32
1 31 34
1 31 40
1 31 40
1 31 40
1 31 43
1 31 43
1 32 2
1 32 2
1 32 5
1 32 7
1 32 7
1 32 7
1 32 10
1 32 10
1 32 10
1 32 12
1 32 12
1 32 13
1 32 13
1 32 13
1 32 17
1 32 18
1 32 23
1 32 23
1 32 30
1 32 30
1 32 32
1 32 32
1 32 32
1 32 40
1 32 41
1 32 42
1 32 46
1 32 48
1 32 48
1 32 48
1 33 1
1 33 1
1 33 1
1 33 4
1 33 7
1 33 9
1 33 9
1 33 9
1 33 15
1 33 15
1 33 15
1 33 17
1 33 17
1 33 17
1 33 19
1 33 19
1 33 21
1 33 25
1 33 25
1 33 25
1 33 28
1 33 28
1 33 28
1 33 29
1 33 30
1 33 30
1 33 30
1 33 32
1 33 35
1 33 37
1 33 44
1 33 44
1 33 47
1 33 49
1 34 3
1 34 3
1 34 3
1 34 9
1 34 9
1 34 9
1 34 10
1 34 10
1 34 13
1 34 13
1 34 14
1 34 14
1 34 17
1 34 17
1 34 17
1 34 22
1 34 27
1 34 27
1 34 29
1 34 29
1 34 30
1 34 43
1 34 43
1 34 44
1 34 44
1 34 44
1 34 46
1 34 46
1 35 6
1 35 6
1 35 6
1 35 9
1 35 9
1 35 9
1 35 14
1 35 15
1 35 15
1 35 15
1 35 16
1 35 18
1 35 18
1 35 20
1 35 20
1 35 20
1 35 22
1 35 22
1 35 23
1 35 23
1 35 23
1 35 25
1 35 25
1 35 25
1 35 33
1 35 33
1 35 33
1 35 34
1 35 34
1 35 38
1 35 38
1 35 40
1 35 40
1 35 40
1 35 41
1 35 41
1 35 42
1 35 43
1 35 43
1 35 46
1 35 46
1 35 46
1 36 1
1 36 1
1 36 2
1 36 2
1 36 3
1 36 3
1 36 7
1 36 8
1 36 9
1 36 11
1 36 11
1 36 11
1 36 19
1 36 19
1 36 19
1 36 21
1 36 21
1 36 21
1 36 22
1 36 22
1 36 23
1 36 25
1 36 26
1 36 29
1 36 29
1 36 29
1 36 31
1 36 31
1 36 31
1 36 33
1 36 33
1 36 35
1 36 35
1 36 41
1 36 44
1 36 44
1 36 44
1 36 45
1 36 45
1 36 48
1 36 48
1 36 48
1 37 0
1 37 0
1 37 2
1 37 6
1 37 12
1 37 12
1 37 12
1 37 13
1 37 13
1 37 13
1 37 16
1 37 16
1 37 16
1 37 24
1 37 24
1 37 25
1 37 30
1 37 30
1 37 35
1 37 38
1 37 38
1 37 41
1 37 41
1 37 47
1 37 47
1 37 48
1 37 49
1 37 49
1 38 3
1 38 13
1 38 14
1 38 19
1 38 21
1 38 21
1 38 22
1 38 22
1 38 25
1 38 25
1 38 27
1 38 27
1 38 28
1 38 28
1 38 29
1 38 29
1 38 31
1 38 36
1 38 36
1 38 36
1 38 37
1 38 37
1 38 38
1 38 42
1 38 42
1 38 43
1 38 43
1 38 43
1 38 46
1 38 46
1 38 47
1 38 47
1 38 49
1 39 0
1 39 1
1 39 4
1 39 4
1 39 13
1 39 14
1 39 16
1 39 16
1 39 20
1 39 20
1 39 21
1 39 22
1 39 22
1 39 26
1 39 29
1 39 29
1 39 29
1 39 35
1 39 35
1 39 35
1 39 40
1 39 40
1 39 40
1 39 41
1 39 41
1 39 44
1 39 46
1 39 46
1 39 46
1 39 47
1 39 47
1 39 48
1 39 49
1 40 4
1 40 4
1 40 4
1 40 6
1 40 6
1 40 6
1 40 8
1 40 11
1 40 11
1 40 12
1 40 14
1 40 18
1 40 18
1 40 18
1 40 19
1 40 19
1 40 19
1 40 21
1 40 21
1 40 21
1 40 22
1 40 22
1 40 22
1 40 26
1 40 26
1 40 28
1 40 30
1 40 30
1 40 36
1 40 40
1 40 40
1 40 40
1 40 41
1 40 48
1 40 48
1 40 48
1 41 0
1 41 0
1 41 2
1 41 2
1 41 4
1 41 7
1 41 8
1 41 8
1 41 11
1 41 15
1 41 15
1 41 15
1 41 17
1 41 18
1 41 18
1 41 19
1 41 19
1 41 19
1 41 20
1 41 20
1 41 20
1 41 28
1 41 28
1 41 30
1 41 31
1 41 31
1 41 31
1 41 33
1 41 34
1 41 34
1 41 35
1 41 38
1 41 38
1 41 43
1 41 43
1 42 2
1 42 2
1 42 2
1 42 3
1 42 3
1 42 3
1 42 12
1 42 12
1 42 12
1 42 13
1 42 14
1 42 14
1 42 14
1 42 18
1 42 18
1 42 18
1 42 20
1 42 20
1 42 20
1 42 21
1 42 21
1 42 21
1 42 26
1 42 34
1 42 35
1 42 36
1 42 43
1 42 43
1 42 43
1 43 8
1 43 8
1 43 9
1 43 9
1 43 9
1 43 10
1 43 10
1 43 10
1 43 13
1 43 13
1 43 13
1 43 15
1 43 15
1 43 17
1 43 17
1 43 23
1 43 23
1 43 24
1 43 24
1 43 25
1 43 29
1 43 30
1 43 30
1 43 30
1 43 34
1 43 38
1 43 38
1 43 38
1 43 44
1 43 46
1 44 1
1 44 4
1 44 8
1 44 8
1 44 8
1 44 11
1 44 11
1 44 11
1 44 12
1 44 12
1 44 14
1 44 14
1 44 18
1 44 20
1 44 20
1 44 21
1 44 21
1 44 22
1 44 22
1 44 24
1 44 24
1 44 24
1 44 26
1 44 27
1 44 31
1 44 31
1 44 31
1 44 36
1 44 46
1 44 46
1 45 10
1 45 10
1 45 10
1 45 12
1 45 14
1 45 18
1 45 18
1 45 18
1 45 19
1 45 19
1 45 23
1 45 23
1 45 25
1 45 25
1 45 26
1 45 26
1 45 26
1 45 31
1 45 31
1 45 31
1 45 33
1 45 34
1 45 34
1 45 34
1 45 37
1 45 40
1 45 41
1 45 41
1 45 41
1 45 43
1 46 0
1 46 11
1 46 11
1 46 11
1 46 12
1 46 12
1 46 12
1 46 13
1 46 13
1 46 13
1 46 24
1 46 24
1 46 24
1 46 25
1 46 25
1 46 25
1 46 30
1 46 30
1 46 33
1 46 33
1 46 33
1 46 34
1 46 42
1 46 46
1 46 48
1 46 48
1 46 48
1 47 1
1 47 1
1 47 1
1 47 3
1 47 3
1 47 4
1 47 9
1 47 15
1 47 15
1 47 15
1 47 16
1 47 16
1 47 16
1 47 17
1 47 24
1 47 24
1 47 24
1 47 26
1 47 26
1 47 26
1 47 27
1 47 32
1 47 34
1 47 34
1 47 37
1 47 37
1 47 37
1 47 38
1 47 38
1 47 38
1 47 40
1 47 41
1 47 46
1 47 46
1 47 47
1 48 0
1 48 0
1 48 0
1 48 9
1 48 9
1 48 9
1 48 12
1 48 12
1 48 12
1 48 13
1 48 13
1 48 13
1 48 15
1 48 15
1 48 15
1 48 17
1 48 18
1 48 18
1 48 25
1 48 25
1 48 25
1 48 26
1 48 26
1 48 27
1 48 32
1 48 32
1 48 34
1 48 34
1 48 38
1 48 38
1 48 40
1 48 40
1 48 40
1 48 41
1 49 1
1 49 1
1 49 3
1 49 3
1 49 3
1 49 5
1 49 5
1 49 6
1 49 7
1 49 7
1 49 7
1 49 8
1 49 10
1 49 10
1 49 10
1 49 11
1 49 11
1 49 11
1 49 15
1 49 15
1 49 16
1 49 16
1 49 16
1 49 17
1 49 17
1 49 17
1 49 18
1 49 18
1 49 22
1 49 22
1 49 23
1 49 23
1 49 24
1 49 24
1 49 24
1 49 29
1 49 33
1 49 36
1 49 37
1 49 37
1 49 39
1 49 40
1 49 40
1 49 42
1 49 42
1 49 44
1 49 44
1 49 47
1 49 47
1 49 49
2 0 0
2 0 20
2 0 32
2 0 35
2 0 43
2 1 15
2 1 26
2 2 10
2 2 48
2 3 36
2 4 30
2 5 3
2 5 16
2 5 36
2 6 0
2 6 7
2 7 23
2 7 29
2 10 9
2 10 27
2 11 44
2 12 1
2 12 14
2 12 31
2 12 41
2 13 17
2 14 4
2 14 8
2 15 45
2 16 18
2 16 34
2 16 42
2 17 10
2 21 44
2 22 21
2 22 31
2 24 1
2 25 5
2 25 8
2 25 37
2 26 40
2 26 43
2 28 46
2 29 3
2 29 13
2 29 18
2 29 24
2 30 1
2 30 27
2 32 25
2 32 37
2 32 46
2 33 9
2 33 21
2 34 12
2 35 25
2 35 31
2 35 40
2 36 0
2 36 13
2 37 34
2 37 47
2 38 3
2 38 27
2 39 8
2 39 36
2 39 40
2 40 11
2 40 18
2 41 38
2 43 23
2 43 41
2 43 46
2 44 11
2 44 18
2 45 33
2 47 15
2 47 40
2 48 0
2 49 3
