1 0 0
1 0 0
1 0 0
1 0 1
1 0 4
1 0 6
1 0 6
1 0 11
1 0 11
1 0 11
1 0 12
1 0 13
1 0 15
1 0 15
1 0 15
1 0 20
1 0 24
1 0 24
1 0 24
1 0 32
1 0 32
1 0 35
1 0 36
1 0 39
1 0 39
1 0 39
1 0 43
1 0 44
1 0 44
1 0 44
1 0 46
1 0 46
1 1 5
1 1 6
1 1 6
1 1 10
1 1 10
1 1 11
1 1 11
1 1 11
1 1 12
1 1 12
1 1 12
1 1 14
1 1 15
1 1 15
1 1 16
1 1 16
1 1 16
1 1 20
1 1 21
1 1 21
1 1 21
1 1 24
1 1 24
1 1 24
1 1 26
1 1 26
1 1 26
1 1 27
1 1 27
1 1 27
1 1 29
1 1 29
1 1 29
1 1 32
1 1 32
1 1 37
1 1 42
1 1 42
1 1 43
1 1 43
1 1 43
1 1 44
1 1 44
1 2 2
1 2 2
1 2 2
1 2 3
1 2 3
1 2 3
1 2 4
1 2 5
1 2 7
1 2 7
1 2 8
1 2 8
1 2 9
1 2 9
1 2 9
1 2 17
1 2 17
1 2 18
1 2 21
1 2 21
1 2 23
1 2 28
1 2 28
1 2 28
1 2 32
1 2 32
1 2 32
1 2 37
1 2 37
1 2 38
1 2 41
1 2 42
1 2 42
1 2 42
1 3 1
1 3 1
1 3 1
1 3 2
1 3 2
1 3 2
1 3 4
1 3 4
1 3 5
1 3 5
1 3 8
1 3 8
1 3 8
1 3 12
1 3 13
1 3 13
1 3 17
1 3 17
1 3 17
1 3 18
1 3 18
1 3 21
1 3 21
1 3 21
1 3 22
1 3 22
1 3 22
1 3 24
1 3 26
1 3 28
1 3 28
1 3 28
1 3 32
1 3 32
1 3 37
1 3 41
1 3 41
1 3 41
1 3 45
1 3 45
1 3 45
1 4 2
1 4 3
1 4 8
1 4 8
1 4 8
1 4 10
1 4 10
1 4 10
1 4 12
1 4 13
1 4 13
1 4 15
1 4 15
1 4 19
1 4 19
1 4 20
1 4 20
1 4 20
1 4 23
1 4 24
1 4 24
1 4 24
1 4 26
1 4 30
1 4 32
1 4 32
1 4 36
1 4 36
1 4 38
1 4 38
1 4 38
1 4 40
1 4 40
1 4 43
1 4 48
1 5 4
1 5 4
1 5 4
1 5 5
1 5 5
1 5 5
1 5 12
1 5 13
1 5 14
1 5 17
1 5 17
1 5 21
1 5 21
1 5 22
1 5 22
1 5 23
1 5 23
1 5 23
1 5 25
1 5 25
1 5 25
1 5 29
1 5 29
1 5 29
1 5 30
1 5 35
1 5 37
1 5 41
1 5 41
1 5 41
1 5 47
1 5 49
1 5 49
1 6 1
1 6 1
1 6 1
1 6 3
1 6 5
1 6 11
1 6 11
1 6 12
1 6 12
1 6 14
1 6 14
1 6 15
1 6 15
1 6 19
1 6 19
1 6 20
1 6 20
1 6 28
1 6 31
1 6 31
1 6 31
1 6 33
1 6 33
1 6 40
1 6 40
1 6 41
1 6 42
1 6 42
1 6 47
1 6 48
1 7 2
1 7 6
1 7 6
1 7 6
1 7 8
1 7 8
1 7 8
1 7 10
1 7 10
1 7 10
1 7 11
1 7 11
1 7 11
1 7 12
1 7 12
1 7 15
1 7 15
1 7 19
1 7 19
1 7 20
1 7 20
1 7 23
1 7 23
1 7 26
1 7 27
1 7 27
1 7 29
1 7 29
1 7 29
1 7 31
1 7 41
1 7 41
1 7 41
1 7 44
1 7 44
1 7 46
1 7 46
1 7 46
1 7 47
1 7 47
1 7 49
1 8 2
1 8 2
1 8 3
1 8 3
1 8 3
1 8 5
1 8 5
1 8 16
1 8 17
1 8 17
1 8 17
1 8 18
1 8 18
1 8 18
1 8 20
1 8 22
1 8 26
1 8 26
1 8 26
1 8 27
1 8 29
1 8 29
1 8 31
1 8 31
1 8 32
1 8 32
1 8 34
1 8 35
1 8 35
1 8 35
1 8 36
1 8 36
1 8 41
1 8 42
1 8 42
1 8 42
1 8 47
1 8 47
1 8 47
1 8 48
1 8 48
1 8 48
1 9 0
1 9 0
1 9 0
1 9 1
1 9 1
1 9 4
1 9 4
1 9 4
1 9 6
1 9 6
1 9 7
1 9 7
1 9 10
1 9 10
1 9 10
1 9 11
1 9 13
1 9 13
1 9 13
1 9 14
1 9 14
1 9 17
1 9 17
1 9 19
1 9 19
1 9 20
1 9 21
1 9 21
1 9 21
1 9 23
1 9 23
1 9 29
1 9 29
1 9 29
1 9 31
1 9 31
1 9 33
1 9 37
1 9 37
1 9 39
1 9 39
1 9 40
1 9 40
1 9 40
1 9 43
1 9 43
1 9 47
1 9 47
1 9 47
1 9 48
1 9 48
1 9 48
1 10 0
1 10 0
1 10 0
1 10 3
1 10 3
1 10 3
1 10 4
1 10 5
1 10 5
1 10 5
1 10 8
1 10 8
1 10 8
1 10 9
1 10 13
1 10 13
1 10 14
1 10 14
1 10 14
1 10 15
1 10 15
1 10 19
1 10 22
1 10 22
1 10 24
1 10 29
1 10 29
1 10 35
1 10 35
1 10 36
1 10 38
1 10 38
1 10 38
1 11 6
1 11 6
1 11 6
1 11 15
1 11 17
1 11 17
1 11 21
1 11 21
1 11 26
1 11 27
1 11 27
1 11 27
1 11 33
1 11 33
1 11 39
1 11 39
1 11 39
1 11 44
1 11 48
1 11 48
1 11 48
1 12 0
1 12 2
1 12 2
1 12 2
1 12 3
1 12 3
1 12 4
1 12 4
1 12 4
1 12 6
1 12 6
1 12 8
1 12 12
1 12 12
1 12 17
1 12 19
1 12 19
1 12 20
1 12 36
1 12 36
1 12 36
1 12 39
1 12 44
1 12 47
1 13 0
1 13 2
1 13 2
1 13 3
1 13 4
1 13 10
1 13 10
1 13 11
1 13 11
1 13 14
1 13 14
1 13 14
1 13 15
1 13 15
1 13 16
1 13 16
1 13 16
1 13 19
1 13 29
1 13 29
1 13 29
1 13 30
1 13 30
1 13 30
1 13 36
1 13 36
1 13 36
1 13 37
1 13 37
1 13 38
1 13 47
1 13 47
1 13 47
1 13 48
1 13 48
1 14 3
1 14 3
1 14 5
1 14 11
1 14 11
1 14 13
1 14 13
1 14 16
1 14 16
1 14 18
1 14 18
1 14 18
1 14 20
1 14 20
1 14 20
1 14 24
1 14 24
1 14 24
1 14 27
1 14 29
1 14 29
1 14 29
1 14 30
1 14 32
1 14 35
1 14 35
1 14 36
1 14 42
1 14 42
1 14 42
1 14 46
1 15 0
1 15 0
1 15 0
1 15 1
1 15 1
1 15 1
1 15 6
1 15 8
1 15 8
1 15 10
1 15 14
1 15 14
1 15 15
1 15 15
1 15 15
1 15 18
1 15 18
1 15 21
1 15 21
1 15 21
1 15 24
1 15 32
1 15 32
1 15 32
1 15 37
1 15 38
1 15 38
1 15 39
1 16 0
1 16 0
1 16 0
1 16 5
1 16 5
1 16 5
1 16 6
1 16 7
1 16 7
1 16 7
1 16 9
1 16 11
1 16 11
1 16 11
1 16 14
1 16 15
1 16 15
1 16 17
1 16 18
1 16 18
1 16 18
1 16 25
1 16 25
1 16 25
1 16 26
1 16 26
1 16 29
1 16 29
1 16 29
1 16 38
1 16 38
1 16 38
1 16 40
1 16 40
1 17 0
1 17 0
1 17 0
1 17 1
1 17 3
1 17 3
1 17 4
1 17 4
1 17 6
1 17 10
1 17 11
1 17 11
1 17 12
1 17 12
1 17 17
1 17 17
1 17 23
1 17 23
1 17 23
1 17 25
1 17 26
1 17 26
1 17 26
1 17 27
1 17 27
1 17 27
1 17 28
1 17 36
1 17 36
1 17 36
1 17 40
1 17 40
1 17 40
1 17 41
1 17 41
1 17 42
1 17 47
1 17 47
1 17 47
1 17 48
1 17 48
1 17 48
1 18 0
1 18 2
1 18 2
1 18 3
1 18 3
1 18 4
1 18 4
1 18 4
1 18 6
1 18 7
1 18 7
1 18 7
1 18 10
1 18 13
1 18 13
1 18 13
1 18 16
1 18 16
1 18 18
1 18 20
1 18 23
1 18 29
1 18 29
1 18 29
1 18 31
1 18 31
1 18 31
1 18 32
1 18 33
1 18 33
1 18 36
1 18 36
1 18 37
1 18 37
1 18 37
1 18 38
1 18 39
1 18 41
1 18 41
1 18 41
1 18 43
1 18 43
1 18 44
1 18 44
1 18 47
1 18 47
1 18 47
1 18 49
1 19 1
1 19 1
1 19 3
1 19 3
1 19 4
1 19 5
1 19 5
1 19 5
1 19 7
1 19 12
1 19 12
1 19 16
1 19 16
1 19 16
1 19 18
1 19 19
1 19 22
1 19 22
1 19 22
1 19 23
1 19 31
1 19 31
1 19 35
1 19 42
1 19 43
1 19 45
1 19 45
1 19 48
1 20 0
1 20 0
1 20 2
1 20 13
1 20 13
1 20 14
1 20 15
1 20 15
1 20 20
1 20 24
1 20 24
1 20 27
1 20 27
1 20 28
1 20 39
1 20 41
1 20 41
1 20 43
1 20 43
1 20 46
1 21 0
1 21 7
1 21 7
1 21 7
1 21 8
1 21 8
1 21 16
1 21 16
1 21 18
1 21 19
1 21 19
1 21 20
1 21 21
1 21 21
1 21 22
1 21 25
1 21 32
1 21 32
1 21 34
1 21 34
1 21 37
1 21 39
1 21 39
1 21 39
1 21 40
1 21 40
1 21 40
1 21 42
1 21 45
1 21 45
1 21 46
1 21 46
1 21 48
1 22 5
1 22 7
1 22 7
1 22 7
1 22 9
1 22 9
1 22 10
1 22 10
1 22 17
1 22 17
1 22 22
1 22 22
1 22 26
1 22 28
1 22 28
1 22 28
1 22 31
1 22 31
1 22 32
1 22 32
1 22 32
1 22 44
1 22 47
1 23 6
1 23 7
1 23 10
1 23 10
1 23 16
1 23 16
1 23 21
1 23 21
1 23 23
1 23 23
1 23 23
1 23 30
1 23 30
1 23 34
1 23 34
1 23 34
1 23 37
1 23 37
1 23 38
1 23 43
1 23 46
1 23 48
1 23 48
1 23 48
1 24 0
1 24 0
1 24 1
1 24 1
1 24 1
1 24 3
1 24 4
1 24 4
1 24 5
1 24 6
1 24 7
1 24 8
1 24 8
1 24 9
1 24 9
1 24 11
1 24 11
1 24 20
1 24 20
1 24 22
1 24 24
1 24 24
1 24 25
1 24 26
1 24 31
1 24 31
1 24 38
1 24 39
1 24 39
1 24 39
1 24 44
1 24 44
1 24 44
1 24 46
1 24 46
1 24 46
1 25 0
1 25 3
1 25 3
1 25 6
1 25 6
1 25 6
1 25 8
1 25 8
1 25 8
1 25 10
1 25 11
1 25 13
1 25 13
1 25 14
1 25 19
1 25 19
1 25 21
1 25 21
1 25 21
1 25 24
1 25 24
1 25 26
1 25 26
1 25 26
1 25 29
1 25 31
1 25 35
1 25 35
1 25 35
1 25 40
1 25 40
1 25 40
1 25 43
1 25 44
1 25 44
1 25 44
1 25 48
1 25 48
1 25 48
1 25 49
1 25 49
1 26 4
1 26 6
1 26 6
1 26 7
1 26 7
1 26 7
1 26 9
1 26 10
1 26 10
1 26 10
1 26 11
1 26 11
1 26 12
1 26 12
1 26 12
1 26 23
1 26 23
1 26 23
1 26 29
1 26 29
1 26 30
1 26 30
1 26 30
1 26 34
1 26 34
1 26 36
1 26 37
1 26 38
1 26 39
1 26 39
1 26 39
1 26 41
1 26 41
1 26 41
1 26 46
1 26 46
1 26 46
1 26 47
1 26 47
1 26 47
1 26 49
1 26 49
1 26 49
1 27 0
1 27 3
1 27 3
1 27 3
1 27 5
1 27 8
1 27 8
1 27 9
1 27 11
1 27 14
1 27 14
1 27 14
1 27 19
1 27 21
1 27 21
1 27 22
1 27 23
1 27 23
1 27 23
1 27 26
1 27 28
1 27 28
1 27 31
1 27 32
1 27 32
1 27 32
1 27 33
1 27 33
1 27 34
1 27 40
1 27 40
1 27 40
1 27 44
1 27 45
1 28 4
1 28 4
1 28 5
1 28 10
1 28 10
1 28 10
1 28 11
1 28 12
1 28 12
1 28 12
1 28 13
1 28 13
1 28 13
1 28 15
1 28 15
1 28 16
1 28 19
1 28 22
1 28 27
1 28 27
1 28 27
1 28 28
1 28 28
1 28 28
1 28 29
1 28 29
1 28 30
1 28 30
1 28 30
1 28 31
1 28 31
1 28 31
1 28 32
1 28 32
1 28 36
1 28 36
1 28 37
1 28 37
1 28 37
1 28 42
1 28 44
1 28 46
1 28 46
1 28 46
1 28 47
1 28 47
1 29 2
1 29 2
1 29 2
1 29 5
1 29 5
1 29 5
1 29 7
1 29 7
1 29 8
1 29 8
1 29 11
1 29 12
1 29 12
1 29 14
1 29 15
1 29 15
1 29 17
1 29 18
1 29 28
1 29 28
1 29 32
1 29 35
1 29 35
1 29 35
1 29 38
1 29 39
1 29 42
1 29 45
1 29 45
1 30 4
1 30 7
1 30 7
1 30 7
1 30 10
1 30 10
1 30 17
1 30 23
1 30 24
1 30 24
1 30 29
1 30 30
1 30 30
1 30 30
1 30 35
1 30 35
1 30 35
1 30 37
1 30 37
1 30 40
1 30 40
1 30 40
1 30 44
1 31 3
1 31 7
1 31 8
1 31 11
1 31 12
1 31 12
1 31 12
1 31 17
1 31 19
1 31 19
1 31 19
1 31 20
1 31 24
1 31 24
1 31 31
1 31 37
1 31 37
1 31 37
1 31 38
1 31 38
1 31 38
1 31 40
1 31 40
1 31 41
1 31 41
1 31 43
1 31 43
1 31 43
1 31 46
1 31 46
1 31 46
1 31 49
1 32 1
1 32 1
1 32 4
1 32 4
1 32 8
1 32 9
1 32 9
1 32 9
1 32 11
1 32 11
1 32 11
1 32 13
1 32 13
1 32 13
1 32 14
1 32 14
1 32 15
1 32 15
1 32 15
1 32 17
1 32 23
1 32 23
1 32 27
1 32 27
1 32 27
1 32 33
1 32 39
1 32 39
1 32 40
1 32 48
1 32 48
1 33 3
1 33 3
1 33 6
1 33 6
1 33 9
1 33 9
1 33 10
1 33 10
1 33 10
1 33 18
1 33 18
1 33 19
1 33 21
1 33 21
1 33 23
1 33 23
1 33 26
1 33 26
1 33 27
1 33 27
1 33 27
1 33 30
1 33 30
1 33 32
1 33 32
1 33 34
1 33 34
1 33 34
1 33 35
1 33 35
1 33 36
1 33 39
1 33 41
1 33 41
1 33 41
1 33 43
1 33 43
1 33 46
1 33 46
1 33 46
1 33 49
1 33 49
1 34 4
1 34 6
1 34 6
1 34 12
1 34 12
1 34 12
1 34 13
1 34 13
1 34 13
1 34 16
1 34 16
1 34 21
1 34 28
1 34 28
1 34 36
1 34 41
1 34 41
1 34 42
1 34 47
1 35 2
1 35 2
1 35 2
1 35 8
1 35 11
1 35 11
1 35 14
1 35 14
1 35 17
1 35 19
1 35 19
1 35 20
1 35 21
1 35 21
1 35 21
1 35 22
1 35 25
1 35 25
1 35 28
1 35 35
1 35 35
1 35 35
1 35 38
1 35 42
1 35 42
1 35 43
1 35 45
1 35 47
1 35 47
1 35 47
1 35 49
1 35 49
1 36 9
1 36 11
1 36 12
1 36 14
1 36 17
1 36 17
1 36 22
1 36 22
1 36 22
1 36 28
1 36 29
1 36 29
1 36 31
1 36 39
1 36 39
1 36 40
1 36 40
1 36 40
1 36 44
1 36 47
1 36 49
1 36 49
1 37 8
1 37 10
1 37 10
1 37 12
1 37 12
1 37 13
1 37 13
1 37 13
1 37 14
1 37 22
1 37 22
1 37 22
1 37 23
1 37 24
1 37 24
1 37 24
1 37 26
1 37 26
1 37 28
1 37 33
1 37 33
1 37 33
1 37 34
1 37 34
1 37 38
1 37 38
1 37 38
1 37 39
1 37 39
1 37 39
1 37 40
1 37 40
1 37 48
1 37 48
1 38 0
1 38 0
1 38 3
1 38 6
1 38 7
1 38 7
1 38 7
1 38 8
1 38 12
1 38 12
1 38 13
1 38 13
1 38 15
1 38 18
1 38 18
1 38 20
1 38 20
1 38 20
1 38 25
1 38 35
1 38 35
1 38 37
1 38 37
1 38 37
1 38 40
1 38 44
1 38 44
1 38 45
1 38 45
1 38 47
1 38 48
1 38 48
1 39 1
1 39 1
1 39 1
1 39 13
1 39 13
1 39 15
1 39 15
1 39 15
1 39 18
1 39 18
1 39 19
1 39 19
1 39 21
1 39 25
1 39 25
1 39 25
1 39 27
1 39 27
1 39 29
1 39 29
1 39 32
1 39 33
1 39 33
1 39 35
1 39 35
1 39 35
1 39 39
1 39 39
1 39 39
1 39 41
1 39 41
1 39 42
1 39 46
1 39 46
1 39 49
1 39 49
1 40 0
1 40 0
1 40 1
1 40 1
1 40 2
1 40 3
1 40 3
1 40 4
1 40 5
1 40 5
1 40 5
1 40 7
1 40 7
1 40 8
1 40 14
1 40 14
1 40 17
1 40 17
1 40 17
1 40 21
1 40 21
1 40 21
1 40 26
1 40 28
1 40 28
1 40 34
1 40 40
1 40 40
1 40 40
1 40 42
1 40 42
1 40 49
1 41 0
1 41 0
1 41 0
1 41 1
1 41 2
1 41 2
1 41 3
1 41 4
1 41 4
1 41 5
1 41 6
1 41 8
1 41 9
1 41 15
1 41 15
1 41 15
1 41 20
1 41 22
1 41 23
1 41 23
1 41 27
1 41 28
1 41 29
1 41 29
1 41 49
1 41 49
1 42 0
1 42 0
1 42 4
1 42 7
1 42 7
1 42 7
1 42 8
1 42 12
1 42 12
1 42 12
1 42 13
1 42 14
1 42 14
1 42 15
1 42 17
1 42 17
1 42 19
1 42 19
1 42 19
1 42 20
1 42 22
1 42 22
1 42 27
1 42 27
1 42 31
1 42 31
1 42 31
1 42 32
1 42 35
1 42 37
1 42 39
1 42 39
1 42 41
1 42 44
1 42 44
1 42 45
1 42 45
1 42 46
1 43 1
1 43 1
1 43 3
1 43 3
1 43 3
1 43 4
1 43 4
1 43 4
1 43 5
1 43 8
1 43 10
1 43 10
1 43 10
1 43 12
1 43 12
1 43 15
1 43 15
1 43 15
1 43 16
1 43 16
1 43 20
1 43 20
1 43 20
1 43 22
1 43 22
1 43 25
1 43 25
1 43 29
1 43 36
1 43 36
1 43 39
1 43 39
1 43 39
1 43 42
1 43 43
1 43 44
1 43 44
1 43 45
1 43 45
1 43 45
1 44 0
1 44 0
1 44 0
1 44 5
1 44 5
1 44 5
1 44 7
1 44 7
1 44 8
1 44 8
1 44 8
1 44 14
1 44 14
1 44 14
1 44 15
1 44 15
1 44 18
1 44 18
1 44 19
1 44 19
1 44 19
1 44 21
1 44 22
1 44 22
1 44 23
1 44 23
1 44 23
1 44 25
1 44 28
1 44 28
1 44 33
1 44 33
1 44 33
1 44 34
1 44 34
1 44 40
1 44 48
1 45 2
1 45 2
1 45 2
1 45 6
1 45 6
1 45 12
1 45 13
1 45 13
1 45 13
1 45 16
1 45 17
1 45 17
1 45 20
1 45 20
1 45 20
1 45 21
1 45 21
1 45 21
1 45 25
1 45 25
1 45 29
1 45 29
1 45 33
1 45 33
1 45 37
1 45 37
1 45 37
1 45 38
1 45 41
1 45 41
1 45 42
1 45 43
1 45 44
1 45 44
1 45 44
1 45 47
1 45 47
1 45 47
1 45 49
1 45 49
1 46 1
1 46 1
1 46 1
1 46 3
1 46 6
1 46 7
1 46 7
1 46 10
1 46 10
1 46 10
1 46 15
1 46 15
1 46 20
1 46 24
1 46 25
1 46 27
1 46 27
1 46 27
1 46 29
1 46 29
1 46 29
1 46 31
1 46 31
1 46 31
1 46 39
1 46 39
1 46 41
1 46 43
1 46 46
1 46 46
1 46 47
1 47 0
1 47 1
1 47 6
1 47 10
1 47 10
1 47 10
1 47 11
1 47 11
1 47 13
1 47 13
1 47 16
1 47 16
1 47 16
1 47 21
1 47 21
1 47 21
1 47 22
1 47 22
1 47 23
1 47 23
1 47 23
1 47 24
1 47 24
1 47 29
1 47 29
1 47 30
1 47 30
1 47 32
1 47 32
1 47 37
1 47 37
1 47 37
1 47 38
1 47 38
1 47 38
1 47 45
1 47 45
1 47 46
1 47 46
1 47 48
1 47 48
1 47 49
1 48 4
1 48 4
1 48 4
1 48 6
1 48 6
1 48 14
1 48 18
1 48 20
1 48 20
1 48 21
1 48 21
1 48 25
1 48 25
1 48 25
1 48 27
1 48 27
1 48 27
1 48 33
1 48 33
1 48 34
1 48 34
1 48 38
1 48 38
1 48 38
1 48 39
1 48 39
1 48 41
1 48 42
1 48 42
1 48 46
1 48 46
1 48 46
1 48 48
1 48 48
1 48 48
1 48 49
1 48 49
1 49 2
1 49 2
1 49 11
1 49 11
1 49 11
1 49 18
1 49 18
1 49 19
1 49 19
1 49 19
1 49 21
1 49 21
1 49 21
1 49 26
1 49 27
1 49 32
1 49 40
1 49 40
1 49 40
1 49 43
1 49 43
1 49 43
1 49 46
1 49 48
1 49 48
2 0 10
2 0 20
2 0 32
2 0 34
2 0 43
2 1 37
2 2 2
2 2 17
2 3 24
2 5 4
2 5 28
2 5 41
2 5 47
2 7 25
2 8 16
2 9 4
2 9 10
2 9 23
2 10 27
2 10 35
2 11 43
2 12 11
2 12 36
2 13 14
2 13 29
2 14 18
2 15 0
2 15 6
2 15 10
2 15 14
2 15 37
2 16 3
2 16 25
2 16 40
2 17 23
2 17 31
2 17 36
2 17 47
2 18 18
2 19 45
2 20 0
2 20 10
2 20 13
2 20 38
2 21 42
2 22 4
2 24 0
2 24 14
2 25 10
2 25 43
2 26 4
2 27 48
2 28 15
2 28 35
2 28 39
2 29 23
2 29 41
2 31 35
2 32 27
2 33 3
2 33 34
2 34 47
2 35 10
2 36 34
2 36 39
2 36 44
2 38 0
2 38 6
2 38 18
2 40 7
2 40 28
2 41 20
2 41 32
2 42 12
2 43 29
2 44 40
2 45 6
2 45 46
2 47 37
2 48 27
