1 0 4
1 0 4
1 0 5
1 0 6
1 0 6
1 0 7
1 0 11
1 0 11
1 0 11
1 0 16
1 0 16
1 0 16
1 0 26
1 0 26
1 0 26
1 0 35
1 0 35
1 0 36
1 0 36
1 0 39
1 0 39
1 0 39
1 0 43
1 0 43
1 0 43
1 0 48
1 0 48
1 0 48
1 0 49
1 1 0
1 1 0
1 1 0
1 1 7
1 1 8
1 1 8
1 1 8
1 1 12
1 1 12
1 1 14
1 1 14
1 1 16
1 1 16
1 1 18
1 1 18
1 1 19
1 1 24
1 1 24
1 1 25
1 1 25
1 1 29
1 1 29
1 1 29
1 1 30
1 1 30
1 1 30
1 1 31
1 1 31
1 1 34
1 1 34
1 1 40
1 1 46
1 1 46
1 1 46
1 1 48
1 1 48
1 1 48
1 2 6
1 2 6
1 2 6
1 2 7
1 2 7
1 2 10
1 2 10
1 2 15
1 2 15
1 2 16
1 2 16
1 2 16
1 2 18
1 2 23
1 2 24
1 2 24
1 2 31
1 2 31
1 2 38
1 2 38
1 2 40
1 2 40
1 2 40
1 2 43
1 2 43
1 3 2
1 3 3
1 3 3
1 3 6
1 3 6
1 3 8
1 3 8
1 3 10
1 3 16
1 3 16
1 3 19
1 3 19
1 3 19
1 3 23
1 3 23
1 3 24
1 3 27
1 3 27
1 3 31
1 3 31
1 3 35
1 3 35
1 3 37
1 3 37
1 3 37
1 3 41
1 3 41
1 3 43
1 3 43
1 3 48
1 3 48
1 4 2
1 4 2
1 4 2
1 4 3
1 4 3
1 4 6
1 4 8
1 4 9
1 4 12
1 4 12
1 4 16
1 4 22
1 4 23
1 4 23
1 4 24
1 4 29
1 4 29
1 4 29
1 4 31
1 4 32
1 4 32
1 4 32
1 4 38
1 4 41
1 4 41
1 4 44
1 4 44
1 5 0
1 5 0
1 5 2
1 5 2
1 5 2
1 5 3
1 5 8
1 5 8
1 5 17
1 5 17
1 5 27
1 5 27
1 5 27
1 5 28
1 5 28
1 5 30
1 5 30
1 5 30
1 5 35
1 5 42
1 5 44
1 5 44
1 6 4
1 6 4
1 6 4
1 6 10
1 6 10
1 6 10
1 6 12
1 6 12
1 6 12
1 6 14
1 6 14
1 6 18
1 6 18
1 6 20
1 6 20
1 6 20
1 6 21
1 6 24
1 6 24
1 6 28
1 6 28
1 6 28
1 6 29
1 6 31
1 6 31
1 6 31
1 6 32
1 6 32
1 6 32
1 6 37
1 6 37
1 6 37
1 6 38
1 6 38
1 6 46
1 6 46
1 6 48
1 6 49
1 6 49
1 7 0
1 7 0
1 7 5
1 7 5
1 7 5
1 7 8
1 7 8
1 7 12
1 7 14
1 7 14
1 7 17
1 7 17
1 7 19
1 7 19
1 7 19
1 7 21
1 7 21
1 7 21
1 7 23
1 7 23
1 7 23
1 7 24
1 7 24
1 7 26
1 7 28
1 7 28
1 7 28
1 7 34
1 7 36
1 7 39
1 7 41
1 7 41
1 7 41
1 7 42
1 7 44
1 7 44
1 7 44
1 7 46
1 7 46
1 7 46
1 7 48
1 7 48
1 7 48
1 8 3
1 8 3
1 8 3
1 8 11
1 8 15
1 8 15
1 8 17
1 8 17
1 8 17
1 8 19
1 8 19
1 8 21
1 8 21
1 8 21
1 8 23
1 8 23
1 8 23
1 8 26
1 8 26
1 8 26
1 8 27
1 8 27
1 8 29
1 8 29
1 8 32
1 8 32
1 8 32
1 8 34
1 8 37
1 8 37
1 8 37
1 8 38
1 9 3
1 9 3
1 9 3
1 9 4
1 9 4
1 9 7
1 9 8
1 9 15
1 9 15
1 9 15
1 9 22
1 9 22
1 9 24
1 9 25
1 9 26
1 9 26
1 9 28
1 9 28
1 9 29
1 9 29
1 9 31
1 9 32
1 9 34
1 9 34
1 9 34
1 9 36
1 9 36
1 9 37
1 9 37
1 9 42
1 9 42
1 9 43
1 9 43
1 9 43
1 9 46
1 9 48
1 10 0
1 10 0
1 10 0
1 10 1
1 10 4
1 10 4
1 10 10
1 10 10
1 10 11
1 10 11
1 10 11
1 10 13
1 10 16
1 10 16
1 10 16
1 10 18
1 10 21
1 10 31
1 10 31
1 10 31
1 10 33
1 10 33
1 10 33
1 10 34
1 10 37
1 10 38
1 10 39
1 10 39
1 10 39
1 10 41
1 10 41
1 10 46
1 10 46
1 10 48
1 11 0
1 11 1
1 11 5
1 11 5
1 11 5
1 11 10
1 11 10
1 11 10
1 11 11
1 11 11
1 11 14
1 11 14
1 11 15
1 11 15
1 11 17
1 11 17
1 11 17
1 11 24
1 11 24
1 11 24
1 11 26
1 11 26
1 11 28
1 11 28
1 11 29
1 11 29
1 11 29
1 11 32
1 11 32
1 11 32
1 11 33
1 11 33
1 11 36
1 11 36
1 11 42
1 11 46
1 11 46
1 11 46
1 11 47
1 11 47
1 12 1
1 12 1
1 12 1
1 12 2
1 12 13
1 12 13
1 12 14
1 12 14
1 12 14
1 12 19
1 12 32
1 12 34
1 12 34
1 12 34
1 12 36
1 12 36
1 12 36
1 12 42
1 12 42
1 12 44
1 12 44
1 13 1
1 13 1
1 13 2
1 13 2
1 13 8
1 13 9
1 13 9
1 13 9
1 13 10
1 13 11
1 13 11
1 13 13
1 13 13
1 13 13
1 13 14
1 13 14
1 13 19
1 13 19
1 13 19
1 13 20
1 13 20
1 13 28
1 13 28
1 13 28
1 13 34
1 13 34
1 13 36
1 13 39
1 13 39
1 13 39
1 13 42
1 13 42
1 13 43
1 13 43
1 13 43
1 13 44
1 13 46
1 13 46
1 13 46
1 13 48
1 13 48
1 13 48
1 13 49
1 14 0
1 14 6
1 14 6
1 14 6
1 14 9
1 14 9
1 14 9
1 14 11
1 14 13
1 14 13
1 14 18
1 14 19
1 14 20
1 14 24
1 14 24
1 14 26
1 14 26
1 14 32
1 14 34
1 14 34
1 14 35
1 14 35
1 14 38
1 14 38
1 14 43
1 14 44
1 14 44
1 14 44
1 14 45
1 14 45
1 14 45
1 14 46
1 14 46
1 14 46
1 14 48
1 14 48
1 14 48
1 14 49
1 15 1
1 15 3
1 15 3
1 15 5
1 15 5
1 15 7
1 15 7
1 15 7
1 15 8
1 15 8
1 15 8
1 15 11
1 15 11
1 15 11
1 15 12
1 15 15
1 15 15
1 15 15
1 15 17
1 15 17
1 15 20
1 15 20
1 15 22
1 15 22
1 15 22
1 15 23
1 15 23
1 15 23
1 15 25
1 15 25
1 15 26
1 15 26
1 15 26
1 15 32
1 15 32
1 15 32
1 15 38
1 15 38
1 15 38
1 15 41
1 15 41
1 15 41
1 15 42
1 15 44
1 15 44
1 15 48
1 15 48
1 16 7
1 16 7
1 16 7
1 16 8
1 16 10
1 16 13
1 16 13
1 16 13
1 16 15
1 16 15
1 16 15
1 16 16
1 16 16
1 16 16
1 16 18
1 16 18
1 16 18
1 16 19
1 16 19
1 16 19
1 16 25
1 16 25
1 16 27
1 16 27
1 16 27
1 16 28
1 16 28
1 16 29
1 16 30
1 16 39
1 16 42
1 16 42
1 16 43
1 16 46
1 17 3
1 17 3
1 17 3
1 17 5
1 17 5
1 17 7
1 17 7
1 17 7
1 17 8
1 17 8
1 17 11
1 17 11
1 17 13
1 17 14
1 17 14
1 17 14
1 17 16
1 17 17
1 17 18
1 17 18
1 17 21
1 17 21
1 17 21
1 17 23
1 17 23
1 17 31
1 17 31
1 17 31
1 17 35
1 17 35
1 17 35
1 17 42
1 17 42
1 17 45
1 17 46
1 17 46
1 18 2
1 18 2
1 18 2
1 18 3
1 18 3
1 18 5
1 18 9
1 18 9
1 18 9
1 18 10
1 18 11
1 18 11
1 18 11
1 18 14
1 18 14
1 18 14
1 18 18
1 18 18
1 18 19
1 18 22
1 18 22
1 18 22
1 18 25
1 18 25
1 18 27
1 18 27
1 18 32
1 18 32
1 18 33
1 18 33
1 18 33
1 18 37
1 18 38
1 18 38
1 18 45
1 18 47
1 18 47
1 19 1
1 19 2
1 19 2
1 19 2
1 19 4
1 19 4
1 19 4
1 19 5
1 19 5
1 19 6
1 19 6
1 19 6
1 19 11
1 19 11
1 19 14
1 19 14
1 19 14
1 19 23
1 19 23
1 19 27
1 19 27
1 19 27
1 19 28
1 19 28
1 19 30
1 19 30
1 19 30
1 19 31
1 19 31
1 19 31
1 19 34
1 19 34
1 19 36
1 19 36
1 19 36
1 20 1
1 20 3
1 20 3
1 20 4
1 20 4
1 20 8
1 20 8
1 20 8
1 20 10
1 20 15
1 20 21
1 20 22
1 20 22
1 20 22
1 20 24
1 20 24
1 20 26
1 20 27
1 20 29
1 20 33
1 20 33
1 20 33
1 20 34
1 20 34
1 20 34
1 20 35
1 20 35
1 20 37
1 20 37
1 20 37
1 20 41
1 20 41
1 20 41
1 20 45
1 20 45
1 20 45
1 20 46
1 20 46
1 21 4
1 21 11
1 21 11
1 21 11
1 21 13
1 21 13
1 21 13
1 21 15
1 21 15
1 21 15
1 21 16
1 21 18
1 21 18
1 21 19
1 21 20
1 21 20
1 21 20
1 21 25
1 21 25
1 21 25
1 21 28
1 21 35
1 21 35
1 21 35
1 21 36
1 21 36
1 21 36
1 21 37
1 21 37
1 21 37
1 21 38
1 21 38
1 21 38
1 21 39
1 21 39
1 21 39
1 21 43
1 21 43
1 22 0
1 22 0
1 22 0
1 22 8
1 22 9
1 22 9
1 22 14
1 22 14
1 22 14
1 22 17
1 22 17
1 22 19
1 22 19
1 22 21
1 22 21
1 22 23
1 22 24
1 22 24
1 22 25
1 22 25
1 22 25
1 22 26
1 22 26
1 22 31
1 22 31
1 22 31
1 22 32
1 22 32
1 22 35
1 22 35
1 22 35
1 22 39
1 22 43
1 22 44
1 22 47
1 23 8
1 23 9
1 23 9
1 23 9
1 23 10
1 23 10
1 23 10
1 23 11
1 23 17
1 23 17
1 23 17
1 23 23
1 23 23
1 23 28
1 23 28
1 23 28
1 23 33
1 23 43
1 23 43
1 23 43
1 23 44
1 23 44
1 23 47
1 23 47
1 23 48
1 23 48
1 24 4
1 24 4
1 24 4
1 24 10
1 24 10
1 24 10
1 24 13
1 24 13
1 24 13
1 24 17
1 24 17
1 24 18
1 24 23
1 24 23
1 24 23
1 24 26
1 24 36
1 24 38
1 24 48
1 24 48
1 24 48
1 25 0
1 25 0
1 25 2
1 25 2
1 25 2
1 25 3
1 25 3
1 25 3
1 25 10
1 25 10
1 25 10
1 25 11
1 25 12
1 25 12
1 25 12
1 25 14
1 25 14
1 25 14
1 25 15
1 25 15
1 25 26
1 25 26
1 25 26
1 25 27
1 25 29
1 25 29
1 25 29
1 25 34
1 25 34
1 25 34
1 25 38
1 25 41
1 25 41
1 25 41
1 25 44
1 25 44
1 25 45
1 26 2
1 26 3
1 26 4
1 26 4
1 26 5
1 26 5
1 26 5
1 26 13
1 26 13
1 26 13
1 26 14
1 26 17
1 26 17
1 26 19
1 26 19
1 26 19
1 26 23
1 26 23
1 26 25
1 26 25
1 26 25
1 26 28
1 26 35
1 26 35
1 26 38
1 26 38
1 26 38
1 26 40
1 26 40
1 26 40
1 26 41
1 26 41
1 26 41
1 26 43
1 26 43
1 26 43
1 27 1
1 27 1
1 27 3
1 27 10
1 27 10
1 27 12
1 27 12
1 27 12
1 27 13
1 27 13
1 27 14
1 27 14
1 27 14
1 27 22
1 27 22
1 27 23
1 27 23
1 27 24
1 27 24
1 27 31
1 27 33
1 27 37
1 27 37
1 27 37
1 27 40
1 27 40
1 27 41
1 27 45
1 27 45
1 27 45
1 27 48
1 27 48
1 27 48
1 28 6
1 28 7
1 28 7
1 28 8
1 28 8
1 28 8
1 28 10
1 28 12
1 28 12
1 28 13
1 28 15
1 28 16
1 28 17
1 28 17
1 28 19
1 28 21
1 28 23
1 28 23
1 28 23
1 28 29
1 28 29
1 28 38
1 28 38
1 28 39
1 28 39
1 28 39
1 28 43
1 28 43
1 28 46
1 28 46
1 29 0
1 29 0
1 29 1
1 29 3
1 29 3
1 29 4
1 29 4
1 29 4
1 29 6
1 29 6
1 29 6
1 29 11
1 29 11
1 29 11
1 29 12
1 29 18
1 29 18
1 29 19
1 29 19
1 29 19
1 29 20
1 29 20
1 29 24
1 29 26
1 29 30
1 29 30
1 29 34
1 29 34
1 29 36
1 29 36
1 29 38
1 29 38
1 29 38
1 29 40
1 29 40
1 29 40
1 29 41
1 29 44
1 29 44
1 29 47
1 30 7
1 30 9
1 30 9
1 30 9
1 30 14
1 30 14
1 30 14
1 30 15
1 30 16
1 30 18
1 30 18
1 30 18
1 30 20
1 30 20
1 30 21
1 30 23
1 30 23
1 30 23
1 30 24
1 30 27
1 30 27
1 30 27
1 30 30
1 30 30
1 30 31
1 30 31
1 30 31
1 30 34
1 30 35
1 30 35
1 30 37
1 30 37
1 30 37
1 30 42
1 30 42
1 30 47
1 30 47
1 30 47
1 30 48
1 30 48
1 30 48
1 31 0
1 31 0
1 31 0
1 31 3
1 31 5
1 31 9
1 31 9
1 31 9
1 31 11
1 31 11
1 31 13
1 31 15
1 31 15
1 31 15
1 31 17
1 31 17
1 31 21
1 31 21
1 31 21
1 31 22
1 31 22
1 31 24
1 31 29
1 31 29
1 31 29
1 31 34
1 31 34
1 31 39
1 31 44
1 31 44
1 31 45
1 31 45
1 31 46
1 31 46
1 31 48
1 31 49
1 32 0
1 32 0
1 32 0
1 32 1
1 32 1
1 32 1
1 32 7
1 32 8
1 32 8
1 32 12
1 32 12
1 32 12
1 32 16
1 32 17
1 32 19
1 32 19
1 32 19
1 32 20
1 32 22
1 32 24
1 32 24
1 32 26
1 32 26
1 32 27
1 32 28
1 32 28
1 32 28
1 32 29
1 32 29
1 32 29
1 32 30
1 32 34
1 32 34
1 32 34
1 32 39
1 32 39
1 32 39
1 32 45
1 32 47
1 32 47
1 32 49
1 32 49
1 33 2
1 33 2
1 33 2
1 33 4
1 33 4
1 33 5
1 33 5
1 33 8
1 33 8
1 33 8
1 33 12
1 33 12
1 33 12
1 33 18
1 33 20
1 33 20
1 33 24
1 33 25
1 33 38
1 33 38
1 33 38
1 33 40
1 33 40
1 33 44
1 33 44
1 33 48
1 33 48
1 33 48
1 34 0
1 34 6
1 34 6
1 34 6
1 34 7
1 34 7
1 34 8
1 34 8
1 34 8
1 34 12
1 34 15
1 34 16
1 34 16
1 34 17
1 34 18
1 34 18
1 34 20
1 34 23
1 34 23
1 34 33
1 34 33
1 34 33
1 34 38
1 34 38
1 34 39
1 34 40
1 34 40
1 34 40
1 34 44
1 34 46
1 35 3
1 35 5
1 35 6
1 35 6
1 35 6
1 35 7
1 35 7
1 35 13
1 35 15
1 35 16
1 35 16
1 35 18
1 35 18
1 35 18
1 35 19
1 35 19
1 35 19
1 35 20
1 35 20
1 35 20
1 35 25
1 35 27
1 35 27
1 35 27
1 35 28
1 35 28
1 35 32
1 35 34
1 35 38
1 35 38
1 35 40
1 35 40
1 35 44
1 36 0
1 36 4
1 36 4
1 36 6
1 36 6
1 36 6
1 36 8
1 36 8
1 36 11
1 36 11
1 36 19
1 36 21
1 36 24
1 36 26
1 36 26
1 36 26
1 36 29
1 36 29
1 36 30
1 36 30
1 36 39
1 36 39
1 36 39
1 36 40
1 36 41
1 36 41
1 36 41
1 36 42
1 36 42
1 36 42
1 36 49
1 36 49
1 37 3
1 37 3
1 37 3
1 37 4
1 37 4
1 37 7
1 37 7
1 37 8
1 37 9
1 37 9
1 37 9
1 37 12
1 37 13
1 37 13
1 37 14
1 37 14
1 37 16
1 37 16
1 37 16
1 37 18
1 37 18
1 37 22
1 37 22
1 37 23
1 37 34
1 37 34
1 37 34
1 37 39
1 37 41
1 37 41
1 37 42
1 37 42
1 37 45
1 37 45
1 37 46
1 37 46
1 37 47
1 37 47
1 37 49
1 38 0
1 38 0
1 38 1
1 38 2
1 38 2
1 38 2
1 38 3
1 38 3
1 38 4
1 38 14
1 38 14
1 38 14
1 38 15
1 38 17
1 38 17
1 38 17
1 38 21
1 38 21
1 38 21
1 38 23
1 38 27
1 38 27
1 38 28
1 38 28
1 38 34
1 38 34
1 38 34
1 38 36
1 38 36
1 38 38
1 38 38
1 38 39
1 38 45
1 38 46
1 38 46
1 38 47
1 38 47
1 38 47
1 38 49
1 38 49
1 38 49
1 39 4
1 39 5
1 39 5
1 39 6
1 39 6
1 39 6
1 39 7
1 39 7
1 39 9
1 39 9
1 39 10
1 39 10
1 39 15
1 39 19
1 39 21
1 39 21
1 39 22
1 39 22
1 39 25
1 39 25
1 39 25
1 39 26
1 39 26
1 39 28
1 39 29
1 39 29
1 39 29
1 39 30
1 39 33
1 39 34
1 39 34
1 39 36
1 39 37
1 39 37
1 39 38
1 39 38
1 39 45
1 39 45
1 39 47
1 39 47
1 39 48
1 39 49
1 40 2
1 40 2
1 40 2
1 40 4
1 40 4
1 40 10
1 40 10
1 40 11
1 40 12
1 40 12
1 40 12
1 40 13
1 40 13
1 40 13
1 40 14
1 40 15
1 40 15
1 40 15
1 40 18
1 40 20
1 40 21
1 40 27
1 40 27
1 40 28
1 40 28
1 40 28
1 40 30
1 40 30
1 40 33
1 40 33
1 40 36
1 40 36
1 40 36
1 40 44
1 40 44
1 40 44
1 40 46
1 41 3
1 41 4
1 41 4
1 41 10
1 41 10
1 41 13
1 41 13
1 41 13
1 41 16
1 41 16
1 41 16
1 41 18
1 41 19
1 41 19
1 41 19
1 41 22
1 41 22
1 41 27
1 41 27
1 41 27
1 41 28
1 41 29
1 41 29
1 41 29
1 41 38
1 41 40
1 41 40
1 41 42
1 41 45
1 41 45
1 41 45
1 41 46
1 41 46
1 41 47
1 42 1
1 42 1
1 42 1
1 42 4
1 42 9
1 42 10
1 42 10
1 42 10
1 42 12
1 42 13
1 42 13
1 42 17
1 42 17
1 42 20
1 42 25
1 42 25
1 42 27
1 42 27
1 42 27
1 42 29
1 42 30
1 42 30
1 42 30
1 42 31
1 42 31
1 42 31
1 42 33
1 42 33
1 42 33
1 42 36
1 42 36
1 42 37
1 42 38
1 42 38
1 42 38
1 42 43
1 42 43
1 42 43
1 42 45
1 43 0
1 43 2
1 43 2
1 43 2
1 43 3
1 43 3
1 43 6
1 43 6
1 43 6
1 43 8
1 43 8
1 43 8
1 43 11
1 43 11
1 43 11
1 43 24
1 43 24
1 43 24
1 43 26
1 43 26
1 43 26
1 43 32
1 43 37
1 43 37
1 43 38
1 43 38
1 43 41
1 43 46
1 43 48
1 44 5
1 44 11
1 44 16
1 44 18
1 44 18
1 44 19
1 44 19
1 44 19
1 44 21
1 44 21
1 44 21
1 44 25
1 44 28
1 44 28
1 44 29
1 44 29
1 44 29
1 44 32
1 44 32
1 44 36
1 44 36
1 44 42
1 44 42
1 44 43
1 44 43
1 44 49
1 44 49
1 45 4
1 45 4
1 45 8
1 45 9
1 45 9
1 45 14
1 45 14
1 45 16
1 45 16
1 45 17
1 45 17
1 45 19
1 45 19
1 45 20
1 45 22
1 45 22
1 45 26
1 45 26
1 45 28
1 45 28
1 45 28
1 45 37
1 45 37
1 45 39
1 45 39
1 45 40
1 45 40
1 45 47
1 45 47
1 45 48
1 45 49
1 45 49
1 45 49
1 46 9
1 46 9
1 46 9
1 46 10
1 46 10
1 46 11
1 46 11
1 46 17
1 46 21
1 46 21
1 46 23
1 46 23
1 46 23
1 46 24
1 46 25
1 46 25
1 46 25
1 46 27
1 46 27
1 46 27
1 46 29
1 46 31
1 46 31
1 46 31
1 46 34
1 46 35
1 46 35
1 46 36
1 46 38
1 46 38
1 46 38
1 46 45
1 46 45
1 46 45
1 46 47
1 46 49
1 46 49
1 47 1
1 47 3
1 47 3
1 47 3
1 47 6
1 47 6
1 47 19
1 47 19
1 47 19
1 47 21
1 47 21
1 47 21
1 47 26
1 47 26
1 47 29
1 47 29
1 47 29
1 47 35
1 47 35
1 47 35
1 47 37
1 47 37
1 47 39
1 47 40
1 47 40
1 47 46
1 48 0
1 48 0
1 48 3
1 48 3
1 48 3
1 48 4
1 48 4
1 48 4
1 48 10
1 48 10
1 48 10
1 48 13
1 48 13
1 48 13
1 48 18
1 48 19
1 48 20
1 48 20
1 48 20
1 48 25
1 48 25
1 48 29
1 48 29
1 48 29
1 48 30
1 48 32
1 48 32
1 48 32
1 48 33
1 48 33
1 48 33
1 48 35
1 48 35
1 48 35
1 48 37
1 48 37
1 48 37
1 48 38
1 48 38
1 48 38
1 48 39
1 48 39
1 48 40
1 48 40
1 48 40
1 48 44
1 48 44
1 48 46
1 48 48
1 48 48
1 48 48
1 49 7
1 49 10
1 49 10
1 49 11
1 49 11
1 49 18
1 49 18
1 49 18
1 49 32
1 49 32
1 49 35
1 49 36
1 49 36
1 49 39
1 49 40
1 49 40
1 49 40
1 49 43
1 49 43
1 49 45
1 49 48
1 49 48
2 0 4
2 0 16
2 0 39
2 0 48
2 1 24
2 1 29
2 3 2
2 3 12
2 3 47
2 4 44
2 6 12
2 6 20
2 6 24
2 6 41
2 6 48
2 7 2
2 7 5
2 7 26
2 8 32
2 9 46
2 10 0
2 10 10
2 11 19
2 13 8
2 13 48
2 14 6
2 15 1
2 16 10
2 16 27
2 17 31
2 17 45
2 18 2
2 18 47
2 19 34
2 21 31
2 21 43
2 22 7
2 22 17
2 22 47
2 23 45
2 24 38
2 25 2
2 25 22
2 25 44
2 27 6
2 28 36
2 29 0
2 29 9
2 29 34
2 29 47
2 31 44
2 33 14
2 33 38
2 33 44
2 35 27
2 36 45
2 37 33
2 38 27
2 39 9
2 40 39
2 41 16
2 41 22
2 41 45
2 42 36
2 43 18
2 43 26
2 44 16
2 45 8
2 45 34
2 45 47
2 46 5
2 46 23
2 46 29
2 47 3
2 48 17
2 48 25
2 48 48
