1 0 2
1 0 3
1 0 3
1 0 3
1 0 6
1 0 18
1 0 18
1 0 18
1 0 19
1 0 21
1 0 21
1 0 21
1 0 22
1 0 22
1 0 24
1 0 27
1 0 27
1 0 30
1 0 30
1 0 30
1 0 35
1 0 36
1 0 38
1 0 40
1 0 48
1 0 48
1 0 49
1 0 49
1 1 2
1 1 2
1 1 4
1 1 4
1 1 8
1 1 8
1 1 9
1 1 9
1 1 9
1 1 11
1 1 12
1 1 12
1 1 12
1 1 15
1 1 15
1 1 16
1 1 16
1 1 16
1 1 17
1 1 22
1 1 22
1 1 32
1 1 32
1 1 32
1 1 38
1 1 38
1 1 38
1 1 43
1 1 47
1 1 47
1 1 47
1 2 0
1 2 0
1 2 0
1 2 1
1 2 1
1 2 4
1 2 4
1 2 5
1 2 6
1 2 6
1 2 6
1 2 7
1 2 8
1 2 12
1 2 12
1 2 18
1 2 18
1 2 18
1 2 23
1 2 23
1 2 24
1 2 24
1 2 24
1 2 29
1 2 29
1 2 29
1 2 39
1 2 45
1 2 45
1 2 45
1 2 46
1 2 46
1 2 47
1 2 47
1 2 47
1 3 1
1 3 1
1 3 1
1 3 5
1 3 5
1 3 13
1 3 13
1 3 13
1 3 14
1 3 14
1 3 16
1 3 20
1 3 24
1 3 27
1 3 31
1 3 37
1 3 37
1 3 37
1 3 43
1 3 44
1 3 44
1 3 47
1 3 47
1 4 0
1 4 0
1 4 6
1 4 6
1 4 6
1 4 11
1 4 11
1 4 11
1 4 12
1 4 12
1 4 12
1 4 13
1 4 14
1 4 14
1 4 14
1 4 17
1 4 17
1 4 17
1 4 28
1 4 28
1 4 28
1 4 34
1 4 37
1 4 40
1 4 40
1 4 41
1 4 41
1 4 41
1 4 43
1 4 48
1 4 49
1 4 49
1 5 3
1 5 3
1 5 3
1 5 4
1 5 4
1 5 4
1 5 9
1 5 9
1 5 13
1 5 16
1 5 16
1 5 16
1 5 17
1 5 21
1 5 21
1 5 21
1 5 24
1 5 24
1 5 24
1 5 25
1 5 25
1 5 32
1 5 34
1 5 37
1 5 37
1 5 37
1 5 38
1 5 38
1 5 41
1 5 42
1 5 42
1 5 44
1 5 44
1 5 49
1 5 49
1 6 3
1 6 3
1 6 6
1 6 6
1 6 14
1 6 14
1 6 14
1 6 16
1 6 19
1 6 19
1 6 21
1 6 21
1 6 21
1 6 22
1 6 22
1 6 23
1 6 23
1 6 24
1 6 24
1 6 25
1 6 27
1 6 27
1 6 27
1 6 29
1 6 29
1 6 29
1 6 30
1 6 30
1 6 37
1 6 37
1 6 38
1 6 38
1 6 39
1 6 39
1 6 41
1 6 43
1 6 44
1 6 44
1 6 46
1 6 49
1 6 49
1 7 0
1 7 0
1 7 3
1 7 5
1 7 11
1 7 11
1 7 11
1 7 17
1 7 21
1 7 21
1 7 25
1 7 25
1 7 25
1 7 31
1 7 31
1 7 32
1 7 32
1 7 33
1 7 34
1 7 34
1 7 34
1 7 36
1 7 37
1 7 39
1 7 39
1 7 40
1 7 40
1 7 43
1 7 44
1 7 44
1 7 45
1 7 45
1 7 45
1 7 47
1 7 47
1 8 2
1 8 2
1 8 2
1 8 4
1 8 4
1 8 4
1 8 7
1 8 7
1 8 7
1 8 13
1 8 13
1 8 13
1 8 19
1 8 19
1 8 20
1 8 21
1 8 23
1 8 25
1 8 25
1 8 25
1 8 26
1 8 26
1 8 26
1 8 27
1 8 29
1 8 29
1 8 29
1 8 30
1 8 30
1 8 30
1 8 32
1 8 32
1 8 34
1 8 35
1 8 38
1 8 38
1 8 42
1 8 42
1 8 42
1 8 43
1 8 44
1 8 44
1 8 44
1 8 46
1 8 46
1 8 47
1 8 47
1 9 12
1 9 12
1 9 13
1 9 13
1 9 13
1 9 14
1 9 14
1 9 15
1 9 15
1 9 18
1 9 18
1 9 18
1 9 22
1 9 22
1 9 26
1 9 26
1 9 27
1 9 27
1 9 30
1 9 32
1 9 32
1 9 39
1 9 40
1 9 40
1 9 40
1 9 47
1 9 47
1 9 49
1 9 49
1 9 49
1 10 1
1 10 5
1 10 7
1 10 7
1 10 11
1 10 14
1 10 15
1 10 15
1 10 17
1 10 17
1 10 17
1 10 18
1 10 24
1 10 24
1 10 24
1 10 26
1 10 27
1 10 29
1 10 29
1 10 30
1 10 30
1 10 34
1 10 34
1 10 34
1 10 38
1 10 38
1 10 39
1 10 42
1 10 42
1 10 45
1 10 45
1 10 48
1 11 3
1 11 3
1 11 3
1 11 8
1 11 11
1 11 11
1 11 11
1 11 13
1 11 13
1 11 13
1 11 21
1 11 21
1 11 24
1 11 24
1 11 24
1 11 26
1 11 26
1 11 26
1 11 31
1 11 31
1 11 33
1 11 39
1 11 43
1 11 43
1 11 43
1 11 47
1 11 49
1 11 49
1 12 0
1 12 1
1 12 1
1 12 3
1 12 3
1 12 3
1 12 4
1 12 5
1 12 10
1 12 11
1 12 11
1 12 11
1 12 13
1 12 13
1 12 14
1 12 14
1 12 14
1 12 15
1 12 15
1 12 18
1 12 18
1 12 19
1 12 19
1 12 19
1 12 20
1 12 20
1 12 28
1 12 28
1 12 28
1 12 29
1 12 29
1 12 29
1 12 32
1 12 32
1 12 32
1 12 33
1 12 33
1 12 34
1 12 34
1 12 35
1 12 35
1 12 35
1 12 38
1 12 38
1 12 40
1 12 41
1 12 41
1 12 41
1 12 43
1 12 43
1 12 43
1 13 0
1 13 0
1 13 0
1 13 7
1 13 15
1 13 15
1 13 15
1 13 18
1 13 20
1 13 22
1 13 27
1 13 27
1 13 27
1 13 28
1 13 28
1 13 28
1 13 34
1 13 34
1 13 38
1 13 38
1 13 38
1 13 43
1 13 43
1 13 44
1 13 44
1 13 46
1 13 46
1 13 46
1 14 0
1 14 0
1 14 0
1 14 2
1 14 2
1 14 2
1 14 3
1 14 4
1 14 4
1 14 6
1 14 7
1 14 7
1 14 7
1 14 9
1 14 9
1 14 9
1 14 10
1 14 10
1 14 10
1 14 12
1 14 15
1 14 15
1 14 15
1 14 18
1 14 20
1 14 21
1 14 21
1 14 22
1 14 22
1 14 29
1 14 29
1 14 29
1 14 30
1 14 32
1 14 32
1 14 35
1 14 43
1 14 43
1 14 43
1 14 44
1 14 44
1 14 45
1 15 0
1 15 0
1 15 0
1 15 7
1 15 7
1 15 8
1 15 8
1 15 8
1 15 11
1 15 11
1 15 11
1 15 12
1 15 13
1 15 13
1 15 13
1 15 15
1 15 15
1 15 15
1 15 18
1 15 19
1 15 19
1 15 19
1 15 22
1 15 22
1 15 26
1 15 27
1 15 27
1 15 27
1 15 28
1 15 30
1 15 31
1 15 32
1 15 36
1 15 36
1 15 39
1 15 39
1 15 48
1 15 48
1 15 48
1 15 49
1 15 49
1 15 49
1 16 0
1 16 0
1 16 7
1 16 7
1 16 8
1 16 10
1 16 10
1 16 10
1 16 14
1 16 16
1 16 17
1 16 19
1 16 19
1 16 19
1 16 22
1 16 22
1 16 22
1 16 23
1 16 23
1 16 25
1 16 25
1 16 28
1 16 28
1 16 28
1 16 37
1 16 37
1 16 37
1 16 39
1 16 40
1 16 42
1 16 46
1 16 46
1 16 46
1 16 47
1 16 47
1 17 0
1 17 1
1 17 1
1 17 1
1 17 2
1 17 2
1 17 2
1 17 4
1 17 4
1 17 4
1 17 14
1 17 14
1 17 17
1 17 18
1 17 19
1 17 19
1 17 20
1 17 20
1 17 21
1 17 21
1 17 23
1 17 23
1 17 30
1 17 30
1 17 30
1 17 34
1 17 34
1 17 38
1 17 38
1 17 39
1 17 39
1 17 42
1 17 42
1 17 48
1 18 9
1 18 10
1 18 13
1 18 13
1 18 13
1 18 14
1 18 18
1 18 18
1 18 18
1 18 19
1 18 19
1 18 19
1 18 23
1 18 23
1 18 23
1 18 24
1 18 24
1 18 28
1 18 31
1 18 31
1 18 31
1 18 32
1 18 32
1 18 33
1 18 34
1 18 34
1 18 34
1 18 40
1 18 40
1 18 40
1 18 43
1 18 43
1 18 43
1 18 44
1 18 44
1 18 49
1 18 49
1 19 1
1 19 9
1 19 9
1 19 11
1 19 11
1 19 13
1 19 13
1 19 16
1 19 16
1 19 16
1 19 17
1 19 19
1 19 19
1 19 21
1 19 21
1 19 21
1 19 28
1 19 29
1 19 29
1 19 34
1 19 34
1 19 34
1 19 40
1 19 40
1 19 40
1 19 44
1 19 44
1 19 45
1 19 45
1 19 45
1 19 47
1 19 47
1 19 48
1 19 49
1 19 49
1 19 49
1 20 1
1 20 1
1 20 1
1 20 2
1 20 2
1 20 2
1 20 6
1 20 6
1 20 6
1 20 9
1 20 9
1 20 9
1 20 10
1 20 10
1 20 14
1 20 15
1 20 15
1 20 15
1 20 19
1 20 21
1 20 28
1 20 30
1 20 34
1 20 34
1 20 34
1 20 35
1 20 35
1 20 36
1 20 37
1 20 37
1 20 37
1 20 38
1 20 38
1 20 42
1 20 42
1 20 42
1 20 47
1 20 49
1 20 49
1 21 1
1 21 1
1 21 1
1 21 3
1 21 5
1 21 7
1 21 10
1 21 10
1 21 11
1 21 13
1 21 14
1 21 14
1 21 15
1 21 15
1 21 15
1 21 17
1 21 17
1 21 19
1 21 19
1 21 20
1 21 20
1 21 20
1 21 21
1 21 22
1 21 23
1 21 23
1 21 23
1 21 28
1 21 29
1 21 29
1 21 30
1 21 30
1 21 30
1 21 32
1 21 32
1 21 36
1 21 36
1 21 38
1 21 38
1 21 43
1 21 45
1 21 45
1 21 49
1 22 4
1 22 4
1 22 7
1 22 7
1 22 9
1 22 9
1 22 9
1 22 10
1 22 16
1 22 16
1 22 22
1 22 23
1 22 25
1 22 25
1 22 36
1 22 37
1 22 41
1 22 41
1 22 48
1 22 48
1 22 48
1 23 1
1 23 5
1 23 5
1 23 5
1 23 6
1 23 10
1 23 10
1 23 10
1 23 13
1 23 13
1 23 13
1 23 18
1 23 20
1 23 22
1 23 22
1 23 22
1 23 27
1 23 27
1 23 29
1 23 29
1 23 30
1 23 30
1 23 30
1 23 36
1 23 36
1 23 37
1 23 37
1 23 39
1 23 39
1 23 39
1 23 42
1 23 43
1 23 48
1 23 49
1 23 49
1 24 4
1 24 4
1 24 4
1 24 6
1 24 6
1 24 7
1 24 7
1 24 19
1 24 22
1 24 22
1 24 26
1 24 26
1 24 27
1 24 27
1 24 27
1 24 29
1 24 31
1 24 31
1 24 31
1 24 32
1 24 32
1 24 34
1 24 34
1 24 35
1 24 36
1 24 36
1 24 37
1 24 38
1 24 38
1 24 42
1 24 42
1 24 42
1 24 43
1 24 45
1 24 45
1 24 45
1 24 48
1 24 48
1 24 49
1 24 49
1 24 49
1 25 0
1 25 0
1 25 1
1 25 3
1 25 3
1 25 3
1 25 4
1 25 4
1 25 5
1 25 5
1 25 7
1 25 8
1 25 11
1 25 11
1 25 12
1 25 15
1 25 15
1 25 15
1 25 17
1 25 20
1 25 20
1 25 22
1 25 22
1 25 22
1 25 28
1 25 28
1 25 30
1 25 34
1 25 34
1 25 35
1 25 35
1 25 35
1 25 37
1 25 37
1 25 39
1 25 39
1 25 44
1 25 44
1 25 48
1 25 48
1 26 1
1 26 7
1 26 7
1 26 10
1 26 11
1 26 16
1 26 16
1 26 17
1 26 17
1 26 17
1 26 25
1 26 26
1 26 26
1 26 26
1 26 29
1 26 29
1 26 29
1 26 30
1 26 30
1 26 31
1 26 31
1 26 38
1 26 38
1 26 41
1 26 41
1 26 41
1 26 42
1 26 42
1 26 44
1 26 44
1 26 48
1 26 48
1 27 1
1 27 1
1 27 5
1 27 5
1 27 12
1 27 15
1 27 15
1 27 15
1 27 16
1 27 16
1 27 16
1 27 18
1 27 18
1 27 18
1 27 19
1 27 19
1 27 19
1 27 22
1 27 24
1 27 24
1 27 24
1 27 27
1 27 27
1 27 28
1 27 28
1 27 28
1 27 34
1 27 34
1 27 34
1 27 40
1 27 41
1 27 41
1 27 43
1 27 43
1 27 43
1 27 44
1 27 46
1 27 47
1 27 47
1 27 48
1 27 48
1 27 49
1 27 49
1 28 2
1 28 2
1 28 2
1 28 4
1 28 4
1 28 12
1 28 12
1 28 14
1 28 14
1 28 15
1 28 15
1 28 15
1 28 16
1 28 16
1 28 18
1 28 18
1 28 18
1 28 19
1 28 20
1 28 24
1 28 27
1 28 27
1 28 29
1 28 29
1 28 29
1 28 31
1 28 31
1 28 34
1 28 34
1 28 42
1 28 42
1 28 42
1 28 47
1 28 47
1 28 47
1 29 4
1 29 4
1 29 9
1 29 9
1 29 10
1 29 10
1 29 10
1 29 13
1 29 14
1 29 14
1 29 18
1 29 21
1 29 21
1 29 21
1 29 23
1 29 23
1 29 23
1 29 29
1 29 29
1 29 30
1 29 33
1 29 36
1 29 38
1 29 38
1 29 38
1 29 40
1 29 40
1 29 40
1 29 42
1 29 46
1 29 46
1 29 47
1 29 47
1 29 47
1 30 1
1 30 1
1 30 1
1 30 2
1 30 2
1 30 2
1 30 3
1 30 3
1 30 3
1 30 7
1 30 7
1 30 12
1 30 12
1 30 12
1 30 13
1 30 14
1 30 14
1 30 17
1 30 18
1 30 36
1 30 36
1 30 36
1 30 37
1 30 37
1 30 38
1 30 38
1 30 38
1 30 40
1 30 41
1 30 42
1 30 42
1 30 48
1 30 48
1 30 48
1 31 1
1 31 7
1 31 7
1 31 11
1 31 12
1 31 12
1 31 14
1 31 14
1 31 16
1 31 24
1 31 26
1 31 26
1 31 26
1 31 31
1 31 38
1 31 39
1 31 48
1 31 48
1 32 0
1 32 6
1 32 6
1 32 6
1 32 9
1 32 9
1 32 9
1 32 10
1 32 10
1 32 14
1 32 20
1 32 20
1 32 24
1 32 24
1 32 27
1 32 34
1 32 34
1 32 42
1 32 42
1 32 45
1 32 45
1 32 45
1 32 48
1 32 48
1 32 49
1 32 49
1 32 49
1 33 1
1 33 1
1 33 2
1 33 2
1 33 7
1 33 10
1 33 10
1 33 12
1 33 16
1 33 33
1 33 35
1 33 35
1 33 35
1 33 38
1 33 38
1 33 41
1 33 41
1 33 42
1 33 43
1 33 43
1 33 45
1 33 45
1 33 45
1 33 48
1 33 48
1 33 48
1 33 49
1 34 0
1 34 0
1 34 4
1 34 4
1 34 4
1 34 8
1 34 10
1 34 15
1 34 15
1 34 15
1 34 18
1 34 21
1 34 24
1 34 24
1 34 25
1 34 25
1 34 25
1 34 28
1 34 28
1 34 30
1 34 33
1 34 33
1 34 37
1 34 37
1 34 37
1 34 39
1 34 39
1 34 41
1 34 44
1 34 44
1 34 49
1 35 2
1 35 2
1 35 3
1 35 3
1 35 4
1 35 4
1 35 8
1 35 8
1 35 11
1 35 11
1 35 11
1 35 19
1 35 19
1 35 23
1 35 23
1 35 23
1 35 26
1 35 26
1 35 26
1 35 27
1 35 27
1 35 29
1 35 29
1 35 30
1 35 30
1 35 46
1 35 46
1 35 46
1 35 48
1 35 48
1 35 48
1 35 49
1 36 3
1 36 3
1 36 4
1 36 4
1 36 5
1 36 6
1 36 6
1 36 7
1 36 7
1 36 7
1 36 8
1 36 10
1 36 10
1 36 10
1 36 11
1 36 11
1 36 14
1 36 14
1 36 17
1 36 18
1 36 18
1 36 20
1 36 22
1 36 22
1 36 23
1 36 23
1 36 23
1 36 30
1 36 30
1 36 30
1 36 32
1 36 32
1 36 32
1 36 36
1 36 37
1 36 37
1 36 41
1 36 46
1 37 1
1 37 7
1 37 7
1 37 7
1 37 10
1 37 13
1 37 13
1 37 15
1 37 18
1 37 18
1 37 18
1 37 20
1 37 27
1 37 27
1 37 29
1 37 29
1 37 29
1 37 30
1 37 30
1 37 30
1 37 32
1 37 33
1 37 34
1 37 34
1 37 36
1 37 36
1 37 36
1 37 38
1 37 38
1 37 42
1 37 42
1 37 46
1 37 48
1 37 48
1 37 49
1 37 49
1 38 4
1 38 4
1 38 4
1 38 6
1 38 6
1 38 6
1 38 7
1 38 7
1 38 10
1 38 14
1 38 14
1 38 21
1 38 22
1 38 22
1 38 22
1 38 24
1 38 24
1 38 30
1 38 30
1 38 30
1 38 34
1 38 34
1 38 36
1 38 36
1 38 36
1 38 40
1 38 40
1 38 42
1 38 42
1 38 42
1 38 44
1 38 44
1 38 45
1 38 49
1 38 49
1 38 49
1 39 8
1 39 8
1 39 13
1 39 13
1 39 13
1 39 19
1 39 19
1 39 19
1 39 21
1 39 23
1 39 26
1 39 26
1 39 26
1 39 28
1 39 28
1 39 28
1 39 32
1 39 32
1 39 32
1 39 37
1 39 37
1 39 44
1 39 44
1 39 44
1 39 45
1 39 46
1 39 46
1 39 46
1 39 47
1 39 47
1 39 48
1 39 48
1 39 48
1 40 2
1 40 6
1 40 6
1 40 6
1 40 7
1 40 7
1 40 7
1 40 9
1 40 10
1 40 14
1 40 14
1 40 14
1 40 16
1 40 16
1 40 20
1 40 20
1 40 21
1 40 23
1 40 23
1 40 26
1 40 27
1 40 27
1 40 27
1 40 31
1 40 34
1 40 34
1 40 34
1 40 40
1 40 40
1 40 40
1 40 42
1 40 43
1 40 43
1 40 44
1 41 5
1 41 5
1 41 5
1 41 11
1 41 11
1 41 12
1 41 16
1 41 26
1 41 26
1 41 26
1 41 27
1 41 27
1 41 28
1 41 30
1 41 30
1 41 30
1 41 34
1 41 34
1 41 34
1 41 36
1 41 36
1 41 36
1 41 39
1 41 39
1 41 43
1 41 46
1 41 46
1 41 46
1 41 49
1 42 0
1 42 0
1 42 0
1 42 1
1 42 3
1 42 3
1 42 6
1 42 6
1 42 8
1 42 9
1 42 9
1 42 9
1 42 11
1 42 12
1 42 14
1 42 14
1 42 22
1 42 23
1 42 23
1 42 24
1 42 24
1 42 25
1 42 25
1 42 25
1 42 28
1 42 28
1 42 28
1 42 33
1 42 33
1 42 33
1 42 35
1 42 36
1 42 40
1 42 40
1 42 40
1 42 45
1 42 45
1 42 47
1 43 0
1 43 4
1 43 4
1 43 4
1 43 8
1 43 8
1 43 9
1 43 9
1 43 15
1 43 15
1 43 15
1 43 16
1 43 16
1 43 18
1 43 18
1 43 22
1 43 22
1 43 23
1 43 26
1 43 26
1 43 26
1 43 29
1 43 33
1 43 33
1 43 35
1 43 36
1 43 36
1 43 36
1 43 37
1 43 37
1 43 37
1 43 40
1 43 40
1 43 40
1 43 41
1 43 41
1 43 47
1 44 4
1 44 4
1 44 11
1 44 11
1 44 12
1 44 15
1 44 18
1 44 18
1 44 22
1 44 22
1 44 22
1 44 24
1 44 24
1 44 24
1 44 26
1 44 29
1 44 47
1 44 47
1 44 47
1 45 2
1 45 2
1 45 2
1 45 4
1 45 4
1 45 5
1 45 6
1 45 6
1 45 6
1 45 8
1 45 8
1 45 8
1 45 9
1 45 9
1 45 9
1 45 11
1 45 14
1 45 20
1 45 20
1 45 23
1 45 23
1 45 28
1 45 29
1 45 33
1 45 36
1 45 36
1 45 37
1 45 37
1 45 37
1 45 40
1 45 40
1 45 42
1 45 44
1 45 45
1 45 45
1 45 45
1 46 1
1 46 1
1 46 2
1 46 2
1 46 2
1 46 5
1 46 5
1 46 10
1 46 10
1 46 10
1 46 13
1 46 13
1 46 13
1 46 15
1 46 15
1 46 19
1 46 19
1 46 19
1 46 20
1 46 20
1 46 29
1 46 29
1 46 29
1 46 32
1 46 37
1 46 37
1 46 37
1 46 43
1 46 43
1 46 43
1 46 47
1 47 0
1 47 0
1 47 1
1 47 1
1 47 1
1 47 4
1 47 10
1 47 12
1 47 12
1 47 15
1 47 19
1 47 19
1 47 25
1 47 26
1 47 26
1 47 26
1 47 32
1 47 37
1 47 37
1 47 44
1 47 44
1 47 49
1 48 2
1 48 2
1 48 2
1 48 13
1 48 15
1 48 15
1 48 25
1 48 26
1 48 28
1 48 28
1 48 28
1 48 32
1 48 32
1 48 42
1 48 42
1 48 45
1 48 48
1 48 48
1 48 48
1 49 5
1 49 5
1 49 8
1 49 14
1 49 14
1 49 14
1 49 20
1 49 20
1 49 20
1 49 21
1 49 21
1 49 21
1 49 29
1 49 33
1 49 33
1 49 33
1 49 35
1 49 38
1 49 38
1 49 39
1 49 39
1 49 42
1 49 44
1 49 44
1 49 45
1 49 48
1 49 49
2 0 0
2 0 6
2 0 21
2 0 30
2 1 11
2 2 23
2 2 45
2 3 37
2 4 21
2 4 28
2 4 48
2 5 3
2 6 46
2 9 12
2 9 39
2 10 7
2 11 33
2 11 43
2 12 0
2 12 27
2 15 47
2 17 13
2 18 28
2 18 31
2 18 43
2 19 1
2 22 40
2 23 5
2 24 4
2 24 15
2 24 26
2 25 0
2 25 11
2 25 41
2 26 16
2 28 29
2 29 1
2 29 7
2 29 23
2 29 35
2 30 48
2 31 26
2 32 9
2 32 45
2 33 30
2 33 41
2 34 18
2 35 2
2 35 11
2 36 22
2 36 32
2 36 36
2 36 41
2 39 25
2 40 34
2 41 11
2 42 8
2 42 21
2 42 33
2 42 35
2 42 40
2 43 4
2 43 6
2 43 29
2 44 24
2 45 36
2 46 1
2 46 10
2 46 19
2 47 25
2 47 42
2 48 48
