1 0 1
1 0 1
1 0 1
1 0 5
1 0 5
1 0 6
1 0 6
1 0 6
1 0 15
1 0 15
1 0 19
1 0 19
1 0 21
1 0 22
1 0 24
1 0 26
1 0 26
1 0 28
1 0 41
1 0 41
1 0 45
1 0 49
1 1 2
1 1 3
1 1 3
1 1 3
1 1 9
1 1 12
1 1 12
1 1 12
1 1 16
1 1 16
1 1 16
1 1 26
1 1 26
1 1 26
1 1 30
1 1 32
1 1 34
1 1 35
1 1 35
1 1 35
1 1 37
1 1 37
1 1 37
1 1 41
1 1 41
1 1 42
1 1 42
1 1 42
1 1 45
1 1 45
1 1 45
1 2 0
1 2 0
1 2 0
1 2 4
1 2 8
1 2 12
1 2 12
1 2 12
1 2 24
1 2 24
1 2 24
1 2 31
1 2 31
1 2 31
1 2 35
1 2 40
1 2 40
1 2 40
1 2 44
1 2 44
1 2 49
1 3 1
1 3 1
1 3 2
1 3 3
1 3 3
1 3 3
1 3 5
1 3 11
1 3 11
1 3 11
1 3 14
1 3 14
1 3 14
1 3 15
1 3 17
1 3 17
1 3 17
1 3 18
1 3 18
1 3 23
1 3 28
1 3 28
1 3 29
1 3 34
1 3 40
1 3 44
1 3 44
1 3 44
1 3 46
1 4 0
1 4 1
1 4 1
1 4 9
1 4 10
1 4 14
1 4 14
1 4 14
1 4 16
1 4 16
1 4 17
1 4 17
1 4 20
1 4 20
1 4 27
1 4 27
1 4 27
1 4 30
1 4 33
1 4 34
1 4 35
1 4 37
1 4 42
1 4 43
1 4 43
1 4 47
1 4 47
1 5 3
1 5 3
1 5 3
1 5 12
1 5 12
1 5 16
1 5 16
1 5 18
1 5 18
1 5 18
1 5 19
1 5 19
1 5 20
1 5 20
1 5 21
1 5 21
1 5 23
1 5 23
1 5 24
1 5 24
1 5 26
1 5 26
1 5 26
1 5 28
1 5 28
1 5 29
1 5 29
1 5 31
1 5 31
1 5 31
1 5 34
1 5 34
1 5 36
1 5 36
1 5 37
1 5 37
1 5 38
1 5 38
1 5 41
1 5 42
1 5 42
1 5 42
1 6 2
1 6 3
1 6 4
1 6 4
1 6 8
1 6 10
1 6 10
1 6 14
1 6 14
1 6 17
1 6 17
1 6 17
1 6 18
1 6 19
1 6 19
1 6 22
1 6 22
1 6 26
1 6 33
1 6 35
1 6 40
1 6 40
1 6 42
1 6 42
1 6 43
1 6 43
1 7 7
1 7 7
1 7 10
1 7 10
1 7 10
1 7 13
1 7 13
1 7 13
1 7 15
1 7 15
1 7 15
1 7 20
1 7 21
1 7 21
1 7 21
1 7 24
1 7 24
1 7 25
1 7 25
1 7 30
1 7 30
1 7 30
1 7 31
1 7 31
1 7 31
1 7 33
1 7 35
1 7 36
1 7 36
1 7 39
1 7 39
1 7 42
1 7 42
1 8 2
1 8 4
1 8 4
1 8 4
1 8 6
1 8 8
1 8 9
1 8 15
1 8 15
1 8 15
1 8 18
1 8 18
1 8 20
1 8 20
1 8 20
1 8 22
1 8 28
1 8 32
1 8 32
1 8 33
1 8 35
1 8 36
1 8 36
1 8 36
1 8 37
1 8 38
1 8 45
1 8 45
1 8 45
1 8 49
1 8 49
1 9 0
1 9 1
1 9 1
1 9 8
1 9 8
1 9 14
1 9 15
1 9 15
1 9 15
1 9 16
1 9 16
1 9 16
1 9 18
1 9 18
1 9 18
1 9 19
1 9 19
1 9 21
1 9 21
1 9 23
1 9 26
1 9 27
1 9 27
1 9 27
1 9 29
1 9 36
1 9 37
1 9 41
1 9 41
1 9 41
1 9 42
1 10 2
1 10 6
1 10 6
1 10 6
1 10 8
1 10 8
1 10 8
1 10 16
1 10 24
1 10 26
1 10 26
1 10 28
1 10 32
1 10 34
1 10 39
1 10 39
1 10 40
1 10 44
1 10 46
1 10 46
1 10 48
1 11 0
1 11 2
1 11 2
1 11 2
1 11 8
1 11 9
1 11 9
1 11 9
1 11 15
1 11 18
1 11 27
1 11 27
1 11 30
1 11 30
1 11 30
1 11 31
1 11 31
1 11 31
1 11 33
1 11 38
1 11 41
1 11 42
1 11 47
1 11 47
1 11 47
1 12 4
1 12 5
1 12 6
1 12 9
1 12 9
1 12 9
1 12 10
1 12 10
1 12 12
1 12 12
1 12 12
1 12 13
1 12 13
1 12 13
1 12 15
1 12 17
1 12 17
1 12 21
1 12 21
1 12 22
1 12 28
1 12 29
1 12 29
1 12 29
1 12 31
1 12 33
1 12 33
1 12 33
1 12 35
1 12 35
1 12 41
1 12 41
1 12 44
1 12 44
1 12 44
1 13 9
1 13 9
1 13 17
1 13 17
1 13 19
1 13 26
1 13 26
1 13 27
1 13 31
1 13 32
1 13 39
1 13 40
1 13 40
1 13 49
1 13 49
1 13 49
1 14 1
1 14 2
1 14 2
1 14 2
1 14 4
1 14 4
1 14 10
1 14 11
1 14 11
1 14 11
1 14 12
1 14 12
1 14 12
1 14 13
1 14 13
1 14 16
1 14 16
1 14 16
1 14 17
1 14 18
1 14 18
1 14 18
1 14 24
1 14 24
1 14 24
1 14 28
1 14 28
1 14 31
1 14 37
1 14 39
1 14 40
1 14 40
1 14 41
1 14 41
1 14 42
1 14 44
1 15 0
1 15 0
1 15 0
1 15 1
1 15 1
1 15 1
1 15 4
1 15 4
1 15 4
1 15 10
1 15 10
1 15 13
1 15 13
1 15 14
1 15 20
1 15 20
1 15 27
1 15 28
1 15 28
1 15 28
1 15 30
1 15 30
1 15 30
1 15 36
1 15 36
1 15 45
1 15 46
1 15 49
1 15 49
1 16 1
1 16 1
1 16 1
1 16 3
1 16 3
1 16 5
1 16 6
1 16 6
1 16 7
1 16 7
1 16 8
1 16 8
1 16 8
1 16 13
1 16 13
1 16 13
1 16 14
1 16 19
1 16 19
1 16 25
1 16 25
1 16 25
1 16 26
1 16 26
1 16 30
1 16 30
1 16 31
1 16 31
1 16 33
1 16 33
1 16 34
1 16 34
1 16 34
1 16 36
1 16 36
1 16 36
1 16 39
1 16 39
1 16 40
1 16 44
1 16 44
1 16 44
1 17 3
1 17 4
1 17 5
1 17 10
1 17 20
1 17 23
1 17 23
1 17 23
1 17 24
1 17 24
1 17 27
1 17 27
1 17 27
1 17 28
1 17 28
1 17 28
1 17 29
1 17 29
1 17 29
1 17 34
1 17 35
1 17 35
1 17 36
1 17 36
1 17 37
1 17 37
1 17 40
1 17 41
1 17 42
1 17 42
1 17 44
1 18 0
1 18 0
1 18 0
1 18 2
1 18 4
1 18 5
1 18 5
1 18 8
1 18 9
1 18 9
1 18 16
1 18 16
1 18 21
1 18 21
1 18 21
1 18 23
1 18 23
1 18 29
1 18 29
1 18 29
1 18 33
1 18 33
1 18 40
1 18 40
1 18 45
1 18 46
1 18 47
1 19 1
1 19 1
1 19 3
1 19 9
1 19 11
1 19 14
1 19 14
1 19 15
1 19 15
1 19 15
1 19 22
1 19 22
1 19 22
1 19 28
1 19 29
1 19 32
1 19 32
1 19 33
1 19 35
1 19 35
1 19 35
1 19 37
1 19 38
1 19 38
1 19 42
1 19 42
1 19 44
1 19 44
1 19 45
1 19 45
1 19 45
1 19 48
1 19 49
1 19 49
1 20 4
1 20 4
1 20 6
1 20 6
1 20 11
1 20 11
1 20 11
1 20 12
1 20 12
1 20 14
1 20 15
1 20 18
1 20 18
1 20 22
1 20 22
1 20 22
1 20 26
1 20 26
1 20 27
1 20 27
1 20 27
1 20 37
1 20 37
1 20 42
1 20 42
1 20 42
1 20 45
1 20 45
1 21 0
1 21 2
1 21 2
1 21 5
1 21 5
1 21 5
1 21 6
1 21 6
1 21 8
1 21 9
1 21 9
1 21 9
1 21 11
1 21 18
1 21 18
1 21 18
1 21 19
1 21 19
1 21 19
1 21 20
1 21 20
1 21 27
1 21 32
1 21 32
1 21 32
1 21 37
1 21 37
1 21 37
1 21 38
1 21 38
1 21 38
1 21 48
1 21 49
1 21 49
1 21 49
1 22 3
1 22 3
1 22 6
1 22 6
1 22 9
1 22 9
1 22 10
1 22 13
1 22 13
1 22 13
1 22 15
1 22 15
1 22 17
1 22 17
1 22 21
1 22 24
1 22 24
1 22 25
1 22 29
1 22 29
1 22 29
1 22 30
1 22 30
1 22 30
1 22 32
1 22 32
1 22 32
1 22 36
1 22 36
1 22 38
1 22 38
1 22 44
1 22 44
1 22 49
1 22 49
1 23 2
1 23 3
1 23 4
1 23 8
1 23 9
1 23 11
1 23 15
1 23 15
1 23 23
1 23 24
1 23 29
1 23 29
1 23 39
1 23 41
1 23 41
1 23 43
1 23 43
1 23 47
1 23 48
1 23 48
1 24 1
1 24 1
1 24 5
1 24 5
1 24 5
1 24 6
1 24 6
1 24 6
1 24 8
1 24 13
1 24 13
1 24 17
1 24 17
1 24 17
1 24 21
1 24 23
1 24 25
1 24 37
1 24 37
1 24 37
1 24 43
1 24 43
1 25 3
1 25 3
1 25 3
1 25 4
1 25 13
1 25 13
1 25 19
1 25 22
1 25 22
1 25 22
1 25 24
1 25 24
1 25 31
1 25 31
1 25 31
1 25 37
1 25 37
1 25 37
1 25 41
1 25 41
1 25 44
1 25 46
1 26 1
1 26 1
1 26 3
1 26 4
1 26 6
1 26 10
1 26 15
1 26 15
1 26 19
1 26 19
1 26 21
1 26 21
1 26 25
1 26 32
1 26 34
1 26 41
1 26 44
1 26 44
1 26 44
1 26 45
1 26 45
1 26 45
1 27 1
1 27 1
1 27 8
1 27 8
1 27 10
1 27 10
1 27 10
1 27 11
1 27 15
1 27 15
1 27 19
1 27 19
1 27 29
1 27 29
1 27 29
1 27 33
1 27 33
1 27 36
1 27 37
1 27 47
1 27 47
1 27 48
1 27 48
1 27 49
1 27 49
1 27 49
1 28 1
1 28 5
1 28 5
1 28 7
1 28 7
1 28 8
1 28 8
1 28 11
1 28 12
1 28 14
1 28 14
1 28 14
1 28 16
1 28 18
1 28 21
1 28 21
1 28 24
1 28 24
1 28 24
1 28 28
1 28 32
1 28 32
1 28 32
1 28 33
1 28 33
1 28 33
1 28 34
1 28 34
1 28 38
1 28 38
1 28 40
1 28 40
1 28 46
1 29 1
1 29 1
1 29 1
1 29 10
1 29 10
1 29 10
1 29 20
1 29 20
1 29 20
1 29 25
1 29 27
1 29 28
1 29 28
1 29 31
1 29 33
1 29 34
1 29 34
1 29 38
1 29 38
1 29 38
1 29 39
1 29 41
1 29 41
1 29 42
1 29 42
1 29 43
1 29 43
1 30 0
1 30 3
1 30 3
1 30 4
1 30 4
1 30 7
1 30 9
1 30 9
1 30 9
1 30 10
1 30 10
1 30 10
1 30 14
1 30 14
1 30 17
1 30 17
1 30 18
1 30 18
1 30 18
1 30 20
1 30 21
1 30 21
1 30 26
1 30 26
1 30 31
1 30 32
1 30 34
1 30 34
1 30 37
1 30 37
1 30 39
1 30 39
1 30 45
1 30 45
1 30 47
1 30 47
1 30 47
1 30 48
1 30 48
1 30 49
1 30 49
1 30 49
1 31 0
1 31 1
1 31 1
1 31 1
1 31 5
1 31 5
1 31 7
1 31 7
1 31 7
1 31 8
1 31 8
1 31 8
1 31 12
1 31 12
1 31 12
1 31 14
1 31 18
1 31 18
1 31 23
1 31 23
1 31 24
1 31 25
1 31 25
1 31 27
1 31 27
1 31 27
1 31 31
1 31 31
1 31 32
1 31 33
1 31 36
1 31 36
1 31 36
1 31 37
1 31 37
1 31 37
1 31 38
1 31 38
1 31 40
1 31 40
1 31 40
1 31 45
1 31 46
1 31 46
1 32 4
1 32 4
1 32 9
1 32 9
1 32 9
1 32 11
1 32 11
1 32 11
1 32 12
1 32 12
1 32 12
1 32 13
1 32 13
1 32 15
1 32 20
1 32 25
1 32 26
1 32 26
1 32 33
1 32 33
1 32 33
1 32 34
1 32 34
1 32 34
1 32 35
1 32 35
1 32 35
1 32 38
1 32 45
1 32 45
1 32 45
1 33 4
1 33 4
1 33 5
1 33 5
1 33 8
1 33 9
1 33 9
1 33 12
1 33 12
1 33 14
1 33 14
1 33 14
1 33 20
1 33 21
1 33 21
1 33 23
1 33 23
1 33 26
1 33 26
1 33 26
1 33 29
1 33 33
1 33 33
1 33 34
1 33 35
1 33 35
1 33 35
1 33 40
1 33 40
1 33 40
1 33 41
1 33 41
1 33 41
1 33 42
1 33 42
1 33 42
1 33 43
1 33 43
1 33 43
1 33 44
1 33 45
1 33 45
1 33 45
1 34 1
1 34 1
1 34 2
1 34 2
1 34 2
1 34 3
1 34 3
1 34 3
1 34 4
1 34 4
1 34 4
1 34 6
1 34 6
1 34 6
1 34 8
1 34 8
1 34 8
1 34 10
1 34 10
1 34 10
1 34 16
1 34 18
1 34 18
1 34 18
1 34 19
1 34 19
1 34 19
1 34 24
1 34 24
1 34 24
1 34 25
1 34 25
1 34 27
1 34 29
1 34 29
1 34 35
1 34 36
1 34 36
1 34 36
1 34 37
1 34 38
1 34 38
1 34 38
1 34 39
1 34 39
1 34 42
1 34 42
1 34 43
1 34 43
1 34 43
1 34 46
1 34 46
1 34 46
1 35 1
1 35 4
1 35 4
1 35 6
1 35 6
1 35 7
1 35 7
1 35 12
1 35 13
1 35 13
1 35 13
1 35 20
1 35 20
1 35 20
1 35 23
1 35 23
1 35 23
1 35 25
1 35 26
1 35 26
1 35 27
1 35 27
1 35 28
1 35 29
1 35 30
1 35 33
1 35 36
1 35 36
1 35 37
1 35 38
1 35 38
1 35 38
1 35 43
1 35 46
1 35 47
1 35 47
1 35 47
1 35 49
1 35 49
1 35 49
1 36 0
1 36 0
1 36 2
1 36 2
1 36 3
1 36 3
1 36 3
1 36 4
1 36 4
1 36 6
1 36 7
1 36 7
1 36 10
1 36 10
1 36 10
1 36 11
1 36 12
1 36 19
1 36 26
1 36 27
1 36 27
1 36 31
1 36 31
1 36 31
1 36 41
1 36 43
1 36 43
1 36 49
1 36 49
1 36 49
1 37 1
1 37 2
1 37 2
1 37 2
1 37 3
1 37 3
1 37 5
1 37 5
1 37 7
1 37 9
1 37 9
1 37 9
1 37 10
1 37 10
1 37 10
1 37 15
1 37 15
1 37 15
1 37 18
1 37 18
1 37 20
1 37 21
1 37 21
1 37 26
1 37 32
1 37 32
1 37 35
1 37 35
1 37 38
1 37 43
1 37 43
1 37 44
1 37 44
1 37 46
1 37 46
1 38 0
1 38 3
1 38 5
1 38 5
1 38 7
1 38 7
1 38 7
1 38 11
1 38 11
1 38 15
1 38 15
1 38 19
1 38 19
1 38 19
1 38 20
1 38 21
1 38 21
1 38 25
1 38 25
1 38 25
1 38 26
1 38 26
1 38 26
1 38 27
1 38 27
1 38 27
1 38 32
1 38 33
1 38 33
1 38 34
1 38 34
1 38 37
1 38 37
1 38 37
1 38 38
1 38 39
1 38 39
1 38 40
1 38 40
1 38 40
1 38 43
1 38 45
1 38 46
1 38 46
1 38 46
1 38 47
1 38 47
1 38 48
1 39 2
1 39 2
1 39 3
1 39 6
1 39 6
1 39 8
1 39 11
1 39 11
1 39 11
1 39 12
1 39 12
1 39 12
1 39 13
1 39 13
1 39 16
1 39 28
1 39 28
1 39 30
1 39 30
1 39 30
1 39 37
1 39 37
1 39 38
1 39 41
1 39 41
1 39 42
1 39 46
1 39 46
1 39 46
1 39 47
1 39 47
1 39 49
1 39 49
1 39 49
1 40 0
1 40 0
1 40 5
1 40 5
1 40 9
1 40 10
1 40 10
1 40 10
1 40 14
1 40 15
1 40 18
1 40 21
1 40 21
1 40 23
1 40 24
1 40 24
1 40 25
1 40 25
1 40 25
1 40 30
1 40 30
1 40 30
1 40 31
1 40 32
1 40 33
1 40 33
1 40 33
1 40 37
1 40 40
1 40 45
1 40 45
1 40 45
1 40 48
1 40 48
1 40 48
1 40 49
1 40 49
1 40 49
1 41 3
1 41 3
1 41 4
1 41 4
1 41 5
1 41 9
1 41 9
1 41 9
1 41 14
1 41 14
1 41 14
1 41 17
1 41 17
1 41 17
1 41 24
1 41 24
1 41 28
1 41 28
1 41 28
1 41 33
1 41 33
1 41 37
1 41 37
1 41 40
1 41 40
1 41 40
1 41 43
1 41 47
1 41 47
1 41 49
1 42 0
1 42 5
1 42 5
1 42 5
1 42 8
1 42 12
1 42 12
1 42 24
1 42 24
1 42 28
1 42 30
1 42 30
1 42 31
1 42 31
1 42 31
1 42 33
1 42 33
1 42 33
1 42 34
1 42 34
1 42 34
1 42 38
1 42 39
1 42 39
1 42 39
1 42 41
1 42 41
1 42 41
1 42 43
1 42 46
1 42 47
1 42 49
1 42 49
1 42 49
1 43 4
1 43 6
1 43 8
1 43 8
1 43 9
1 43 9
1 43 10
1 43 10
1 43 11
1 43 11
1 43 11
1 43 14
1 43 14
1 43 15
1 43 15
1 43 19
1 43 20
1 43 20
1 43 21
1 43 21
1 43 21
1 43 25
1 43 25
1 43 25
1 43 26
1 43 26
1 43 27
1 43 27
1 43 29
1 43 30
1 43 30
1 43 30
1 43 32
1 43 32
1 43 35
1 43 39
1 43 39
1 43 39
1 43 42
1 43 42
1 43 42
1 43 43
1 43 43
1 43 43
1 43 46
1 43 48
1 43 48
1 44 0
1 44 0
1 44 2
1 44 2
1 44 9
1 44 10
1 44 13
1 44 13
1 44 13
1 44 23
1 44 23
1 44 24
1 44 24
1 44 26
1 44 29
1 44 29
1 44 29
1 44 30
1 44 30
1 44 31
1 44 31
1 44 33
1 44 37
1 44 37
1 44 37
1 44 40
1 44 40
1 44 40
1 44 45
1 44 45
1 44 45
1 45 0
1 45 0
1 45 0
1 45 3
1 45 3
1 45 4
1 45 4
1 45 6
1 45 6
1 45 7
1 45 7
1 45 10
1 45 10
1 45 12
1 45 15
1 45 15
1 45 16
1 45 16
1 45 16
1 45 17
1 45 17
1 45 18
1 45 18
1 45 19
1 45 19
1 45 25
1 45 25
1 45 25
1 45 26
1 45 26
1 45 26
1 45 27
1 45 27
1 45 27
1 45 30
1 45 34
1 45 34
1 45 34
1 45 35
1 45 35
1 45 37
1 45 37
1 45 39
1 45 39
1 45 44
1 45 48
1 46 1
1 46 1
1 46 2
1 46 2
1 46 2
1 46 5
1 46 5
1 46 7
1 46 7
1 46 7
1 46 11
1 46 11
1 46 14
1 46 14
1 46 25
1 46 26
1 46 26
1 46 26
1 46 32
1 46 34
1 46 34
1 46 37
1 46 37
1 46 39
1 46 41
1 46 41
1 46 41
1 46 42
1 46 42
1 46 43
1 46 43
1 46 46
1 46 48
1 46 48
1 46 48
1 46 49
1 46 49
1 46 49
1 47 0
1 47 0
1 47 0
1 47 6
1 47 6
1 47 6
1 47 7
1 47 7
1 47 8
1 47 9
1 47 10
1 47 10
1 47 10
1 47 18
1 47 18
1 47 20
1 47 20
1 47 21
1 47 21
1 47 24
1 47 25
1 47 28
1 47 28
1 47 28
1 47 31
1 47 31
1 47 31
1 47 33
1 47 33
1 47 37
1 47 39
1 47 39
1 47 40
1 47 40
1 47 40
1 47 41
1 47 41
1 47 41
1 47 45
1 47 45
1 47 46
1 47 46
1 47 46
1 47 48
1 48 0
1 48 0
1 48 0
1 48 2
1 48 2
1 48 2
1 48 3
1 48 3
1 48 4
1 48 4
1 48 4
1 48 6
1 48 9
1 48 9
1 48 11
1 48 13
1 48 13
1 48 18
1 48 24
1 48 24
1 48 24
1 48 25
1 48 26
1 48 26
1 48 26
1 48 32
1 48 33
1 48 33
1 48 33
1 48 36
1 48 36
1 48 36
1 48 42
1 48 42
1 48 43
1 49 7
1 49 9
1 49 13
1 49 17
1 49 17
1 49 18
1 49 18
1 49 19
1 49 19
1 49 19
1 49 21
1 49 22
1 49 23
1 49 28
1 49 30
1 49 30
1 49 30
1 49 34
1 49 34
1 49 34
1 49 36
1 49 36
1 49 36
1 49 37
1 49 37
1 49 38
1 49 40
1 49 40
1 49 42
1 49 42
1 49 43
1 49 43
1 49 43
1 49 46
1 49 47
1 49 47
1 49 48
1 49 48
2 0 12
2 0 28
2 0 44
2 1 34
2 2 0
2 3 13
2 3 42
2 3 46
2 4 8
2 4 20
2 5 3
2 5 28
2 5 36
2 6 33
2 7 1
2 7 9
2 7 15
2 8 27
2 10 2
2 10 46
2 11 17
2 11 30
2 11 33
2 11 41
2 14 10
2 14 28
2 15 6
2 17 9
2 17 16
2 18 2
2 19 13
2 20 6
2 20 18
2 21 32
2 22 21
2 25 2
2 25 39
2 25 44
2 26 1
2 26 10
2 26 48
2 27 33
2 27 36
2 28 46
2 29 20
2 29 25
2 29 30
2 29 41
2 30 0
2 30 37
2 31 12
2 31 23
2 32 15
2 33 8
2 35 20
2 36 10
2 37 32
2 37 46
2 38 11
2 39 30
2 40 23
2 40 40
2 40 48
2 41 3
2 41 43
2 42 8
2 42 26
2 42 30
2 43 14
2 43 17
2 44 37
2 45 6
2 45 39
2 45 48
2 47 33
2 47 45
2 48 36
