1 0 1
1 0 1
1 0 8
1 0 9
1 0 11
1 0 11
1 0 12
1 0 12
1 0 13
1 0 17
1 0 17
1 0 17
1 0 18
1 0 20
1 0 21
1 0 21
1 0 21
1 0 23
1 0 23
1 0 26
1 0 26
1 0 29
1 0 29
1 0 30
1 0 30
1 0 34
1 0 34
1 0 34
1 0 35
1 0 35
1 0 35
1 0 36
1 0 36
1 0 36
1 0 37
1 0 37
1 0 37
1 0 49
1 1 4
1 1 4
1 1 8
1 1 12
1 1 12
1 1 13
1 1 15
1 1 15
1 1 15
1 1 17
1 1 17
1 1 17
1 1 18
1 1 21
1 1 26
1 1 28
1 1 28
1 1 31
1 1 31
1 1 31
1 1 32
1 1 32
1 1 32
1 1 34
1 1 36
1 1 36
1 1 36
1 1 39
1 1 39
1 1 43
1 1 43
1 1 43
1 1 48
1 1 48
1 1 48
1 2 0
1 2 0
1 2 1
1 2 1
1 2 8
1 2 8
1 2 8
1 2 9
1 2 10
1 2 10
1 2 14
1 2 17
1 2 17
1 2 21
1 2 21
1 2 21
1 2 22
1 2 22
1 2 23
1 2 28
1 2 31
1 2 31
1 2 31
1 2 36
1 2 36
1 2 36
1 2 43
1 2 43
1 2 43
1 2 47
1 3 10
1 3 10
1 3 14
1 3 14
1 3 15
1 3 17
1 3 17
1 3 17
1 3 19
1 3 19
1 3 19
1 3 21
1 3 24
1 3 24
1 3 24
1 3 27
1 3 27
1 3 27
1 3 28
1 3 28
1 3 28
1 3 31
1 3 37
1 3 37
1 3 41
1 3 45
1 3 46
1 3 49
1 3 49
1 3 49
1 4 1
1 4 7
1 4 7
1 4 9
1 4 9
1 4 10
1 4 12
1 4 15
1 4 15
1 4 15
1 4 19
1 4 19
1 4 24
1 4 24
1 4 25
1 4 25
1 4 25
1 4 26
1 4 26
1 4 26
1 4 27
1 4 27
1 4 27
1 4 28
1 4 28
1 4 29
1 4 29
1 4 29
1 4 31
1 4 31
1 4 31
1 4 32
1 4 36
1 4 42
1 4 44
1 4 46
1 5 0
1 5 0
1 5 1
1 5 3
1 5 3
1 5 3
1 5 6
1 5 11
1 5 17
1 5 17
1 5 22
1 5 25
1 5 25
1 5 25
1 5 27
1 5 27
1 5 27
1 5 36
1 5 41
1 5 41
1 5 41
1 5 45
1 5 45
1 5 45
1 5 48
1 5 48
1 5 48
1 6 1
1 6 1
1 6 1
1 6 2
1 6 2
1 6 2
1 6 3
1 6 6
1 6 6
1 6 9
1 6 13
1 6 13
1 6 14
1 6 15
1 6 17
1 6 18
1 6 18
1 6 18
1 6 24
1 6 24
1 6 24
1 6 26
1 6 26
1 6 28
1 6 28
1 6 28
1 6 34
1 6 34
1 6 36
1 6 36
1 6 36
1 6 40
1 6 42
1 6 42
1 6 42
1 6 45
1 7 1
1 7 1
1 7 1
1 7 8
1 7 8
1 7 10
1 7 10
1 7 10
1 7 11
1 7 11
1 7 11
1 7 13
1 7 13
1 7 13
1 7 14
1 7 14
1 7 14
1 7 15
1 7 15
1 7 17
1 7 17
1 7 17
1 7 18
1 7 20
1 7 20
1 7 22
1 7 22
1 7 26
1 7 26
1 7 27
1 7 27
1 7 27
1 7 28
1 7 28
1 7 32
1 7 34
1 7 37
1 7 37
1 7 38
1 7 38
1 7 42
1 7 44
1 7 46
1 8 1
1 8 1
1 8 5
1 8 6
1 8 6
1 8 7
1 8 8
1 8 8
1 8 12
1 8 12
1 8 13
1 8 13
1 8 14
1 8 14
1 8 14
1 8 15
1 8 18
1 8 19
1 8 19
1 8 19
1 8 24
1 8 24
1 8 24
1 8 25
1 8 25
1 8 25
1 8 42
1 8 48
1 8 48
1 8 48
1 8 49
1 8 49
1 9 1
1 9 1
1 9 1
1 9 5
1 9 5
1 9 7
1 9 7
1 9 10
1 9 10
1 9 10
1 9 12
1 9 12
1 9 13
1 9 13
1 9 13
1 9 16
1 9 16
1 9 19
1 9 21
1 9 21
1 9 21
1 9 22
1 9 22
1 9 22
1 9 24
1 9 25
1 9 25
1 9 30
1 9 30
1 9 30
1 9 35
1 9 37
1 9 37
1 9 37
1 9 40
1 9 40
1 9 40
1 9 41
1 9 41
1 9 41
1 9 48
1 9 48
1 9 48
1 10 2
1 10 2
1 10 7
1 10 7
1 10 7
1 10 8
1 10 9
1 10 13
1 10 13
1 10 14
1 10 14
1 10 14
1 10 15
1 10 15
1 10 17
1 10 17
1 10 17
1 10 21
1 10 21
1 10 21
1 10 22
1 10 24
1 10 25
1 10 26
1 10 26
1 10 26
1 10 30
1 10 30
1 10 30
1 10 34
1 10 37
1 10 43
1 10 43
1 10 43
1 10 45
1 10 45
1 10 45
1 10 46
1 10 46
1 10 48
1 10 48
1 10 48
1 11 2
1 11 4
1 11 7
1 11 7
1 11 9
1 11 9
1 11 11
1 11 11
1 11 13
1 11 16
1 11 16
1 11 25
1 11 27
1 11 28
1 11 28
1 11 28
1 11 30
1 11 30
1 11 32
1 11 32
1 11 37
1 11 37
1 11 37
1 11 38
1 11 38
1 11 40
1 11 41
1 11 42
1 11 44
1 11 45
1 11 45
1 11 46
1 12 0
1 12 0
1 12 0
1 12 8
1 12 9
1 12 9
1 12 10
1 12 10
1 12 15
1 12 15
1 12 16
1 12 17
1 12 17
1 12 17
1 12 18
1 12 18
1 12 19
1 12 19
1 12 20
1 12 20
1 12 21
1 12 21
1 12 23
1 12 23
1 12 23
1 12 26
1 12 28
1 12 28
1 12 29
1 12 29
1 12 29
1 12 31
1 12 32
1 12 32
1 12 40
1 12 40
1 12 40
1 12 41
1 12 41
1 12 41
1 12 42
1 12 42
1 12 42
1 12 45
1 12 45
1 12 45
1 13 5
1 13 15
1 13 15
1 13 15
1 13 18
1 13 19
1 13 19
1 13 24
1 13 24
1 13 24
1 13 26
1 13 26
1 13 26
1 13 29
1 13 29
1 13 30
1 13 30
1 13 30
1 13 31
1 13 31
1 13 31
1 13 32
1 13 32
1 13 32
1 13 33
1 13 33
1 13 49
1 14 0
1 14 3
1 14 3
1 14 3
1 14 4
1 14 4
1 14 4
1 14 5
1 14 7
1 14 7
1 14 9
1 14 9
1 14 9
1 14 10
1 14 11
1 14 11
1 14 11
1 14 12
1 14 12
1 14 13
1 14 14
1 14 14
1 14 16
1 14 16
1 14 16
1 14 21
1 14 21
1 14 22
1 14 22
1 14 22
1 14 24
1 14 24
1 14 26
1 14 26
1 14 26
1 14 32
1 14 35
1 14 35
1 14 36
1 14 38
1 14 38
1 14 47
1 14 48
1 15 1
1 15 1
1 15 1
1 15 4
1 15 4
1 15 9
1 15 13
1 15 16
1 15 26
1 15 26
1 15 31
1 15 33
1 15 33
1 15 33
1 15 37
1 15 37
1 15 37
1 15 42
1 15 42
1 15 45
1 15 47
1 15 48
1 15 48
1 15 48
1 15 49
1 16 5
1 16 5
1 16 12
1 16 12
1 16 12
1 16 14
1 16 14
1 16 17
1 16 17
1 16 18
1 16 18
1 16 19
1 16 19
1 16 19
1 16 22
1 16 22
1 16 24
1 16 24
1 16 24
1 16 28
1 16 28
1 16 28
1 16 30
1 16 30
1 16 32
1 16 32
1 16 34
1 16 36
1 16 36
1 16 36
1 16 38
1 16 40
1 16 43
1 16 44
1 16 44
1 16 44
1 16 45
1 16 45
1 16 46
1 16 46
1 16 46
1 16 49
1 16 49
1 17 0
1 17 0
1 17 6
1 17 6
1 17 6
1 17 8
1 17 9
1 17 11
1 17 14
1 17 14
1 17 15
1 17 15
1 17 22
1 17 22
1 17 22
1 17 23
1 17 26
1 17 28
1 17 28
1 17 32
1 17 32
1 17 32
1 17 34
1 17 35
1 17 35
1 17 38
1 17 38
1 17 42
1 17 42
1 17 42
1 17 44
1 17 47
1 18 1
1 18 1
1 18 7
1 18 7
1 18 10
1 18 12
1 18 15
1 18 15
1 18 16
1 18 24
1 18 24
1 18 26
1 18 26
1 18 27
1 18 27
1 18 31
1 18 31
1 18 32
1 18 32
1 18 32
1 18 37
1 18 43
1 18 45
1 18 45
1 18 48
1 18 48
1 19 3
1 19 3
1 19 7
1 19 7
1 19 8
1 19 8
1 19 8
1 19 11
1 19 11
1 19 13
1 19 13
1 19 13
1 19 18
1 19 18
1 19 18
1 19 19
1 19 22
1 19 24
1 19 24
1 19 27
1 19 27
1 19 27
1 19 30
1 19 33
1 19 33
1 19 33
1 19 36
1 19 42
1 19 42
1 19 43
1 19 43
1 19 43
1 19 45
1 19 45
1 19 45
1 19 46
1 20 0
1 20 0
1 20 0
1 20 4
1 20 6
1 20 6
1 20 6
1 20 8
1 20 9
1 20 13
1 20 13
1 20 13
1 20 14
1 20 14
1 20 14
1 20 19
1 20 19
1 20 19
1 20 20
1 20 20
1 20 20
1 20 29
1 20 29
1 20 32
1 20 37
1 20 38
1 20 38
1 20 38
1 20 41
1 20 41
1 20 41
1 20 44
1 20 44
1 20 44
1 21 0
1 21 0
1 21 1
1 21 1
1 21 11
1 21 11
1 21 12
1 21 12
1 21 13
1 21 13
1 21 16
1 21 18
1 21 19
1 21 19
1 21 24
1 21 26
1 21 26
1 21 26
1 21 27
1 21 27
1 21 29
1 21 29
1 21 29
1 21 30
1 21 31
1 21 35
1 21 37
1 21 37
1 21 37
1 21 42
1 21 42
1 21 42
1 21 45
1 21 45
1 21 46
1 21 46
1 21 48
1 21 48
1 21 48
1 22 1
1 22 1
1 22 7
1 22 7
1 22 7
1 22 8
1 22 8
1 22 8
1 22 9
1 22 11
1 22 11
1 22 11
1 22 13
1 22 14
1 22 14
1 22 17
1 22 17
1 22 20
1 22 20
1 22 28
1 22 31
1 22 32
1 22 32
1 22 32
1 22 33
1 22 34
1 22 34
1 22 34
1 22 36
1 22 36
1 22 39
1 22 43
1 22 43
1 22 43
1 22 47
1 22 47
1 23 0
1 23 0
1 23 3
1 23 3
1 23 5
1 23 5
1 23 5
1 23 6
1 23 7
1 23 7
1 23 8
1 23 8
1 23 8
1 23 9
1 23 12
1 23 12
1 23 14
1 23 14
1 23 14
1 23 16
1 23 16
1 23 16
1 23 17
1 23 19
1 23 19
1 23 20
1 23 20
1 23 20
1 23 24
1 23 24
1 23 24
1 23 25
1 23 25
1 23 27
1 23 29
1 23 29
1 23 29
1 23 34
1 23 35
1 23 35
1 23 35
1 23 38
1 23 38
1 23 38
1 23 40
1 23 40
1 23 43
1 23 43
1 23 43
1 23 45
1 23 46
1 23 46
1 23 47
1 23 47
1 23 49
1 23 49
1 24 7
1 24 8
1 24 8
1 24 13
1 24 13
1 24 13
1 24 14
1 24 14
1 24 20
1 24 24
1 24 24
1 24 25
1 24 25
1 24 26
1 24 26
1 24 26
1 24 36
1 24 36
1 24 36
1 24 38
1 24 42
1 24 42
1 24 43
1 24 43
1 24 43
1 25 0
1 25 4
1 25 9
1 25 9
1 25 10
1 25 10
1 25 10
1 25 11
1 25 11
1 25 12
1 25 12
1 25 13
1 25 14
1 25 16
1 25 16
1 25 16
1 25 19
1 25 19
1 25 19
1 25 20
1 25 20
1 25 20
1 25 22
1 25 22
1 25 22
1 25 26
1 25 26
1 25 29
1 25 29
1 25 29
1 25 30
1 25 31
1 25 32
1 25 37
1 25 38
1 25 38
1 25 39
1 25 39
1 25 40
1 25 40
1 25 40
1 25 41
1 25 41
1 25 43
1 25 43
1 25 45
1 25 45
1 25 45
1 26 8
1 26 8
1 26 8
1 26 10
1 26 10
1 26 10
1 26 14
1 26 14
1 26 14
1 26 15
1 26 15
1 26 17
1 26 17
1 26 17
1 26 18
1 26 19
1 26 20
1 26 25
1 26 25
1 26 29
1 26 31
1 26 31
1 26 35
1 26 36
1 26 36
1 26 40
1 26 41
1 26 41
1 26 44
1 26 44
1 26 44
1 26 46
1 26 49
1 26 49
1 26 49
1 27 4
1 27 4
1 27 4
1 27 13
1 27 13
1 27 13
1 27 16
1 27 22
1 27 25
1 27 26
1 27 30
1 27 30
1 27 31
1 27 31
1 27 41
1 27 42
1 27 42
1 27 42
1 27 43
1 27 44
1 27 44
1 27 48
1 27 49
1 27 49
1 27 49
1 28 2
1 28 2
1 28 4
1 28 4
1 28 5
1 28 6
1 28 6
1 28 6
1 28 8
1 28 8
1 28 8
1 28 24
1 28 28
1 28 29
1 28 30
1 28 30
1 28 30
1 28 32
1 28 32
1 28 32
1 28 33
1 28 33
1 28 36
1 28 36
1 28 36
1 28 37
1 28 37
1 28 43
1 28 48
1 28 48
1 28 49
1 29 3
1 29 3
1 29 5
1 29 12
1 29 12
1 29 13
1 29 13
1 29 21
1 29 21
1 29 21
1 29 24
1 29 24
1 29 24
1 29 26
1 29 31
1 29 33
1 29 35
1 29 35
1 29 35
1 29 46
1 29 47
1 29 47
1 29 47
1 29 48
1 29 48
1 29 48
1 29 49
1 30 4
1 30 4
1 30 4
1 30 8
1 30 8
1 30 8
1 30 9
1 30 13
1 30 13
1 30 13
1 30 19
1 30 20
1 30 20
1 30 21
1 30 21
1 30 21
1 30 22
1 30 22
1 30 29
1 30 29
1 30 29
1 30 34
1 30 34
1 30 34
1 30 43
1 30 43
1 30 43
1 30 44
1 30 44
1 30 45
1 30 45
1 30 46
1 30 46
1 31 1
1 31 3
1 31 3
1 31 5
1 31 6
1 31 6
1 31 6
1 31 13
1 31 14
1 31 14
1 31 15
1 31 16
1 31 16
1 31 16
1 31 18
1 31 18
1 31 18
1 31 19
1 31 23
1 31 23
1 31 26
1 31 27
1 31 27
1 31 27
1 31 30
1 31 30
1 31 30
1 31 36
1 31 37
1 31 38
1 31 40
1 31 42
1 31 42
1 31 42
1 31 43
1 31 43
1 31 46
1 31 46
1 32 1
1 32 1
1 32 1
1 32 2
1 32 2
1 32 3
1 32 3
1 32 6
1 32 6
1 32 6
1 32 7
1 32 9
1 32 9
1 32 11
1 32 12
1 32 12
1 32 12
1 32 23
1 32 26
1 32 28
1 32 28
1 32 30
1 32 30
1 32 32
1 32 32
1 32 32
1 32 35
1 32 35
1 32 35
1 32 38
1 32 38
1 32 38
1 32 46
1 33 4
1 33 9
1 33 9
1 33 9
1 33 10
1 33 10
1 33 10
1 33 16
1 33 16
1 33 21
1 33 21
1 33 21
1 33 25
1 33 25
1 33 25
1 33 38
1 33 41
1 33 41
1 33 44
1 33 45
1 33 45
1 34 1
1 34 1
1 34 4
1 34 7
1 34 7
1 34 7
1 34 10
1 34 10
1 34 10
1 34 20
1 34 20
1 34 22
1 34 22
1 34 22
1 34 25
1 34 25
1 34 29
1 34 33
1 34 36
1 34 38
1 34 38
1 34 45
1 34 45
1 34 45
1 34 47
1 34 48
1 35 6
1 35 6
1 35 8
1 35 8
1 35 8
1 35 9
1 35 10
1 35 16
1 35 19
1 35 22
1 35 22
1 35 22
1 35 28
1 35 35
1 35 35
1 35 42
1 35 42
1 35 42
1 35 43
1 35 43
1 35 43
1 35 44
1 35 45
1 35 45
1 35 45
1 35 46
1 35 46
1 35 46
1 35 48
1 35 49
1 35 49
1 35 49
1 36 0
1 36 4
1 36 5
1 36 5
1 36 7
1 36 7
1 36 7
1 36 11
1 36 11
1 36 11
1 36 15
1 36 15
1 36 15
1 36 16
1 36 16
1 36 16
1 36 22
1 36 22
1 36 22
1 36 29
1 36 29
1 36 29
1 36 37
1 36 37
1 36 39
1 36 47
1 37 0
1 37 0
1 37 1
1 37 3
1 37 3
1 37 3
1 37 4
1 37 8
1 37 8
1 37 11
1 37 11
1 37 12
1 37 16
1 37 18
1 37 19
1 37 19
1 37 20
1 37 20
1 37 20
1 37 21
1 37 21
1 37 24
1 37 24
1 37 36
1 37 38
1 37 38
1 37 38
1 37 42
1 37 43
1 37 46
1 37 47
1 37 49
1 37 49
1 38 0
1 38 2
1 38 4
1 38 9
1 38 11
1 38 12
1 38 13
1 38 13
1 38 14
1 38 14
1 38 14
1 38 17
1 38 21
1 38 25
1 38 25
1 38 33
1 38 36
1 38 36
1 38 36
1 38 38
1 38 40
1 38 40
1 38 44
1 38 44
1 38 47
1 39 0
1 39 0
1 39 3
1 39 3
1 39 4
1 39 4
1 39 4
1 39 6
1 39 6
1 39 12
1 39 12
1 39 12
1 39 13
1 39 14
1 39 15
1 39 17
1 39 17
1 39 18
1 39 23
1 39 23
1 39 25
1 39 25
1 39 32
1 39 32
1 39 32
1 39 34
1 39 37
1 39 44
1 39 48
1 39 48
1 40 0
1 40 4
1 40 4
1 40 6
1 40 6
1 40 8
1 40 9
1 40 9
1 40 10
1 40 10
1 40 12
1 40 12
1 40 12
1 40 20
1 40 20
1 40 26
1 40 31
1 40 34
1 40 34
1 40 34
1 40 36
1 40 36
1 40 36
1 40 40
1 40 40
1 40 44
1 40 45
1 40 45
1 40 45
1 40 49
1 40 49
1 41 1
1 41 1
1 41 1
1 41 7
1 41 7
1 41 12
1 41 13
1 41 13
1 41 19
1 41 23
1 41 25
1 41 26
1 41 26
1 41 34
1 41 34
1 41 34
1 41 35
1 41 35
1 41 35
1 41 37
1 41 37
1 41 37
1 41 38
1 41 40
1 41 40
1 41 42
1 41 42
1 41 45
1 42 2
1 42 5
1 42 5
1 42 5
1 42 10
1 42 10
1 42 10
1 42 16
1 42 16
1 42 20
1 42 22
1 42 28
1 42 28
1 42 33
1 42 39
1 42 39
1 42 39
1 42 46
1 42 46
1 42 49
1 42 49
1 42 49
1 43 0
1 43 0
1 43 0
1 43 7
1 43 7
1 43 7
1 43 15
1 43 15
1 43 15
1 43 17
1 43 17
1 43 17
1 43 28
1 43 28
1 43 30
1 43 30
1 43 30
1 43 36
1 43 36
1 43 36
1 43 40
1 43 40
1 43 43
1 43 43
1 43 45
1 43 45
1 43 46
1 43 46
1 43 46
1 43 47
1 43 47
1 43 47
1 43 49
1 44 2
1 44 2
1 44 3
1 44 4
1 44 4
1 44 6
1 44 6
1 44 7
1 44 7
1 44 11
1 44 14
1 44 14
1 44 23
1 44 26
1 44 26
1 44 29
1 44 34
1 44 34
1 44 34
1 44 35
1 44 35
1 44 36
1 44 36
1 44 36
1 44 38
1 44 38
1 44 42
1 44 42
1 44 42
1 44 44
1 44 44
1 44 48
1 44 48
1 45 3
1 45 3
1 45 4
1 45 4
1 45 4
1 45 8
1 45 8
1 45 10
1 45 10
1 45 10
1 45 12
1 45 12
1 45 14
1 45 14
1 45 15
1 45 15
1 45 17
1 45 20
1 45 20
1 45 23
1 45 23
1 45 24
1 45 24
1 45 24
1 45 26
1 45 27
1 45 27
1 45 27
1 45 31
1 45 32
1 45 32
1 45 38
1 45 38
1 45 39
1 45 40
1 45 40
1 45 42
1 45 42
1 45 42
1 45 43
1 45 43
1 45 47
1 45 47
1 45 47
1 45 49
1 46 2
1 46 3
1 46 3
1 46 5
1 46 5
1 46 7
1 46 7
1 46 12
1 46 12
1 46 17
1 46 17
1 46 17
1 46 21
1 46 21
1 46 21
1 46 24
1 46 24
1 46 24
1 46 25
1 46 25
1 46 27
1 46 27
1 46 36
1 46 36
1 46 42
1 46 42
1 46 42
1 46 48
1 47 3
1 47 3
1 47 4
1 47 4
1 47 5
1 47 6
1 47 6
1 47 6
1 47 8
1 47 8
1 47 11
1 47 14
1 47 17
1 47 18
1 47 22
1 47 22
1 47 25
1 47 25
1 47 25
1 47 27
1 47 35
1 47 35
1 47 35
1 47 36
1 47 36
1 47 37
1 47 38
1 47 38
1 47 40
1 47 41
1 47 43
1 47 44
1 47 44
1 47 47
1 47 47
1 47 49
1 48 0
1 48 0
1 48 1
1 48 1
1 48 2
1 48 3
1 48 3
1 48 3
1 48 5
1 48 5
1 48 6
1 48 7
1 48 8
1 48 15
1 48 22
1 48 22
1 48 22
1 48 23
1 48 23
1 48 23
1 48 25
1 48 29
1 48 29
1 48 30
1 48 32
1 48 40
1 48 45
1 48 48
1 49 1
1 49 4
1 49 4
1 49 6
1 49 6
1 49 9
1 49 9
1 49 12
1 49 15
1 49 18
1 49 23
1 49 23
1 49 24
1 49 24
1 49 25
1 49 27
1 49 27
1 49 29
1 49 35
1 49 38
1 49 39
1 49 39
1 49 42
1 49 46
1 49 46
1 49 46
1 49 49
1 49 49
2 0 8
2 0 11
2 0 17
2 0 20
2 0 33
2 1 31
2 3 45
2 4 1
2 4 6
2 5 13
2 5 41
2 6 9
2 6 26
2 6 38
2 8 5
2 8 21
2 8 24
2 8 26
2 8 48
2 9 37
2 10 45
2 11 40
2 12 0
2 13 46
2 14 3
2 14 9
2 14 16
2 15 28
2 16 43
2 17 6
2 17 11
2 17 26
2 18 1
2 20 0
2 20 4
2 21 45
2 22 20
2 23 24
2 25 29
2 27 4
2 27 24
2 28 2
2 29 7
2 29 12
2 30 6
2 30 19
2 31 1
2 31 26
2 31 36
2 34 0
2 34 31
2 34 42
2 34 47
2 36 47
2 37 24
2 37 32
2 37 42
2 39 23
2 39 34
2 39 48
2 40 40
2 41 28
2 43 7
2 43 11
2 44 2
2 44 14
2 44 31
2 44 42
2 45 47
2 46 21
2 46 35
2 47 11
2 47 40
2 48 29
2 48 45
