1 0 1
1 0 1
1 0 2
1 0 2
1 0 10
1 0 10
1 0 10
1 0 15
1 0 15
1 0 17
1 0 17
1 0 24
1 0 26
1 0 26
1 0 31
1 0 32
1 0 32
1 1 0
1 1 1
1 1 3
1 1 3
1 1 3
1 1 5
1 1 5
1 1 5
1 1 6
1 1 8
1 1 8
1 1 8
1 1 15
1 1 15
1 1 16
1 1 16
1 1 16
1 1 17
1 1 24
1 1 24
1 1 24
1 1 28
1 1 28
1 1 39
1 1 41
1 1 41
1 1 41
1 1 45
1 1 45
1 1 45
1 1 49
1 2 0
1 2 4
1 2 4
1 2 9
1 2 9
1 2 9
1 2 29
1 2 29
1 2 32
1 2 32
1 2 33
1 2 33
1 2 33
1 2 35
1 2 35
1 2 35
1 2 41
1 2 45
1 2 45
1 3 6
1 3 6
1 3 9
1 3 9
1 3 16
1 3 16
1 3 16
1 3 18
1 3 20
1 3 22
1 3 23
1 3 23
1 3 27
1 3 28
1 3 28
1 3 28
1 3 30
1 3 30
1 3 30
1 3 37
1 3 39
1 3 40
1 3 40
1 3 48
1 3 48
1 4 3
1 4 7
1 4 8
1 4 8
1 4 8
1 4 10
1 4 10
1 4 10
1 4 14
1 4 14
1 4 14
1 4 16
1 4 16
1 4 20
1 4 20
1 4 20
1 4 24
1 4 24
1 4 26
1 4 26
1 4 31
1 4 33
1 4 33
1 4 33
1 4 37
1 4 37
1 4 37
1 4 38
1 4 38
1 4 38
1 4 41
1 4 41
1 4 41
1 4 44
1 4 49
1 4 49
1 5 4
1 5 5
1 5 5
1 5 7
1 5 7
1 5 7
1 5 9
1 5 11
1 5 11
1 5 13
1 5 14
1 5 14
1 5 14
1 5 17
1 5 17
1 5 30
1 5 31
1 5 31
1 5 35
1 5 35
1 5 35
1 5 38
1 5 38
1 5 38
1 5 40
1 5 40
1 5 40
1 5 43
1 5 43
1 5 44
1 5 44
1 5 47
1 5 47
1 5 47
1 6 5
1 6 5
1 6 5
1 6 8
1 6 11
1 6 14
1 6 14
1 6 14
1 6 15
1 6 15
1 6 16
1 6 16
1 6 17
1 6 17
1 6 17
1 6 19
1 6 19
1 6 19
1 6 21
1 6 21
1 6 21
1 6 22
1 6 22
1 6 24
1 6 29
1 6 29
1 6 29
1 6 30
1 6 30
1 6 30
1 6 33
1 6 33
1 6 35
1 6 35
1 6 46
1 6 46
1 7 0
1 7 0
1 7 1
1 7 1
1 7 1
1 7 6
1 7 6
1 7 8
1 7 9
1 7 9
1 7 10
1 7 10
1 7 10
1 7 11
1 7 11
1 7 13
1 7 18
1 7 21
1 7 24
1 7 24
1 7 26
1 7 29
1 7 29
1 7 29
1 7 34
1 7 34
1 7 35
1 7 36
1 7 36
1 7 38
1 7 38
1 7 38
1 7 39
1 7 39
1 7 39
1 7 40
1 7 40
1 7 40
1 7 42
1 7 42
1 7 42
1 7 48
1 7 48
1 8 0
1 8 6
1 8 6
1 8 7
1 8 7
1 8 8
1 8 8
1 8 11
1 8 11
1 8 12
1 8 12
1 8 14
1 8 16
1 8 16
1 8 16
1 8 17
1 8 17
1 8 17
1 8 18
1 8 24
1 8 28
1 8 29
1 8 29
1 8 29
1 8 31
1 8 35
1 8 35
1 8 38
1 8 38
1 8 41
1 8 41
1 8 41
1 8 42
1 8 42
1 8 43
1 8 43
1 8 46
1 9 2
1 9 2
1 9 2
1 9 11
1 9 11
1 9 11
1 9 14
1 9 14
1 9 20
1 9 20
1 9 22
1 9 22
1 9 27
1 9 28
1 9 28
1 9 28
1 9 29
1 9 39
1 9 43
1 9 49
1 9 49
1 10 1
1 10 2
1 10 3
1 10 3
1 10 3
1 10 4
1 10 4
1 10 4
1 10 7
1 10 7
1 10 7
1 10 8
1 10 8
1 10 9
1 10 9
1 10 9
1 10 10
1 10 10
1 10 10
1 10 12
1 10 12
1 10 12
1 10 14
1 10 14
1 10 14
1 10 18
1 10 18
1 10 23
1 10 28
1 10 28
1 10 28
1 10 32
1 10 32
1 10 32
1 10 34
1 10 34
1 10 36
1 10 37
1 10 37
1 10 40
1 10 40
1 10 46
1 10 47
1 10 48
1 10 48
1 10 48
1 10 49
1 10 49
1 10 49
1 11 7
1 11 7
1 11 9
1 11 9
1 11 9
1 11 10
1 11 11
1 11 11
1 11 11
1 11 14
1 11 16
1 11 16
1 11 16
1 11 21
1 11 21
1 11 22
1 11 23
1 11 23
1 11 23
1 11 24
1 11 24
1 11 25
1 11 28
1 11 29
1 11 29
1 11 29
1 11 33
1 11 33
1 11 35
1 11 35
1 11 39
1 11 40
1 11 40
1 11 44
1 11 44
1 11 44
1 11 46
1 11 46
1 11 46
1 12 1
1 12 1
1 12 2
1 12 2
1 12 2
1 12 5
1 12 5
1 12 6
1 12 6
1 12 7
1 12 8
1 12 9
1 12 9
1 12 9
1 12 11
1 12 11
1 12 11
1 12 15
1 12 16
1 12 16
1 12 16
1 12 17
1 12 18
1 12 22
1 12 23
1 12 23
1 12 23
1 12 28
1 12 32
1 12 32
1 12 34
1 12 34
1 12 35
1 12 35
1 12 40
1 12 40
1 12 40
1 12 41
1 12 41
1 12 41
1 12 42
1 12 42
1 12 44
1 12 44
1 12 44
1 12 45
1 12 45
1 12 45
1 12 46
1 13 4
1 13 4
1 13 4
1 13 5
1 13 6
1 13 6
1 13 7
1 13 13
1 13 16
1 13 18
1 13 18
1 13 18
1 13 21
1 13 21
1 13 30
1 13 35
1 13 42
1 13 42
1 13 43
1 13 49
1 13 49
1 14 1
1 14 1
1 14 2
1 14 3
1 14 3
1 14 6
1 14 6
1 14 7
1 14 7
1 14 7
1 14 9
1 14 9
1 14 9
1 14 11
1 14 11
1 14 13
1 14 14
1 14 14
1 14 14
1 14 16
1 14 16
1 14 16
1 14 21
1 14 21
1 14 21
1 14 25
1 14 25
1 14 25
1 14 26
1 14 26
1 14 26
1 14 27
1 14 28
1 14 28
1 14 33
1 14 39
1 14 45
1 14 45
1 14 46
1 15 0
1 15 1
1 15 1
1 15 3
1 15 3
1 15 3
1 15 6
1 15 6
1 15 6
1 15 7
1 15 7
1 15 7
1 15 10
1 15 10
1 15 11
1 15 11
1 15 11
1 15 12
1 15 12
1 15 15
1 15 15
1 15 18
1 15 19
1 15 19
1 15 21
1 15 25
1 15 29
1 15 29
1 15 29
1 15 31
1 15 31
1 15 32
1 15 32
1 15 42
1 15 42
1 15 42
1 15 44
1 15 44
1 15 44
1 15 45
1 15 45
1 15 45
1 15 46
1 15 46
1 15 47
1 15 47
1 15 47
1 15 48
1 15 48
1 15 48
1 16 0
1 16 0
1 16 0
1 16 3
1 16 5
1 16 5
1 16 8
1 16 8
1 16 8
1 16 11
1 16 11
1 16 11
1 16 12
1 16 14
1 16 14
1 16 14
1 16 18
1 16 18
1 16 22
1 16 22
1 16 24
1 16 24
1 16 24
1 16 26
1 16 26
1 16 26
1 16 27
1 16 27
1 16 29
1 16 29
1 16 29
1 16 30
1 16 32
1 16 32
1 16 32
1 16 35
1 16 38
1 16 38
1 16 38
1 16 39
1 16 40
1 16 40
1 16 40
1 16 41
1 16 42
1 16 46
1 16 46
1 16 46
1 16 48
1 16 48
1 16 48
1 17 1
1 17 9
1 17 10
1 17 11
1 17 11
1 17 14
1 17 14
1 17 17
1 17 18
1 17 26
1 17 27
1 17 28
1 17 28
1 17 28
1 17 37
1 17 37
1 17 37
1 17 45
1 17 47
1 17 47
1 17 49
1 17 49
1 17 49
1 18 3
1 18 3
1 18 5
1 18 5
1 18 5
1 18 8
1 18 8
1 18 8
1 18 11
1 18 12
1 18 13
1 18 13
1 18 13
1 18 22
1 18 22
1 18 34
1 18 34
1 18 34
1 18 36
1 18 36
1 18 36
1 18 42
1 18 42
1 18 42
1 18 46
1 18 47
1 19 1
1 19 1
1 19 1
1 19 4
1 19 4
1 19 4
1 19 8
1 19 9
1 19 9
1 19 9
1 19 12
1 19 14
1 19 25
1 19 26
1 19 26
1 19 29
1 19 30
1 19 32
1 19 32
1 19 32
1 19 34
1 19 34
1 19 34
1 19 38
1 19 38
1 19 38
1 19 42
1 19 42
1 20 1
1 20 3
1 20 3
1 20 3
1 20 10
1 20 10
1 20 10
1 20 11
1 20 12
1 20 12
1 20 14
1 20 17
1 20 17
1 20 17
1 20 23
1 20 23
1 20 23
1 20 34
1 20 34
1 20 34
1 20 37
1 20 37
1 20 41
1 20 43
1 20 43
1 20 43
1 21 1
1 21 1
1 21 1
1 21 2
1 21 2
1 21 2
1 21 14
1 21 16
1 21 19
1 21 19
1 21 21
1 21 21
1 21 21
1 21 23
1 21 23
1 21 26
1 21 26
1 21 29
1 21 29
1 21 29
1 21 40
1 21 45
1 21 45
1 21 45
1 21 46
1 21 46
1 21 46
1 21 47
1 21 47
1 21 49
1 22 9
1 22 9
1 22 11
1 22 11
1 22 11
1 22 14
1 22 14
1 22 15
1 22 15
1 22 16
1 22 16
1 22 19
1 22 21
1 22 21
1 22 21
1 22 26
1 22 31
1 22 38
1 22 38
1 22 39
1 22 43
1 22 46
1 22 47
1 22 48
1 22 49
1 23 5
1 23 5
1 23 9
1 23 9
1 23 9
1 23 13
1 23 13
1 23 18
1 23 20
1 23 20
1 23 20
1 23 24
1 23 24
1 23 24
1 23 27
1 23 27
1 23 27
1 23 29
1 23 29
1 23 29
1 23 32
1 23 34
1 23 35
1 23 35
1 23 35
1 23 37
1 23 38
1 23 38
1 23 38
1 23 39
1 23 49
1 23 49
1 23 49
1 24 2
1 24 2
1 24 6
1 24 6
1 24 6
1 24 9
1 24 9
1 24 9
1 24 12
1 24 13
1 24 13
1 24 13
1 24 14
1 24 14
1 24 17
1 24 17
1 24 17
1 24 18
1 24 21
1 24 21
1 24 21
1 24 22
1 24 23
1 24 23
1 24 26
1 24 26
1 24 26
1 24 28
1 24 28
1 24 28
1 24 29
1 24 32
1 24 32
1 24 35
1 24 37
1 24 37
1 24 37
1 24 41
1 24 41
1 24 41
1 24 49
1 25 0
1 25 0
1 25 3
1 25 3
1 25 10
1 25 11
1 25 15
1 25 18
1 25 18
1 25 19
1 25 20
1 25 24
1 25 24
1 25 27
1 25 30
1 25 30
1 25 30
1 25 39
1 25 39
1 25 40
1 25 40
1 25 46
1 25 47
1 25 47
1 25 49
1 25 49
1 25 49
1 26 3
1 26 10
1 26 10
1 26 12
1 26 12
1 26 17
1 26 17
1 26 17
1 26 18
1 26 18
1 26 23
1 26 25
1 26 25
1 26 25
1 26 38
1 26 38
1 26 41
1 26 41
1 26 41
1 26 46
1 26 46
1 26 46
1 27 0
1 27 0
1 27 0
1 27 1
1 27 4
1 27 7
1 27 11
1 27 11
1 27 11
1 27 13
1 27 13
1 27 13
1 27 15
1 27 15
1 27 16
1 27 18
1 27 24
1 27 24
1 27 24
1 27 26
1 27 27
1 27 28
1 27 28
1 27 28
1 27 29
1 27 29
1 27 32
1 27 35
1 27 35
1 27 35
1 27 36
1 27 36
1 27 38
1 27 38
1 27 38
1 27 42
1 27 42
1 27 42
1 27 43
1 27 43
1 27 44
1 27 44
1 27 44
1 27 45
1 27 45
1 27 46
1 27 47
1 27 47
1 28 1
1 28 1
1 28 4
1 28 4
1 28 4
1 28 5
1 28 5
1 28 6
1 28 6
1 28 9
1 28 9
1 28 11
1 28 11
1 28 11
1 28 13
1 28 13
1 28 14
1 28 14
1 28 14
1 28 16
1 28 22
1 28 22
1 28 23
1 28 23
1 28 26
1 28 26
1 28 27
1 28 30
1 28 30
1 28 31
1 28 31
1 28 31
1 28 37
1 28 37
1 28 37
1 28 39
1 28 40
1 28 40
1 28 40
1 28 42
1 28 42
1 28 42
1 28 47
1 28 47
1 28 48
1 28 49
1 28 49
1 28 49
1 29 1
1 29 1
1 29 8
1 29 8
1 29 9
1 29 9
1 29 9
1 29 11
1 29 11
1 29 12
1 29 12
1 29 12
1 29 15
1 29 15
1 29 18
1 29 19
1 29 19
1 29 22
1 29 22
1 29 22
1 29 24
1 29 25
1 29 27
1 29 31
1 29 31
1 29 31
1 29 40
1 29 40
1 29 44
1 29 44
1 29 45
1 29 45
1 29 45
1 29 49
1 29 49
1 30 0
1 30 1
1 30 3
1 30 5
1 30 5
1 30 5
1 30 6
1 30 14
1 30 14
1 30 14
1 30 16
1 30 16
1 30 18
1 30 18
1 30 19
1 30 19
1 30 19
1 30 22
1 30 22
1 30 22
1 30 23
1 30 27
1 30 27
1 30 30
1 30 30
1 30 31
1 30 31
1 30 31
1 30 39
1 30 39
1 30 39
1 30 43
1 30 43
1 30 43
1 30 44
1 30 45
1 30 45
1 30 46
1 30 47
1 30 48
1 30 48
1 31 0
1 31 0
1 31 1
1 31 5
1 31 5
1 31 7
1 31 7
1 31 8
1 31 12
1 31 12
1 31 12
1 31 13
1 31 13
1 31 13
1 31 17
1 31 17
1 31 18
1 31 18
1 31 25
1 31 25
1 31 27
1 31 30
1 31 30
1 31 35
1 31 35
1 31 35
1 31 42
1 31 46
1 31 46
1 31 46
1 31 48
1 31 48
1 31 48
1 31 49
1 32 2
1 32 5
1 32 6
1 32 6
1 32 8
1 32 8
1 32 9
1 32 12
1 32 12
1 32 16
1 32 19
1 32 19
1 32 19
1 32 21
1 32 21
1 32 21
1 32 23
1 32 23
1 32 23
1 32 24
1 32 24
1 32 24
1 32 27
1 32 27
1 32 31
1 32 31
1 32 31
1 32 34
1 32 34
1 32 35
1 32 37
1 32 38
1 32 38
1 32 39
1 32 39
1 32 44
1 32 44
1 32 47
1 33 1
1 33 1
1 33 3
1 33 3
1 33 3
1 33 5
1 33 5
1 33 5
1 33 7
1 33 11
1 33 11
1 33 11
1 33 13
1 33 13
1 33 13
1 33 14
1 33 14
1 33 17
1 33 25
1 33 25
1 33 25
1 33 26
1 33 26
1 33 26
1 33 27
1 33 34
1 33 35
1 33 35
1 33 35
1 33 38
1 33 40
1 33 40
1 33 40
1 33 41
1 33 42
1 33 42
1 33 45
1 33 45
1 33 45
1 33 47
1 33 47
1 33 47
1 33 49
1 34 5
1 34 5
1 34 5
1 34 10
1 34 10
1 34 10
1 34 11
1 34 12
1 34 12
1 34 20
1 34 20
1 34 21
1 34 25
1 34 25
1 34 26
1 34 26
1 34 26
1 34 30
1 34 30
1 34 30
1 34 31
1 34 31
1 34 31
1 34 37
1 34 37
1 34 37
1 34 38
1 34 38
1 34 39
1 34 39
1 34 39
1 34 43
1 34 46
1 34 46
1 34 47
1 34 48
1 34 48
1 34 48
1 35 1
1 35 2
1 35 2
1 35 2
1 35 6
1 35 6
1 35 6
1 35 8
1 35 8
1 35 13
1 35 17
1 35 17
1 35 17
1 35 20
1 35 30
1 35 30
1 35 33
1 35 33
1 35 33
1 35 38
1 35 39
1 35 41
1 35 41
1 35 41
1 35 48
1 35 48
1 36 1
1 36 2
1 36 2
1 36 2
1 36 3
1 36 6
1 36 6
1 36 8
1 36 8
1 36 12
1 36 12
1 36 17
1 36 17
1 36 18
1 36 18
1 36 21
1 36 24
1 36 24
1 36 24
1 36 27
1 36 32
1 36 32
1 36 32
1 36 34
1 36 34
1 36 47
1 36 49
1 37 0
1 37 1
1 37 1
1 37 4
1 37 5
1 37 5
1 37 5
1 37 11
1 37 11
1 37 11
1 37 24
1 37 26
1 37 26
1 37 26
1 37 34
1 37 34
1 37 34
1 37 39
1 37 39
1 37 44
1 37 48
1 37 48
1 37 49
1 37 49
1 37 49
1 38 6
1 38 6
1 38 6
1 38 7
1 38 7
1 38 20
1 38 22
1 38 22
1 38 23
1 38 24
1 38 24
1 38 24
1 38 27
1 38 27
1 38 27
1 38 29
1 38 29
1 38 29
1 38 34
1 38 37
1 38 37
1 38 40
1 38 40
1 38 40
1 38 45
1 38 45
1 38 45
1 38 47
1 39 6
1 39 7
1 39 7
1 39 7
1 39 9
1 39 9
1 39 9
1 39 14
1 39 17
1 39 17
1 39 17
1 39 18
1 39 25
1 39 25
1 39 29
1 39 29
1 39 30
1 39 31
1 39 32
1 39 32
1 39 34
1 39 34
1 39 34
1 39 36
1 39 37
1 39 37
1 39 40
1 39 42
1 39 48
1 40 4
1 40 11
1 40 14
1 40 14
1 40 15
1 40 15
1 40 15
1 40 17
1 40 17
1 40 17
1 40 18
1 40 19
1 40 19
1 40 19
1 40 20
1 40 21
1 40 22
1 40 25
1 40 26
1 40 26
1 40 31
1 40 34
1 40 34
1 40 34
1 40 38
1 40 38
1 40 38
1 40 44
1 40 45
1 40 45
1 40 47
1 40 47
1 40 47
1 41 0
1 41 0
1 41 0
1 41 8
1 41 16
1 41 16
1 41 19
1 41 19
1 41 20
1 41 20
1 41 21
1 41 21
1 41 21
1 41 24
1 41 24
1 41 25
1 41 25
1 41 25
1 41 26
1 41 26
1 41 28
1 41 28
1 41 28
1 41 29
1 41 29
1 41 30
1 41 33
1 41 33
1 41 34
1 41 34
1 41 34
1 41 36
1 41 38
1 41 38
1 41 42
1 41 42
1 41 42
1 41 45
1 41 45
1 41 45
1 42 0
1 42 1
1 42 1
1 42 2
1 42 2
1 42 5
1 42 5
1 42 5
1 42 8
1 42 8
1 42 10
1 42 10
1 42 12
1 42 12
1 42 18
1 42 20
1 42 20
1 42 20
1 42 22
1 42 22
1 42 22
1 42 23
1 42 24
1 42 24
1 42 28
1 42 28
1 42 28
1 42 29
1 42 29
1 42 31
1 42 31
1 42 32
1 42 32
1 42 33
1 42 33
1 42 35
1 42 35
1 42 37
1 42 42
1 42 44
1 42 47
1 42 47
1 42 47
1 43 2
1 43 3
1 43 9
1 43 9
1 43 9
1 43 10
1 43 14
1 43 14
1 43 16
1 43 16
1 43 16
1 43 18
1 43 18
1 43 18
1 43 19
1 43 19
1 43 19
1 43 20
1 43 20
1 43 23
1 43 23
1 43 26
1 43 28
1 43 28
1 43 28
1 44 2
1 44 2
1 44 2
1 44 9
1 44 11
1 44 11
1 44 11
1 44 18
1 44 18
1 44 18
1 44 22
1 44 22
1 44 24
1 44 25
1 44 28
1 44 28
1 44 28
1 44 29
1 44 29
1 44 29
1 44 30
1 44 30
1 44 31
1 44 32
1 44 32
1 44 35
1 44 35
1 44 36
1 44 36
1 44 36
1 44 39
1 44 39
1 44 39
1 44 41
1 44 41
1 44 41
1 44 42
1 45 1
1 45 1
1 45 2
1 45 2
1 45 3
1 45 19
1 45 19
1 45 20
1 45 21
1 45 25
1 45 25
1 45 29
1 45 29
1 45 29
1 45 32
1 45 32
1 45 32
1 45 36
1 45 37
1 45 37
1 45 37
1 45 45
1 45 45
1 45 49
1 46 5
1 46 5
1 46 5
1 46 9
1 46 9
1 46 9
1 46 10
1 46 10
1 46 10
1 46 15
1 46 18
1 46 18
1 46 18
1 46 22
1 46 24
1 46 24
1 46 24
1 46 29
1 46 30
1 46 30
1 46 41
1 46 41
1 46 41
1 46 42
1 46 42
1 46 43
1 46 43
1 47 0
1 47 0
1 47 0
1 47 2
1 47 2
1 47 5
1 47 7
1 47 7
1 47 9
1 47 9
1 47 25
1 47 25
1 47 25
1 47 28
1 47 28
1 47 30
1 47 30
1 47 30
1 47 32
1 47 32
1 47 34
1 47 35
1 47 35
1 47 36
1 47 36
1 47 36
1 47 38
1 47 39
1 47 39
1 47 40
1 47 40
1 47 42
1 47 42
1 47 42
1 48 0
1 48 0
1 48 0
1 48 12
1 48 12
1 48 12
1 48 13
1 48 13
1 48 17
1 48 17
1 48 18
1 48 18
1 48 18
1 48 21
1 48 25
1 48 25
1 48 25
1 48 27
1 48 27
1 48 30
1 48 32
1 48 32
1 48 32
1 48 35
1 48 35
1 48 35
1 48 39
1 48 39
1 48 39
1 48 41
1 48 42
1 48 42
1 48 42
1 48 47
1 48 47
1 48 48
1 48 48
1 48 49
1 48 49
1 49 0
1 49 0
1 49 1
1 49 1
1 49 2
1 49 2
1 49 2
1 49 4
1 49 10
1 49 14
1 49 16
1 49 17
1 49 17
1 49 20
1 49 20
1 49 22
1 49 22
1 49 24
1 49 24
1 49 24
1 49 26
1 49 26
1 49 28
1 49 28
1 49 34
1 49 37
1 49 37
1 49 38
1 49 38
1 49 39
1 49 39
1 49 39
1 49 40
1 49 40
1 49 40
1 49 41
1 49 44
1 49 44
1 49 47
2 0 1
2 0 14
2 0 23
2 1 5
2 2 48
2 3 26
2 3 37
2 4 41
2 5 11
2 6 33
2 7 42
2 8 14
2 9 1
2 9 20
2 10 16
2 10 40
2 10 46
2 14 24
2 14 45
2 15 10
2 15 18
2 15 31
2 16 38
2 18 25
2 18 42
2 19 1
2 19 14
2 20 6
2 21 21
2 21 35
2 21 45
2 22 9
2 24 16
2 24 28
2 25 39
2 26 23
2 26 31
2 27 0
2 27 4
2 27 26
2 27 42
2 29 15
2 29 18
2 30 5
2 32 21
2 32 34
2 32 37
2 35 1
2 35 15
2 35 24
2 35 43
2 36 5
2 36 34
2 36 40
2 37 36
2 38 6
2 39 13
2 39 17
2 39 44
2 40 38
2 41 0
2 43 9
2 44 46
2 45 5
2 46 8
2 46 34
2 47 0
2 47 17
2 48 12
2 48 47
