1 0 11
1 0 11
1 0 12
1 0 12
1 0 19
1 0 19
1 0 19
1 0 20
1 0 20
1 0 25
1 0 28
1 0 30
1 0 31
1 0 33
1 0 38
1 0 38
1 0 38
1 0 39
1 0 39
1 0 39
1 0 48
1 0 48
1 0 49
1 0 49
1 0 49
1 1 2
1 1 2
1 1 2
1 1 5
1 1 5
1 1 9
1 1 9
1 1 9
1 1 15
1 1 15
1 1 16
1 1 16
1 1 21
1 1 21
1 1 25
1 1 34
1 1 34
1 1 34
1 1 36
1 1 36
1 1 38
1 1 40
1 1 41
1 1 41
1 1 41
1 1 42
1 1 42
1 1 42
1 1 43
1 1 43
1 1 48
1 2 0
1 2 0
1 2 0
1 2 1
1 2 1
1 2 1
1 2 2
1 2 6
1 2 6
1 2 9
1 2 10
1 2 10
1 2 10
1 2 13
1 2 13
1 2 13
1 2 14
1 2 14
1 2 17
1 2 17
1 2 17
1 2 18
1 2 18
1 2 20
1 2 20
1 2 20
1 2 21
1 2 21
1 2 24
1 2 24
1 2 26
1 2 31
1 2 31
1 2 31
1 2 33
1 2 33
1 2 34
1 2 34
1 2 34
1 2 39
1 2 40
1 2 41
1 2 41
1 2 41
1 2 47
1 2 47
1 3 0
1 3 0
1 3 2
1 3 2
1 3 4
1 3 4
1 3 4
1 3 5
1 3 5
1 3 5
1 3 7
1 3 7
1 3 7
1 3 10
1 3 11
1 3 13
1 3 13
1 3 18
1 3 19
1 3 19
1 3 19
1 3 22
1 3 25
1 3 25
1 3 25
1 3 29
1 3 29
1 3 29
1 3 33
1 3 33
1 3 34
1 3 34
1 3 34
1 3 37
1 3 37
1 3 43
1 3 43
1 3 44
1 3 45
1 4 3
1 4 5
1 4 5
1 4 5
1 4 6
1 4 6
1 4 6
1 4 7
1 4 7
1 4 7
1 4 8
1 4 11
1 4 11
1 4 12
1 4 12
1 4 12
1 4 13
1 4 18
1 4 18
1 4 20
1 4 20
1 4 23
1 4 23
1 4 30
1 4 30
1 4 34
1 4 46
1 4 48
1 4 48
1 4 48
1 5 0
1 5 0
1 5 1
1 5 1
1 5 3
1 5 8
1 5 8
1 5 15
1 5 15
1 5 16
1 5 19
1 5 19
1 5 19
1 5 20
1 5 20
1 5 21
1 5 21
1 5 21
1 5 27
1 5 27
1 5 27
1 5 29
1 5 29
1 5 29
1 5 35
1 5 35
1 5 38
1 5 39
1 5 39
1 5 40
1 5 45
1 5 45
1 5 45
1 5 46
1 5 46
1 5 46
1 5 47
1 5 47
1 6 1
1 6 1
1 6 1
1 6 5
1 6 5
1 6 9
1 6 11
1 6 11
1 6 12
1 6 14
1 6 14
1 6 14
1 6 21
1 6 21
1 6 24
1 6 24
1 6 24
1 6 25
1 6 25
1 6 27
1 6 38
1 6 45
1 6 49
1 6 49
1 7 1
1 7 2
1 7 4
1 7 4
1 7 4
1 7 12
1 7 12
1 7 13
1 7 13
1 7 22
1 7 22
1 7 23
1 7 24
1 7 25
1 7 26
1 7 26
1 7 28
1 7 28
1 7 29
1 7 29
1 7 29
1 7 35
1 7 35
1 7 37
1 7 37
1 7 44
1 7 44
1 7 44
1 7 47
1 7 47
1 7 47
1 7 48
1 7 48
1 8 0
1 8 0
1 8 5
1 8 5
1 8 5
1 8 10
1 8 10
1 8 10
1 8 11
1 8 11
1 8 16
1 8 16
1 8 16
1 8 21
1 8 21
1 8 24
1 8 24
1 8 26
1 8 26
1 8 26
1 8 28
1 8 28
1 8 28
1 8 34
1 8 34
1 8 37
1 8 37
1 8 37
1 8 44
1 8 45
1 8 45
1 8 45
1 8 47
1 8 47
1 8 48
1 8 48
1 9 3
1 9 5
1 9 10
1 9 15
1 9 15
1 9 17
1 9 18
1 9 18
1 9 23
1 9 23
1 9 23
1 9 24
1 9 24
1 9 24
1 9 30
1 9 30
1 9 31
1 9 31
1 9 31
1 9 32
1 9 39
1 9 40
1 9 40
1 9 41
1 9 42
1 9 43
1 9 45
1 9 45
1 9 46
1 9 48
1 9 48
1 9 48
1 10 0
1 10 0
1 10 0
1 10 1
1 10 1
1 10 1
1 10 4
1 10 4
1 10 4
1 10 5
1 10 5
1 10 6
1 10 6
1 10 6
1 10 9
1 10 9
1 10 13
1 10 15
1 10 20
1 10 20
1 10 20
1 10 23
1 10 23
1 10 23
1 10 24
1 10 24
1 10 24
1 10 30
1 10 39
1 10 39
1 10 39
1 10 41
1 10 41
1 10 42
1 10 42
1 10 43
1 10 44
1 10 48
1 10 48
1 10 48
1 11 7
1 11 8
1 11 8
1 11 8
1 11 12
1 11 12
1 11 12
1 11 16
1 11 16
1 11 19
1 11 20
1 11 26
1 11 27
1 11 27
1 11 27
1 11 32
1 11 32
1 11 32
1 11 34
1 11 38
1 11 43
1 11 43
1 11 43
1 11 44
1 12 0
1 12 0
1 12 2
1 12 2
1 12 9
1 12 9
1 12 9
1 12 20
1 12 20
1 12 21
1 12 21
1 12 21
1 12 24
1 12 31
1 12 33
1 12 33
1 12 33
1 12 38
1 12 38
1 12 38
1 12 39
1 12 44
1 12 44
1 12 49
1 13 1
1 13 1
1 13 1
1 13 2
1 13 2
1 13 2
1 13 3
1 13 4
1 13 4
1 13 7
1 13 7
1 13 10
1 13 10
1 13 12
1 13 12
1 13 17
1 13 19
1 13 22
1 13 22
1 13 28
1 13 28
1 13 28
1 13 29
1 13 32
1 13 32
1 13 33
1 13 33
1 13 35
1 13 36
1 13 38
1 13 40
1 13 40
1 13 40
1 13 41
1 13 41
1 13 43
1 13 43
1 13 43
1 13 48
1 13 48
1 13 48
1 14 1
1 14 1
1 14 4
1 14 4
1 14 9
1 14 10
1 14 10
1 14 10
1 14 11
1 14 11
1 14 12
1 14 12
1 14 12
1 14 13
1 14 13
1 14 13
1 14 17
1 14 17
1 14 17
1 14 18
1 14 19
1 14 19
1 14 21
1 14 22
1 14 23
1 14 23
1 14 23
1 14 27
1 14 27
1 14 31
1 14 31
1 14 33
1 14 34
1 14 39
1 14 39
1 14 39
1 14 40
1 14 40
1 14 43
1 14 46
1 14 48
1 15 0
1 15 0
1 15 0
1 15 1
1 15 1
1 15 2
1 15 2
1 15 2
1 15 5
1 15 9
1 15 9
1 15 11
1 15 11
1 15 16
1 15 16
1 15 16
1 15 19
1 15 23
1 15 30
1 15 31
1 15 31
1 15 31
1 15 34
1 15 34
1 15 34
1 15 37
1 15 37
1 15 37
1 15 40
1 15 41
1 15 41
1 15 44
1 15 44
1 15 44
1 15 48
1 15 49
1 16 1
1 16 1
1 16 4
1 16 6
1 16 6
1 16 6
1 16 13
1 16 15
1 16 15
1 16 15
1 16 16
1 16 16
1 16 17
1 16 17
1 16 19
1 16 24
1 16 24
1 16 24
1 16 25
1 16 31
1 16 31
1 16 33
1 16 33
1 16 36
1 16 38
1 16 40
1 16 41
1 16 41
1 16 41
1 16 45
1 16 45
1 16 48
1 17 1
1 17 2
1 17 2
1 17 2
1 17 4
1 17 4
1 17 6
1 17 6
1 17 6
1 17 7
1 17 7
1 17 10
1 17 10
1 17 10
1 17 11
1 17 11
1 17 12
1 17 12
1 17 12
1 17 18
1 17 18
1 17 19
1 17 19
1 17 19
1 17 20
1 17 21
1 17 21
1 17 27
1 17 27
1 17 27
1 17 31
1 17 31
1 17 36
1 17 36
1 17 37
1 17 37
1 17 41
1 17 41
1 17 41
1 17 43
1 17 46
1 17 46
1 17 48
1 17 48
1 17 48
1 17 49
1 18 0
1 18 0
1 18 3
1 18 7
1 18 7
1 18 9
1 18 9
1 18 10
1 18 14
1 18 14
1 18 14
1 18 22
1 18 22
1 18 25
1 18 25
1 18 25
1 18 26
1 18 26
1 18 26
1 18 27
1 18 27
1 18 27
1 18 29
1 18 29
1 18 29
1 18 31
1 18 31
1 18 32
1 18 33
1 18 33
1 18 33
1 18 35
1 18 38
1 18 38
1 19 1
1 19 2
1 19 2
1 19 5
1 19 5
1 19 6
1 19 10
1 19 11
1 19 11
1 19 11
1 19 14
1 19 15
1 19 15
1 19 18
1 19 18
1 19 19
1 19 19
1 19 19
1 19 21
1 19 25
1 19 26
1 19 31
1 19 31
1 19 31
1 19 40
1 19 44
1 19 44
1 19 44
1 19 47
1 19 47
1 19 47
1 20 0
1 20 1
1 20 1
1 20 1
1 20 3
1 20 3
1 20 6
1 20 7
1 20 7
1 20 7
1 20 15
1 20 18
1 20 19
1 20 23
1 20 23
1 20 23
1 20 26
1 20 26
1 20 29
1 20 29
1 20 32
1 20 32
1 20 32
1 20 38
1 20 38
1 20 43
1 20 47
1 20 47
1 20 47
1 20 48
1 20 48
1 21 2
1 21 2
1 21 2
1 21 7
1 21 7
1 21 7
1 21 9
1 21 9
1 21 9
1 21 11
1 21 13
1 21 13
1 21 18
1 21 18
1 21 19
1 21 19
1 21 23
1 21 24
1 21 26
1 21 26
1 21 31
1 21 31
1 21 35
1 21 35
1 21 36
1 21 36
1 21 42
1 21 42
1 21 42
1 22 3
1 22 3
1 22 6
1 22 6
1 22 10
1 22 10
1 22 12
1 22 12
1 22 12
1 22 16
1 22 16
1 22 16
1 22 19
1 22 20
1 22 28
1 22 28
1 22 32
1 22 32
1 22 32
1 22 38
1 22 38
1 22 38
1 22 41
1 22 43
1 22 43
1 22 43
1 22 44
1 22 44
1 22 44
1 22 46
1 22 47
1 22 47
1 23 8
1 23 8
1 23 8
1 23 9
1 23 9
1 23 9
1 23 13
1 23 13
1 23 13
1 23 16
1 23 16
1 23 22
1 23 22
1 23 24
1 23 24
1 23 24
1 23 25
1 23 25
1 23 26
1 23 26
1 23 27
1 23 27
1 23 32
1 23 32
1 23 34
1 23 34
1 23 34
1 23 41
1 23 41
1 23 46
1 23 47
1 23 49
1 24 0
1 24 0
1 24 5
1 24 7
1 24 8
1 24 8
1 24 10
1 24 20
1 24 21
1 24 21
1 24 21
1 24 22
1 24 26
1 24 26
1 24 26
1 24 28
1 24 28
1 24 29
1 24 29
1 24 30
1 24 30
1 24 30
1 24 31
1 24 31
1 24 32
1 24 34
1 24 34
1 24 34
1 24 35
1 24 35
1 24 37
1 24 38
1 24 38
1 24 41
1 24 41
1 24 49
1 25 0
1 25 0
1 25 1
1 25 1
1 25 4
1 25 4
1 25 4
1 25 7
1 25 7
1 25 13
1 25 13
1 25 14
1 25 14
1 25 14
1 25 17
1 25 17
1 25 17
1 25 24
1 25 24
1 25 26
1 25 26
1 25 26
1 25 27
1 25 38
1 25 38
1 25 38
1 25 40
1 25 40
1 25 40
1 25 41
1 25 41
1 25 42
1 25 43
1 25 43
1 25 43
1 25 44
1 25 46
1 25 46
1 26 0
1 26 2
1 26 2
1 26 3
1 26 3
1 26 3
1 26 7
1 26 7
1 26 7
1 26 11
1 26 11
1 26 12
1 26 12
1 26 12
1 26 18
1 26 24
1 26 24
1 26 24
1 26 25
1 26 25
1 26 25
1 26 26
1 26 26
1 26 30
1 26 30
1 26 34
1 26 35
1 26 35
1 26 35
1 26 37
1 26 43
1 26 44
1 26 44
1 26 45
1 26 49
1 26 49
1 27 0
1 27 1
1 27 1
1 27 1
1 27 3
1 27 5
1 27 5
1 27 5
1 27 7
1 27 7
1 27 8
1 27 9
1 27 13
1 27 13
1 27 14
1 27 14
1 27 14
1 27 17
1 27 17
1 27 17
1 27 19
1 27 19
1 27 19
1 27 25
1 27 25
1 27 30
1 27 30
1 27 30
1 27 37
1 27 37
1 28 3
1 28 3
1 28 5
1 28 10
1 28 10
1 28 12
1 28 12
1 28 14
1 28 14
1 28 17
1 28 17
1 28 19
1 28 19
1 28 19
1 28 20
1 28 20
1 28 21
1 28 21
1 28 21
1 28 22
1 28 22
1 28 22
1 28 25
1 28 25
1 28 26
1 28 26
1 28 28
1 28 28
1 28 28
1 28 31
1 28 31
1 28 31
1 28 37
1 28 38
1 28 43
1 28 43
1 28 45
1 28 45
1 28 46
1 28 47
1 28 48
1 28 48
1 29 3
1 29 3
1 29 3
1 29 5
1 29 5
1 29 6
1 29 6
1 29 11
1 29 23
1 29 26
1 29 26
1 29 29
1 29 31
1 29 31
1 29 33
1 29 33
1 29 33
1 29 35
1 29 35
1 29 35
1 29 38
1 29 38
1 29 40
1 29 40
1 29 40
1 29 41
1 29 43
1 29 43
1 29 44
1 30 8
1 30 8
1 30 11
1 30 11
1 30 11
1 30 15
1 30 15
1 30 15
1 30 21
1 30 21
1 30 21
1 30 23
1 30 23
1 30 23
1 30 28
1 30 29
1 30 35
1 30 35
1 30 38
1 30 38
1 30 38
1 30 47
1 30 47
1 31 5
1 31 7
1 31 7
1 31 7
1 31 9
1 31 9
1 31 11
1 31 11
1 31 13
1 31 15
1 31 16
1 31 16
1 31 17
1 31 17
1 31 17
1 31 24
1 31 24
1 31 32
1 31 32
1 31 34
1 31 34
1 31 39
1 31 44
1 31 46
1 31 46
1 31 47
1 31 47
1 32 0
1 32 1
1 32 2
1 32 2
1 32 2
1 32 8
1 32 8
1 32 8
1 32 9
1 32 9
1 32 9
1 32 12
1 32 12
1 32 12
1 32 13
1 32 13
1 32 13
1 32 15
1 32 18
1 32 21
1 32 21
1 32 21
1 32 23
1 32 23
1 32 24
1 32 26
1 32 26
1 32 26
1 32 37
1 32 37
1 32 40
1 32 40
1 32 41
1 32 41
1 32 41
1 32 43
1 32 43
1 32 43
1 32 45
1 32 45
1 32 45
1 33 2
1 33 4
1 33 4
1 33 4
1 33 5
1 33 6
1 33 6
1 33 12
1 33 12
1 33 12
1 33 16
1 33 20
1 33 20
1 33 20
1 33 21
1 33 21
1 33 21
1 33 34
1 33 34
1 33 34
1 33 35
1 33 36
1 33 38
1 33 38
1 33 41
1 33 41
1 34 1
1 34 1
1 34 2
1 34 2
1 34 6
1 34 6
1 34 9
1 34 9
1 34 10
1 34 10
1 34 11
1 34 16
1 34 17
1 34 17
1 34 17
1 34 19
1 34 21
1 34 23
1 34 24
1 34 24
1 34 24
1 34 26
1 34 31
1 34 32
1 34 32
1 34 35
1 34 39
1 34 39
1 34 40
1 34 40
1 34 43
1 34 43
1 34 44
1 34 47
1 34 47
1 34 47
1 35 4
1 35 7
1 35 7
1 35 9
1 35 11
1 35 11
1 35 11
1 35 13
1 35 13
1 35 13
1 35 16
1 35 17
1 35 17
1 35 17
1 35 18
1 35 18
1 35 18
1 35 20
1 35 20
1 35 21
1 35 21
1 35 23
1 35 23
1 35 23
1 35 29
1 35 29
1 35 31
1 35 31
1 35 31
1 35 33
1 35 37
1 35 37
1 35 44
1 35 44
1 35 46
1 35 46
1 35 46
1 35 47
1 35 47
1 35 49
1 36 3
1 36 14
1 36 18
1 36 19
1 36 20
1 36 21
1 36 21
1 36 21
1 36 22
1 36 22
1 36 22
1 36 31
1 36 31
1 36 34
1 36 34
1 36 36
1 36 36
1 36 42
1 36 46
1 36 46
1 36 46
1 36 48
1 36 48
1 36 48
1 37 1
1 37 1
1 37 4
1 37 4
1 37 4
1 37 5
1 37 7
1 37 7
1 37 7
1 37 9
1 37 9
1 37 9
1 37 13
1 37 13
1 37 18
1 37 21
1 37 21
1 37 21
1 37 24
1 37 24
1 37 25
1 37 25
1 37 26
1 37 26
1 37 27
1 37 27
1 37 27
1 37 33
1 37 33
1 37 33
1 37 34
1 37 36
1 37 36
1 37 36
1 37 37
1 37 37
1 37 37
1 37 39
1 37 42
1 37 42
1 38 1
1 38 1
1 38 3
1 38 4
1 38 4
1 38 6
1 38 7
1 38 8
1 38 8
1 38 9
1 38 9
1 38 9
1 38 18
1 38 21
1 38 21
1 38 23
1 38 23
1 38 26
1 38 26
1 38 26
1 38 27
1 38 29
1 38 29
1 38 33
1 38 33
1 38 37
1 38 37
1 38 37
1 38 41
1 38 41
1 38 41
1 38 45
1 38 45
1 38 45
1 38 48
1 38 48
1 39 2
1 39 2
1 39 10
1 39 10
1 39 10
1 39 18
1 39 20
1 39 22
1 39 25
1 39 25
1 39 25
1 39 31
1 39 31
1 39 33
1 39 33
1 39 33
1 39 35
1 39 36
1 39 38
1 39 38
1 39 38
1 39 43
1 39 43
1 39 43
1 39 46
1 39 46
1 39 46
1 39 47
1 39 47
1 39 47
1 40 1
1 40 2
1 40 2
1 40 2
1 40 4
1 40 4
1 40 4
1 40 7
1 40 7
1 40 7
1 40 14
1 40 14
1 40 14
1 40 20
1 40 20
1 40 20
1 40 22
1 40 22
1 40 22
1 40 28
1 40 28
1 40 32
1 40 32
1 40 35
1 40 35
1 40 35
1 40 41
1 40 41
1 40 44
1 40 44
1 40 44
1 40 45
1 40 45
1 40 46
1 40 46
1 40 46
1 40 48
1 40 48
1 41 5
1 41 5
1 41 6
1 41 6
1 41 6
1 41 10
1 41 10
1 41 10
1 41 18
1 41 23
1 41 25
1 41 25
1 41 25
1 41 28
1 41 32
1 41 34
1 41 34
1 41 35
1 41 35
1 41 35
1 41 37
1 41 37
1 41 37
1 41 42
1 41 42
1 41 43
1 41 43
1 41 43
1 41 47
1 41 47
1 41 47
1 41 48
1 41 48
1 41 49
1 41 49
1 42 2
1 42 2
1 42 2
1 42 3
1 42 3
1 42 3
1 42 5
1 42 5
1 42 7
1 42 10
1 42 10
1 42 11
1 42 14
1 42 14
1 42 16
1 42 18
1 42 24
1 42 24
1 42 24
1 42 26
1 42 26
1 42 26
1 42 27
1 42 30
1 42 31
1 42 31
1 42 31
1 42 34
1 42 34
1 42 34
1 42 35
1 42 35
1 42 38
1 42 38
1 42 38
1 42 41
1 42 42
1 42 42
1 42 42
1 42 43
1 42 43
1 42 46
1 42 46
1 42 46
1 43 1
1 43 2
1 43 5
1 43 5
1 43 5
1 43 7
1 43 7
1 43 7
1 43 8
1 43 8
1 43 8
1 43 10
1 43 10
1 43 14
1 43 14
1 43 14
1 43 19
1 43 19
1 43 19
1 43 21
1 43 21
1 43 22
1 43 25
1 43 25
1 43 26
1 43 26
1 43 26
1 43 30
1 43 31
1 43 31
1 43 34
1 43 34
1 43 34
1 43 38
1 43 38
1 43 38
1 43 39
1 43 39
1 43 39
1 43 45
1 43 46
1 43 46
1 43 46
1 44 3
1 44 3
1 44 3
1 44 4
1 44 8
1 44 9
1 44 14
1 44 14
1 44 17
1 44 20
1 44 20
1 44 20
1 44 22
1 44 23
1 44 26
1 44 26
1 44 26
1 44 29
1 44 29
1 44 30
1 44 30
1 44 34
1 44 34
1 44 38
1 44 38
1 44 38
1 44 40
1 44 43
1 44 45
1 44 48
1 44 48
1 44 48
1 45 0
1 45 0
1 45 3
1 45 3
1 45 8
1 45 8
1 45 8
1 45 14
1 45 20
1 45 20
1 45 20
1 45 21
1 45 22
1 45 22
1 45 22
1 45 26
1 45 26
1 45 26
1 45 27
1 45 31
1 45 39
1 46 0
1 46 0
1 46 2
1 46 2
1 46 2
1 46 11
1 46 11
1 46 11
1 46 12
1 46 12
1 46 13
1 46 14
1 46 14
1 46 17
1 46 17
1 46 17
1 46 21
1 46 21
1 46 21
1 46 23
1 46 23
1 46 28
1 46 29
1 46 31
1 46 38
1 46 38
1 46 39
1 46 44
1 46 44
1 46 46
1 47 0
1 47 0
1 47 0
1 47 6
1 47 8
1 47 8
1 47 11
1 47 14
1 47 18
1 47 18
1 47 24
1 47 24
1 47 31
1 47 31
1 47 31
1 47 34
1 47 34
1 47 34
1 47 40
1 47 40
1 47 40
1 47 41
1 47 41
1 47 48
1 48 2
1 48 3
1 48 3
1 48 3
1 48 5
1 48 5
1 48 5
1 48 8
1 48 8
1 48 9
1 48 9
1 48 9
1 48 10
1 48 10
1 48 10
1 48 20
1 48 20
1 48 20
1 48 25
1 48 25
1 48 26
1 48 26
1 48 27
1 48 31
1 48 31
1 48 31
1 48 32
1 48 32
1 48 35
1 48 38
1 48 38
1 48 39
1 48 42
1 48 42
1 48 42
1 48 44
1 48 44
1 48 44
1 48 46
1 49 2
1 49 3
1 49 3
1 49 3
1 49 8
1 49 9
1 49 9
1 49 9
1 49 10
1 49 10
1 49 10
1 49 12
1 49 12
1 49 12
1 49 15
1 49 15
1 49 15
1 49 16
1 49 16
1 49 17
1 49 17
1 49 17
1 49 19
1 49 28
1 49 30
1 49 30
1 49 33
1 49 33
1 49 33
1 49 38
1 49 38
1 49 38
2 0 19
2 0 33
2 0 36
2 0 48
2 1 1
2 1 13
2 1 40
2 2 17
2 3 4
2 3 29
2 4 20
2 5 0
2 5 38
2 6 5
2 6 24
2 7 16
2 7 37
2 7 47
2 9 17
2 9 30
2 10 20
2 11 38
2 12 33
2 13 1
2 13 48
2 14 9
2 16 24
2 16 36
2 18 14
2 19 1
2 19 5
2 19 47
2 21 41
2 22 12
2 22 32
2 22 38
2 22 46
2 23 8
2 23 24
2 24 0
2 25 11
2 26 2
2 26 28
2 27 5
2 27 19
2 28 28
2 28 45
2 29 11
2 30 15
2 30 47
2 32 0
2 32 40
2 33 4
2 33 16
2 33 34
2 34 9
2 34 26
2 34 31
2 34 39
2 35 41
2 35 46
2 36 3
2 36 36
2 37 0
2 37 44
2 39 10
2 39 22
2 39 30
2 41 5
2 42 2
2 42 14
2 42 21
2 42 38
2 43 45
2 45 0
2 45 31
2 46 37
2 47 24
2 47 43
2 48 2
2 49 15
