1 0 0
1 0 0
1 0 1
1 0 2
1 0 2
1 0 4
1 0 4
1 0 4
1 0 5
1 0 5
1 0 5
1 0 15
1 0 15
1 0 15
1 0 18
1 0 18
1 0 18
1 0 24
1 0 24
1 0 28
1 0 28
1 0 29
1 0 30
1 0 32
1 0 34
1 0 34
1 0 34
1 0 35
1 0 35
1 0 36
1 0 37
1 0 37
1 0 41
1 0 42
1 0 44
1 0 45
1 0 45
1 0 45
1 0 48
1 0 48
1 0 49
1 0 49
1 0 49
1 1 7
1 1 7
1 1 7
1 1 10
1 1 16
1 1 16
1 1 21
1 1 22
1 1 22
1 1 23
1 1 23
1 1 23
1 1 25
1 1 25
1 1 25
1 1 32
1 1 34
1 1 34
1 1 36
1 1 36
1 1 41
1 1 41
1 1 41
1 1 44
1 1 44
1 1 46
1 1 46
1 2 3
1 2 3
1 2 3
1 2 6
1 2 6
1 2 6
1 2 10
1 2 18
1 2 22
1 2 22
1 2 24
1 2 26
1 2 28
1 2 28
1 2 30
1 2 30
1 2 37
1 2 41
1 2 41
1 2 44
1 2 45
1 2 47
1 2 49
1 2 49
1 3 1
1 3 1
1 3 2
1 3 2
1 3 5
1 3 7
1 3 7
1 3 12
1 3 12
1 3 13
1 3 14
1 3 14
1 3 17
1 3 19
1 3 19
1 3 20
1 3 21
1 3 22
1 3 22
1 3 22
1 3 24
1 3 24
1 3 26
1 3 26
1 3 26
1 3 30
1 3 30
1 3 36
1 3 36
1 3 37
1 3 37
1 3 43
1 3 43
1 3 43
1 3 44
1 3 44
1 3 44
1 3 48
1 4 4
1 4 4
1 4 4
1 4 6
1 4 6
1 4 8
1 4 8
1 4 8
1 4 9
1 4 9
1 4 10
1 4 10
1 4 13
1 4 15
1 4 15
1 4 15
1 4 18
1 4 18
1 4 18
1 4 19
1 4 19
1 4 20
1 4 21
1 4 21
1 4 21
1 4 22
1 4 22
1 4 24
1 4 24
1 4 24
1 4 27
1 4 27
1 4 30
1 4 30
1 4 39
1 4 40
1 4 42
1 4 45
1 4 45
1 4 47
1 4 47
1 4 47
1 4 49
1 4 49
1 4 49
1 5 0
1 5 0
1 5 2
1 5 2
1 5 5
1 5 5
1 5 6
1 5 8
1 5 8
1 5 10
1 5 10
1 5 10
1 5 12
1 5 14
1 5 17
1 5 17
1 5 17
1 5 18
1 5 18
1 5 18
1 5 21
1 5 21
1 5 31
1 5 31
1 5 35
1 5 46
1 5 46
1 5 46
1 5 49
1 5 49
1 5 49
1 6 2
1 6 2
1 6 2
1 6 9
1 6 11
1 6 11
1 6 13
1 6 13
1 6 24
1 6 24
1 6 27
1 6 27
1 6 29
1 6 29
1 6 29
1 6 35
1 6 39
1 6 39
1 6 39
1 6 41
1 6 41
1 6 48
1 7 6
1 7 6
1 7 6
1 7 9
1 7 9
1 7 9
1 7 11
1 7 11
1 7 12
1 7 12
1 7 12
1 7 13
1 7 14
1 7 14
1 7 14
1 7 15
1 7 15
1 7 15
1 7 16
1 7 25
1 7 32
1 7 36
1 7 36
1 7 36
1 7 37
1 7 37
1 7 41
1 7 44
1 7 44
1 7 44
1 7 47
1 7 47
1 8 0
1 8 0
1 8 0
1 8 4
1 8 4
1 8 4
1 8 6
1 8 6
1 8 8
1 8 9
1 8 9
1 8 10
1 8 13
1 8 17
1 8 17
1 8 21
1 8 21
1 8 21
1 8 22
1 8 22
1 8 22
1 8 32
1 8 32
1 8 33
1 8 33
1 8 34
1 8 38
1 8 38
1 8 39
1 8 39
1 8 42
1 8 47
1 8 47
1 8 47
1 9 2
1 9 4
1 9 4
1 9 5
1 9 8
1 9 8
1 9 12
1 9 12
1 9 12
1 9 13
1 9 13
1 9 15
1 9 15
1 9 15
1 9 19
1 9 19
1 9 19
1 9 22
1 9 22
1 9 22
1 9 26
1 9 26
1 9 26
1 9 31
1 9 31
1 9 32
1 9 34
1 9 34
1 9 36
1 9 36
1 9 37
1 9 37
1 9 38
1 9 38
1 9 44
1 9 45
1 9 45
1 9 46
1 9 46
1 9 46
1 9 47
1 9 47
1 9 47
1 10 4
1 10 4
1 10 4
1 10 5
1 10 6
1 10 6
1 10 6
1 10 8
1 10 8
1 10 15
1 10 15
1 10 17
1 10 22
1 10 22
1 10 22
1 10 28
1 10 29
1 10 29
1 10 29
1 10 32
1 10 32
1 10 40
1 10 40
1 10 41
1 10 41
1 10 41
1 10 46
1 10 46
1 10 46
1 10 47
1 10 49
1 10 49
1 10 49
1 11 0
1 11 0
1 11 0
1 11 2
1 11 2
1 11 3
1 11 7
1 11 7
1 11 9
1 11 10
1 11 10
1 11 14
1 11 21
1 11 22
1 11 22
1 11 22
1 11 23
1 11 23
1 11 23
1 11 25
1 11 25
1 11 33
1 11 34
1 11 34
1 11 34
1 11 36
1 11 36
1 11 36
1 11 40
1 11 40
1 11 41
1 11 41
1 11 44
1 11 45
1 11 45
1 11 45
1 11 46
1 12 0
1 12 1
1 12 7
1 12 9
1 12 9
1 12 10
1 12 10
1 12 10
1 12 11
1 12 11
1 12 11
1 12 13
1 12 14
1 12 14
1 12 14
1 12 16
1 12 16
1 12 17
1 12 17
1 12 17
1 12 18
1 12 18
1 12 18
1 12 21
1 12 21
1 12 21
1 12 27
1 12 32
1 12 35
1 12 35
1 12 42
1 12 44
1 12 44
1 12 44
1 12 46
1 12 46
1 12 47
1 12 48
1 13 0
1 13 1
1 13 1
1 13 1
1 13 5
1 13 5
1 13 12
1 13 12
1 13 13
1 13 13
1 13 15
1 13 15
1 13 16
1 13 16
1 13 16
1 13 18
1 13 18
1 13 23
1 13 23
1 13 31
1 13 31
1 13 34
1 13 34
1 13 34
1 13 35
1 13 35
1 13 40
1 13 40
1 13 41
1 13 41
1 13 41
1 13 46
1 13 46
1 13 49
1 13 49
1 13 49
1 14 8
1 14 8
1 14 13
1 14 13
1 14 13
1 14 22
1 14 22
1 14 22
1 14 23
1 14 24
1 14 25
1 14 30
1 14 30
1 14 31
1 14 31
1 14 31
1 14 36
1 14 42
1 14 47
1 14 47
1 14 47
1 14 48
1 14 48
1 14 49
1 14 49
1 15 0
1 15 0
1 15 1
1 15 3
1 15 3
1 15 11
1 15 11
1 15 11
1 15 16
1 15 16
1 15 17
1 15 17
1 15 19
1 15 19
1 15 20
1 15 23
1 15 23
1 15 24
1 15 26
1 15 26
1 15 29
1 15 29
1 15 31
1 15 31
1 15 37
1 15 37
1 15 37
1 15 38
1 15 38
1 15 38
1 15 39
1 15 39
1 15 40
1 15 40
1 15 40
1 15 45
1 15 46
1 15 46
1 16 2
1 16 3
1 16 3
1 16 5
1 16 6
1 16 9
1 16 9
1 16 10
1 16 10
1 16 10
1 16 12
1 16 12
1 16 15
1 16 17
1 16 17
1 16 23
1 16 24
1 16 26
1 16 26
1 16 26
1 16 30
1 16 33
1 16 33
1 16 34
1 16 34
1 16 35
1 16 35
1 16 35
1 16 44
1 16 44
1 16 44
1 16 47
1 16 47
1 16 49
1 16 49
1 17 0
1 17 0
1 17 0
1 17 7
1 17 8
1 17 10
1 17 10
1 17 10
1 17 12
1 17 14
1 17 14
1 17 17
1 17 18
1 17 18
1 17 19
1 17 20
1 17 20
1 17 20
1 17 24
1 17 24
1 17 25
1 17 25
1 17 25
1 17 28
1 17 29
1 17 30
1 17 30
1 17 30
1 17 32
1 17 32
1 17 37
1 17 37
1 17 37
1 17 38
1 17 38
1 17 39
1 17 39
1 17 44
1 17 46
1 17 46
1 17 48
1 17 48
1 18 0
1 18 0
1 18 0
1 18 5
1 18 5
1 18 9
1 18 9
1 18 10
1 18 10
1 18 11
1 18 11
1 18 13
1 18 18
1 18 18
1 18 19
1 18 19
1 18 19
1 18 23
1 18 23
1 18 28
1 18 28
1 18 28
1 18 29
1 18 32
1 18 32
1 18 32
1 18 33
1 18 33
1 18 43
1 18 43
1 18 43
1 18 44
1 18 44
1 18 44
1 18 47
1 18 47
1 18 47
1 19 1
1 19 1
1 19 4
1 19 4
1 19 4
1 19 6
1 19 6
1 19 7
1 19 7
1 19 9
1 19 9
1 19 11
1 19 12
1 19 12
1 19 12
1 19 15
1 19 15
1 19 15
1 19 16
1 19 19
1 19 19
1 19 19
1 19 25
1 19 25
1 19 27
1 19 27
1 19 28
1 19 31
1 19 31
1 19 31
1 19 34
1 19 34
1 19 35
1 19 35
1 19 35
1 19 41
1 19 42
1 19 42
1 19 42
1 20 1
1 20 2
1 20 2
1 20 2
1 20 4
1 20 4
1 20 4
1 20 13
1 20 13
1 20 13
1 20 15
1 20 15
1 20 17
1 20 20
1 20 20
1 20 20
1 20 23
1 20 23
1 20 24
1 20 24
1 20 24
1 20 25
1 20 25
1 20 25
1 20 30
1 20 30
1 20 30
1 20 31
1 20 37
1 20 37
1 20 39
1 20 39
1 20 40
1 20 42
1 20 43
1 20 46
1 20 49
1 21 2
1 21 2
1 21 2
1 21 4
1 21 4
1 21 7
1 21 7
1 21 7
1 21 8
1 21 8
1 21 8
1 21 17
1 21 17
1 21 17
1 21 18
1 21 18
1 21 19
1 21 19
1 21 23
1 21 23
1 21 23
1 21 25
1 21 25
1 21 26
1 21 26
1 21 26
1 21 29
1 21 29
1 21 41
1 21 41
1 21 41
1 21 45
1 21 45
1 21 48
1 21 48
1 22 2
1 22 2
1 22 7
1 22 7
1 22 10
1 22 12
1 22 13
1 22 13
1 22 14
1 22 14
1 22 14
1 22 18
1 22 19
1 22 19
1 22 21
1 22 21
1 22 26
1 22 28
1 22 28
1 22 37
1 22 39
1 22 39
1 22 40
1 22 40
1 22 40
1 22 42
1 22 42
1 22 42
1 22 45
1 22 49
1 22 49
1 23 1
1 23 1
1 23 1
1 23 7
1 23 9
1 23 9
1 23 10
1 23 10
1 23 10
1 23 14
1 23 19
1 23 22
1 23 22
1 23 24
1 23 24
1 23 24
1 23 25
1 23 25
1 23 25
1 23 27
1 23 27
1 23 34
1 23 39
1 23 41
1 23 42
1 23 42
1 23 42
1 23 45
1 24 1
1 24 1
1 24 1
1 24 2
1 24 8
1 24 11
1 24 11
1 24 15
1 24 15
1 24 23
1 24 25
1 24 25
1 24 26
1 24 33
1 24 34
1 24 34
1 24 34
1 24 35
1 24 35
1 24 36
1 24 37
1 24 37
1 24 37
1 24 41
1 24 41
1 24 41
1 25 2
1 25 2
1 25 2
1 25 3
1 25 3
1 25 5
1 25 8
1 25 8
1 25 8
1 25 13
1 25 17
1 25 17
1 25 19
1 25 19
1 25 19
1 25 21
1 25 21
1 25 23
1 25 27
1 25 27
1 25 29
1 25 31
1 25 31
1 25 32
1 25 34
1 25 34
1 25 34
1 25 35
1 25 35
1 25 39
1 25 39
1 25 39
1 25 43
1 25 43
1 25 43
1 25 44
1 25 47
1 25 47
1 26 0
1 26 0
1 26 0
1 26 1
1 26 1
1 26 2
1 26 2
1 26 2
1 26 3
1 26 3
1 26 3
1 26 5
1 26 5
1 26 5
1 26 9
1 26 12
1 26 12
1 26 12
1 26 13
1 26 13
1 26 13
1 26 14
1 26 14
1 26 14
1 26 17
1 26 17
1 26 17
1 26 19
1 26 19
1 26 19
1 26 21
1 26 21
1 26 21
1 26 22
1 26 22
1 26 32
1 26 32
1 26 32
1 26 36
1 26 36
1 26 43
1 26 44
1 26 44
1 26 46
1 26 46
1 27 6
1 27 6
1 27 12
1 27 12
1 27 13
1 27 13
1 27 17
1 27 17
1 27 17
1 27 19
1 27 19
1 27 19
1 27 20
1 27 20
1 27 20
1 27 22
1 27 22
1 27 22
1 27 23
1 27 23
1 27 24
1 27 24
1 27 24
1 27 25
1 27 25
1 27 28
1 27 30
1 27 34
1 27 34
1 27 34
1 27 40
1 27 41
1 27 41
1 27 43
1 27 44
1 27 44
1 27 44
1 27 45
1 27 47
1 27 47
1 27 49
1 27 49
1 28 0
1 28 3
1 28 3
1 28 3
1 28 6
1 28 6
1 28 6
1 28 9
1 28 9
1 28 9
1 28 12
1 28 12
1 28 13
1 28 13
1 28 15
1 28 15
1 28 16
1 28 16
1 28 18
1 28 19
1 28 20
1 28 20
1 28 20
1 28 23
1 28 23
1 28 23
1 28 25
1 28 28
1 28 32
1 28 32
1 28 32
1 28 34
1 28 34
1 28 34
1 28 35
1 28 35
1 28 35
1 28 37
1 28 38
1 28 38
1 28 38
1 28 41
1 28 41
1 28 43
1 28 44
1 28 45
1 28 45
1 28 45
1 28 46
1 28 46
1 28 48
1 29 0
1 29 0
1 29 1
1 29 3
1 29 3
1 29 8
1 29 8
1 29 8
1 29 15
1 29 15
1 29 19
1 29 19
1 29 24
1 29 30
1 29 30
1 29 32
1 29 32
1 29 32
1 29 33
1 29 33
1 29 34
1 29 34
1 29 34
1 29 35
1 29 36
1 29 38
1 29 40
1 29 41
1 29 41
1 29 44
1 29 45
1 29 45
1 29 47
1 30 6
1 30 6
1 30 6
1 30 11
1 30 11
1 30 13
1 30 13
1 30 19
1 30 19
1 30 19
1 30 26
1 30 27
1 30 27
1 30 28
1 30 28
1 30 28
1 30 30
1 30 34
1 30 34
1 30 37
1 30 37
1 30 37
1 30 38
1 30 38
1 30 38
1 30 40
1 30 48
1 30 48
1 30 48
1 30 49
1 30 49
1 31 0
1 31 0
1 31 0
1 31 7
1 31 7
1 31 7
1 31 8
1 31 8
1 31 10
1 31 10
1 31 11
1 31 11
1 31 14
1 31 18
1 31 18
1 31 19
1 31 19
1 31 25
1 31 25
1 31 26
1 31 26
1 31 26
1 31 31
1 31 35
1 31 35
1 31 36
1 31 36
1 31 36
1 31 40
1 31 40
1 31 41
1 31 41
1 31 43
1 31 43
1 31 44
1 31 45
1 31 46
1 31 46
1 31 46
1 31 47
1 31 47
1 31 47
1 32 5
1 32 7
1 32 7
1 32 7
1 32 8
1 32 8
1 32 13
1 32 15
1 32 15
1 32 15
1 32 16
1 32 16
1 32 20
1 32 20
1 32 20
1 32 24
1 32 28
1 32 28
1 32 29
1 32 29
1 32 30
1 32 30
1 32 30
1 32 32
1 32 34
1 32 34
1 32 34
1 32 35
1 32 35
1 32 45
1 32 45
1 33 1
1 33 2
1 33 2
1 33 4
1 33 10
1 33 12
1 33 12
1 33 14
1 33 14
1 33 19
1 33 19
1 33 19
1 33 20
1 33 20
1 33 22
1 33 25
1 33 25
1 33 28
1 33 28
1 33 29
1 33 29
1 33 31
1 33 31
1 33 31
1 33 36
1 33 36
1 33 38
1 33 39
1 33 39
1 33 40
1 33 41
1 33 41
1 33 41
1 33 42
1 33 42
1 33 42
1 33 46
1 33 46
1 33 46
1 33 47
1 33 47
1 33 47
1 33 49
1 34 1
1 34 1
1 34 1
1 34 4
1 34 8
1 34 11
1 34 11
1 34 14
1 34 21
1 34 21
1 34 25
1 34 25
1 34 25
1 34 30
1 34 30
1 34 31
1 34 31
1 34 31
1 34 34
1 34 35
1 34 35
1 34 36
1 34 37
1 34 38
1 34 42
1 34 42
1 34 42
1 34 47
1 34 47
1 34 47
1 35 2
1 35 2
1 35 2
1 35 11
1 35 11
1 35 13
1 35 18
1 35 18
1 35 18
1 35 19
1 35 19
1 35 20
1 35 20
1 35 24
1 35 24
1 35 26
1 35 26
1 35 26
1 35 35
1 35 37
1 35 37
1 35 40
1 35 40
1 35 40
1 35 43
1 35 43
1 35 43
1 36 3
1 36 3
1 36 3
1 36 5
1 36 5
1 36 6
1 36 6
1 36 6
1 36 9
1 36 9
1 36 9
1 36 10
1 36 10
1 36 11
1 36 11
1 36 19
1 36 19
1 36 23
1 36 26
1 36 33
1 36 33
1 36 40
1 36 40
1 36 43
1 36 43
1 36 47
1 36 47
1 36 47
1 36 48
1 36 48
1 37 1
1 37 1
1 37 2
1 37 2
1 37 2
1 37 3
1 37 6
1 37 9
1 37 9
1 37 9
1 37 11
1 37 13
1 37 14
1 37 14
1 37 18
1 37 18
1 37 18
1 37 20
1 37 25
1 37 25
1 37 25
1 37 27
1 37 27
1 37 28
1 37 28
1 37 28
1 37 34
1 37 34
1 37 36
1 37 39
1 37 39
1 37 46
1 37 46
1 37 48
1 38 1
1 38 1
1 38 1
1 38 2
1 38 2
1 38 3
1 38 3
1 38 3
1 38 5
1 38 5
1 38 6
1 38 8
1 38 8
1 38 8
1 38 11
1 38 14
1 38 14
1 38 14
1 38 15
1 38 15
1 38 19
1 38 19
1 38 20
1 38 20
1 38 20
1 38 25
1 38 25
1 38 25
1 38 28
1 38 30
1 38 33
1 38 33
1 38 34
1 38 34
1 38 36
1 38 36
1 38 40
1 39 2
1 39 2
1 39 2
1 39 5
1 39 9
1 39 9
1 39 11
1 39 11
1 39 11
1 39 13
1 39 13
1 39 13
1 39 18
1 39 18
1 39 18
1 39 19
1 39 19
1 39 19
1 39 22
1 39 22
1 39 22
1 39 25
1 39 32
1 39 32
1 39 33
1 39 33
1 39 36
1 39 36
1 39 38
1 39 38
1 39 42
1 39 42
1 39 42
1 39 45
1 39 45
1 39 49
1 39 49
1 40 1
1 40 1
1 40 5
1 40 5
1 40 8
1 40 8
1 40 8
1 40 10
1 40 10
1 40 10
1 40 11
1 40 12
1 40 12
1 40 17
1 40 19
1 40 21
1 40 29
1 40 30
1 40 30
1 40 31
1 40 35
1 40 35
1 40 37
1 40 37
1 40 37
1 41 0
1 41 0
1 41 5
1 41 8
1 41 8
1 41 8
1 41 11
1 41 11
1 41 11
1 41 12
1 41 13
1 41 14
1 41 14
1 41 16
1 41 16
1 41 16
1 41 18
1 41 18
1 41 19
1 41 19
1 41 21
1 41 21
1 41 21
1 41 28
1 41 28
1 41 28
1 41 29
1 41 29
1 41 32
1 41 32
1 41 32
1 41 36
1 41 36
1 41 37
1 41 38
1 41 38
1 41 40
1 41 41
1 41 41
1 41 41
1 41 46
1 41 46
1 41 48
1 41 49
1 41 49
1 41 49
1 42 2
1 42 14
1 42 16
1 42 16
1 42 16
1 42 17
1 42 18
1 42 18
1 42 20
1 42 20
1 42 24
1 42 24
1 42 33
1 42 33
1 42 37
1 42 37
1 42 37
1 42 38
1 42 39
1 42 39
1 42 39
1 42 42
1 42 42
1 42 42
1 42 46
1 42 48
1 42 48
1 42 49
1 43 0
1 43 0
1 43 0
1 43 1
1 43 1
1 43 1
1 43 6
1 43 6
1 43 8
1 43 8
1 43 10
1 43 10
1 43 11
1 43 11
1 43 11
1 43 12
1 43 16
1 43 16
1 43 16
1 43 17
1 43 17
1 43 17
1 43 19
1 43 23
1 43 23
1 43 24
1 43 24
1 43 24
1 43 27
1 43 28
1 43 28
1 43 28
1 43 29
1 43 29
1 43 29
1 43 30
1 43 35
1 43 35
1 43 37
1 43 40
1 43 40
1 43 41
1 44 0
1 44 0
1 44 0
1 44 5
1 44 5
1 44 6
1 44 6
1 44 7
1 44 8
1 44 8
1 44 9
1 44 11
1 44 17
1 44 20
1 44 21
1 44 21
1 44 22
1 44 22
1 44 28
1 44 28
1 44 29
1 44 29
1 44 29
1 44 34
1 44 34
1 44 40
1 44 41
1 44 41
1 44 46
1 44 46
1 44 48
1 44 48
1 44 48
1 44 49
1 44 49
1 44 49
1 45 2
1 45 3
1 45 8
1 45 8
1 45 8
1 45 11
1 45 11
1 45 11
1 45 12
1 45 12
1 45 12
1 45 19
1 45 19
1 45 19
1 45 20
1 45 20
1 45 21
1 45 21
1 45 22
1 45 22
1 45 32
1 45 32
1 45 32
1 45 35
1 45 36
1 45 36
1 45 42
1 45 49
1 45 49
1 46 2
1 46 6
1 46 6
1 46 6
1 46 9
1 46 10
1 46 10
1 46 10
1 46 11
1 46 11
1 46 11
1 46 12
1 46 12
1 46 14
1 46 14
1 46 17
1 46 17
1 46 17
1 46 18
1 46 18
1 46 20
1 46 20
1 46 20
1 46 21
1 46 31
1 46 31
1 46 31
1 46 33
1 46 33
1 46 33
1 46 34
1 46 36
1 46 36
1 46 41
1 46 42
1 46 45
1 46 48
1 46 48
1 46 48
1 47 0
1 47 0
1 47 0
1 47 1
1 47 1
1 47 1
1 47 2
1 47 3
1 47 3
1 47 5
1 47 5
1 47 6
1 47 7
1 47 7
1 47 7
1 47 8
1 47 8
1 47 9
1 47 9
1 47 13
1 47 13
1 47 15
1 47 15
1 47 15
1 47 17
1 47 18
1 47 18
1 47 18
1 47 21
1 47 21
1 47 21
1 47 23
1 47 23
1 47 23
1 47 25
1 47 27
1 47 27
1 47 27
1 47 28
1 47 28
1 47 31
1 47 31
1 47 35
1 47 36
1 47 36
1 47 36
1 47 38
1 47 38
1 47 39
1 47 39
1 47 41
1 47 42
1 47 42
1 47 43
1 47 48
1 47 48
1 47 49
1 47 49
1 47 49
1 48 2
1 48 2
1 48 3
1 48 3
1 48 3
1 48 5
1 48 5
1 48 7
1 48 7
1 48 10
1 48 13
1 48 13
1 48 13
1 48 14
1 48 14
1 48 14
1 48 16
1 48 18
1 48 21
1 48 21
1 48 25
1 48 25
1 48 27
1 48 29
1 48 29
1 48 33
1 48 33
1 48 33
1 48 34
1 48 34
1 48 34
1 48 36
1 48 39
1 48 39
1 48 41
1 48 41
1 48 46
1 48 46
1 48 46
1 48 48
1 48 48
1 48 48
1 49 1
1 49 1
1 49 1
1 49 5
1 49 5
1 49 5
1 49 6
1 49 12
1 49 12
1 49 14
1 49 14
1 49 14
1 49 15
1 49 15
1 49 17
1 49 17
1 49 21
1 49 21
1 49 26
1 49 26
1 49 29
1 49 29
1 49 35
1 49 37
1 49 37
1 49 38
1 49 38
1 49 38
1 49 39
1 49 44
1 49 44
1 49 45
1 49 45
1 49 45
1 49 46
2 0 0
2 0 13
2 0 28
2 0 34
2 0 41
2 0 44
2 1 10
2 3 12
2 3 19
2 3 35
2 6 38
2 7 0
2 7 8
2 7 32
2 8 4
2 8 20
2 8 45
2 9 15
2 9 40
2 10 0
2 10 10
2 12 31
2 13 23
2 14 17
2 15 0
2 15 37
2 16 5
2 16 33
2 16 44
2 17 36
2 18 3
2 19 1
2 19 15
2 20 13
2 20 23
2 21 7
2 21 35
2 22 39
2 23 1
2 23 24
2 23 34
2 25 17
2 25 31
2 26 12
2 26 28
2 28 0
2 28 15
2 30 11
2 30 26
2 31 7
2 31 43
2 32 27
2 33 1
2 33 4
2 33 31
2 34 24
2 35 18
2 36 0
2 36 38
2 36 46
2 37 13
2 37 25
2 37 34
2 38 19
2 40 29
2 40 37
2 41 45
2 41 48
2 42 23
2 43 35
2 43 40
2 44 20
2 45 25
2 46 17
2 46 48
2 47 13
2 47 38
2 48 33
2 49 44
