1 0 3
1 0 3
1 0 3
1 0 5
1 0 6
1 0 6
1 0 8
1 0 8
1 0 8
1 0 10
1 0 10
1 0 10
1 0 11
1 0 12
1 0 15
1 0 15
1 0 15
1 0 21
1 0 21
1 0 21
1 0 25
1 0 25
1 0 25
1 0 27
1 0 27
1 0 28
1 0 28
1 0 30
1 0 30
1 0 30
1 0 35
1 0 35
1 0 38
1 0 38
1 0 38
1 0 39
1 0 41
1 0 43
1 0 43
1 0 43
1 0 49
1 1 3
1 1 3
1 1 4
1 1 4
1 1 7
1 1 9
1 1 10
1 1 15
1 1 18
1 1 18
1 1 23
1 1 23
1 1 24
1 1 25
1 1 27
1 1 27
1 1 27
1 1 29
1 1 30
1 1 30
1 1 36
1 1 36
1 1 36
1 1 38
1 1 41
1 1 41
1 1 41
1 1 47
1 2 1
1 2 2
1 2 2
1 2 2
1 2 5
1 2 5
1 2 5
1 2 6
1 2 6
1 2 8
1 2 8
1 2 11
1 2 14
1 2 18
1 2 18
1 2 18
1 2 19
1 2 19
1 2 22
1 2 22
1 2 22
1 2 27
1 2 31
1 2 34
1 2 34
1 2 34
1 2 35
1 2 38
1 2 38
1 2 38
1 2 43
1 2 43
1 2 43
1 2 44
1 2 44
1 2 49
1 2 49
1 3 1
1 3 1
1 3 1
1 3 3
1 3 3
1 3 5
1 3 6
1 3 6
1 3 6
1 3 7
1 3 7
1 3 7
1 3 13
1 3 18
1 3 19
1 3 19
1 3 21
1 3 21
1 3 21
1 3 22
1 3 22
1 3 22
1 3 23
1 3 23
1 3 23
1 3 27
1 3 30
1 3 30
1 3 30
1 3 32
1 3 32
1 3 33
1 3 37
1 3 37
1 3 37
1 3 41
1 3 41
1 3 43
1 4 1
1 4 4
1 4 4
1 4 6
1 4 6
1 4 6
1 4 9
1 4 9
1 4 9
1 4 10
1 4 10
1 4 10
1 4 14
1 4 14
1 4 14
1 4 16
1 4 22
1 4 22
1 4 30
1 4 30
1 4 30
1 4 33
1 4 33
1 4 33
1 4 45
1 4 45
1 4 45
1 4 46
1 5 1
1 5 1
1 5 1
1 5 7
1 5 7
1 5 8
1 5 13
1 5 19
1 5 22
1 5 22
1 5 28
1 5 28
1 5 28
1 5 30
1 5 30
1 5 36
1 5 37
1 5 39
1 5 39
1 5 39
1 5 42
1 5 42
1 5 42
1 5 43
1 5 43
1 5 43
1 5 44
1 5 44
1 5 44
1 5 45
1 5 48
1 5 48
1 5 49
1 5 49
1 6 0
1 6 0
1 6 6
1 6 6
1 6 10
1 6 10
1 6 10
1 6 11
1 6 11
1 6 12
1 6 12
1 6 13
1 6 13
1 6 20
1 6 20
1 6 20
1 6 22
1 6 22
1 6 22
1 6 31
1 6 45
1 6 45
1 6 47
1 7 6
1 7 6
1 7 13
1 7 13
1 7 13
1 7 14
1 7 14
1 7 14
1 7 19
1 7 19
1 7 21
1 7 21
1 7 22
1 7 22
1 7 22
1 7 23
1 7 23
1 7 23
1 7 24
1 7 27
1 7 32
1 7 32
1 7 32
1 7 35
1 7 42
1 7 43
1 7 46
1 7 46
1 7 48
1 7 48
1 7 48
1 8 0
1 8 0
1 8 0
1 8 1
1 8 3
1 8 3
1 8 6
1 8 7
1 8 7
1 8 7
1 8 13
1 8 15
1 8 15
1 8 15
1 8 17
1 8 17
1 8 17
1 8 18
1 8 18
1 8 18
1 8 19
1 8 19
1 8 22
1 8 25
1 8 25
1 8 30
1 8 30
1 8 30
1 8 35
1 8 35
1 8 36
1 8 43
1 8 43
1 8 43
1 8 47
1 8 47
1 8 47
1 8 49
1 9 2
1 9 2
1 9 5
1 9 5
1 9 5
1 9 7
1 9 7
1 9 13
1 9 13
1 9 13
1 9 15
1 9 15
1 9 17
1 9 20
1 9 20
1 9 22
1 9 22
1 9 22
1 9 24
1 9 24
1 9 27
1 9 27
1 9 28
1 9 29
1 9 41
1 9 42
1 9 45
1 9 45
1 9 45
1 10 5
1 10 5
1 10 5
1 10 10
1 10 10
1 10 11
1 10 13
1 10 13
1 10 13
1 10 20
1 10 20
1 10 21
1 10 21
1 10 22
1 10 22
1 10 28
1 10 28
1 10 28
1 10 46
1 10 46
1 10 46
1 10 47
1 10 47
1 10 47
1 10 48
1 10 48
1 10 48
1 11 2
1 11 5
1 11 13
1 11 13
1 11 14
1 11 14
1 11 15
1 11 17
1 11 17
1 11 24
1 11 25
1 11 26
1 11 26
1 11 26
1 11 28
1 11 28
1 11 28
1 11 34
1 11 34
1 11 34
1 11 36
1 11 36
1 11 39
1 11 39
1 11 39
1 11 40
1 11 40
1 11 40
1 11 41
1 11 44
1 11 44
1 11 44
1 11 47
1 11 47
1 11 47
1 11 48
1 11 48
1 12 1
1 12 1
1 12 1
1 12 5
1 12 9
1 12 9
1 12 9
1 12 11
1 12 18
1 12 24
1 12 24
1 12 24
1 12 25
1 12 25
1 12 29
1 12 31
1 12 32
1 12 32
1 12 32
1 12 34
1 12 34
1 12 34
1 12 37
1 12 37
1 12 44
1 12 44
1 12 44
1 12 45
1 12 45
1 12 47
1 13 0
1 13 0
1 13 1
1 13 1
1 13 1
1 13 2
1 13 2
1 13 2
1 13 4
1 13 4
1 13 6
1 13 6
1 13 6
1 13 9
1 13 9
1 13 9
1 13 10
1 13 10
1 13 12
1 13 12
1 13 15
1 13 19
1 13 19
1 13 21
1 13 26
1 13 26
1 13 26
1 13 29
1 13 29
1 13 30
1 13 30
1 13 30
1 13 31
1 13 32
1 13 32
1 13 36
1 13 36
1 13 36
1 13 37
1 13 37
1 13 37
1 13 38
1 13 40
1 13 40
1 13 40
1 13 41
1 13 42
1 13 42
1 13 42
1 13 43
1 13 48
1 13 48
1 13 48
1 13 49
1 13 49
1 14 4
1 14 5
1 14 7
1 14 7
1 14 10
1 14 11
1 14 11
1 14 12
1 14 12
1 14 12
1 14 17
1 14 17
1 14 17
1 14 18
1 14 26
1 14 26
1 14 26
1 14 27
1 14 27
1 14 30
1 14 30
1 14 30
1 14 32
1 14 32
1 14 32
1 14 40
1 14 40
1 14 42
1 14 42
1 14 46
1 14 46
1 14 48
1 15 0
1 15 0
1 15 0
1 15 1
1 15 1
1 15 1
1 15 5
1 15 5
1 15 5
1 15 7
1 15 9
1 15 9
1 15 16
1 15 16
1 15 16
1 15 17
1 15 20
1 15 20
1 15 22
1 15 23
1 15 23
1 15 28
1 15 28
1 15 29
1 15 29
1 15 29
1 15 31
1 15 31
1 15 32
1 15 32
1 15 32
1 15 33
1 15 35
1 15 35
1 15 35
1 15 41
1 15 43
1 15 45
1 16 10
1 16 10
1 16 14
1 16 14
1 16 14
1 16 15
1 16 15
1 16 18
1 16 19
1 16 19
1 16 19
1 16 20
1 16 20
1 16 20
1 16 21
1 16 21
1 16 22
1 16 22
1 16 22
1 16 24
1 16 24
1 16 25
1 16 25
1 16 25
1 16 26
1 16 26
1 16 26
1 16 28
1 16 28
1 16 29
1 16 29
1 16 29
1 16 30
1 16 34
1 16 34
1 16 34
1 16 36
1 16 40
1 16 45
1 16 45
1 17 1
1 17 1
1 17 1
1 17 2
1 17 3
1 17 4
1 17 4
1 17 4
1 17 8
1 17 9
1 17 9
1 17 14
1 17 15
1 17 15
1 17 16
1 17 16
1 17 17
1 17 17
1 17 17
1 17 18
1 17 22
1 17 22
1 17 23
1 17 25
1 17 25
1 17 28
1 17 28
1 17 28
1 17 32
1 17 32
1 17 34
1 17 34
1 17 40
1 17 46
1 17 48
1 17 48
1 17 48
1 18 1
1 18 1
1 18 3
1 18 3
1 18 3
1 18 4
1 18 4
1 18 16
1 18 17
1 18 17
1 18 17
1 18 19
1 18 19
1 18 20
1 18 20
1 18 23
1 18 23
1 18 23
1 18 24
1 18 24
1 18 24
1 18 37
1 18 39
1 18 39
1 18 39
1 18 40
1 18 42
1 18 44
1 18 44
1 18 44
1 18 47
1 18 47
1 19 4
1 19 4
1 19 7
1 19 8
1 19 9
1 19 9
1 19 9
1 19 11
1 19 15
1 19 15
1 19 15
1 19 17
1 19 17
1 19 26
1 19 29
1 19 31
1 19 31
1 19 31
1 19 37
1 19 37
1 19 37
1 19 38
1 19 40
1 19 40
1 19 40
1 19 41
1 19 41
1 19 41
1 19 45
1 19 49
1 20 2
1 20 2
1 20 3
1 20 3
1 20 4
1 20 4
1 20 4
1 20 8
1 20 8
1 20 9
1 20 9
1 20 9
1 20 13
1 20 13
1 20 13
1 20 14
1 20 14
1 20 14
1 20 23
1 20 23
1 20 25
1 20 25
1 20 25
1 20 29
1 20 29
1 20 29
1 20 32
1 20 32
1 20 32
1 20 41
1 20 41
1 20 42
1 20 42
1 21 0
1 21 0
1 21 0
1 21 1
1 21 2
1 21 2
1 21 4
1 21 11
1 21 11
1 21 11
1 21 12
1 21 12
1 21 12
1 21 13
1 21 18
1 21 18
1 21 18
1 21 25
1 21 25
1 21 25
1 21 26
1 21 26
1 21 30
1 21 31
1 21 31
1 21 31
1 21 34
1 21 34
1 21 34
1 21 37
1 21 37
1 21 37
1 21 40
1 21 40
1 21 41
1 21 41
1 21 42
1 21 42
1 21 42
1 21 43
1 21 45
1 21 45
1 21 45
1 21 48
1 22 0
1 22 0
1 22 4
1 22 12
1 22 12
1 22 16
1 22 19
1 22 19
1 22 28
1 22 32
1 22 32
1 22 32
1 22 33
1 22 33
1 22 33
1 22 43
1 22 43
1 22 43
1 22 44
1 22 44
1 22 46
1 22 46
1 23 1
1 23 5
1 23 5
1 23 5
1 23 7
1 23 7
1 23 10
1 23 10
1 23 10
1 23 14
1 23 14
1 23 14
1 23 20
1 23 20
1 23 23
1 23 23
1 23 23
1 23 24
1 23 24
1 23 25
1 23 25
1 23 25
1 23 28
1 23 28
1 23 29
1 23 29
1 23 32
1 23 32
1 23 32
1 23 33
1 23 37
1 23 37
1 23 37
1 23 39
1 23 39
1 23 39
1 23 41
1 23 41
1 23 45
1 23 45
1 23 45
1 23 46
1 23 46
1 23 46
1 23 48
1 24 4
1 24 4
1 24 4
1 24 10
1 24 10
1 24 10
1 24 11
1 24 11
1 24 19
1 24 19
1 24 20
1 24 20
1 24 24
1 24 24
1 24 26
1 24 26
1 24 26
1 24 30
1 24 30
1 24 31
1 24 31
1 24 46
1 24 46
1 24 48
1 25 5
1 25 7
1 25 7
1 25 7
1 25 12
1 25 12
1 25 12
1 25 14
1 25 14
1 25 15
1 25 15
1 25 15
1 25 17
1 25 18
1 25 18
1 25 28
1 25 28
1 25 28
1 25 30
1 25 31
1 25 31
1 25 38
1 25 38
1 25 41
1 25 41
1 25 41
1 25 44
1 25 44
1 25 45
1 26 0
1 26 0
1 26 1
1 26 1
1 26 2
1 26 2
1 26 2
1 26 5
1 26 5
1 26 5
1 26 6
1 26 6
1 26 7
1 26 9
1 26 9
1 26 9
1 26 10
1 26 10
1 26 11
1 26 11
1 26 23
1 26 24
1 26 24
1 26 24
1 26 27
1 26 30
1 26 33
1 26 35
1 26 35
1 26 42
1 26 44
1 26 47
1 26 47
1 27 1
1 27 1
1 27 2
1 27 2
1 27 4
1 27 5
1 27 5
1 27 5
1 27 11
1 27 11
1 27 11
1 27 12
1 27 12
1 27 12
1 27 13
1 27 13
1 27 13
1 27 18
1 27 20
1 27 20
1 27 20
1 27 23
1 27 26
1 27 26
1 27 26
1 27 28
1 27 28
1 27 31
1 27 38
1 27 40
1 27 40
1 27 41
1 27 47
1 27 47
1 27 47
1 27 49
1 27 49
1 27 49
1 28 12
1 28 12
1 28 12
1 28 18
1 28 18
1 28 18
1 28 19
1 28 19
1 28 24
1 28 24
1 28 27
1 28 27
1 28 38
1 28 40
1 28 40
1 28 42
1 28 42
1 28 45
1 28 45
1 28 45
1 28 48
1 28 49
1 28 49
1 28 49
1 29 1
1 29 1
1 29 2
1 29 3
1 29 3
1 29 3
1 29 6
1 29 6
1 29 6
1 29 7
1 29 9
1 29 9
1 29 9
1 29 13
1 29 13
1 29 13
1 29 14
1 29 16
1 29 17
1 29 18
1 29 18
1 29 22
1 29 22
1 29 27
1 29 27
1 29 29
1 29 29
1 29 34
1 29 34
1 29 34
1 29 37
1 29 37
1 29 38
1 29 38
1 29 40
1 29 40
1 29 41
1 29 43
1 30 0
1 30 1
1 30 1
1 30 7
1 30 7
1 30 10
1 30 10
1 30 10
1 30 14
1 30 14
1 30 14
1 30 16
1 30 16
1 30 19
1 30 19
1 30 19
1 30 20
1 30 20
1 30 20
1 30 21
1 30 21
1 30 21
1 30 27
1 30 27
1 30 35
1 30 35
1 30 37
1 30 37
1 30 44
1 30 45
1 30 47
1 30 47
1 30 47
1 30 48
1 30 48
1 30 49
1 30 49
1 31 6
1 31 10
1 31 13
1 31 13
1 31 27
1 31 27
1 31 31
1 31 33
1 31 36
1 31 36
1 31 37
1 32 4
1 32 4
1 32 4
1 32 7
1 32 11
1 32 11
1 32 13
1 32 13
1 32 13
1 32 16
1 32 16
1 32 16
1 32 21
1 32 23
1 32 23
1 32 23
1 32 25
1 32 25
1 32 27
1 32 27
1 32 30
1 32 32
1 32 32
1 32 32
1 32 33
1 32 33
1 32 37
1 32 37
1 32 42
1 32 43
1 32 43
1 32 43
1 32 44
1 32 44
1 32 44
1 33 0
1 33 1
1 33 1
1 33 1
1 33 2
1 33 4
1 33 4
1 33 5
1 33 11
1 33 11
1 33 11
1 33 13
1 33 13
1 33 13
1 33 14
1 33 16
1 33 19
1 33 21
1 33 25
1 33 25
1 33 38
1 33 38
1 33 40
1 33 42
1 33 44
1 33 44
1 33 44
1 33 46
1 33 46
1 33 46
1 33 47
1 33 47
1 34 3
1 34 9
1 34 9
1 34 9
1 34 10
1 34 16
1 34 17
1 34 18
1 34 18
1 34 18
1 34 21
1 34 23
1 34 23
1 34 24
1 34 24
1 34 24
1 34 25
1 34 25
1 34 26
1 34 31
1 34 31
1 34 32
1 34 32
1 34 32
1 34 33
1 34 33
1 34 40
1 34 43
1 34 44
1 34 44
1 34 44
1 34 45
1 34 45
1 34 47
1 34 47
1 34 47
1 34 48
1 34 48
1 34 49
1 35 2
1 35 2
1 35 2
1 35 4
1 35 4
1 35 7
1 35 7
1 35 7
1 35 9
1 35 16
1 35 16
1 35 16
1 35 17
1 35 17
1 35 19
1 35 21
1 35 22
1 35 24
1 35 24
1 35 24
1 35 36
1 35 36
1 35 36
1 35 40
1 35 40
1 35 41
1 35 41
1 35 41
1 35 44
1 35 44
1 35 44
1 35 45
1 35 45
1 35 45
1 35 49
1 35 49
1 36 0
1 36 0
1 36 0
1 36 2
1 36 5
1 36 5
1 36 5
1 36 6
1 36 6
1 36 6
1 36 10
1 36 10
1 36 10
1 36 15
1 36 15
1 36 18
1 36 18
1 36 18
1 36 20
1 36 20
1 36 20
1 36 22
1 36 22
1 36 22
1 36 23
1 36 25
1 36 25
1 36 27
1 36 27
1 36 27
1 36 28
1 36 28
1 36 32
1 36 32
1 36 34
1 36 34
1 36 34
1 36 36
1 36 36
1 36 37
1 36 40
1 36 41
1 36 42
1 36 42
1 36 42
1 36 45
1 36 45
1 36 45
1 37 1
1 37 1
1 37 6
1 37 7
1 37 7
1 37 7
1 37 10
1 37 10
1 37 10
1 37 14
1 37 14
1 37 14
1 37 16
1 37 16
1 37 17
1 37 17
1 37 17
1 37 22
1 37 22
1 37 26
1 37 26
1 37 26
1 37 28
1 37 28
1 37 29
1 37 29
1 37 29
1 37 30
1 37 30
1 37 33
1 37 33
1 37 35
1 37 35
1 37 40
1 37 42
1 37 42
1 37 43
1 37 43
1 37 43
1 37 44
1 37 44
1 37 44
1 37 45
1 37 45
1 37 46
1 37 46
1 37 46
1 37 47
1 37 47
1 38 0
1 38 0
1 38 2
1 38 15
1 38 15
1 38 16
1 38 16
1 38 16
1 38 20
1 38 20
1 38 20
1 38 21
1 38 21
1 38 21
1 38 22
1 38 22
1 38 22
1 38 23
1 38 24
1 38 24
1 38 24
1 38 28
1 38 28
1 38 28
1 38 29
1 38 29
1 38 29
1 38 31
1 38 32
1 38 42
1 38 42
1 38 43
1 38 44
1 38 46
1 38 46
1 38 47
1 38 47
1 39 5
1 39 5
1 39 7
1 39 8
1 39 8
1 39 12
1 39 12
1 39 12
1 39 15
1 39 17
1 39 17
1 39 20
1 39 22
1 39 22
1 39 23
1 39 24
1 39 24
1 39 25
1 39 25
1 39 28
1 39 28
1 39 33
1 39 33
1 39 33
1 39 38
1 39 38
1 39 38
1 39 40
1 39 40
1 39 47
1 39 47
1 39 47
1 39 49
1 40 2
1 40 6
1 40 6
1 40 6
1 40 9
1 40 10
1 40 11
1 40 11
1 40 12
1 40 16
1 40 16
1 40 17
1 40 20
1 40 20
1 40 20
1 40 21
1 40 21
1 40 21
1 40 23
1 40 23
1 40 25
1 40 25
1 40 26
1 40 33
1 40 33
1 40 33
1 40 35
1 40 35
1 40 38
1 40 39
1 40 39
1 40 40
1 40 40
1 40 42
1 40 42
1 40 43
1 40 43
1 40 43
1 40 45
1 40 48
1 40 48
1 40 48
1 41 1
1 41 1
1 41 1
1 41 7
1 41 11
1 41 11
1 41 12
1 41 14
1 41 14
1 41 17
1 41 17
1 41 19
1 41 19
1 41 19
1 41 20
1 41 22
1 41 25
1 41 26
1 41 26
1 41 31
1 41 31
1 41 39
1 41 46
1 41 48
1 41 48
1 41 48
1 41 49
1 41 49
1 41 49
1 42 1
1 42 1
1 42 1
1 42 3
1 42 3
1 42 7
1 42 7
1 42 9
1 42 10
1 42 10
1 42 12
1 42 12
1 42 15
1 42 15
1 42 15
1 42 18
1 42 19
1 42 21
1 42 21
1 42 21
1 42 22
1 42 26
1 42 26
1 42 26
1 42 29
1 42 29
1 42 29
1 42 37
1 42 41
1 42 41
1 42 41
1 42 44
1 42 44
1 42 44
1 43 0
1 43 8
1 43 8
1 43 10
1 43 10
1 43 11
1 43 11
1 43 13
1 43 13
1 43 17
1 43 17
1 43 17
1 43 20
1 43 20
1 43 20
1 43 22
1 43 22
1 43 22
1 43 26
1 43 26
1 43 28
1 43 28
1 43 31
1 43 34
1 43 34
1 43 34
1 43 35
1 43 39
1 43 39
1 43 47
1 43 47
1 43 47
1 44 3
1 44 5
1 44 5
1 44 9
1 44 9
1 44 9
1 44 12
1 44 12
1 44 14
1 44 14
1 44 19
1 44 21
1 44 21
1 44 21
1 44 25
1 44 25
1 44 29
1 44 29
1 44 29
1 44 35
1 44 35
1 44 36
1 44 36
1 44 36
1 44 37
1 44 38
1 44 41
1 44 43
1 44 43
1 44 44
1 44 45
1 44 45
1 44 46
1 44 46
1 44 48
1 44 48
1 44 49
1 45 9
1 45 9
1 45 9
1 45 10
1 45 10
1 45 10
1 45 14
1 45 15
1 45 15
1 45 15
1 45 16
1 45 16
1 45 16
1 45 21
1 45 21
1 45 21
1 45 24
1 45 24
1 45 24
1 45 32
1 45 32
1 45 34
1 45 34
1 45 38
1 45 41
1 45 41
1 45 42
1 45 42
1 45 44
1 45 44
1 45 46
1 45 46
1 45 46
1 45 49
1 45 49
1 45 49
1 46 0
1 46 0
1 46 6
1 46 7
1 46 7
1 46 11
1 46 17
1 46 17
1 46 20
1 46 20
1 46 21
1 46 21
1 46 21
1 46 23
1 46 25
1 46 25
1 46 25
1 46 27
1 46 28
1 46 28
1 46 28
1 46 29
1 46 29
1 46 29
1 46 31
1 46 31
1 46 31
1 46 32
1 46 32
1 46 35
1 46 36
1 46 40
1 46 41
1 46 42
1 46 45
1 46 45
1 46 45
1 46 49
1 46 49
1 47 2
1 47 2
1 47 3
1 47 3
1 47 4
1 47 4
1 47 4
1 47 6
1 47 7
1 47 7
1 47 7
1 47 14
1 47 14
1 47 14
1 47 15
1 47 15
1 47 16
1 47 21
1 47 21
1 47 21
1 47 37
1 47 37
1 47 37
1 47 44
1 47 44
1 48 4
1 48 4
1 48 4
1 48 6
1 48 7
1 48 7
1 48 11
1 48 11
1 48 23
1 48 24
1 48 33
1 48 33
1 48 35
1 48 39
1 48 41
1 48 46
1 48 46
1 48 47
1 48 47
1 49 0
1 49 0
1 49 0
1 49 5
1 49 18
1 49 18
1 49 21
1 49 21
1 49 22
1 49 23
1 49 25
1 49 29
1 49 30
1 49 30
1 49 32
1 49 32
1 49 33
1 49 33
1 49 33
1 49 36
1 49 36
1 49 39
1 49 39
1 49 45
1 49 48
1 49 48
1 49 48
2 0 3
2 0 10
2 0 17
2 0 27
2 0 30
2 0 38
2 0 43
2 1 13
2 1 23
2 2 1
2 2 21
2 4 8
2 4 12
2 5 47
2 7 30
2 7 32
2 8 17
2 9 5
2 9 27
2 10 46
2 11 24
2 11 36
2 12 1
2 13 4
2 13 26
2 13 40
2 14 17
2 15 9
2 16 18
2 17 1
2 18 19
2 18 37
2 19 6
2 19 29
2 20 48
2 21 18
2 22 28
2 23 14
2 23 23
2 25 0
2 25 5
2 25 12
2 25 43
2 26 9
2 27 18
2 27 40
2 28 27
2 28 28
2 28 37
2 29 1
2 29 20
2 31 42
2 32 1
2 32 3
2 32 16
2 32 30
2 34 23
2 35 6
2 36 10
2 36 27
2 36 32
2 39 10
2 39 38
2 40 6
2 40 42
2 40 48
2 41 22
2 42 4
2 43 49
2 44 14
2 44 21
2 44 25
2 45 7
2 48 46
2 49 20
