1 0 0
1 0 0
1 0 2
1 0 2
1 0 2
1 0 5
1 0 5
1 0 5
1 0 7
1 0 10
1 0 10
1 0 10
1 0 16
1 0 16
1 0 16
1 0 30
1 0 31
1 0 31
1 0 38
1 0 39
1 0 40
1 0 40
1 0 40
1 0 41
1 0 41
1 0 41
1 0 43
1 0 45
1 1 0
1 1 0
1 1 0
1 1 1
1 1 3
1 1 7
1 1 7
1 1 10
1 1 15
1 1 15
1 1 17
1 1 17
1 1 24
1 1 24
1 1 24
1 1 29
1 1 29
1 1 29
1 1 34
1 1 34
1 1 37
1 1 37
1 1 37
1 1 39
1 1 39
1 1 39
1 1 40
1 1 40
1 1 40
1 1 46
1 1 46
1 1 46
1 1 47
1 2 0
1 2 4
1 2 6
1 2 7
1 2 7
1 2 7
1 2 8
1 2 9
1 2 9
1 2 10
1 2 10
1 2 12
1 2 15
1 2 15
1 2 15
1 2 16
1 2 17
1 2 17
1 2 17
1 2 19
1 2 19
1 2 19
1 2 20
1 2 22
1 2 22
1 2 25
1 2 25
1 2 25
1 2 28
1 2 29
1 2 29
1 2 30
1 2 32
1 2 34
1 2 34
1 2 36
1 2 39
1 2 42
1 2 43
1 2 43
1 2 43
1 2 44
1 2 44
1 2 45
1 2 45
1 2 48
1 2 48
1 2 49
1 3 2
1 3 6
1 3 7
1 3 7
1 3 8
1 3 9
1 3 9
1 3 9
1 3 10
1 3 10
1 3 10
1 3 11
1 3 16
1 3 22
1 3 22
1 3 22
1 3 24
1 3 28
1 3 28
1 3 28
1 3 31
1 3 31
1 3 31
1 3 32
1 3 32
1 3 33
1 3 33
1 3 37
1 3 37
1 3 37
1 3 39
1 3 39
1 3 40
1 3 41
1 3 41
1 3 41
1 3 45
1 3 45
1 3 45
1 3 47
1 3 47
1 3 49
1 3 49
1 4 2
1 4 3
1 4 5
1 4 5
1 4 13
1 4 13
1 4 13
1 4 14
1 4 14
1 4 14
1 4 15
1 4 20
1 4 20
1 4 20
1 4 21
1 4 21
1 4 21
1 4 24
1 4 24
1 4 24
1 4 30
1 4 30
1 4 35
1 4 36
1 4 37
1 4 37
1 4 37
1 4 46
1 4 46
1 4 49
1 4 49
1 4 49
1 5 3
1 5 3
1 5 7
1 5 7
1 5 7
1 5 17
1 5 21
1 5 22
1 5 24
1 5 25
1 5 27
1 5 27
1 5 27
1 5 29
1 5 29
1 5 32
1 5 41
1 5 41
1 5 41
1 5 44
1 5 44
1 5 46
1 5 46
1 5 46
1 5 47
1 5 49
1 6 0
1 6 0
1 6 0
1 6 4
1 6 4
1 6 4
1 6 7
1 6 9
1 6 11
1 6 11
1 6 15
1 6 15
1 6 15
1 6 18
1 6 18
1 6 19
1 6 19
1 6 22
1 6 25
1 6 25
1 6 26
1 6 30
1 6 30
1 6 30
1 6 31
1 6 31
1 6 31
1 6 32
1 6 32
1 6 32
1 6 42
1 6 42
1 6 42
1 6 43
1 6 43
1 6 43
1 6 48
1 6 48
1 7 0
1 7 2
1 7 2
1 7 4
1 7 4
1 7 4
1 7 10
1 7 10
1 7 10
1 7 13
1 7 13
1 7 13
1 7 15
1 7 15
1 7 15
1 7 16
1 7 23
1 7 28
1 7 28
1 7 29
1 7 29
1 7 30
1 7 30
1 7 36
1 7 36
1 7 38
1 7 38
1 7 42
1 7 42
1 7 42
1 7 45
1 7 45
1 7 45
1 8 0
1 8 3
1 8 3
1 8 6
1 8 6
1 8 8
1 8 8
1 8 15
1 8 15
1 8 15
1 8 17
1 8 18
1 8 21
1 8 21
1 8 21
1 8 22
1 8 22
1 8 22
1 8 25
1 8 25
1 8 25
1 8 27
1 8 28
1 8 32
1 8 32
1 8 35
1 8 37
1 8 43
1 8 43
1 8 46
1 8 46
1 8 47
1 8 47
1 8 47
1 8 48
1 8 48
1 8 48
1 8 49
1 9 0
1 9 0
1 9 2
1 9 2
1 9 3
1 9 3
1 9 3
1 9 4
1 9 4
1 9 4
1 9 6
1 9 7
1 9 7
1 9 8
1 9 8
1 9 8
1 9 11
1 9 11
1 9 11
1 9 14
1 9 14
1 9 16
1 9 16
1 9 16
1 9 21
1 9 21
1 9 21
1 9 23
1 9 23
1 9 29
1 9 29
1 9 30
1 9 31
1 9 31
1 9 37
1 9 40
1 9 40
1 9 41
1 9 42
1 9 42
1 9 42
1 9 43
1 9 43
1 9 45
1 9 45
1 10 2
1 10 9
1 10 9
1 10 10
1 10 14
1 10 14
1 10 16
1 10 16
1 10 20
1 10 20
1 10 21
1 10 27
1 10 27
1 10 27
1 10 28
1 10 28
1 10 30
1 10 30
1 10 30
1 10 32
1 10 38
1 10 38
1 10 38
1 10 39
1 10 44
1 10 45
1 10 45
1 11 1
1 11 1
1 11 1
1 11 10
1 11 12
1 11 12
1 11 14
1 11 14
1 11 14
1 11 15
1 11 15
1 11 15
1 11 16
1 11 16
1 11 23
1 11 24
1 11 24
1 11 24
1 11 26
1 11 26
1 11 26
1 11 34
1 11 34
1 11 35
1 11 36
1 11 36
1 11 37
1 11 41
1 11 41
1 11 41
1 11 46
1 11 46
1 12 2
1 12 2
1 12 2
1 12 4
1 12 4
1 12 4
1 12 13
1 12 15
1 12 23
1 12 23
1 12 28
1 12 28
1 12 29
1 12 29
1 12 29
1 12 31
1 12 33
1 12 33
1 12 33
1 12 35
1 12 35
1 12 38
1 12 38
1 12 38
1 12 41
1 12 41
1 12 42
1 12 43
1 12 43
1 12 43
1 13 0
1 13 0
1 13 0
1 13 3
1 13 3
1 13 3
1 13 4
1 13 5
1 13 5
1 13 8
1 13 8
1 13 8
1 13 18
1 13 18
1 13 18
1 13 19
1 13 19
1 13 20
1 13 20
1 13 22
1 13 29
1 13 29
1 13 29
1 13 33
1 13 33
1 13 33
1 13 34
1 13 34
1 13 34
1 13 36
1 13 36
1 13 38
1 13 40
1 13 40
1 13 40
1 13 41
1 13 47
1 13 48
1 13 48
1 14 0
1 14 0
1 14 0
1 14 2
1 14 2
1 14 5
1 14 5
1 14 7
1 14 9
1 14 9
1 14 9
1 14 13
1 14 17
1 14 17
1 14 17
1 14 33
1 14 33
1 14 33
1 14 43
1 14 43
1 14 43
1 14 45
1 14 46
1 14 46
1 15 2
1 15 2
1 15 3
1 15 4
1 15 4
1 15 4
1 15 6
1 15 7
1 15 7
1 15 8
1 15 9
1 15 10
1 15 12
1 15 12
1 15 13
1 15 13
1 15 15
1 15 19
1 15 19
1 15 21
1 15 21
1 15 21
1 15 25
1 15 25
1 15 25
1 15 28
1 15 28
1 15 29
1 15 29
1 15 30
1 15 32
1 15 33
1 15 34
1 15 36
1 15 40
1 15 40
1 15 45
1 15 45
1 15 45
1 15 47
1 16 0
1 16 0
1 16 0
1 16 7
1 16 7
1 16 8
1 16 10
1 16 12
1 16 12
1 16 15
1 16 15
1 16 16
1 16 16
1 16 16
1 16 22
1 16 22
1 16 25
1 16 25
1 16 25
1 16 26
1 16 26
1 16 26
1 16 27
1 16 28
1 16 28
1 16 30
1 16 30
1 16 30
1 16 31
1 16 32
1 16 32
1 16 32
1 16 33
1 16 33
1 16 36
1 16 36
1 16 36
1 16 41
1 16 42
1 16 42
1 16 42
1 16 43
1 16 43
1 16 43
1 16 47
1 16 47
1 16 48
1 16 48
1 16 48
1 16 49
1 16 49
1 17 1
1 17 1
1 17 3
1 17 3
1 17 4
1 17 5
1 17 5
1 17 7
1 17 8
1 17 9
1 17 9
1 17 9
1 17 13
1 17 17
1 17 22
1 17 22
1 17 22
1 17 24
1 17 24
1 17 24
1 17 26
1 17 26
1 17 28
1 17 28
1 17 34
1 17 34
1 17 40
1 17 41
1 17 41
1 17 47
1 17 47
1 17 48
1 17 48
1 18 0
1 18 5
1 18 6
1 18 6
1 18 7
1 18 9
1 18 16
1 18 16
1 18 16
1 18 21
1 18 21
1 18 21
1 18 28
1 18 30
1 18 32
1 18 32
1 18 39
1 18 41
1 18 41
1 18 47
1 19 0
1 19 0
1 19 0
1 19 5
1 19 5
1 19 6
1 19 6
1 19 8
1 19 8
1 19 10
1 19 10
1 19 10
1 19 11
1 19 12
1 19 12
1 19 12
1 19 14
1 19 14
1 19 19
1 19 19
1 19 19
1 19 20
1 19 20
1 19 21
1 19 21
1 19 21
1 19 23
1 19 26
1 19 26
1 19 26
1 19 28
1 19 28
1 19 29
1 19 29
1 19 29
1 19 34
1 19 35
1 19 36
1 19 36
1 19 41
1 19 41
1 19 42
1 19 47
1 19 48
1 20 4
1 20 4
1 20 4
1 20 5
1 20 5
1 20 18
1 20 18
1 20 19
1 20 19
1 20 19
1 20 21
1 20 21
1 20 25
1 20 25
1 20 26
1 20 28
1 20 29
1 20 30
1 20 30
1 20 30
1 20 34
1 20 34
1 20 34
1 20 37
1 20 37
1 20 39
1 20 39
1 20 43
1 20 44
1 20 44
1 21 2
1 21 2
1 21 2
1 21 5
1 21 5
1 21 5
1 21 6
1 21 6
1 21 6
1 21 8
1 21 8
1 21 12
1 21 12
1 21 12
1 21 13
1 21 13
1 21 15
1 21 15
1 21 15
1 21 18
1 21 18
1 21 20
1 21 22
1 21 22
1 21 23
1 21 23
1 21 23
1 21 27
1 21 27
1 21 27
1 21 28
1 21 28
1 21 28
1 21 29
1 21 29
1 21 29
1 21 31
1 21 32
1 21 32
1 21 32
1 21 33
1 21 33
1 21 36
1 21 38
1 21 38
1 21 38
1 22 0
1 22 0
1 22 2
1 22 2
1 22 3
1 22 3
1 22 3
1 22 5
1 22 5
1 22 6
1 22 6
1 22 6
1 22 10
1 22 10
1 22 10
1 22 12
1 22 15
1 22 15
1 22 15
1 22 17
1 22 17
1 22 20
1 22 20
1 22 20
1 22 23
1 22 23
1 22 32
1 22 32
1 22 37
1 22 37
1 22 37
1 22 40
1 22 40
1 22 45
1 22 45
1 22 45
1 22 49
1 22 49
1 22 49
1 23 2
1 23 2
1 23 2
1 23 4
1 23 5
1 23 5
1 23 6
1 23 6
1 23 8
1 23 9
1 23 9
1 23 22
1 23 22
1 23 22
1 23 27
1 23 27
1 23 28
1 23 28
1 23 29
1 23 29
1 23 29
1 23 31
1 23 31
1 23 32
1 23 33
1 23 36
1 23 36
1 23 40
1 23 42
1 23 42
1 23 43
1 23 43
1 23 43
1 23 45
1 23 45
1 23 45
1 23 49
1 23 49
1 24 1
1 24 1
1 24 5
1 24 5
1 24 5
1 24 8
1 24 8
1 24 8
1 24 11
1 24 11
1 24 11
1 24 14
1 24 16
1 24 18
1 24 18
1 24 18
1 24 20
1 24 20
1 24 21
1 24 21
1 24 25
1 24 25
1 24 27
1 24 30
1 24 31
1 24 31
1 24 32
1 24 38
1 24 38
1 24 40
1 24 42
1 24 46
1 24 46
1 24 47
1 24 47
1 25 3
1 25 3
1 25 3
1 25 6
1 25 6
1 25 6
1 25 7
1 25 7
1 25 9
1 25 9
1 25 11
1 25 11
1 25 11
1 25 12
1 25 12
1 25 13
1 25 13
1 25 14
1 25 14
1 25 14
1 25 15
1 25 16
1 25 16
1 25 17
1 25 17
1 25 18
1 25 18
1 25 19
1 25 19
1 25 22
1 25 24
1 25 32
1 25 32
1 25 34
1 25 34
1 25 38
1 25 38
1 25 38
1 25 43
1 25 43
1 25 43
1 25 45
1 25 45
1 25 47
1 25 49
1 26 0
1 26 2
1 26 2
1 26 5
1 26 5
1 26 9
1 26 14
1 26 14
1 26 14
1 26 15
1 26 16
1 26 16
1 26 18
1 26 18
1 26 22
1 26 23
1 26 23
1 26 23
1 26 25
1 26 25
1 26 27
1 26 27
1 26 27
1 26 28
1 26 32
1 26 33
1 26 34
1 26 34
1 26 41
1 26 42
1 26 42
1 26 42
1 26 45
1 26 45
1 26 45
1 26 46
1 26 46
1 26 47
1 26 49
1 27 0
1 27 5
1 27 10
1 27 12
1 27 12
1 27 17
1 27 17
1 27 19
1 27 19
1 27 19
1 27 25
1 27 27
1 27 27
1 27 27
1 27 29
1 27 34
1 27 34
1 27 39
1 27 46
1 27 46
1 27 46
1 27 48
1 27 48
1 28 1
1 28 1
1 28 2
1 28 2
1 28 2
1 28 3
1 28 3
1 28 7
1 28 7
1 28 7
1 28 11
1 28 11
1 28 16
1 28 16
1 28 16
1 28 18
1 28 20
1 28 21
1 28 21
1 28 21
1 28 28
1 28 28
1 28 28
1 28 29
1 28 29
1 28 30
1 28 30
1 28 30
1 28 32
1 28 33
1 28 35
1 28 36
1 28 36
1 28 36
1 28 37
1 28 37
1 28 38
1 28 38
1 28 38
1 28 41
1 28 42
1 28 42
1 28 42
1 28 44
1 28 44
1 28 44
1 28 46
1 28 46
1 28 49
1 29 3
1 29 7
1 29 9
1 29 9
1 29 10
1 29 10
1 29 13
1 29 19
1 29 19
1 29 19
1 29 23
1 29 26
1 29 26
1 29 27
1 29 27
1 29 27
1 29 30
1 29 30
1 29 32
1 29 32
1 29 33
1 29 42
1 29 42
1 29 42
1 29 46
1 29 49
1 29 49
1 30 0
1 30 9
1 30 9
1 30 9
1 30 14
1 30 16
1 30 24
1 30 30
1 30 30
1 30 32
1 30 32
1 30 32
1 30 39
1 30 39
1 30 40
1 30 40
1 30 42
1 30 42
1 30 42
1 30 43
1 30 43
1 30 43
1 31 0
1 31 0
1 31 0
1 31 4
1 31 7
1 31 9
1 31 9
1 31 10
1 31 10
1 31 10
1 31 13
1 31 14
1 31 14
1 31 17
1 31 17
1 31 17
1 31 19
1 31 19
1 31 21
1 31 28
1 31 28
1 31 28
1 31 32
1 31 32
1 31 35
1 31 35
1 31 35
1 31 36
1 31 37
1 31 37
1 31 38
1 31 38
1 31 38
1 31 46
1 31 46
1 31 46
1 31 48
1 32 0
1 32 0
1 32 0
1 32 8
1 32 9
1 32 11
1 32 12
1 32 12
1 32 12
1 32 13
1 32 14
1 32 20
1 32 20
1 32 23
1 32 23
1 32 23
1 32 26
1 32 27
1 32 27
1 32 28
1 32 28
1 32 28
1 32 30
1 32 30
1 32 30
1 32 34
1 32 34
1 32 40
1 32 40
1 32 41
1 32 43
1 32 43
1 32 45
1 32 45
1 32 45
1 32 46
1 32 46
1 32 46
1 32 49
1 32 49
1 33 0
1 33 1
1 33 2
1 33 2
1 33 2
1 33 3
1 33 3
1 33 3
1 33 7
1 33 7
1 33 7
1 33 9
1 33 9
1 33 9
1 33 11
1 33 11
1 33 15
1 33 15
1 33 17
1 33 17
1 33 20
1 33 20
1 33 25
1 33 27
1 33 27
1 33 32
1 33 32
1 33 34
1 33 34
1 33 36
1 33 36
1 33 38
1 33 39
1 33 39
1 33 40
1 33 40
1 33 40
1 33 43
1 33 44
1 33 46
1 33 46
1 33 46
1 34 1
1 34 1
1 34 2
1 34 10
1 34 10
1 34 14
1 34 14
1 34 14
1 34 19
1 34 21
1 34 25
1 34 44
1 34 44
1 34 45
1 34 45
1 34 45
1 34 47
1 34 47
1 34 47
1 35 7
1 35 7
1 35 7
1 35 8
1 35 8
1 35 8
1 35 10
1 35 10
1 35 10
1 35 11
1 35 11
1 35 19
1 35 20
1 35 20
1 35 26
1 35 26
1 35 32
1 35 32
1 35 38
1 35 38
1 35 38
1 35 39
1 35 39
1 35 39
1 35 43
1 35 43
1 35 43
1 35 45
1 35 45
1 35 48
1 35 48
1 35 48
1 36 0
1 36 0
1 36 1
1 36 3
1 36 4
1 36 4
1 36 4
1 36 8
1 36 8
1 36 8
1 36 10
1 36 16
1 36 21
1 36 25
1 36 25
1 36 25
1 36 27
1 36 27
1 36 29
1 36 29
1 36 29
1 36 35
1 36 38
1 36 41
1 36 48
1 36 48
1 36 49
1 36 49
1 36 49
1 37 0
1 37 1
1 37 1
1 37 1
1 37 5
1 37 5
1 37 5
1 37 8
1 37 8
1 37 8
1 37 9
1 37 9
1 37 13
1 37 14
1 37 15
1 37 15
1 37 15
1 37 17
1 37 17
1 37 17
1 37 18
1 37 19
1 37 19
1 37 21
1 37 21
1 37 21
1 37 22
1 37 22
1 37 24
1 37 26
1 37 27
1 37 27
1 37 32
1 37 32
1 37 33
1 37 33
1 37 34
1 37 34
1 37 35
1 37 35
1 37 35
1 37 41
1 37 44
1 37 44
1 37 44
1 37 45
1 37 47
1 37 47
1 37 47
1 38 0
1 38 5
1 38 5
1 38 5
1 38 6
1 38 9
1 38 9
1 38 10
1 38 10
1 38 10
1 38 17
1 38 17
1 38 17
1 38 19
1 38 20
1 38 25
1 38 25
1 38 29
1 38 29
1 38 29
1 38 30
1 38 30
1 38 38
1 38 38
1 38 45
1 38 45
1 38 45
1 38 47
1 38 47
1 38 47
1 38 48
1 39 5
1 39 6
1 39 6
1 39 10
1 39 15
1 39 15
1 39 18
1 39 18
1 39 18
1 39 20
1 39 20
1 39 20
1 39 21
1 39 22
1 39 22
1 39 23
1 39 28
1 39 28
1 39 30
1 39 30
1 39 31
1 39 31
1 39 31
1 39 39
1 39 43
1 39 44
1 39 44
1 39 44
1 39 45
1 39 45
1 39 48
1 39 48
1 39 49
1 39 49
1 40 2
1 40 3
1 40 3
1 40 6
1 40 6
1 40 10
1 40 10
1 40 10
1 40 12
1 40 13
1 40 14
1 40 19
1 40 20
1 40 20
1 40 24
1 40 24
1 40 26
1 40 28
1 40 29
1 40 29
1 40 29
1 40 31
1 40 31
1 40 31
1 40 32
1 40 32
1 40 35
1 40 35
1 40 39
1 40 39
1 40 39
1 40 40
1 40 40
1 40 45
1 40 45
1 40 45
1 41 0
1 41 0
1 41 0
1 41 3
1 41 3
1 41 3
1 41 10
1 41 10
1 41 15
1 41 15
1 41 15
1 41 18
1 41 18
1 41 20
1 41 20
1 41 20
1 41 24
1 41 24
1 41 24
1 41 25
1 41 26
1 41 28
1 41 28
1 41 28
1 41 29
1 41 33
1 41 33
1 41 33
1 41 34
1 41 34
1 41 35
1 41 35
1 41 35
1 41 36
1 41 36
1 41 36
1 41 39
1 41 39
1 41 39
1 41 41
1 41 41
1 41 41
1 42 5
1 42 7
1 42 7
1 42 7
1 42 8
1 42 10
1 42 10
1 42 10
1 42 11
1 42 11
1 42 17
1 42 21
1 42 21
1 42 24
1 42 24
1 42 24
1 42 27
1 42 27
1 42 36
1 42 36
1 42 36
1 42 40
1 42 40
1 42 40
1 42 44
1 42 44
1 42 44
1 42 47
1 42 47
1 42 49
1 42 49
1 43 2
1 43 2
1 43 3
1 43 4
1 43 4
1 43 6
1 43 6
1 43 6
1 43 11
1 43 11
1 43 12
1 43 12
1 43 12
1 43 13
1 43 13
1 43 15
1 43 15
1 43 15
1 43 18
1 43 27
1 43 31
1 43 31
1 43 31
1 43 34
1 43 36
1 43 36
1 43 36
1 43 38
1 43 43
1 43 43
1 43 45
1 43 45
1 43 47
1 43 48
1 43 48
1 43 48
1 43 49
1 43 49
1 44 1
1 44 1
1 44 6
1 44 6
1 44 7
1 44 7
1 44 7
1 44 8
1 44 11
1 44 11
1 44 15
1 44 15
1 44 15
1 44 20
1 44 20
1 44 20
1 44 23
1 44 23
1 44 25
1 44 25
1 44 26
1 44 26
1 44 28
1 44 28
1 44 28
1 44 32
1 44 32
1 44 33
1 44 33
1 44 34
1 44 41
1 44 41
1 44 42
1 44 42
1 44 43
1 44 46
1 44 48
1 44 48
1 44 49
1 44 49
1 45 0
1 45 1
1 45 1
1 45 4
1 45 4
1 45 5
1 45 5
1 45 6
1 45 6
1 45 8
1 45 8
1 45 11
1 45 11
1 45 11
1 45 12
1 45 12
1 45 22
1 45 22
1 45 22
1 45 27
1 45 30
1 45 30
1 45 30
1 45 31
1 45 31
1 45 31
1 45 33
1 45 33
1 45 37
1 45 37
1 45 37
1 45 39
1 45 39
1 45 39
1 45 41
1 45 41
1 45 47
1 45 47
1 45 48
1 45 49
1 46 0
1 46 0
1 46 0
1 46 1
1 46 3
1 46 3
1 46 5
1 46 5
1 46 7
1 46 7
1 46 10
1 46 13
1 46 13
1 46 13
1 46 15
1 46 22
1 46 22
1 46 22
1 46 25
1 46 26
1 46 26
1 46 28
1 46 30
1 46 30
1 46 38
1 46 38
1 46 43
1 46 46
1 46 46
1 46 47
1 46 47
1 46 47
1 46 49
1 47 0
1 47 0
1 47 2
1 47 4
1 47 6
1 47 6
1 47 6
1 47 9
1 47 9
1 47 9
1 47 11
1 47 11
1 47 11
1 47 19
1 47 19
1 47 19
1 47 25
1 47 25
1 47 29
1 47 29
1 47 30
1 47 30
1 47 33
1 47 36
1 47 36
1 47 37
1 47 39
1 47 39
1 47 39
1 47 41
1 47 45
1 47 45
1 47 49
1 47 49
1 48 4
1 48 5
1 48 5
1 48 12
1 48 12
1 48 12
1 48 15
1 48 15
1 48 19
1 48 19
1 48 19
1 48 25
1 48 25
1 48 25
1 48 29
1 48 29
1 48 29
1 48 30
1 48 30
1 48 31
1 48 31
1 48 34
1 48 34
1 48 34
1 48 37
1 48 37
1 48 40
1 48 40
1 48 40
1 48 47
1 48 47
1 48 49
1 48 49
1 49 3
1 49 4
1 49 4
1 49 4
1 49 6
1 49 6
1 49 6
1 49 14
1 49 14
1 49 17
1 49 22
1 49 26
1 49 26
1 49 29
1 49 29
1 49 32
1 49 32
1 49 32
1 49 37
1 49 37
1 49 37
1 49 41
1 49 41
1 49 44
1 49 44
1 49 45
2 0 0
2 0 7
2 0 16
2 0 38
2 2 28
2 2 32
2 3 2
2 3 24
2 4 35
2 5 0
2 6 9
2 6 30
2 7 2
2 7 6
2 7 13
2 7 36
2 7 45
2 8 20
2 8 41
2 9 14
2 9 18
2 11 34
2 11 41
2 11 45
2 12 4
2 12 48
2 13 18
2 14 2
2 14 7
2 14 45
2 15 12
2 15 15
2 15 47
2 16 41
2 17 34
2 19 10
2 19 18
2 21 2
2 21 31
2 23 8
2 23 47
2 24 14
2 25 49
2 26 0
2 27 38
2 28 1
2 28 7
2 28 28
2 28 40
2 29 0
2 31 13
2 31 25
2 32 40
2 32 43
2 33 17
2 34 42
2 35 0
2 35 7
2 35 48
2 37 5
2 37 17
2 37 32
2 37 44
2 37 47
2 38 29
2 39 28
2 39 39
2 40 24
2 40 34
2 42 47
2 44 39
2 46 8
2 46 15
2 47 36
2 47 41
2 47 45
2 48 3
