1 0 1
1 0 1
1 0 1
1 0 4
1 0 4
1 0 4
1 0 6
1 0 6
1 0 13
1 0 14
1 0 14
1 0 16
1 0 16
1 0 16
1 0 18
1 0 27
1 0 28
1 0 28
1 0 37
1 0 37
1 0 38
1 0 39
1 0 39
1 0 39
1 0 41
1 0 41
1 0 41
1 0 44
1 0 44
1 0 47
1 1 7
1 1 9
1 1 9
1 1 9
1 1 16
1 1 19
1 1 19
1 1 21
1 1 25
1 1 29
1 1 30
1 1 31
1 1 31
1 1 31
1 1 32
1 1 32
1 1 34
1 1 35
1 1 37
1 1 37
1 1 37
1 1 38
1 1 38
1 1 42
1 1 43
1 1 43
1 1 45
1 1 45
1 1 45
1 1 47
1 1 47
1 1 49
1 2 0
1 2 0
1 2 1
1 2 1
1 2 3
1 2 3
1 2 3
1 2 4
1 2 4
1 2 7
1 2 7
1 2 7
1 2 8
1 2 14
1 2 14
1 2 14
1 2 15
1 2 15
1 2 16
1 2 17
1 2 17
1 2 23
1 2 23
1 2 25
1 2 25
1 2 25
1 2 32
1 2 32
1 2 32
1 2 34
1 2 34
1 2 36
1 2 38
1 3 1
1 3 2
1 3 2
1 3 5
1 3 10
1 3 10
1 3 10
1 3 15
1 3 15
1 3 15
1 3 17
1 3 18
1 3 20
1 3 20
1 3 20
1 3 24
1 3 24
1 3 25
1 3 25
1 3 25
1 3 27
1 3 28
1 3 28
1 3 29
1 3 29
1 3 29
1 3 31
1 3 31
1 3 31
1 3 34
1 3 36
1 3 36
1 3 44
1 3 44
1 3 44
1 3 47
1 3 47
1 3 47
1 4 0
1 4 0
1 4 1
1 4 3
1 4 7
1 4 7
1 4 9
1 4 9
1 4 10
1 4 13
1 4 13
1 4 14
1 4 14
1 4 18
1 4 22
1 4 22
1 4 23
1 4 23
1 4 24
1 4 24
1 4 24
1 4 30
1 4 32
1 4 34
1 4 34
1 4 39
1 4 39
1 4 39
1 4 41
1 4 41
1 4 41
1 4 43
1 5 4
1 5 4
1 5 9
1 5 9
1 5 9
1 5 11
1 5 12
1 5 12
1 5 12
1 5 15
1 5 15
1 5 16
1 5 18
1 5 18
1 5 18
1 5 20
1 5 20
1 5 20
1 5 23
1 5 23
1 5 23
1 5 25
1 5 25
1 5 25
1 5 26
1 5 26
1 5 30
1 5 30
1 5 31
1 5 35
1 5 35
1 5 35
1 5 37
1 5 37
1 5 37
1 5 43
1 5 43
1 5 43
1 5 48
1 5 48
1 6 5
1 6 10
1 6 11
1 6 11
1 6 13
1 6 13
1 6 15
1 6 15
1 6 15
1 6 21
1 6 21
1 6 21
1 6 22
1 6 22
1 6 22
1 6 25
1 6 25
1 6 25
1 6 29
1 6 29
1 6 29
1 6 32
1 6 32
1 6 32
1 6 36
1 6 36
1 6 36
1 6 38
1 6 38
1 6 39
1 6 39
1 6 41
1 6 42
1 6 44
1 6 44
1 6 49
1 7 2
1 7 2
1 7 3
1 7 4
1 7 8
1 7 8
1 7 10
1 7 16
1 7 25
1 7 27
1 7 27
1 7 29
1 7 29
1 7 32
1 7 39
1 7 39
1 7 40
1 7 44
1 7 45
1 7 45
1 7 45
1 7 46
1 7 46
1 7 46
1 7 49
1 7 49
1 8 10
1 8 10
1 8 10
1 8 15
1 8 15
1 8 23
1 8 26
1 8 26
1 8 32
1 8 32
1 8 33
1 8 33
1 8 34
1 8 36
1 8 36
1 8 38
1 8 38
1 8 38
1 8 43
1 8 43
1 8 48
1 9 1
1 9 1
1 9 1
1 9 6
1 9 6
1 9 6
1 9 15
1 9 18
1 9 18
1 9 18
1 9 19
1 9 19
1 9 19
1 9 20
1 9 20
1 9 20
1 9 24
1 9 25
1 9 25
1 9 25
1 9 28
1 9 28
1 9 29
1 9 44
1 9 44
1 9 44
1 10 0
1 10 0
1 10 0
1 10 5
1 10 5
1 10 6
1 10 7
1 10 7
1 10 7
1 10 14
1 10 14
1 10 21
1 10 26
1 10 27
1 10 27
1 10 28
1 10 37
1 10 37
1 10 37
1 10 45
1 10 45
1 10 46
1 10 46
1 10 47
1 10 47
1 10 48
1 10 49
1 10 49
1 10 49
1 11 0
1 11 0
1 11 0
1 11 4
1 11 6
1 11 6
1 11 6
1 11 8
1 11 8
1 11 8
1 11 9
1 11 9
1 11 11
1 11 11
1 11 11
1 11 13
1 11 14
1 11 20
1 11 20
1 11 20
1 11 25
1 11 25
1 11 29
1 11 30
1 11 30
1 11 38
1 11 38
1 11 38
1 11 41
1 11 41
1 11 45
1 11 47
1 11 47
1 12 1
1 12 1
1 12 1
1 12 3
1 12 4
1 12 4
1 12 5
1 12 6
1 12 9
1 12 9
1 12 9
1 12 10
1 12 11
1 12 19
1 12 19
1 12 19
1 12 24
1 12 24
1 12 24
1 12 26
1 12 26
1 12 29
1 12 29
1 12 29
1 12 30
1 12 30
1 12 38
1 12 39
1 12 39
1 12 39
1 12 42
1 12 42
1 12 42
1 12 45
1 12 45
1 12 45
1 12 48
1 12 48
1 13 0
1 13 0
1 13 0
1 13 3
1 13 11
1 13 15
1 13 15
1 13 17
1 13 19
1 13 20
1 13 20
1 13 20
1 13 21
1 13 21
1 13 22
1 13 22
1 13 25
1 13 25
1 13 28
1 13 28
1 13 38
1 13 38
1 13 42
1 13 42
1 13 42
1 13 45
1 13 46
1 13 48
1 13 48
1 14 1
1 14 1
1 14 4
1 14 4
1 14 4
1 14 5
1 14 5
1 14 5
1 14 11
1 14 11
1 14 11
1 14 12
1 14 12
1 14 13
1 14 13
1 14 16
1 14 18
1 14 19
1 14 19
1 14 19
1 14 20
1 14 20
1 14 20
1 14 28
1 14 28
1 14 29
1 14 29
1 14 31
1 14 31
1 14 31
1 14 35
1 14 35
1 14 35
1 14 36
1 14 36
1 14 40
1 14 40
1 14 43
1 14 44
1 14 44
1 14 46
1 14 46
1 14 46
1 14 49
1 15 1
1 15 1
1 15 1
1 15 2
1 15 2
1 15 3
1 15 3
1 15 11
1 15 11
1 15 11
1 15 12
1 15 12
1 15 12
1 15 17
1 15 17
1 15 17
1 15 20
1 15 20
1 15 20
1 15 22
1 15 22
1 15 26
1 15 26
1 15 26
1 15 27
1 15 27
1 15 27
1 15 29
1 15 29
1 15 31
1 15 31
1 15 33
1 15 33
1 15 33
1 15 35
1 15 35
1 15 35
1 15 38
1 15 38
1 15 38
1 15 39
1 15 41
1 15 41
1 15 41
1 15 45
1 15 45
1 15 48
1 15 49
1 15 49
1 16 1
1 16 1
1 16 2
1 16 2
1 16 2
1 16 3
1 16 4
1 16 8
1 16 8
1 16 8
1 16 9
1 16 18
1 16 18
1 16 20
1 16 20
1 16 20
1 16 21
1 16 21
1 16 21
1 16 24
1 16 24
1 16 27
1 16 27
1 16 31
1 16 31
1 16 31
1 16 35
1 16 40
1 16 40
1 16 43
1 16 43
1 16 43
1 16 48
1 16 48
1 16 48
1 17 1
1 17 1
1 17 5
1 17 8
1 17 8
1 17 8
1 17 9
1 17 18
1 17 23
1 17 24
1 17 28
1 17 29
1 17 32
1 17 32
1 17 34
1 17 34
1 17 34
1 17 35
1 17 38
1 17 38
1 17 38
1 17 43
1 17 43
1 17 45
1 17 49
1 17 49
1 18 5
1 18 6
1 18 6
1 18 7
1 18 7
1 18 14
1 18 14
1 18 14
1 18 15
1 18 16
1 18 16
1 18 17
1 18 17
1 18 17
1 18 21
1 18 26
1 18 26
1 18 26
1 18 27
1 18 27
1 18 35
1 18 35
1 18 35
1 18 36
1 18 37
1 18 37
1 18 37
1 18 38
1 18 38
1 18 38
1 18 41
1 18 44
1 18 45
1 18 48
1 18 49
1 19 0
1 19 0
1 19 0
1 19 3
1 19 3
1 19 10
1 19 10
1 19 10
1 19 13
1 19 13
1 19 20
1 19 20
1 19 20
1 19 25
1 19 25
1 19 28
1 19 28
1 19 28
1 19 29
1 19 29
1 19 34
1 19 34
1 19 36
1 19 37
1 19 37
1 19 44
1 19 45
1 19 45
1 19 45
1 20 2
1 20 5
1 20 6
1 20 6
1 20 6
1 20 7
1 20 8
1 20 8
1 20 9
1 20 9
1 20 9
1 20 11
1 20 11
1 20 17
1 20 22
1 20 22
1 20 24
1 20 24
1 20 26
1 20 26
1 20 26
1 20 33
1 20 33
1 20 36
1 20 36
1 20 36
1 20 39
1 20 42
1 20 42
1 20 44
1 20 44
1 21 0
1 21 0
1 21 0
1 21 1
1 21 1
1 21 5
1 21 6
1 21 6
1 21 13
1 21 14
1 21 15
1 21 15
1 21 16
1 21 16
1 21 22
1 21 24
1 21 24
1 21 26
1 21 26
1 21 26
1 21 28
1 21 28
1 21 28
1 21 38
1 21 38
1 21 38
1 21 40
1 21 40
1 21 40
1 21 42
1 21 42
1 21 44
1 21 44
1 21 44
1 21 45
1 21 46
1 21 46
1 21 47
1 21 48
1 21 48
1 21 49
1 22 0
1 22 0
1 22 0
1 22 1
1 22 9
1 22 9
1 22 10
1 22 10
1 22 10
1 22 11
1 22 14
1 22 19
1 22 19
1 22 19
1 22 21
1 22 21
1 22 21
1 22 24
1 22 27
1 22 27
1 22 27
1 22 29
1 22 30
1 22 30
1 22 30
1 22 31
1 22 31
1 22 31
1 22 36
1 22 36
1 22 36
1 22 39
1 22 39
1 22 39
1 22 42
1 22 42
1 22 42
1 22 46
1 22 46
1 22 47
1 23 1
1 23 1
1 23 3
1 23 3
1 23 8
1 23 8
1 23 9
1 23 9
1 23 9
1 23 10
1 23 10
1 23 10
1 23 16
1 23 17
1 23 17
1 23 19
1 23 19
1 23 19
1 23 21
1 23 23
1 23 23
1 23 24
1 23 24
1 23 29
1 23 29
1 23 31
1 23 31
1 23 34
1 23 34
1 23 34
1 23 35
1 23 37
1 23 37
1 23 37
1 23 46
1 23 47
1 23 47
1 23 49
1 23 49
1 23 49
1 24 0
1 24 0
1 24 0
1 24 2
1 24 2
1 24 3
1 24 3
1 24 5
1 24 5
1 24 13
1 24 13
1 24 16
1 24 20
1 24 21
1 24 21
1 24 21
1 24 23
1 24 23
1 24 23
1 24 24
1 24 24
1 24 29
1 24 29
1 24 37
1 24 39
1 24 39
1 24 39
1 24 40
1 24 40
1 24 43
1 24 43
1 24 47
1 24 47
1 24 47
1 24 48
1 24 49
1 25 1
1 25 1
1 25 6
1 25 8
1 25 9
1 25 9
1 25 10
1 25 10
1 25 10
1 25 13
1 25 16
1 25 19
1 25 19
1 25 22
1 25 23
1 25 25
1 25 28
1 25 28
1 25 32
1 25 32
1 25 34
1 25 35
1 25 35
1 25 35
1 25 41
1 25 41
1 25 41
1 25 43
1 25 46
1 25 46
1 25 46
1 25 47
1 25 47
1 25 47
1 26 0
1 26 0
1 26 0
1 26 7
1 26 8
1 26 13
1 26 13
1 26 13
1 26 14
1 26 17
1 26 17
1 26 17
1 26 18
1 26 18
1 26 18
1 26 25
1 26 25
1 26 26
1 26 28
1 26 28
1 26 30
1 26 30
1 26 30
1 26 42
1 26 42
1 26 44
1 26 45
1 26 45
1 26 47
1 26 47
1 26 47
1 26 48
1 26 48
1 26 48
1 27 2
1 27 2
1 27 7
1 27 7
1 27 12
1 27 14
1 27 14
1 27 18
1 27 27
1 27 27
1 27 29
1 27 33
1 27 33
1 27 33
1 27 34
1 27 34
1 27 38
1 27 38
1 27 38
1 27 46
1 27 46
1 27 46
1 27 47
1 27 49
1 28 0
1 28 1
1 28 1
1 28 7
1 28 7
1 28 9
1 28 9
1 28 9
1 28 10
1 28 10
1 28 12
1 28 12
1 28 12
1 28 14
1 28 14
1 28 14
1 28 16
1 28 16
1 28 16
1 28 20
1 28 20
1 28 20
1 28 25
1 28 25
1 28 25
1 28 28
1 28 28
1 28 30
1 28 32
1 28 32
1 28 32
1 28 35
1 28 35
1 28 39
1 28 39
1 28 41
1 28 42
1 28 42
1 28 42
1 28 43
1 28 43
1 28 45
1 29 3
1 29 3
1 29 3
1 29 7
1 29 7
1 29 7
1 29 12
1 29 15
1 29 16
1 29 18
1 29 18
1 29 18
1 29 19
1 29 23
1 29 23
1 29 25
1 29 25
1 29 26
1 29 28
1 29 28
1 29 33
1 29 33
1 29 33
1 29 34
1 29 34
1 29 43
1 29 43
1 29 43
1 30 0
1 30 0
1 30 0
1 30 1
1 30 1
1 30 2
1 30 5
1 30 5
1 30 8
1 30 11
1 30 14
1 30 14
1 30 14
1 30 16
1 30 17
1 30 19
1 30 19
1 30 19
1 30 22
1 30 22
1 30 22
1 30 26
1 30 26
1 30 26
1 30 30
1 30 30
1 30 32
1 30 32
1 30 32
1 30 37
1 30 37
1 30 37
1 30 38
1 30 41
1 30 48
1 30 48
1 30 48
1 30 49
1 31 0
1 31 0
1 31 0
1 31 1
1 31 4
1 31 4
1 31 4
1 31 8
1 31 12
1 31 12
1 31 12
1 31 14
1 31 14
1 31 15
1 31 15
1 31 16
1 31 16
1 31 16
1 31 20
1 31 20
1 31 31
1 31 31
1 31 31
1 31 33
1 31 34
1 31 34
1 31 34
1 31 35
1 31 41
1 31 41
1 31 47
1 31 49
1 31 49
1 31 49
1 32 1
1 32 3
1 32 3
1 32 3
1 32 4
1 32 4
1 32 4
1 32 6
1 32 6
1 32 6
1 32 12
1 32 12
1 32 12
1 32 15
1 32 15
1 32 15
1 32 20
1 32 20
1 32 20
1 32 24
1 32 24
1 32 27
1 32 27
1 32 27
1 32 28
1 32 28
1 32 29
1 32 29
1 32 30
1 32 30
1 32 31
1 32 32
1 32 33
1 32 35
1 32 38
1 32 38
1 32 47
1 32 47
1 32 47
1 32 49
1 32 49
1 33 0
1 33 0
1 33 5
1 33 6
1 33 6
1 33 6
1 33 8
1 33 8
1 33 11
1 33 13
1 33 18
1 33 23
1 33 28
1 33 34
1 33 34
1 33 34
1 33 40
1 33 40
1 33 42
1 33 48
1 33 48
1 33 48
1 33 49
1 33 49
1 33 49
1 34 0
1 34 1
1 34 2
1 34 2
1 34 2
1 34 6
1 34 6
1 34 7
1 34 7
1 34 7
1 34 13
1 34 13
1 34 13
1 34 14
1 34 14
1 34 14
1 34 15
1 34 15
1 34 18
1 34 21
1 34 21
1 34 21
1 34 23
1 34 23
1 34 23
1 34 25
1 34 25
1 34 30
1 34 30
1 34 30
1 34 32
1 34 32
1 34 34
1 34 36
1 34 39
1 34 39
1 34 39
1 34 43
1 34 44
1 34 45
1 34 45
1 34 45
1 35 0
1 35 0
1 35 2
1 35 3
1 35 4
1 35 5
1 35 9
1 35 17
1 35 17
1 35 18
1 35 18
1 35 21
1 35 21
1 35 22
1 35 22
1 35 22
1 35 25
1 35 25
1 35 27
1 35 31
1 35 31
1 35 31
1 35 32
1 35 32
1 35 35
1 35 38
1 35 42
1 35 42
1 35 42
1 35 43
1 35 47
1 35 47
1 35 48
1 35 48
1 36 6
1 36 6
1 36 9
1 36 9
1 36 10
1 36 11
1 36 12
1 36 12
1 36 12
1 36 19
1 36 19
1 36 20
1 36 20
1 36 23
1 36 23
1 36 23
1 36 24
1 36 24
1 36 26
1 36 36
1 36 39
1 36 47
1 36 47
1 37 1
1 37 1
1 37 3
1 37 3
1 37 3
1 37 7
1 37 7
1 37 17
1 37 20
1 37 20
1 37 20
1 37 32
1 37 37
1 37 37
1 37 37
1 37 43
1 37 43
1 37 43
1 37 44
1 37 44
1 37 45
1 37 48
1 38 2
1 38 2
1 38 2
1 38 3
1 38 4
1 38 4
1 38 4
1 38 7
1 38 7
1 38 7
1 38 10
1 38 10
1 38 12
1 38 16
1 38 16
1 38 27
1 38 27
1 38 27
1 38 32
1 38 34
1 38 34
1 38 37
1 38 37
1 38 38
1 38 38
1 38 38
1 38 42
1 38 42
1 38 42
1 38 46
1 39 3
1 39 3
1 39 4
1 39 9
1 39 9
1 39 11
1 39 11
1 39 11
1 39 12
1 39 12
1 39 12
1 39 16
1 39 16
1 39 17
1 39 17
1 39 19
1 39 19
1 39 19
1 39 22
1 39 22
1 39 22
1 39 26
1 39 33
1 39 33
1 39 35
1 39 35
1 39 38
1 39 38
1 39 38
1 39 39
1 39 41
1 39 42
1 39 42
1 39 42
1 39 43
1 39 47
1 40 0
1 40 0
1 40 0
1 40 3
1 40 3
1 40 9
1 40 9
1 40 9
1 40 10
1 40 10
1 40 14
1 40 14
1 40 17
1 40 17
1 40 18
1 40 18
1 40 26
1 40 26
1 40 29
1 40 29
1 40 29
1 40 30
1 40 30
1 40 36
1 40 40
1 40 40
1 40 41
1 40 41
1 40 41
1 40 43
1 40 43
1 40 44
1 40 44
1 40 44
1 40 46
1 40 49
1 41 4
1 41 4
1 41 4
1 41 7
1 41 9
1 41 9
1 41 9
1 41 11
1 41 14
1 41 20
1 41 21
1 41 21
1 41 21
1 41 25
1 41 25
1 41 27
1 41 28
1 41 28
1 41 28
1 41 29
1 41 29
1 41 29
1 41 30
1 41 30
1 41 30
1 41 31
1 41 31
1 41 31
1 41 42
1 41 44
1 41 47
1 41 49
1 41 49
1 42 1
1 42 7
1 42 12
1 42 12
1 42 12
1 42 13
1 42 13
1 42 20
1 42 21
1 42 21
1 42 24
1 42 24
1 42 24
1 42 26
1 42 26
1 42 30
1 42 30
1 42 31
1 42 31
1 42 32
1 42 32
1 42 35
1 42 41
1 42 41
1 42 41
1 42 45
1 42 45
1 42 47
1 42 48
1 43 0
1 43 0
1 43 0
1 43 1
1 43 1
1 43 1
1 43 3
1 43 3
1 43 3
1 43 5
1 43 8
1 43 8
1 43 9
1 43 12
1 43 12
1 43 22
1 43 22
1 43 23
1 43 23
1 43 24
1 43 27
1 43 27
1 43 27
1 43 28
1 43 28
1 43 29
1 43 29
1 43 31
1 43 47
1 43 47
1 43 47
1 43 49
1 43 49
1 43 49
1 44 6
1 44 9
1 44 9
1 44 9
1 44 10
1 44 10
1 44 14
1 44 17
1 44 21
1 44 23
1 44 30
1 44 30
1 44 33
1 44 33
1 44 33
1 44 35
1 44 36
1 44 36
1 44 36
1 44 37
1 44 39
1 44 40
1 44 40
1 44 40
1 44 42
1 44 42
1 44 42
1 44 45
1 44 45
1 44 47
1 44 47
1 44 47
1 45 3
1 45 3
1 45 4
1 45 9
1 45 15
1 45 15
1 45 15
1 45 16
1 45 17
1 45 19
1 45 19
1 45 19
1 45 25
1 45 25
1 45 29
1 45 32
1 45 32
1 45 34
1 45 37
1 45 39
1 45 39
1 45 41
1 45 42
1 46 1
1 46 1
1 46 1
1 46 3
1 46 3
1 46 3
1 46 4
1 46 4
1 46 5
1 46 5
1 46 5
1 46 10
1 46 10
1 46 14
1 46 18
1 46 18
1 46 21
1 46 28
1 46 28
1 46 28
1 46 30
1 46 30
1 46 31
1 46 31
1 46 31
1 46 32
1 46 32
1 46 32
1 46 37
1 46 37
1 46 37
1 46 39
1 46 39
1 46 39
1 46 44
1 46 49
1 47 0
1 47 1
1 47 1
1 47 7
1 47 7
1 47 7
1 47 8
1 47 9
1 47 9
1 47 9
1 47 10
1 47 12
1 47 25
1 47 25
1 47 29
1 47 31
1 47 31
1 47 33
1 47 33
1 47 39
1 47 39
1 47 39
1 47 43
1 47 43
1 47 43
1 47 45
1 47 45
1 47 47
1 47 47
1 47 47
1 47 48
1 48 0
1 48 3
1 48 3
1 48 4
1 48 14
1 48 14
1 48 17
1 48 23
1 48 23
1 48 23
1 48 27
1 48 27
1 48 27
1 48 28
1 48 29
1 48 31
1 48 31
1 48 31
1 48 33
1 48 36
1 48 36
1 48 36
1 48 38
1 48 38
1 48 38
1 48 46
1 48 46
1 48 46
1 49 0
1 49 3
1 49 4
1 49 5
1 49 5
1 49 7
1 49 7
1 49 8
1 49 8
1 49 9
1 49 10
1 49 15
1 49 15
1 49 17
1 49 17
1 49 20
1 49 21
1 49 21
1 49 21
1 49 25
1 49 25
1 49 25
1 49 29
1 49 29
1 49 29
1 49 37
1 49 37
1 49 38
1 49 38
1 49 40
1 49 40
1 49 43
1 49 46
1 49 46
1 49 46
1 49 48
1 49 48
1 49 48
2 0 1
2 0 4
2 0 37
2 0 41
2 1 29
2 1 34
2 2 10
2 2 14
2 2 23
2 2 44
2 5 11
2 5 25
2 6 17
2 6 32
2 6 44
2 7 2
2 9 6
2 9 14
2 9 28
2 10 0
2 10 37
2 10 45
2 11 8
2 11 29
2 12 19
2 13 28
2 13 35
2 14 40
2 15 45
2 15 48
2 17 14
2 17 22
2 18 47
2 19 0
2 19 28
2 20 5
2 20 15
2 20 38
2 22 29
2 24 43
2 25 8
2 25 25
2 26 0
2 27 41
2 28 30
2 29 3
2 30 0
2 30 48
2 32 11
2 33 0
2 33 18
2 34 20
2 34 25
2 34 43
2 35 9
2 35 35
2 35 46
2 37 7
2 38 2
2 38 15
2 39 5
2 39 9
2 40 13
2 40 20
2 40 29
2 42 1
2 42 5
2 42 15
2 43 8
2 43 22
2 43 27
2 44 30
2 44 35
2 44 39
2 45 3
2 46 8
2 48 3
2 49 7
