1 0 3
1 0 3
1 0 3
1 0 9
1 0 11
1 0 11
1 0 11
1 0 12
1 0 14
1 0 14
1 0 15
1 0 16
1 0 17
1 0 21
1 0 21
1 0 23
1 0 23
1 0 24
1 0 24
1 0 26
1 0 30
1 0 31
1 0 31
1 0 31
1 0 34
1 0 34
1 0 34
1 0 38
1 0 38
1 0 38
1 0 44
1 0 44
1 0 45
1 0 45
1 0 45
1 0 48
1 0 48
1 1 3
1 1 5
1 1 5
1 1 7
1 1 7
1 1 7
1 1 8
1 1 8
1 1 9
1 1 9
1 1 14
1 1 14
1 1 16
1 1 16
1 1 17
1 1 18
1 1 19
1 1 19
1 1 21
1 1 21
1 1 21
1 1 28
1 1 28
1 1 38
1 1 39
1 1 39
1 1 39
1 1 43
1 1 43
1 1 43
1 1 45
1 1 45
1 1 49
1 1 49
1 1 49
1 2 1
1 2 1
1 2 2
1 2 2
1 2 5
1 2 5
1 2 5
1 2 7
1 2 7
1 2 13
1 2 13
1 2 13
1 2 20
1 2 20
1 2 20
1 2 21
1 2 22
1 2 22
1 2 22
1 2 24
1 2 25
1 2 28
1 2 31
1 2 31
1 2 31
1 2 37
1 2 38
1 2 38
1 2 39
1 2 39
1 2 43
1 2 43
1 2 43
1 2 45
1 2 45
1 2 45
1 2 47
1 2 47
1 2 48
1 2 48
1 3 4
1 3 5
1 3 5
1 3 5
1 3 6
1 3 6
1 3 7
1 3 7
1 3 7
1 3 9
1 3 9
1 3 10
1 3 10
1 3 10
1 3 12
1 3 16
1 3 18
1 3 18
1 3 18
1 3 19
1 3 23
1 3 24
1 3 24
1 3 28
1 3 28
1 3 28
1 3 35
1 3 35
1 3 37
1 3 37
1 3 39
1 3 39
1 3 43
1 3 43
1 3 43
1 3 44
1 3 44
1 3 44
1 3 47
1 3 49
1 4 1
1 4 1
1 4 6
1 4 9
1 4 9
1 4 9
1 4 11
1 4 11
1 4 11
1 4 12
1 4 12
1 4 12
1 4 16
1 4 24
1 4 24
1 4 24
1 4 26
1 4 26
1 4 26
1 4 29
1 4 29
1 4 30
1 4 30
1 4 33
1 4 33
1 4 35
1 4 39
1 4 39
1 4 44
1 5 0
1 5 0
1 5 1
1 5 1
1 5 1
1 5 5
1 5 15
1 5 15
1 5 17
1 5 17
1 5 19
1 5 19
1 5 19
1 5 21
1 5 21
1 5 21
1 5 22
1 5 22
1 5 25
1 5 26
1 5 28
1 5 30
1 5 30
1 5 30
1 5 35
1 5 35
1 5 35
1 5 38
1 5 38
1 5 39
1 5 39
1 5 41
1 5 41
1 5 41
1 5 42
1 5 42
1 5 46
1 5 47
1 5 47
1 5 48
1 5 48
1 6 0
1 6 0
1 6 0
1 6 4
1 6 4
1 6 6
1 6 6
1 6 7
1 6 8
1 6 8
1 6 8
1 6 11
1 6 11
1 6 12
1 6 13
1 6 17
1 6 17
1 6 19
1 6 22
1 6 23
1 6 23
1 6 25
1 6 39
1 6 46
1 6 46
1 6 46
1 6 47
1 7 1
1 7 4
1 7 4
1 7 6
1 7 6
1 7 7
1 7 7
1 7 12
1 7 15
1 7 18
1 7 18
1 7 18
1 7 21
1 7 21
1 7 22
1 7 23
1 7 24
1 7 24
1 7 30
1 7 30
1 7 37
1 7 37
1 7 37
1 7 38
1 7 38
1 7 39
1 7 39
1 7 40
1 7 42
1 7 42
1 7 42
1 7 47
1 7 47
1 7 47
1 7 49
1 7 49
1 7 49
1 8 4
1 8 4
1 8 5
1 8 5
1 8 7
1 8 7
1 8 8
1 8 9
1 8 9
1 8 15
1 8 15
1 8 20
1 8 23
1 8 25
1 8 27
1 8 27
1 8 27
1 8 30
1 8 30
1 8 32
1 8 32
1 8 32
1 8 37
1 8 37
1 8 37
1 8 38
1 8 41
1 8 42
1 9 0
1 9 0
1 9 1
1 9 1
1 9 1
1 9 3
1 9 6
1 9 7
1 9 7
1 9 12
1 9 12
1 9 12
1 9 13
1 9 13
1 9 13
1 9 14
1 9 15
1 9 15
1 9 17
1 9 24
1 9 24
1 9 31
1 9 31
1 9 31
1 9 33
1 9 35
1 9 37
1 9 39
1 9 39
1 9 39
1 9 40
1 9 40
1 9 40
1 9 47
1 9 47
1 9 47
1 10 1
1 10 1
1 10 6
1 10 6
1 10 6
1 10 7
1 10 7
1 10 9
1 10 9
1 10 9
1 10 10
1 10 10
1 10 10
1 10 13
1 10 13
1 10 13
1 10 15
1 10 16
1 10 18
1 10 18
1 10 21
1 10 21
1 10 22
1 10 24
1 10 28
1 10 28
1 10 29
1 10 30
1 10 30
1 10 30
1 10 32
1 10 32
1 10 32
1 10 33
1 10 33
1 10 39
1 10 42
1 10 42
1 10 45
1 10 45
1 10 46
1 10 49
1 11 0
1 11 0
1 11 0
1 11 2
1 11 4
1 11 6
1 11 6
1 11 6
1 11 7
1 11 7
1 11 8
1 11 8
1 11 11
1 11 11
1 11 11
1 11 12
1 11 12
1 11 15
1 11 15
1 11 16
1 11 19
1 11 19
1 11 19
1 11 21
1 11 21
1 11 21
1 11 25
1 11 25
1 11 25
1 11 27
1 11 27
1 11 27
1 11 29
1 11 31
1 12 1
1 12 5
1 12 5
1 12 5
1 12 6
1 12 12
1 12 12
1 12 14
1 12 14
1 12 14
1 12 18
1 12 18
1 12 19
1 12 19
1 12 21
1 12 24
1 12 24
1 12 24
1 12 25
1 12 27
1 12 27
1 12 29
1 12 29
1 12 29
1 12 33
1 12 33
1 12 33
1 12 34
1 12 34
1 12 35
1 12 35
1 12 37
1 12 41
1 12 41
1 12 47
1 12 47
1 12 48
1 12 48
1 13 4
1 13 4
1 13 11
1 13 15
1 13 15
1 13 17
1 13 20
1 13 20
1 13 20
1 13 22
1 13 22
1 13 24
1 13 30
1 13 32
1 13 32
1 13 34
1 13 34
1 13 42
1 13 42
1 13 47
1 13 47
1 14 4
1 14 4
1 14 4
1 14 7
1 14 7
1 14 14
1 14 14
1 14 14
1 14 16
1 14 16
1 14 21
1 14 24
1 14 24
1 14 24
1 14 25
1 14 29
1 14 36
1 14 37
1 14 37
1 14 37
1 14 41
1 14 41
1 14 42
1 14 42
1 14 43
1 14 48
1 14 48
1 14 48
1 15 5
1 15 6
1 15 10
1 15 10
1 15 10
1 15 17
1 15 20
1 15 27
1 15 27
1 15 27
1 15 33
1 15 34
1 15 36
1 15 36
1 15 36
1 15 40
1 15 40
1 15 42
1 15 42
1 15 42
1 15 43
1 15 43
1 15 48
1 15 48
1 15 49
1 15 49
1 16 0
1 16 4
1 16 4
1 16 5
1 16 8
1 16 8
1 16 8
1 16 12
1 16 15
1 16 15
1 16 17
1 16 17
1 16 18
1 16 18
1 16 19
1 16 19
1 16 19
1 16 22
1 16 22
1 16 22
1 16 24
1 16 28
1 16 28
1 16 31
1 16 31
1 16 31
1 16 32
1 16 32
1 16 32
1 16 40
1 16 40
1 16 41
1 16 42
1 16 42
1 16 43
1 16 44
1 16 49
1 17 1
1 17 2
1 17 6
1 17 6
1 17 10
1 17 10
1 17 10
1 17 15
1 17 15
1 17 15
1 17 16
1 17 17
1 17 17
1 17 24
1 17 24
1 17 24
1 17 31
1 17 31
1 17 31
1 17 33
1 17 33
1 17 33
1 17 34
1 17 35
1 17 35
1 17 39
1 17 44
1 17 47
1 17 48
1 17 48
1 18 1
1 18 1
1 18 1
1 18 2
1 18 3
1 18 6
1 18 6
1 18 6
1 18 8
1 18 8
1 18 8
1 18 11
1 18 11
1 18 11
1 18 14
1 18 15
1 18 16
1 18 16
1 18 22
1 18 26
1 18 26
1 18 27
1 18 27
1 18 27
1 18 28
1 18 28
1 18 30
1 18 30
1 18 30
1 18 35
1 18 37
1 18 37
1 18 41
1 18 41
1 18 41
1 18 46
1 18 46
1 19 0
1 19 0
1 19 3
1 19 3
1 19 4
1 19 19
1 19 19
1 19 19
1 19 23
1 19 23
1 19 23
1 19 25
1 19 26
1 19 31
1 19 31
1 19 31
1 19 38
1 19 43
1 19 43
1 19 43
1 19 46
1 19 48
1 19 49
1 19 49
1 20 1
1 20 6
1 20 9
1 20 9
1 20 9
1 20 10
1 20 14
1 20 14
1 20 14
1 20 17
1 20 17
1 20 17
1 20 20
1 20 20
1 20 20
1 20 22
1 20 31
1 20 32
1 20 33
1 20 33
1 20 33
1 20 40
1 20 40
1 20 41
1 20 41
1 20 45
1 20 45
1 20 45
1 20 46
1 20 47
1 20 47
1 20 47
1 20 48
1 20 48
1 21 1
1 21 1
1 21 1
1 21 8
1 21 8
1 21 11
1 21 11
1 21 11
1 21 15
1 21 15
1 21 15
1 21 22
1 21 29
1 21 29
1 21 29
1 21 34
1 21 34
1 21 34
1 21 37
1 21 38
1 21 38
1 21 38
1 21 40
1 22 0
1 22 0
1 22 0
1 22 2
1 22 2
1 22 4
1 22 4
1 22 4
1 22 6
1 22 6
1 22 6
1 22 7
1 22 7
1 22 11
1 22 13
1 22 13
1 22 14
1 22 14
1 22 17
1 22 17
1 22 17
1 22 19
1 22 19
1 22 19
1 22 21
1 22 21
1 22 21
1 22 24
1 22 25
1 22 25
1 22 31
1 22 34
1 22 37
1 22 37
1 22 40
1 22 40
1 22 42
1 22 42
1 22 46
1 22 47
1 22 49
1 22 49
1 22 49
1 23 2
1 23 6
1 23 6
1 23 11
1 23 17
1 23 17
1 23 19
1 23 19
1 23 22
1 23 22
1 23 22
1 23 23
1 23 23
1 23 23
1 23 24
1 23 29
1 23 29
1 23 29
1 23 35
1 23 35
1 23 37
1 23 37
1 23 41
1 23 42
1 23 42
1 23 43
1 23 45
1 23 45
1 23 45
1 24 0
1 24 0
1 24 2
1 24 4
1 24 4
1 24 7
1 24 8
1 24 8
1 24 13
1 24 14
1 24 15
1 24 15
1 24 17
1 24 17
1 24 17
1 24 20
1 24 27
1 24 27
1 24 27
1 24 30
1 24 30
1 24 31
1 24 31
1 24 31
1 24 32
1 24 33
1 24 33
1 24 45
1 24 45
1 24 47
1 24 48
1 24 48
1 25 1
1 25 3
1 25 3
1 25 3
1 25 4
1 25 6
1 25 6
1 25 9
1 25 9
1 25 10
1 25 10
1 25 12
1 25 12
1 25 12
1 25 13
1 25 15
1 25 20
1 25 20
1 25 23
1 25 23
1 25 27
1 25 27
1 25 27
1 25 28
1 25 28
1 25 35
1 25 47
1 26 5
1 26 6
1 26 6
1 26 7
1 26 7
1 26 7
1 26 8
1 26 8
1 26 15
1 26 16
1 26 16
1 26 16
1 26 26
1 26 26
1 26 26
1 26 30
1 26 39
1 26 39
1 26 39
1 26 40
1 26 49
1 26 49
1 26 49
1 27 3
1 27 3
1 27 11
1 27 11
1 27 13
1 27 13
1 27 16
1 27 16
1 27 24
1 27 29
1 27 29
1 27 35
1 27 37
1 27 37
1 27 39
1 27 46
1 28 3
1 28 5
1 28 11
1 28 11
1 28 11
1 28 16
1 28 16
1 28 21
1 28 21
1 28 21
1 28 25
1 28 42
1 28 42
1 28 46
1 28 46
1 29 1
1 29 4
1 29 6
1 29 12
1 29 12
1 29 19
1 29 19
1 29 19
1 29 21
1 29 23
1 29 23
1 29 23
1 29 32
1 29 32
1 29 33
1 29 33
1 29 36
1 29 36
1 29 36
1 29 43
1 29 48
1 29 48
1 30 0
1 30 0
1 30 0
1 30 1
1 30 3
1 30 3
1 30 5
1 30 5
1 30 5
1 30 8
1 30 8
1 30 8
1 30 11
1 30 11
1 30 11
1 30 15
1 30 15
1 30 15
1 30 18
1 30 18
1 30 19
1 30 19
1 30 21
1 30 32
1 30 32
1 30 32
1 30 34
1 30 34
1 30 37
1 30 38
1 30 38
1 30 38
1 30 41
1 30 45
1 30 45
1 30 46
1 31 3
1 31 3
1 31 4
1 31 4
1 31 4
1 31 5
1 31 9
1 31 11
1 31 11
1 31 17
1 31 17
1 31 21
1 31 22
1 31 26
1 31 27
1 31 27
1 31 29
1 31 29
1 31 29
1 31 33
1 31 35
1 31 38
1 31 38
1 31 41
1 31 47
1 31 47
1 31 48
1 32 0
1 32 0
1 32 3
1 32 5
1 32 6
1 32 6
1 32 9
1 32 14
1 32 14
1 32 18
1 32 21
1 32 21
1 32 23
1 32 23
1 32 26
1 32 26
1 32 26
1 32 27
1 32 29
1 32 29
1 32 35
1 32 39
1 32 39
1 32 39
1 32 41
1 32 41
1 32 41
1 32 43
1 32 44
1 32 44
1 32 46
1 32 46
1 32 48
1 32 49
1 32 49
1 32 49
1 33 3
1 33 5
1 33 5
1 33 12
1 33 15
1 33 15
1 33 18
1 33 21
1 33 21
1 33 24
1 33 25
1 33 25
1 33 27
1 33 27
1 33 32
1 33 32
1 33 35
1 33 35
1 33 35
1 33 37
1 33 37
1 33 43
1 33 47
1 33 47
1 33 47
1 34 2
1 34 3
1 34 3
1 34 7
1 34 8
1 34 8
1 34 8
1 34 9
1 34 9
1 34 15
1 34 15
1 34 15
1 34 16
1 34 17
1 34 17
1 34 18
1 34 20
1 34 20
1 34 20
1 34 23
1 34 26
1 34 26
1 34 26
1 34 33
1 34 33
1 34 33
1 34 35
1 34 35
1 34 37
1 34 37
1 34 38
1 34 42
1 34 42
1 34 45
1 34 45
1 34 45
1 34 46
1 34 47
1 34 47
1 34 47
1 35 0
1 35 0
1 35 0
1 35 1
1 35 1
1 35 1
1 35 4
1 35 4
1 35 4
1 35 5
1 35 7
1 35 10
1 35 10
1 35 16
1 35 16
1 35 18
1 35 18
1 35 18
1 35 21
1 35 21
1 35 21
1 35 22
1 35 22
1 35 22
1 35 27
1 35 27
1 35 27
1 35 29
1 35 29
1 35 29
1 35 30
1 35 30
1 35 37
1 35 40
1 35 43
1 35 43
1 35 43
1 36 3
1 36 3
1 36 3
1 36 4
1 36 4
1 36 6
1 36 10
1 36 10
1 36 10
1 36 11
1 36 11
1 36 11
1 36 12
1 36 12
1 36 12
1 36 13
1 36 13
1 36 13
1 36 15
1 36 15
1 36 19
1 36 20
1 36 20
1 36 20
1 36 25
1 36 25
1 36 29
1 36 29
1 36 32
1 36 39
1 36 39
1 36 42
1 36 42
1 36 42
1 36 43
1 36 43
1 36 44
1 36 44
1 36 48
1 37 0
1 37 0
1 37 3
1 37 3
1 37 3
1 37 5
1 37 5
1 37 5
1 37 10
1 37 10
1 37 10
1 37 11
1 37 11
1 37 11
1 37 18
1 37 18
1 37 20
1 37 27
1 37 29
1 37 29
1 37 30
1 37 30
1 37 30
1 37 35
1 37 35
1 37 36
1 37 36
1 37 37
1 37 42
1 37 42
1 37 43
1 37 43
1 37 45
1 37 46
1 37 47
1 37 47
1 37 47
1 38 0
1 38 0
1 38 3
1 38 3
1 38 6
1 38 6
1 38 8
1 38 9
1 38 9
1 38 9
1 38 10
1 38 10
1 38 11
1 38 11
1 38 13
1 38 13
1 38 13
1 38 18
1 38 26
1 38 26
1 38 26
1 38 27
1 38 27
1 38 32
1 38 32
1 38 32
1 38 33
1 38 39
1 38 39
1 38 39
1 38 44
1 38 44
1 38 44
1 38 47
1 39 3
1 39 7
1 39 7
1 39 11
1 39 11
1 39 11
1 39 14
1 39 20
1 39 20
1 39 20
1 39 25
1 39 25
1 39 25
1 39 26
1 39 26
1 39 26
1 39 28
1 39 28
1 39 33
1 39 33
1 39 35
1 39 35
1 39 35
1 39 37
1 39 37
1 39 37
1 39 38
1 39 38
1 39 38
1 39 39
1 39 45
1 39 45
1 39 45
1 39 46
1 39 46
1 40 0
1 40 0
1 40 0
1 40 3
1 40 3
1 40 3
1 40 6
1 40 6
1 40 18
1 40 18
1 40 19
1 40 19
1 40 20
1 40 20
1 40 22
1 40 22
1 40 31
1 40 31
1 40 31
1 40 33
1 40 33
1 40 33
1 40 45
1 40 45
1 41 1
1 41 1
1 41 1
1 41 2
1 41 2
1 41 3
1 41 4
1 41 4
1 41 4
1 41 7
1 41 9
1 41 11
1 41 12
1 41 13
1 41 13
1 41 14
1 41 14
1 41 15
1 41 15
1 41 15
1 41 16
1 41 17
1 41 18
1 41 21
1 41 23
1 41 23
1 41 23
1 41 24
1 41 24
1 41 26
1 41 26
1 41 26
1 41 32
1 41 32
1 41 36
1 41 36
1 41 37
1 41 37
1 41 38
1 41 38
1 41 40
1 41 40
1 41 43
1 41 43
1 41 47
1 41 47
1 41 47
1 41 49
1 41 49
1 41 49
1 42 0
1 42 1
1 42 1
1 42 4
1 42 7
1 42 7
1 42 7
1 42 11
1 42 12
1 42 13
1 42 13
1 42 13
1 42 18
1 42 18
1 42 21
1 42 21
1 42 21
1 42 22
1 42 22
1 42 25
1 42 26
1 42 26
1 42 27
1 42 30
1 42 30
1 42 30
1 42 33
1 42 37
1 42 38
1 42 42
1 42 42
1 42 42
1 42 45
1 42 45
1 42 45
1 42 46
1 42 46
1 42 48
1 42 49
1 42 49
1 42 49
1 43 0
1 43 0
1 43 1
1 43 1
1 43 1
1 43 5
1 43 11
1 43 11
1 43 11
1 43 25
1 43 25
1 43 26
1 43 26
1 43 26
1 43 30
1 43 30
1 43 32
1 43 33
1 43 33
1 43 35
1 43 35
1 43 35
1 43 38
1 43 43
1 43 45
1 43 45
1 43 45
1 43 47
1 43 48
1 43 48
1 44 6
1 44 6
1 44 7
1 44 7
1 44 7
1 44 9
1 44 9
1 44 9
1 44 13
1 44 17
1 44 31
1 44 31
1 44 31
1 44 40
1 44 40
1 44 41
1 44 41
1 44 41
1 44 42
1 44 45
1 44 46
1 44 47
1 44 47
1 44 49
1 45 1
1 45 1
1 45 1
1 45 3
1 45 3
1 45 3
1 45 4
1 45 4
1 45 4
1 45 6
1 45 6
1 45 9
1 45 9
1 45 9
1 45 11
1 45 11
1 45 11
1 45 22
1 45 22
1 45 26
1 45 26
1 45 26
1 45 28
1 45 28
1 45 30
1 45 30
1 45 30
1 45 32
1 45 32
1 45 34
1 45 38
1 45 38
1 45 42
1 45 42
1 45 44
1 45 46
1 45 48
1 45 48
1 45 48
1 45 49
1 45 49
1 45 49
1 46 3
1 46 4
1 46 4
1 46 4
1 46 7
1 46 7
1 46 15
1 46 15
1 46 17
1 46 17
1 46 23
1 46 23
1 46 24
1 46 24
1 46 24
1 46 29
1 46 29
1 46 31
1 46 33
1 46 33
1 46 36
1 46 37
1 46 37
1 46 38
1 46 39
1 46 39
1 46 39
1 46 40
1 46 40
1 46 40
1 46 41
1 46 41
1 46 46
1 46 46
1 47 2
1 47 2
1 47 3
1 47 3
1 47 4
1 47 5
1 47 7
1 47 7
1 47 7
1 47 8
1 47 8
1 47 8
1 47 9
1 47 9
1 47 11
1 47 11
1 47 18
1 47 18
1 47 19
1 47 20
1 47 22
1 47 22
1 47 23
1 47 23
1 47 26
1 47 27
1 47 27
1 47 27
1 47 28
1 47 28
1 47 28
1 47 38
1 47 44
1 47 44
1 47 46
1 48 0
1 48 0
1 48 4
1 48 4
1 48 6
1 48 6
1 48 6
1 48 11
1 48 18
1 48 18
1 48 20
1 48 22
1 48 22
1 48 22
1 48 23
1 48 23
1 48 24
1 48 32
1 48 32
1 48 32
1 48 33
1 48 33
1 48 33
1 48 35
1 48 35
1 48 38
1 48 43
1 48 45
1 48 45
1 48 46
1 48 46
1 49 2
1 49 3
1 49 5
1 49 5
1 49 5
1 49 6
1 49 11
1 49 11
1 49 11
1 49 13
1 49 15
1 49 15
1 49 15
1 49 17
1 49 17
1 49 17
1 49 19
1 49 19
1 49 20
1 49 20
1 49 20
1 49 25
1 49 25
1 49 28
1 49 29
1 49 35
1 49 35
1 49 35
1 49 43
1 49 43
1 49 43
1 49 46
1 49 46
1 49 46
1 49 49
1 49 49
2 0 3
2 0 14
2 0 23
2 0 38
2 0 43
2 1 35
2 2 47
2 3 30
2 5 0
2 5 19
2 5 25
2 5 46
2 6 11
2 9 0
2 9 45
2 10 9
2 11 34
2 12 37
2 12 47
2 13 42
2 14 48
2 15 2
2 15 10
2 15 23
2 16 30
2 17 33
2 18 26
2 18 46
2 19 31
2 20 20
2 20 40
2 21 13
2 22 2
2 22 4
2 22 23
2 22 42
2 24 4
2 24 47
2 25 6
2 25 39
2 27 46
2 28 21
2 28 31
2 29 1
2 30 29
2 30 41
2 31 9
2 31 26
2 31 35
2 31 47
2 32 43
2 33 15
2 33 37
2 34 41
2 34 45
2 35 4
2 35 10
2 35 27
2 37 45
2 39 45
2 40 6
2 41 36
2 41 46
2 42 10
2 42 25
2 44 9
2 44 17
2 44 40
2 45 1
2 46 7
2 46 36
2 48 31
