1 0 4
1 0 6
1 0 6
1 0 8
1 0 8
1 0 9
1 0 9
1 0 9
1 0 11
1 0 13
1 0 13
1 0 13
1 0 16
1 0 16
1 0 16
1 0 21
1 0 21
1 0 22
1 0 22
1 0 23
1 0 23
1 0 23
1 0 27
1 0 27
1 0 27
1 0 37
1 0 37
1 0 40
1 0 40
1 0 40
1 0 41
1 0 41
1 0 41
1 0 48
1 0 48
1 0 48
1 0 49
1 0 49
1 1 1
1 1 3
1 1 3
1 1 6
1 1 6
1 1 6
1 1 14
1 1 14
1 1 18
1 1 18
1 1 19
1 1 19
1 1 21
1 1 21
1 1 21
1 1 23
1 1 23
1 1 27
1 1 27
1 1 27
1 1 28
1 1 30
1 1 30
1 1 30
1 1 35
1 1 35
1 1 36
1 1 36
1 1 36
1 1 38
1 1 38
1 1 38
1 2 3
1 2 3
1 2 3
1 2 4
1 2 4
1 2 4
1 2 6
1 2 6
1 2 6
1 2 10
1 2 10
1 2 10
1 2 12
1 2 12
1 2 12
1 2 14
1 2 14
1 2 15
1 2 15
1 2 15
1 2 19
1 2 20
1 2 22
1 2 23
1 2 27
1 2 29
1 2 29
1 2 35
1 2 35
1 2 38
1 2 38
1 2 38
1 2 39
1 2 40
1 2 40
1 2 40
1 2 41
1 2 41
1 2 41
1 2 42
1 2 46
1 2 46
1 2 46
1 2 47
1 2 47
1 2 48
1 2 48
1 2 48
1 3 1
1 3 1
1 3 2
1 3 5
1 3 5
1 3 5
1 3 7
1 3 8
1 3 8
1 3 9
1 3 9
1 3 10
1 3 10
1 3 10
1 3 12
1 3 12
1 3 14
1 3 14
1 3 17
1 3 17
1 3 21
1 3 27
1 3 27
1 3 30
1 3 31
1 3 31
1 3 31
1 3 32
1 3 32
1 3 35
1 3 38
1 3 38
1 3 38
1 3 42
1 3 42
1 3 42
1 3 48
1 3 48
1 3 49
1 3 49
1 4 2
1 4 3
1 4 3
1 4 8
1 4 10
1 4 10
1 4 10
1 4 13
1 4 16
1 4 16
1 4 17
1 4 19
1 4 19
1 4 24
1 4 24
1 4 26
1 4 26
1 4 26
1 4 28
1 4 28
1 4 37
1 4 39
1 4 39
1 4 42
1 4 42
1 4 42
1 4 46
1 4 47
1 4 47
1 4 47
1 5 0
1 5 0
1 5 1
1 5 1
1 5 1
1 5 5
1 5 7
1 5 11
1 5 12
1 5 13
1 5 13
1 5 15
1 5 18
1 5 18
1 5 20
1 5 21
1 5 21
1 5 22
1 5 23
1 5 23
1 5 23
1 5 24
1 5 24
1 5 24
1 5 28
1 5 28
1 5 30
1 5 30
1 5 33
1 5 34
1 5 35
1 5 36
1 5 39
1 5 39
1 5 39
1 5 41
1 5 41
1 5 41
1 5 43
1 5 44
1 5 47
1 5 47
1 5 47
1 5 48
1 5 48
1 6 0
1 6 4
1 6 4
1 6 4
1 6 5
1 6 5
1 6 12
1 6 12
1 6 12
1 6 15
1 6 15
1 6 21
1 6 21
1 6 23
1 6 23
1 6 24
1 6 24
1 6 29
1 6 29
1 6 29
1 6 30
1 6 30
1 6 31
1 6 31
1 6 31
1 6 33
1 6 33
1 6 34
1 6 37
1 6 38
1 6 39
1 6 39
1 6 41
1 6 41
1 6 45
1 6 45
1 6 46
1 6 46
1 6 46
1 6 47
1 6 47
1 6 47
1 7 5
1 7 5
1 7 5
1 7 6
1 7 6
1 7 11
1 7 11
1 7 11
1 7 12
1 7 12
1 7 19
1 7 19
1 7 19
1 7 20
1 7 22
1 7 24
1 7 24
1 7 29
1 7 38
1 7 38
1 7 38
1 7 40
1 7 44
1 7 45
1 7 45
1 7 45
1 7 46
1 7 46
1 8 1
1 8 1
1 8 1
1 8 4
1 8 4
1 8 9
1 8 9
1 8 9
1 8 21
1 8 21
1 8 21
1 8 23
1 8 25
1 8 25
1 8 26
1 8 26
1 8 26
1 8 27
1 8 27
1 8 27
1 8 31
1 8 31
1 8 33
1 8 41
1 8 41
1 8 43
1 8 43
1 8 43
1 8 44
1 8 44
1 8 47
1 8 47
1 8 48
1 8 48
1 9 1
1 9 1
1 9 4
1 9 5
1 9 5
1 9 10
1 9 10
1 9 10
1 9 16
1 9 16
1 9 29
1 9 29
1 9 30
1 9 30
1 9 33
1 9 33
1 9 33
1 9 36
1 9 36
1 9 36
1 9 39
1 9 39
1 9 39
1 9 40
1 9 42
1 9 42
1 9 44
1 9 44
1 9 46
1 9 46
1 9 47
1 9 49
1 9 49
1 10 0
1 10 0
1 10 4
1 10 5
1 10 5
1 10 5
1 10 14
1 10 14
1 10 15
1 10 19
1 10 19
1 10 19
1 10 22
1 10 22
1 10 22
1 10 23
1 10 24
1 10 24
1 10 24
1 10 25
1 10 25
1 10 25
1 10 26
1 10 26
1 10 26
1 10 27
1 10 28
1 10 28
1 10 30
1 10 30
1 10 30
1 10 32
1 10 33
1 10 33
1 10 33
1 10 36
1 10 38
1 10 38
1 10 38
1 10 44
1 10 44
1 10 47
1 10 48
1 10 49
1 10 49
1 11 2
1 11 2
1 11 2
1 11 4
1 11 5
1 11 5
1 11 5
1 11 6
1 11 6
1 11 6
1 11 13
1 11 14
1 11 14
1 11 15
1 11 15
1 11 15
1 11 19
1 11 21
1 11 21
1 11 26
1 11 28
1 11 28
1 11 29
1 11 29
1 11 29
1 11 30
1 11 34
1 11 34
1 11 34
1 11 37
1 11 37
1 11 37
1 11 44
1 11 44
1 11 44
1 11 45
1 11 47
1 12 1
1 12 1
1 12 1
1 12 2
1 12 2
1 12 2
1 12 8
1 12 8
1 12 8
1 12 13
1 12 13
1 12 16
1 12 20
1 12 20
1 12 20
1 12 23
1 12 23
1 12 24
1 12 26
1 12 26
1 12 35
1 12 35
1 12 35
1 12 37
1 12 44
1 12 44
1 12 48
1 12 48
1 13 1
1 13 4
1 13 4
1 13 4
1 13 5
1 13 5
1 13 6
1 13 10
1 13 10
1 13 10
1 13 16
1 13 18
1 13 18
1 13 25
1 13 25
1 13 27
1 13 27
1 13 28
1 13 29
1 13 29
1 13 29
1 13 30
1 13 30
1 13 31
1 13 31
1 13 32
1 13 33
1 13 36
1 13 38
1 13 39
1 13 42
1 13 43
1 13 44
1 13 45
1 13 47
1 13 47
1 13 47
1 13 49
1 13 49
1 14 1
1 14 4
1 14 4
1 14 4
1 14 5
1 14 5
1 14 6
1 14 10
1 14 11
1 14 11
1 14 11
1 14 13
1 14 13
1 14 15
1 14 15
1 14 15
1 14 17
1 14 17
1 14 17
1 14 18
1 14 18
1 14 20
1 14 20
1 14 20
1 14 21
1 14 21
1 14 21
1 14 29
1 14 29
1 14 31
1 14 31
1 14 31
1 14 32
1 14 32
1 14 36
1 14 36
1 14 36
1 14 39
1 14 40
1 14 45
1 14 45
1 14 47
1 14 49
1 15 4
1 15 6
1 15 7
1 15 8
1 15 8
1 15 8
1 15 14
1 15 14
1 15 18
1 15 18
1 15 18
1 15 20
1 15 22
1 15 22
1 15 25
1 15 25
1 15 25
1 15 26
1 15 26
1 15 26
1 15 28
1 15 28
1 15 31
1 15 36
1 15 42
1 15 42
1 15 44
1 15 44
1 16 3
1 16 3
1 16 4
1 16 4
1 16 4
1 16 8
1 16 8
1 16 9
1 16 9
1 16 15
1 16 15
1 16 15
1 16 16
1 16 17
1 16 22
1 16 26
1 16 26
1 16 38
1 16 38
1 16 39
1 16 39
1 16 39
1 16 44
1 16 44
1 16 46
1 16 46
1 16 46
1 17 0
1 17 2
1 17 2
1 17 3
1 17 8
1 17 10
1 17 10
1 17 10
1 17 12
1 17 13
1 17 13
1 17 16
1 17 16
1 17 19
1 17 23
1 17 24
1 17 24
1 17 26
1 17 27
1 17 31
1 17 42
1 17 42
1 17 42
1 17 43
1 17 43
1 17 43
1 17 47
1 17 47
1 17 47
1 18 2
1 18 2
1 18 3
1 18 3
1 18 7
1 18 7
1 18 9
1 18 9
1 18 10
1 18 11
1 18 11
1 18 11
1 18 16
1 18 16
1 18 17
1 18 17
1 18 23
1 18 29
1 18 33
1 18 35
1 18 35
1 18 35
1 18 36
1 18 37
1 18 37
1 18 37
1 18 38
1 18 41
1 18 41
1 18 41
1 18 43
1 18 43
1 18 43
1 18 44
1 18 44
1 18 46
1 18 46
1 18 47
1 18 48
1 18 48
1 18 48
1 18 49
1 18 49
1 18 49
1 19 4
1 19 4
1 19 5
1 19 5
1 19 9
1 19 9
1 19 9
1 19 11
1 19 14
1 19 14
1 19 14
1 19 16
1 19 20
1 19 25
1 19 25
1 19 25
1 19 31
1 19 34
1 19 35
1 19 35
1 19 41
1 19 41
1 19 42
1 19 43
1 19 43
1 19 44
1 19 46
1 19 46
1 19 46
1 20 0
1 20 2
1 20 2
1 20 7
1 20 7
1 20 12
1 20 13
1 20 13
1 20 15
1 20 16
1 20 16
1 20 17
1 20 17
1 20 22
1 20 22
1 20 22
1 20 29
1 20 29
1 20 29
1 20 31
1 20 31
1 20 31
1 20 32
1 20 32
1 20 32
1 20 34
1 20 34
1 20 37
1 20 38
1 20 38
1 20 38
1 20 40
1 20 43
1 20 43
1 20 45
1 21 0
1 21 2
1 21 5
1 21 5
1 21 5
1 21 8
1 21 8
1 21 9
1 21 9
1 21 11
1 21 11
1 21 11
1 21 18
1 21 18
1 21 18
1 21 21
1 21 26
1 21 26
1 21 26
1 21 27
1 21 28
1 21 28
1 21 28
1 21 33
1 21 33
1 21 36
1 21 36
1 21 37
1 21 38
1 21 38
1 21 40
1 21 40
1 21 42
1 21 44
1 21 44
1 21 44
1 21 47
1 21 47
1 22 4
1 22 4
1 22 4
1 22 6
1 22 6
1 22 6
1 22 11
1 22 11
1 22 11
1 22 13
1 22 13
1 22 13
1 22 14
1 22 14
1 22 14
1 22 15
1 22 16
1 22 17
1 22 17
1 22 18
1 22 19
1 22 20
1 22 20
1 22 20
1 22 27
1 22 27
1 22 31
1 22 31
1 22 34
1 22 35
1 22 37
1 22 37
1 22 43
1 22 47
1 23 1
1 23 1
1 23 2
1 23 9
1 23 9
1 23 10
1 23 10
1 23 11
1 23 11
1 23 11
1 23 13
1 23 13
1 23 14
1 23 16
1 23 16
1 23 17
1 23 17
1 23 17
1 23 18
1 23 18
1 23 18
1 23 20
1 23 27
1 23 27
1 23 35
1 23 35
1 23 36
1 23 36
1 23 36
1 23 37
1 23 38
1 23 38
1 23 38
1 23 40
1 23 40
1 23 49
1 23 49
1 24 2
1 24 7
1 24 7
1 24 8
1 24 10
1 24 10
1 24 10
1 24 11
1 24 11
1 24 11
1 24 13
1 24 18
1 24 18
1 24 21
1 24 21
1 24 23
1 24 23
1 24 23
1 24 25
1 24 25
1 24 25
1 24 28
1 24 28
1 24 36
1 24 36
1 24 36
1 24 38
1 24 44
1 24 44
1 24 49
1 24 49
1 25 2
1 25 2
1 25 2
1 25 4
1 25 7
1 25 7
1 25 7
1 25 11
1 25 12
1 25 13
1 25 13
1 25 14
1 25 15
1 25 16
1 25 16
1 25 18
1 25 18
1 25 19
1 25 19
1 25 22
1 25 24
1 25 24
1 25 24
1 25 30
1 25 36
1 25 36
1 25 39
1 25 39
1 25 39
1 25 41
1 25 41
1 25 43
1 25 43
1 25 43
1 25 44
1 25 44
1 25 49
1 25 49
1 26 0
1 26 1
1 26 1
1 26 6
1 26 11
1 26 15
1 26 15
1 26 17
1 26 17
1 26 18
1 26 18
1 26 20
1 26 20
1 26 20
1 26 22
1 26 22
1 26 24
1 26 26
1 26 28
1 26 28
1 26 33
1 26 37
1 26 37
1 26 43
1 26 43
1 26 46
1 27 3
1 27 4
1 27 4
1 27 6
1 27 6
1 27 10
1 27 10
1 27 12
1 27 17
1 27 17
1 27 17
1 27 19
1 27 19
1 27 20
1 27 20
1 27 20
1 27 23
1 27 28
1 27 29
1 27 34
1 27 35
1 27 35
1 27 39
1 27 39
1 27 40
1 27 44
1 27 45
1 27 45
1 27 48
1 27 49
1 28 0
1 28 1
1 28 1
1 28 1
1 28 2
1 28 3
1 28 4
1 28 4
1 28 5
1 28 5
1 28 6
1 28 7
1 28 8
1 28 9
1 28 9
1 28 9
1 28 10
1 28 11
1 28 11
1 28 11
1 28 16
1 28 17
1 28 17
1 28 19
1 28 21
1 28 21
1 28 22
1 28 23
1 28 24
1 28 24
1 28 26
1 28 26
1 28 26
1 28 27
1 28 27
1 28 28
1 28 28
1 28 30
1 28 30
1 28 40
1 28 40
1 28 46
1 28 46
1 28 46
1 28 47
1 28 49
1 29 5
1 29 5
1 29 5
1 29 6
1 29 6
1 29 6
1 29 8
1 29 8
1 29 8
1 29 10
1 29 10
1 29 10
1 29 15
1 29 15
1 29 15
1 29 17
1 29 17
1 29 21
1 29 21
1 29 21
1 29 22
1 29 27
1 29 27
1 29 27
1 29 28
1 29 29
1 29 30
1 29 30
1 29 30
1 29 31
1 29 31
1 29 31
1 29 32
1 29 32
1 29 32
1 29 35
1 29 35
1 29 35
1 29 38
1 29 38
1 29 38
1 29 44
1 29 44
1 29 45
1 29 49
1 29 49
1 29 49
1 30 1
1 30 2
1 30 3
1 30 4
1 30 4
1 30 7
1 30 10
1 30 10
1 30 11
1 30 12
1 30 12
1 30 12
1 30 13
1 30 13
1 30 15
1 30 15
1 30 15
1 30 20
1 30 21
1 30 21
1 30 21
1 30 23
1 30 23
1 30 24
1 30 24
1 30 26
1 30 26
1 30 32
1 30 32
1 30 33
1 30 33
1 30 40
1 30 41
1 30 45
1 30 45
1 30 46
1 31 2
1 31 4
1 31 5
1 31 5
1 31 5
1 31 10
1 31 10
1 31 10
1 31 18
1 31 18
1 31 18
1 31 20
1 31 20
1 31 22
1 31 23
1 31 24
1 31 24
1 31 24
1 31 27
1 31 27
1 31 27
1 31 31
1 31 34
1 31 35
1 31 40
1 31 40
1 31 40
1 31 42
1 31 42
1 31 42
1 31 48
1 31 48
1 31 48
1 32 2
1 32 2
1 32 2
1 32 4
1 32 4
1 32 4
1 32 7
1 32 7
1 32 7
1 32 11
1 32 11
1 32 12
1 32 15
1 32 15
1 32 17
1 32 25
1 32 25
1 32 25
1 32 30
1 32 42
1 32 42
1 32 42
1 32 44
1 32 44
1 32 47
1 32 47
1 32 47
1 33 3
1 33 3
1 33 3
1 33 4
1 33 4
1 33 4
1 33 5
1 33 5
1 33 6
1 33 6
1 33 10
1 33 11
1 33 13
1 33 13
1 33 16
1 33 18
1 33 18
1 33 22
1 33 22
1 33 23
1 33 24
1 33 24
1 33 25
1 33 25
1 33 26
1 33 26
1 33 26
1 33 27
1 33 28
1 33 29
1 33 29
1 33 34
1 33 34
1 33 34
1 33 38
1 33 38
1 33 44
1 33 44
1 33 45
1 33 47
1 33 48
1 33 48
1 34 3
1 34 3
1 34 3
1 34 10
1 34 10
1 34 12
1 34 12
1 34 12
1 34 13
1 34 18
1 34 20
1 34 20
1 34 21
1 34 21
1 34 21
1 34 28
1 34 34
1 34 34
1 34 34
1 34 36
1 34 37
1 34 38
1 34 40
1 34 40
1 34 42
1 34 42
1 34 43
1 34 49
1 34 49
1 34 49
1 35 1
1 35 1
1 35 1
1 35 2
1 35 2
1 35 7
1 35 7
1 35 9
1 35 9
1 35 9
1 35 10
1 35 11
1 35 11
1 35 11
1 35 22
1 35 22
1 35 24
1 35 24
1 35 26
1 35 26
1 35 26
1 35 27
1 35 27
1 35 27
1 35 30
1 35 30
1 35 30
1 35 37
1 35 37
1 35 37
1 35 38
1 35 40
1 35 42
1 35 44
1 35 47
1 35 47
1 35 47
1 35 49
1 36 0
1 36 1
1 36 1
1 36 1
1 36 5
1 36 5
1 36 5
1 36 6
1 36 6
1 36 6
1 36 7
1 36 7
1 36 7
1 36 11
1 36 11
1 36 18
1 36 19
1 36 19
1 36 19
1 36 23
1 36 23
1 36 23
1 36 24
1 36 26
1 36 26
1 36 26
1 36 27
1 36 27
1 36 36
1 36 36
1 36 36
1 36 37
1 36 37
1 36 37
1 36 45
1 36 48
1 36 48
1 36 48
1 36 49
1 36 49
1 37 2
1 37 2
1 37 2
1 37 4
1 37 6
1 37 10
1 37 16
1 37 16
1 37 16
1 37 17
1 37 17
1 37 18
1 37 18
1 37 18
1 37 23
1 37 23
1 37 23
1 37 26
1 37 26
1 37 27
1 37 27
1 37 29
1 37 29
1 37 29
1 37 30
1 37 30
1 37 30
1 37 32
1 37 32
1 37 32
1 37 34
1 37 34
1 37 34
1 37 35
1 37 38
1 37 38
1 37 38
1 37 40
1 37 40
1 37 41
1 37 47
1 37 48
1 37 48
1 37 48
1 37 49
1 38 1
1 38 2
1 38 7
1 38 7
1 38 13
1 38 14
1 38 14
1 38 30
1 38 34
1 38 35
1 38 35
1 38 35
1 38 36
1 38 36
1 38 36
1 38 37
1 38 39
1 38 39
1 38 39
1 38 41
1 38 41
1 38 48
1 38 48
1 38 48
1 39 1
1 39 9
1 39 9
1 39 13
1 39 15
1 39 15
1 39 15
1 39 16
1 39 18
1 39 23
1 39 23
1 39 23
1 39 26
1 39 26
1 39 26
1 39 29
1 39 34
1 39 34
1 39 38
1 39 38
1 39 38
1 39 43
1 40 1
1 40 1
1 40 3
1 40 3
1 40 4
1 40 4
1 40 7
1 40 9
1 40 9
1 40 9
1 40 13
1 40 13
1 40 14
1 40 14
1 40 14
1 40 15
1 40 15
1 40 15
1 40 16
1 40 16
1 40 20
1 40 24
1 40 30
1 40 30
1 40 30
1 40 38
1 40 38
1 40 38
1 40 48
1 40 48
1 41 2
1 41 4
1 41 4
1 41 5
1 41 5
1 41 5
1 41 6
1 41 9
1 41 11
1 41 11
1 41 14
1 41 19
1 41 21
1 41 23
1 41 24
1 41 24
1 41 24
1 41 29
1 41 29
1 41 29
1 41 30
1 41 30
1 41 33
1 41 33
1 41 35
1 41 37
1 41 37
1 41 37
1 41 43
1 41 44
1 41 44
1 42 2
1 42 2
1 42 4
1 42 4
1 42 8
1 42 8
1 42 9
1 42 9
1 42 10
1 42 10
1 42 12
1 42 12
1 42 14
1 42 19
1 42 19
1 42 23
1 42 23
1 42 23
1 42 24
1 42 24
1 42 27
1 42 27
1 42 29
1 42 29
1 42 31
1 42 31
1 42 31
1 42 37
1 42 40
1 42 40
1 42 42
1 42 44
1 42 44
1 42 44
1 42 45
1 42 45
1 42 45
1 43 0
1 43 0
1 43 2
1 43 5
1 43 9
1 43 14
1 43 22
1 43 22
1 43 23
1 43 23
1 43 40
1 43 44
1 43 44
1 43 46
1 43 49
1 43 49
1 44 0
1 44 0
1 44 5
1 44 7
1 44 7
1 44 9
1 44 29
1 44 32
1 44 32
1 44 35
1 44 35
1 44 39
1 44 39
1 44 39
1 44 40
1 44 44
1 44 44
1 44 45
1 44 47
1 44 47
1 44 47
1 45 1
1 45 1
1 45 8
1 45 8
1 45 17
1 45 19
1 45 19
1 45 21
1 45 21
1 45 21
1 45 25
1 45 26
1 45 26
1 45 26
1 45 27
1 45 29
1 45 29
1 45 29
1 45 36
1 45 36
1 45 36
1 45 41
1 45 41
1 45 48
1 45 48
1 45 48
1 45 49
1 45 49
1 45 49
1 46 3
1 46 3
1 46 4
1 46 7
1 46 7
1 46 8
1 46 8
1 46 8
1 46 15
1 46 15
1 46 15
1 46 16
1 46 16
1 46 16
1 46 17
1 46 17
1 46 19
1 46 19
1 46 19
1 46 20
1 46 20
1 46 20
1 46 22
1 46 22
1 46 23
1 46 23
1 46 23
1 46 32
1 46 32
1 46 32
1 46 39
1 46 39
1 46 39
1 47 6
1 47 6
1 47 6
1 47 7
1 47 7
1 47 9
1 47 10
1 47 13
1 47 13
1 47 14
1 47 17
1 47 17
1 47 20
1 47 21
1 47 27
1 47 30
1 47 33
1 47 33
1 47 39
1 47 39
1 47 39
1 47 40
1 47 47
1 47 47
1 47 47
1 47 48
1 47 48
1 47 49
1 47 49
1 48 0
1 48 0
1 48 2
1 48 2
1 48 2
1 48 6
1 48 6
1 48 6
1 48 8
1 48 8
1 48 8
1 48 11
1 48 11
1 48 12
1 48 12
1 48 12
1 48 13
1 48 14
1 48 14
1 48 14
1 48 15
1 48 21
1 48 21
1 48 26
1 48 26
1 48 26
1 48 27
1 48 27
1 48 27
1 48 29
1 48 29
1 48 30
1 48 30
1 48 30
1 48 31
1 48 31
1 48 31
1 48 34
1 48 34
1 48 39
1 48 39
1 48 42
1 48 42
1 48 42
1 48 44
1 48 44
1 48 48
1 48 49
1 48 49
1 49 5
1 49 5
1 49 8
1 49 8
1 49 14
1 49 15
1 49 15
1 49 15
1 49 16
1 49 16
1 49 16
1 49 19
1 49 19
1 49 19
1 49 21
1 49 21
1 49 23
1 49 23
1 49 23
1 49 30
1 49 32
1 49 32
1 49 35
1 49 35
1 49 37
1 49 37
1 49 37
1 49 44
1 49 44
1 49 45
1 49 45
1 49 47
2 0 21
2 0 27
2 0 47
2 1 35
2 1 46
2 2 0
2 3 30
2 4 46
2 5 5
2 5 20
2 5 33
2 6 29
2 7 15
2 8 8
2 10 14
2 10 21
2 12 1
2 13 10
2 13 18
2 15 16
2 15 24
2 18 9
2 18 35
2 18 46
2 19 18
2 20 0
2 20 37
2 21 26
2 22 30
2 22 43
2 23 1
2 23 40
2 23 49
2 25 22
2 25 39
2 26 31
2 28 0
2 29 37
2 29 44
2 30 23
2 31 31
2 32 11
2 32 41
2 32 47
2 33 21
2 33 37
2 34 1
2 35 26
2 36 5
2 36 18
2 36 20
2 36 42
2 37 13
2 37 29
2 38 1
2 39 9
2 39 43
2 40 24
2 41 17
2 41 29
2 42 0
2 44 32
2 44 37
2 45 19
2 45 23
2 46 3
2 46 38
2 46 47
2 47 12
2 47 29
2 48 42
