1 0 2
1 0 5
1 0 5
1 0 6
1 0 6
1 0 7
1 0 7
1 0 7
1 0 10
1 0 13
1 0 13
1 0 14
1 0 14
1 0 15
1 0 15
1 0 15
1 0 17
1 0 17
1 0 19
1 0 19
1 0 19
1 0 23
1 0 24
1 0 24
1 0 27
1 0 27
1 0 27
1 0 28
1 0 30
1 0 30
1 0 30
1 0 36
1 0 39
1 0 39
1 0 39
1 0 42
1 0 42
1 0 42
1 0 46
1 1 0
1 1 0
1 1 0
1 1 2
1 1 2
1 1 2
1 1 4
1 1 4
1 1 10
1 1 10
1 1 10
1 1 11
1 1 13
1 1 13
1 1 15
1 1 19
1 1 19
1 1 20
1 1 20
1 1 25
1 1 25
1 1 30
1 1 30
1 1 30
1 1 31
1 1 31
1 1 31
1 1 40
1 1 40
1 1 42
1 1 42
1 1 42
1 1 43
1 1 45
1 1 46
1 1 46
1 1 47
1 1 47
1 1 47
1 2 0
1 2 0
1 2 0
1 2 1
1 2 4
1 2 6
1 2 6
1 2 8
1 2 8
1 2 10
1 2 12
1 2 12
1 2 15
1 2 16
1 2 17
1 2 22
1 2 24
1 2 25
1 2 25
1 2 25
1 2 27
1 2 27
1 2 35
1 2 35
1 2 36
1 2 36
1 2 37
1 2 37
1 2 39
1 2 39
1 2 41
1 2 41
1 2 41
1 2 43
1 2 46
1 2 46
1 3 3
1 3 3
1 3 5
1 3 6
1 3 9
1 3 10
1 3 11
1 3 12
1 3 20
1 3 20
1 3 23
1 3 24
1 3 24
1 3 27
1 3 35
1 3 35
1 3 35
1 3 37
1 3 37
1 3 37
1 3 40
1 3 42
1 3 42
1 3 42
1 3 46
1 3 46
1 3 48
1 3 48
1 3 49
1 4 0
1 4 0
1 4 0
1 4 1
1 4 3
1 4 3
1 4 4
1 4 4
1 4 4
1 4 5
1 4 11
1 4 11
1 4 11
1 4 12
1 4 15
1 4 15
1 4 15
1 4 17
1 4 17
1 4 17
1 4 24
1 4 24
1 4 28
1 4 28
1 4 28
1 4 29
1 4 29
1 4 29
1 4 30
1 4 30
1 4 39
1 4 39
1 4 41
1 4 41
1 4 44
1 4 44
1 4 44
1 4 47
1 4 47
1 5 1
1 5 1
1 5 1
1 5 3
1 5 3
1 5 4
1 5 4
1 5 6
1 5 6
1 5 13
1 5 13
1 5 13
1 5 16
1 5 16
1 5 18
1 5 23
1 5 23
1 5 30
1 5 30
1 5 30
1 5 35
1 5 35
1 5 35
1 5 36
1 5 38
1 5 48
1 5 49
1 5 49
1 6 2
1 6 2
1 6 3
1 6 4
1 6 4
1 6 6
1 6 6
1 6 8
1 6 8
1 6 9
1 6 9
1 6 10
1 6 11
1 6 11
1 6 11
1 6 15
1 6 15
1 6 15
1 6 22
1 6 26
1 6 26
1 6 28
1 6 29
1 6 29
1 6 34
1 6 34
1 6 37
1 6 37
1 6 37
1 6 39
1 6 39
1 6 39
1 6 40
1 6 40
1 6 41
1 6 41
1 7 0
1 7 1
1 7 1
1 7 6
1 7 7
1 7 11
1 7 12
1 7 12
1 7 13
1 7 13
1 7 13
1 7 18
1 7 19
1 7 19
1 7 21
1 7 23
1 7 23
1 7 28
1 7 29
1 7 29
1 7 30
1 7 30
1 7 30
1 7 38
1 7 38
1 7 38
1 7 39
1 7 41
1 7 41
1 7 49
1 8 0
1 8 3
1 8 5
1 8 5
1 8 5
1 8 7
1 8 7
1 8 9
1 8 9
1 8 9
1 8 12
1 8 16
1 8 20
1 8 20
1 8 21
1 8 28
1 8 28
1 8 28
1 8 32
1 8 32
1 8 32
1 8 34
1 8 34
1 8 42
1 8 42
1 8 42
1 8 44
1 8 44
1 8 47
1 8 47
1 9 1
1 9 1
1 9 2
1 9 3
1 9 9
1 9 9
1 9 10
1 9 10
1 9 12
1 9 12
1 9 12
1 9 13
1 9 13
1 9 13
1 9 15
1 9 15
1 9 17
1 9 17
1 9 17
1 9 21
1 9 22
1 9 22
1 9 22
1 9 26
1 9 26
1 9 26
1 9 27
1 9 28
1 9 28
1 9 28
1 9 29
1 9 29
1 9 30
1 9 30
1 9 33
1 9 33
1 9 33
1 9 34
1 9 37
1 9 37
1 9 37
1 9 38
1 9 38
1 9 42
1 9 42
1 9 42
1 9 43
1 9 43
1 9 45
1 9 45
1 9 46
1 9 46
1 9 46
1 10 2
1 10 2
1 10 13
1 10 13
1 10 20
1 10 21
1 10 21
1 10 23
1 10 23
1 10 24
1 10 26
1 10 26
1 10 29
1 10 29
1 10 29
1 10 30
1 10 33
1 10 33
1 10 35
1 10 35
1 10 39
1 10 39
1 10 39
1 10 44
1 10 45
1 10 45
1 10 45
1 10 46
1 10 46
1 10 46
1 10 47
1 10 47
1 10 47
1 11 2
1 11 4
1 11 11
1 11 12
1 11 16
1 11 16
1 11 16
1 11 26
1 11 26
1 11 26
1 11 28
1 11 28
1 11 30
1 11 30
1 11 35
1 11 35
1 11 35
1 11 36
1 11 36
1 11 36
1 11 37
1 11 37
1 11 37
1 11 38
1 11 40
1 11 47
1 11 47
1 11 47
1 12 2
1 12 2
1 12 6
1 12 10
1 12 10
1 12 11
1 12 13
1 12 15
1 12 15
1 12 15
1 12 16
1 12 17
1 12 17
1 12 17
1 12 20
1 12 20
1 12 20
1 12 27
1 12 27
1 12 27
1 12 30
1 12 32
1 12 32
1 12 32
1 12 38
1 12 38
1 12 40
1 12 44
1 12 48
1 12 48
1 13 1
1 13 1
1 13 1
1 13 10
1 13 10
1 13 15
1 13 15
1 13 15
1 13 19
1 13 19
1 13 22
1 13 22
1 13 23
1 13 23
1 13 26
1 13 30
1 13 30
1 13 30
1 13 32
1 13 32
1 13 33
1 13 34
1 13 40
1 13 41
1 13 46
1 13 49
1 13 49
1 14 0
1 14 12
1 14 13
1 14 13
1 14 14
1 14 14
1 14 15
1 14 15
1 14 17
1 14 17
1 14 21
1 14 21
1 14 23
1 14 28
1 14 28
1 14 30
1 14 31
1 14 31
1 14 35
1 14 36
1 14 36
1 14 36
1 14 38
1 14 38
1 14 41
1 14 45
1 14 48
1 15 3
1 15 3
1 15 3
1 15 4
1 15 7
1 15 7
1 15 7
1 15 8
1 15 8
1 15 8
1 15 12
1 15 12
1 15 12
1 15 13
1 15 13
1 15 19
1 15 19
1 15 23
1 15 24
1 15 24
1 15 29
1 15 32
1 15 32
1 15 33
1 15 33
1 15 34
1 15 34
1 15 34
1 15 35
1 15 36
1 15 36
1 15 39
1 15 39
1 15 42
1 15 42
1 15 43
1 15 48
1 15 49
1 15 49
1 15 49
1 16 4
1 16 4
1 16 14
1 16 14
1 16 14
1 16 15
1 16 17
1 16 17
1 16 20
1 16 26
1 16 26
1 16 26
1 16 29
1 16 29
1 16 33
1 16 33
1 16 35
1 16 35
1 16 36
1 16 36
1 16 36
1 16 44
1 16 44
1 16 45
1 16 45
1 16 46
1 16 47
1 17 1
1 17 2
1 17 3
1 17 3
1 17 4
1 17 4
1 17 11
1 17 12
1 17 12
1 17 12
1 17 17
1 17 19
1 17 19
1 17 22
1 17 22
1 17 31
1 17 31
1 17 31
1 17 34
1 17 34
1 17 34
1 17 37
1 17 37
1 17 37
1 17 38
1 17 38
1 17 40
1 17 40
1 17 40
1 17 46
1 17 46
1 18 3
1 18 3
1 18 3
1 18 10
1 18 11
1 18 13
1 18 13
1 18 16
1 18 16
1 18 25
1 18 26
1 18 28
1 18 28
1 18 30
1 18 32
1 18 35
1 18 38
1 18 38
1 18 40
1 18 44
1 18 47
1 19 1
1 19 1
1 19 1
1 19 9
1 19 9
1 19 11
1 19 11
1 19 11
1 19 13
1 19 13
1 19 15
1 19 15
1 19 15
1 19 16
1 19 16
1 19 16
1 19 17
1 19 19
1 19 19
1 19 21
1 19 21
1 19 24
1 19 24
1 19 24
1 19 28
1 19 28
1 19 28
1 19 29
1 19 29
1 19 29
1 19 37
1 19 37
1 19 37
1 19 38
1 19 38
1 19 38
1 19 40
1 19 40
1 19 40
1 19 41
1 19 41
1 19 41
1 19 42
1 19 42
1 19 42
1 19 47
1 19 47
1 19 48
1 19 48
1 20 3
1 20 3
1 20 3
1 20 4
1 20 4
1 20 8
1 20 9
1 20 9
1 20 10
1 20 10
1 20 12
1 20 12
1 20 12
1 20 14
1 20 14
1 20 14
1 20 17
1 20 17
1 20 18
1 20 18
1 20 18
1 20 19
1 20 23
1 20 23
1 20 23
1 20 24
1 20 24
1 20 25
1 20 25
1 20 26
1 20 27
1 20 29
1 20 34
1 20 41
1 20 42
1 20 42
1 20 42
1 20 46
1 20 46
1 20 47
1 20 47
1 20 47
1 20 48
1 20 48
1 21 4
1 21 4
1 21 4
1 21 7
1 21 17
1 21 17
1 21 18
1 21 19
1 21 21
1 21 28
1 21 30
1 21 30
1 21 31
1 21 31
1 21 35
1 21 35
1 21 36
1 21 36
1 21 36
1 21 40
1 21 40
1 21 40
1 21 41
1 21 41
1 21 44
1 21 45
1 21 45
1 21 46
1 21 46
1 21 47
1 22 5
1 22 5
1 22 7
1 22 17
1 22 17
1 22 27
1 22 27
1 22 33
1 22 34
1 22 34
1 22 34
1 22 35
1 22 35
1 22 42
1 22 42
1 22 46
1 22 47
1 22 47
1 22 47
1 22 48
1 22 48
1 22 48
1 23 0
1 23 0
1 23 0
1 23 3
1 23 3
1 23 3
1 23 4
1 23 6
1 23 6
1 23 7
1 23 10
1 23 14
1 23 15
1 23 15
1 23 15
1 23 17
1 23 17
1 23 17
1 23 18
1 23 18
1 23 18
1 23 21
1 23 21
1 23 22
1 23 22
1 23 22
1 23 23
1 23 23
1 23 25
1 23 25
1 23 29
1 23 29
1 23 32
1 23 32
1 23 33
1 23 37
1 23 39
1 23 39
1 23 39
1 23 40
1 23 40
1 23 40
1 23 44
1 23 44
1 23 44
1 23 46
1 23 47
1 24 1
1 24 1
1 24 2
1 24 2
1 24 2
1 24 5
1 24 5
1 24 5
1 24 6
1 24 6
1 24 8
1 24 8
1 24 8
1 24 10
1 24 10
1 24 11
1 24 11
1 24 11
1 24 14
1 24 19
1 24 19
1 24 20
1 24 20
1 24 20
1 24 21
1 24 21
1 24 21
1 24 29
1 24 29
1 24 30
1 24 30
1 24 30
1 24 33
1 24 34
1 24 34
1 24 34
1 24 36
1 24 36
1 24 36
1 24 43
1 24 45
1 24 45
1 24 49
1 24 49
1 25 3
1 25 3
1 25 4
1 25 4
1 25 4
1 25 12
1 25 13
1 25 13
1 25 19
1 25 19
1 25 28
1 25 28
1 25 32
1 25 32
1 25 32
1 25 36
1 25 45
1 25 45
1 25 45
1 25 48
1 26 7
1 26 7
1 26 8
1 26 8
1 26 8
1 26 10
1 26 10
1 26 10
1 26 12
1 26 12
1 26 16
1 26 16
1 26 16
1 26 17
1 26 22
1 26 22
1 26 23
1 26 23
1 26 26
1 26 26
1 26 26
1 26 27
1 26 27
1 26 27
1 26 28
1 26 28
1 26 28
1 26 29
1 26 29
1 26 30
1 26 32
1 26 40
1 26 45
1 26 45
1 26 45
1 26 46
1 26 46
1 26 47
1 26 48
1 26 48
1 26 48
1 27 0
1 27 0
1 27 2
1 27 2
1 27 2
1 27 4
1 27 4
1 27 7
1 27 9
1 27 11
1 27 11
1 27 11
1 27 19
1 27 22
1 27 22
1 27 25
1 27 26
1 27 27
1 27 28
1 27 28
1 27 28
1 27 29
1 27 29
1 27 30
1 27 31
1 27 31
1 27 31
1 27 32
1 27 32
1 27 33
1 27 33
1 27 33
1 27 35
1 27 36
1 27 36
1 27 36
1 27 42
1 27 42
1 27 43
1 27 43
1 27 45
1 27 45
1 27 47
1 27 48
1 27 48
1 27 48
1 28 3
1 28 8
1 28 8
1 28 15
1 28 16
1 28 17
1 28 18
1 28 18
1 28 18
1 28 21
1 28 25
1 28 25
1 28 25
1 28 26
1 28 27
1 28 27
1 28 27
1 28 30
1 28 30
1 28 31
1 28 34
1 28 34
1 28 36
1 28 36
1 28 36
1 28 37
1 28 40
1 28 41
1 28 43
1 28 43
1 28 44
1 28 44
1 28 45
1 28 45
1 28 45
1 29 5
1 29 5
1 29 6
1 29 9
1 29 9
1 29 9
1 29 10
1 29 16
1 29 16
1 29 16
1 29 18
1 29 18
1 29 19
1 29 19
1 29 20
1 29 20
1 29 20
1 29 25
1 29 26
1 29 31
1 29 31
1 29 31
1 29 39
1 29 39
1 29 39
1 29 43
1 29 43
1 29 48
1 29 48
1 29 48
1 30 0
1 30 0
1 30 2
1 30 2
1 30 2
1 30 6
1 30 15
1 30 15
1 30 15
1 30 19
1 30 19
1 30 19
1 30 20
1 30 20
1 30 28
1 30 28
1 30 29
1 30 37
1 30 37
1 30 38
1 30 38
1 30 38
1 30 39
1 30 39
1 30 45
1 31 0
1 31 1
1 31 8
1 31 11
1 31 13
1 31 18
1 31 18
1 31 21
1 31 21
1 31 21
1 31 23
1 31 23
1 31 23
1 31 24
1 31 25
1 31 25
1 31 27
1 31 27
1 31 27
1 31 29
1 31 29
1 31 29
1 31 35
1 31 35
1 31 35
1 31 36
1 31 36
1 31 37
1 31 37
1 31 46
1 31 46
1 31 46
1 31 47
1 31 49
1 32 0
1 32 0
1 32 2
1 32 2
1 32 2
1 32 4
1 32 4
1 32 4
1 32 5
1 32 5
1 32 8
1 32 8
1 32 8
1 32 9
1 32 9
1 32 10
1 32 12
1 32 14
1 32 14
1 32 14
1 32 16
1 32 17
1 32 20
1 32 20
1 32 23
1 32 23
1 32 23
1 32 27
1 32 29
1 32 32
1 32 32
1 32 32
1 32 33
1 32 36
1 32 37
1 32 38
1 32 42
1 32 48
1 32 48
1 32 48
1 33 0
1 33 0
1 33 0
1 33 4
1 33 4
1 33 4
1 33 10
1 33 13
1 33 18
1 33 19
1 33 24
1 33 24
1 33 24
1 33 30
1 33 30
1 33 30
1 33 32
1 33 32
1 33 32
1 33 35
1 33 38
1 33 40
1 33 40
1 33 40
1 34 1
1 34 1
1 34 2
1 34 2
1 34 2
1 34 11
1 34 11
1 34 11
1 34 15
1 34 15
1 34 15
1 34 22
1 34 24
1 34 31
1 34 33
1 34 33
1 34 33
1 34 34
1 34 43
1 34 43
1 34 43
1 34 44
1 34 46
1 34 46
1 35 0
1 35 1
1 35 4
1 35 4
1 35 11
1 35 11
1 35 11
1 35 12
1 35 13
1 35 14
1 35 14
1 35 14
1 35 15
1 35 16
1 35 16
1 35 16
1 35 17
1 35 17
1 35 20
1 35 20
1 35 22
1 35 22
1 35 26
1 35 26
1 35 26
1 35 32
1 35 32
1 35 33
1 35 34
1 35 36
1 35 36
1 35 36
1 35 39
1 35 39
1 35 44
1 35 44
1 35 45
1 35 45
1 35 47
1 35 49
1 35 49
1 35 49
1 36 1
1 36 1
1 36 1
1 36 3
1 36 3
1 36 3
1 36 4
1 36 6
1 36 6
1 36 7
1 36 7
1 36 7
1 36 8
1 36 14
1 36 14
1 36 14
1 36 17
1 36 17
1 36 18
1 36 18
1 36 21
1 36 21
1 36 21
1 36 22
1 36 22
1 36 24
1 36 24
1 36 24
1 36 25
1 36 25
1 36 37
1 36 38
1 36 38
1 36 41
1 36 41
1 36 44
1 36 44
1 36 46
1 36 46
1 36 46
1 37 0
1 37 6
1 37 6
1 37 6
1 37 8
1 37 8
1 37 10
1 37 16
1 37 16
1 37 16
1 37 23
1 37 24
1 37 34
1 37 36
1 37 36
1 37 36
1 37 42
1 37 42
1 37 42
1 37 44
1 37 44
1 37 44
1 38 2
1 38 2
1 38 2
1 38 3
1 38 6
1 38 7
1 38 7
1 38 7
1 38 10
1 38 10
1 38 12
1 38 12
1 38 13
1 38 13
1 38 13
1 38 14
1 38 14
1 38 15
1 38 15
1 38 15
1 38 21
1 38 21
1 38 22
1 38 22
1 38 22
1 38 23
1 38 23
1 38 23
1 38 29
1 38 29
1 38 30
1 38 30
1 38 33
1 38 35
1 38 38
1 38 38
1 38 39
1 38 39
1 38 39
1 38 41
1 38 41
1 38 47
1 39 7
1 39 7
1 39 9
1 39 9
1 39 9
1 39 10
1 39 10
1 39 13
1 39 13
1 39 13
1 39 15
1 39 15
1 39 16
1 39 17
1 39 17
1 39 21
1 39 21
1 39 21
1 39 26
1 39 26
1 39 31
1 39 32
1 39 35
1 39 35
1 39 35
1 39 36
1 39 38
1 39 38
1 39 38
1 39 39
1 39 39
1 39 46
1 39 47
1 39 47
1 39 47
1 39 48
1 40 2
1 40 2
1 40 11
1 40 21
1 40 21
1 40 21
1 40 28
1 40 29
1 40 29
1 40 31
1 40 31
1 40 32
1 40 32
1 40 32
1 40 38
1 40 38
1 40 38
1 40 39
1 40 39
1 40 39
1 40 41
1 40 41
1 40 44
1 40 44
1 40 44
1 40 45
1 40 45
1 40 45
1 40 48
1 40 48
1 40 48
1 41 5
1 41 9
1 41 10
1 41 19
1 41 22
1 41 22
1 41 22
1 41 23
1 41 23
1 41 28
1 41 34
1 41 34
1 41 34
1 41 37
1 41 47
1 42 1
1 42 1
1 42 2
1 42 5
1 42 7
1 42 7
1 42 11
1 42 11
1 42 13
1 42 18
1 42 24
1 42 25
1 42 26
1 42 31
1 42 33
1 42 34
1 42 34
1 42 35
1 42 35
1 42 37
1 42 37
1 42 38
1 42 38
1 42 39
1 42 39
1 42 39
1 42 45
1 42 45
1 42 46
1 42 46
1 42 46
1 42 48
1 42 49
1 42 49
1 43 5
1 43 11
1 43 11
1 43 11
1 43 12
1 43 14
1 43 18
1 43 20
1 43 20
1 43 20
1 43 23
1 43 23
1 43 23
1 43 25
1 43 25
1 43 25
1 43 26
1 43 33
1 43 36
1 43 40
1 43 40
1 43 42
1 43 42
1 43 43
1 43 43
1 43 43
1 43 44
1 43 46
1 43 46
1 44 2
1 44 2
1 44 2
1 44 3
1 44 11
1 44 18
1 44 19
1 44 19
1 44 20
1 44 22
1 44 27
1 44 27
1 44 27
1 44 32
1 44 32
1 44 33
1 44 34
1 44 34
1 44 34
1 44 35
1 44 36
1 44 36
1 44 46
1 45 0
1 45 1
1 45 1
1 45 1
1 45 8
1 45 8
1 45 10
1 45 10
1 45 14
1 45 16
1 45 22
1 45 22
1 45 22
1 45 27
1 45 27
1 45 28
1 45 28
1 45 28
1 45 30
1 45 35
1 45 35
1 45 35
1 45 37
1 45 37
1 45 38
1 45 38
1 45 38
1 45 42
1 45 43
1 45 44
1 45 45
1 46 1
1 46 3
1 46 3
1 46 3
1 46 5
1 46 5
1 46 8
1 46 8
1 46 12
1 46 12
1 46 12
1 46 14
1 46 14
1 46 14
1 46 15
1 46 16
1 46 16
1 46 16
1 46 17
1 46 18
1 46 18
1 46 18
1 46 19
1 46 19
1 46 20
1 46 20
1 46 20
1 46 24
1 46 24
1 46 24
1 46 25
1 46 25
1 46 25
1 46 31
1 46 32
1 46 32
1 46 34
1 46 34
1 46 35
1 46 35
1 46 35
1 46 42
1 46 42
1 46 42
1 46 45
1 46 47
1 46 49
1 46 49
1 46 49
1 47 0
1 47 0
1 47 1
1 47 1
1 47 5
1 47 11
1 47 11
1 47 13
1 47 13
1 47 15
1 47 15
1 47 15
1 47 20
1 47 20
1 47 20
1 47 22
1 47 22
1 47 22
1 47 23
1 47 29
1 47 29
1 47 31
1 47 31
1 47 33
1 47 33
1 47 33
1 47 35
1 47 36
1 47 36
1 47 44
1 47 44
1 47 44
1 48 3
1 48 3
1 48 4
1 48 4
1 48 7
1 48 7
1 48 9
1 48 9
1 48 9
1 48 11
1 48 11
1 48 12
1 48 12
1 48 13
1 48 13
1 48 14
1 48 14
1 48 14
1 48 21
1 48 29
1 48 29
1 48 29
1 48 32
1 48 32
1 48 32
1 48 33
1 48 38
1 48 43
1 48 43
1 48 43
1 48 45
1 48 45
1 48 49
1 48 49
1 49 6
1 49 7
1 49 10
1 49 10
1 49 20
1 49 20
1 49 20
1 49 21
1 49 21
1 49 21
1 49 27
1 49 30
1 49 41
1 49 41
1 49 41
1 49 43
1 49 43
1 49 43
1 49 46
1 49 46
1 49 46
1 49 47
1 49 47
1 49 47
2 0 13
2 0 42
2 0 46
2 2 3
2 2 24
2 2 35
2 2 48
2 4 17
2 4 28
2 4 33
2 5 6
2 6 28
2 6 39
2 7 16
2 7 21
2 8 44
2 10 35
2 11 11
2 11 40
2 12 32
2 13 21
2 15 32
2 16 1
2 16 11
2 16 14
2 16 44
2 17 24
2 17 27
2 17 37
2 17 40
2 18 15
2 19 4
2 19 9
2 23 3
2 23 29
2 24 8
2 24 45
2 27 12
2 27 19
2 27 35
2 29 28
2 30 0
2 30 23
2 30 37
2 31 8
2 31 46
2 32 4
2 32 14
2 32 32
2 34 22
2 34 43
2 36 6
2 36 24
2 36 37
2 36 41
2 37 12
2 38 25
2 38 32
2 38 38
2 38 46
2 40 0
2 40 5
2 41 8
2 42 11
2 42 24
2 42 33
2 43 40
2 44 7
2 45 42
2 45 47
2 46 3
2 46 12
2 46 23
2 47 29
2 48 43
