1 0 1
1 0 1
1 0 3
1 0 3
1 0 5
1 0 5
1 0 5
1 0 8
1 0 8
1 0 8
1 0 11
1 0 11
1 0 11
1 0 13
1 0 13
1 0 19
1 0 19
1 0 21
1 0 23
1 0 26
1 0 26
1 0 34
1 0 37
1 0 40
1 0 41
1 0 41
1 0 41
1 0 45
1 0 47
1 0 47
1 0 48
1 0 48
1 0 48
1 1 5
1 1 5
1 1 5
1 1 6
1 1 6
1 1 6
1 1 7
1 1 7
1 1 8
1 1 8
1 1 14
1 1 14
1 1 14
1 1 15
1 1 15
1 1 17
1 1 21
1 1 21
1 1 21
1 1 23
1 1 23
1 1 24
1 1 25
1 1 27
1 1 30
1 1 30
1 1 30
1 1 31
1 1 31
1 1 37
1 1 37
1 1 37
1 1 42
1 1 46
1 1 47
1 1 47
1 2 2
1 2 2
1 2 2
1 2 3
1 2 3
1 2 3
1 2 9
1 2 11
1 2 11
1 2 11
1 2 12
1 2 13
1 2 13
1 2 14
1 2 14
1 2 15
1 2 15
1 2 19
1 2 22
1 2 25
1 2 25
1 2 26
1 2 26
1 2 26
1 2 30
1 2 30
1 2 30
1 2 32
1 2 32
1 2 34
1 2 39
1 2 41
1 2 41
1 2 48
1 2 48
1 3 0
1 3 0
1 3 1
1 3 1
1 3 1
1 3 4
1 3 5
1 3 5
1 3 11
1 3 17
1 3 17
1 3 19
1 3 19
1 3 23
1 3 23
1 3 26
1 3 26
1 3 29
1 3 29
1 3 34
1 3 34
1 3 38
1 3 43
1 3 48
1 4 0
1 4 0
1 4 0
1 4 3
1 4 3
1 4 4
1 4 4
1 4 7
1 4 7
1 4 7
1 4 8
1 4 17
1 4 17
1 4 22
1 4 22
1 4 22
1 4 23
1 4 23
1 4 25
1 4 25
1 4 26
1 4 28
1 4 29
1 4 29
1 4 29
1 4 30
1 4 30
1 4 32
1 4 32
1 4 33
1 4 41
1 4 41
1 4 43
1 4 43
1 4 44
1 4 44
1 4 45
1 4 47
1 4 48
1 4 48
1 4 49
1 4 49
1 4 49
1 5 0
1 5 2
1 5 2
1 5 2
1 5 6
1 5 9
1 5 13
1 5 13
1 5 27
1 5 27
1 5 27
1 5 30
1 5 30
1 5 32
1 5 32
1 5 32
1 5 34
1 5 34
1 5 34
1 5 36
1 5 36
1 5 36
1 5 38
1 5 39
1 5 46
1 5 46
1 6 0
1 6 0
1 6 1
1 6 1
1 6 1
1 6 4
1 6 7
1 6 9
1 6 9
1 6 9
1 6 13
1 6 16
1 6 23
1 6 25
1 6 26
1 6 26
1 6 26
1 6 30
1 6 30
1 6 33
1 6 33
1 6 33
1 6 44
1 6 44
1 6 44
1 6 48
1 6 48
1 6 49
1 6 49
1 7 1
1 7 1
1 7 1
1 7 4
1 7 4
1 7 6
1 7 14
1 7 14
1 7 18
1 7 22
1 7 25
1 7 26
1 7 32
1 7 32
1 7 34
1 7 34
1 7 34
1 7 35
1 7 35
1 7 35
1 7 43
1 7 45
1 7 45
1 7 45
1 8 3
1 8 4
1 8 4
1 8 5
1 8 5
1 8 8
1 8 14
1 8 14
1 8 20
1 8 20
1 8 22
1 8 27
1 8 28
1 8 28
1 8 35
1 8 35
1 8 38
1 8 47
1 8 47
1 8 49
1 9 8
1 9 8
1 9 12
1 9 15
1 9 15
1 9 15
1 9 17
1 9 17
1 9 23
1 9 26
1 9 26
1 9 28
1 9 28
1 9 32
1 9 32
1 9 32
1 9 33
1 9 33
1 9 33
1 9 34
1 9 34
1 9 35
1 9 35
1 9 35
1 9 39
1 9 39
1 9 39
1 9 40
1 9 46
1 10 0
1 10 0
1 10 0
1 10 3
1 10 3
1 10 3
1 10 7
1 10 7
1 10 8
1 10 9
1 10 10
1 10 10
1 10 11
1 10 11
1 10 12
1 10 12
1 10 12
1 10 16
1 10 20
1 10 20
1 10 21
1 10 22
1 10 22
1 10 24
1 10 24
1 10 25
1 10 25
1 10 26
1 10 26
1 10 26
1 10 36
1 10 39
1 10 41
1 10 41
1 10 44
1 10 44
1 11 0
1 11 0
1 11 2
1 11 2
1 11 2
1 11 5
1 11 5
1 11 5
1 11 8
1 11 8
1 11 8
1 11 9
1 11 15
1 11 15
1 11 15
1 11 16
1 11 17
1 11 18
1 11 18
1 11 19
1 11 20
1 11 20
1 11 22
1 11 22
1 11 22
1 11 25
1 11 25
1 11 28
1 11 28
1 11 29
1 11 29
1 11 39
1 11 39
1 11 40
1 11 40
1 11 44
1 12 2
1 12 2
1 12 3
1 12 8
1 12 9
1 12 9
1 12 18
1 12 18
1 12 21
1 12 21
1 12 21
1 12 34
1 12 34
1 12 34
1 12 38
1 12 38
1 12 38
1 12 44
1 12 44
1 12 44
1 12 45
1 12 47
1 12 47
1 12 49
1 12 49
1 13 3
1 13 3
1 13 9
1 13 9
1 13 14
1 13 24
1 13 24
1 13 24
1 13 28
1 13 28
1 13 31
1 13 31
1 13 31
1 13 36
1 13 43
1 13 43
1 13 45
1 13 45
1 13 45
1 13 47
1 14 4
1 14 4
1 14 8
1 14 16
1 14 16
1 14 16
1 14 17
1 14 17
1 14 17
1 14 20
1 14 20
1 14 20
1 14 23
1 14 23
1 14 23
1 14 25
1 14 25
1 14 26
1 14 26
1 14 26
1 14 29
1 14 29
1 14 31
1 14 34
1 14 34
1 14 39
1 14 39
1 14 39
1 14 44
1 15 0
1 15 0
1 15 0
1 15 1
1 15 1
1 15 11
1 15 11
1 15 12
1 15 23
1 15 31
1 15 31
1 15 33
1 15 35
1 15 35
1 15 37
1 15 37
1 15 40
1 15 40
1 15 47
1 15 47
1 15 47
1 16 5
1 16 5
1 16 5
1 16 7
1 16 10
1 16 10
1 16 10
1 16 11
1 16 16
1 16 16
1 16 16
1 16 17
1 16 17
1 16 17
1 16 24
1 16 24
1 16 33
1 16 33
1 16 36
1 16 40
1 16 45
1 16 45
1 17 1
1 17 1
1 17 1
1 17 2
1 17 2
1 17 3
1 17 4
1 17 7
1 17 7
1 17 8
1 17 8
1 17 8
1 17 9
1 17 9
1 17 10
1 17 11
1 17 11
1 17 16
1 17 18
1 17 18
1 17 21
1 17 21
1 17 23
1 17 25
1 17 25
1 17 25
1 17 26
1 17 26
1 17 26
1 17 27
1 17 27
1 17 35
1 17 35
1 17 35
1 17 36
1 17 39
1 17 39
1 17 44
1 17 47
1 17 49
1 17 49
1 17 49
1 18 2
1 18 4
1 18 7
1 18 7
1 18 9
1 18 12
1 18 12
1 18 12
1 18 15
1 18 17
1 18 17
1 18 17
1 18 18
1 18 18
1 18 18
1 18 21
1 18 21
1 18 21
1 18 24
1 18 24
1 18 25
1 18 25
1 18 30
1 18 30
1 18 30
1 18 32
1 18 32
1 18 33
1 18 33
1 18 34
1 18 34
1 18 38
1 18 42
1 18 42
1 18 42
1 18 43
1 18 48
1 18 48
1 19 6
1 19 6
1 19 8
1 19 13
1 19 18
1 19 18
1 19 21
1 19 21
1 19 25
1 19 26
1 19 26
1 19 26
1 19 29
1 19 29
1 19 31
1 19 31
1 19 31
1 19 32
1 19 32
1 19 32
1 19 36
1 19 37
1 19 37
1 19 38
1 19 38
1 19 38
1 19 39
1 19 46
1 20 2
1 20 2
1 20 3
1 20 3
1 20 4
1 20 4
1 20 4
1 20 6
1 20 6
1 20 9
1 20 10
1 20 11
1 20 12
1 20 14
1 20 14
1 20 14
1 20 15
1 20 15
1 20 17
1 20 17
1 20 17
1 20 23
1 20 33
1 20 33
1 20 34
1 20 35
1 20 35
1 20 36
1 20 37
1 20 37
1 20 45
1 20 45
1 20 47
1 20 49
1 21 2
1 21 4
1 21 4
1 21 4
1 21 5
1 21 5
1 21 7
1 21 7
1 21 11
1 21 11
1 21 12
1 21 17
1 21 17
1 21 17
1 21 22
1 21 22
1 21 25
1 21 33
1 21 33
1 21 34
1 21 34
1 21 44
1 21 44
1 21 47
1 21 47
1 22 2
1 22 3
1 22 5
1 22 7
1 22 7
1 22 7
1 22 8
1 22 9
1 22 10
1 22 10
1 22 11
1 22 11
1 22 11
1 22 13
1 22 13
1 22 13
1 22 20
1 22 20
1 22 20
1 22 24
1 22 24
1 22 25
1 22 25
1 22 28
1 22 28
1 22 28
1 22 29
1 22 29
1 22 30
1 22 31
1 22 32
1 22 32
1 22 49
1 23 3
1 23 3
1 23 3
1 23 7
1 23 7
1 23 10
1 23 18
1 23 21
1 23 21
1 23 21
1 23 28
1 23 29
1 23 31
1 23 31
1 23 35
1 23 35
1 23 43
1 23 43
1 24 9
1 24 9
1 24 9
1 24 10
1 24 10
1 24 10
1 24 11
1 24 11
1 24 11
1 24 14
1 24 14
1 24 19
1 24 19
1 24 19
1 24 22
1 24 23
1 24 26
1 24 31
1 24 31
1 24 31
1 24 33
1 24 33
1 24 43
1 24 43
1 24 46
1 24 46
1 25 2
1 25 5
1 25 5
1 25 5
1 25 7
1 25 8
1 25 8
1 25 9
1 25 9
1 25 14
1 25 14
1 25 14
1 25 22
1 25 23
1 25 24
1 25 27
1 25 27
1 25 29
1 25 29
1 25 32
1 25 32
1 25 33
1 25 36
1 25 36
1 25 36
1 25 37
1 25 39
1 25 39
1 25 39
1 25 47
1 25 47
1 26 5
1 26 5
1 26 7
1 26 7
1 26 9
1 26 9
1 26 9
1 26 11
1 26 11
1 26 11
1 26 16
1 26 17
1 26 17
1 26 17
1 26 23
1 26 25
1 26 28
1 26 29
1 26 29
1 26 35
1 26 35
1 26 39
1 26 42
1 26 42
1 26 45
1 26 45
1 26 45
1 26 46
1 26 48
1 27 8
1 27 8
1 27 9
1 27 11
1 27 13
1 27 13
1 27 15
1 27 15
1 27 18
1 27 18
1 27 21
1 27 24
1 27 25
1 27 26
1 27 26
1 27 27
1 27 30
1 27 30
1 27 30
1 27 32
1 27 32
1 27 32
1 27 36
1 27 36
1 27 38
1 27 38
1 27 38
1 27 45
1 27 45
1 27 47
1 27 47
1 27 47
1 28 0
1 28 0
1 28 2
1 28 4
1 28 4
1 28 7
1 28 7
1 28 8
1 28 8
1 28 9
1 28 9
1 28 11
1 28 11
1 28 13
1 28 13
1 28 15
1 28 15
1 28 25
1 28 25
1 28 31
1 28 32
1 28 36
1 28 36
1 28 36
1 28 37
1 28 37
1 28 39
1 28 43
1 29 2
1 29 8
1 29 9
1 29 9
1 29 10
1 29 10
1 29 15
1 29 15
1 29 16
1 29 18
1 29 20
1 29 27
1 29 27
1 29 27
1 29 28
1 29 28
1 29 28
1 29 43
1 29 43
1 29 43
1 29 46
1 29 46
1 29 46
1 29 47
1 29 47
1 30 0
1 30 0
1 30 0
1 30 4
1 30 4
1 30 4
1 30 6
1 30 6
1 30 6
1 30 9
1 30 9
1 30 10
1 30 10
1 30 10
1 30 11
1 30 11
1 30 12
1 30 16
1 30 16
1 30 16
1 30 18
1 30 18
1 30 27
1 30 27
1 30 27
1 30 35
1 30 36
1 30 38
1 30 44
1 31 2
1 31 2
1 31 7
1 31 8
1 31 13
1 31 17
1 31 19
1 31 20
1 31 20
1 31 20
1 31 21
1 31 21
1 31 21
1 31 22
1 31 22
1 31 22
1 31 26
1 31 29
1 31 34
1 31 34
1 31 34
1 31 35
1 31 35
1 31 35
1 31 36
1 31 36
1 31 37
1 31 37
1 31 39
1 31 39
1 31 41
1 31 41
1 31 41
1 31 46
1 31 46
1 31 46
1 31 49
1 31 49
1 32 2
1 32 4
1 32 7
1 32 7
1 32 8
1 32 8
1 32 10
1 32 11
1 32 11
1 32 11
1 32 12
1 32 12
1 32 12
1 32 13
1 32 13
1 32 13
1 32 15
1 32 15
1 32 15
1 32 16
1 32 16
1 32 16
1 32 18
1 32 18
1 32 18
1 32 19
1 32 21
1 32 23
1 32 23
1 32 23
1 32 27
1 32 32
1 32 32
1 32 34
1 32 35
1 32 35
1 32 35
1 32 37
1 32 38
1 32 38
1 32 38
1 32 42
1 32 42
1 32 43
1 32 44
1 32 44
1 32 44
1 32 46
1 32 46
1 32 46
1 32 49
1 33 0
1 33 0
1 33 1
1 33 2
1 33 3
1 33 4
1 33 7
1 33 7
1 33 9
1 33 9
1 33 16
1 33 16
1 33 16
1 33 19
1 33 19
1 33 20
1 33 21
1 33 21
1 33 21
1 33 23
1 33 25
1 33 25
1 33 27
1 33 27
1 33 28
1 33 28
1 33 28
1 33 37
1 33 37
1 33 38
1 33 39
1 33 39
1 33 39
1 33 40
1 33 40
1 33 40
1 33 42
1 33 42
1 33 42
1 33 46
1 34 4
1 34 4
1 34 4
1 34 5
1 34 10
1 34 10
1 34 11
1 34 11
1 34 11
1 34 16
1 34 16
1 34 22
1 34 22
1 34 22
1 34 25
1 34 26
1 34 26
1 34 27
1 34 27
1 34 31
1 34 31
1 34 31
1 34 33
1 34 36
1 34 37
1 34 37
1 34 37
1 34 39
1 34 39
1 34 39
1 34 44
1 34 47
1 34 47
1 34 48
1 34 48
1 35 4
1 35 6
1 35 7
1 35 7
1 35 7
1 35 9
1 35 9
1 35 9
1 35 11
1 35 11
1 35 11
1 35 12
1 35 12
1 35 12
1 35 14
1 35 18
1 35 20
1 35 20
1 35 20
1 35 22
1 35 22
1 35 22
1 35 24
1 35 24
1 35 24
1 35 26
1 35 26
1 35 27
1 35 29
1 35 29
1 35 29
1 35 30
1 35 32
1 35 33
1 35 37
1 35 37
1 35 38
1 35 40
1 35 40
1 35 41
1 35 42
1 35 42
1 35 47
1 35 47
1 35 47
1 36 0
1 36 0
1 36 3
1 36 3
1 36 3
1 36 7
1 36 13
1 36 13
1 36 19
1 36 19
1 36 21
1 36 21
1 36 21
1 36 24
1 36 27
1 36 27
1 36 27
1 36 29
1 36 30
1 36 32
1 36 34
1 36 34
1 36 35
1 36 43
1 36 43
1 36 45
1 36 45
1 36 45
1 36 46
1 36 46
1 36 46
1 36 48
1 36 48
1 37 3
1 37 5
1 37 5
1 37 6
1 37 6
1 37 11
1 37 11
1 37 11
1 37 13
1 37 13
1 37 13
1 37 16
1 37 16
1 37 16
1 37 19
1 37 19
1 37 24
1 37 24
1 37 25
1 37 25
1 37 31
1 37 31
1 37 31
1 37 32
1 37 32
1 37 33
1 37 33
1 37 35
1 37 35
1 37 35
1 37 40
1 37 40
1 37 42
1 37 42
1 37 45
1 37 46
1 37 46
1 38 3
1 38 9
1 38 9
1 38 9
1 38 11
1 38 11
1 38 12
1 38 18
1 38 18
1 38 18
1 38 21
1 38 22
1 38 27
1 38 27
1 38 27
1 38 30
1 38 30
1 38 30
1 38 32
1 38 32
1 38 33
1 38 33
1 38 33
1 38 36
1 38 36
1 38 36
1 38 40
1 38 40
1 38 43
1 38 43
1 38 46
1 38 46
1 38 46
1 39 2
1 39 4
1 39 6
1 39 6
1 39 9
1 39 9
1 39 12
1 39 12
1 39 13
1 39 15
1 39 16
1 39 18
1 39 18
1 39 18
1 39 29
1 39 29
1 39 29
1 39 31
1 39 32
1 39 40
1 39 40
1 39 43
1 39 44
1 39 46
1 39 46
1 39 46
1 39 48
1 39 48
1 39 48
1 39 49
1 40 0
1 40 0
1 40 0
1 40 2
1 40 4
1 40 4
1 40 5
1 40 5
1 40 5
1 40 8
1 40 14
1 40 14
1 40 20
1 40 20
1 40 21
1 40 21
1 40 22
1 40 22
1 40 22
1 40 25
1 40 27
1 40 27
1 40 27
1 40 29
1 40 29
1 40 29
1 40 30
1 40 30
1 40 31
1 40 31
1 40 31
1 40 32
1 40 32
1 40 33
1 40 37
1 40 37
1 40 37
1 40 43
1 40 43
1 40 47
1 40 47
1 40 48
1 41 4
1 41 4
1 41 4
1 41 7
1 41 7
1 41 7
1 41 10
1 41 17
1 41 19
1 41 19
1 41 26
1 41 26
1 41 26
1 41 30
1 41 30
1 41 30
1 41 32
1 41 32
1 41 33
1 41 33
1 41 33
1 41 34
1 41 34
1 41 37
1 41 41
1 41 41
1 41 42
1 41 49
1 41 49
1 42 4
1 42 4
1 42 4
1 42 5
1 42 5
1 42 6
1 42 6
1 42 8
1 42 8
1 42 10
1 42 10
1 42 11
1 42 12
1 42 14
1 42 14
1 42 15
1 42 16
1 42 17
1 42 17
1 42 17
1 42 18
1 42 19
1 42 19
1 42 19
1 42 20
1 42 21
1 42 21
1 42 21
1 42 22
1 42 22
1 42 22
1 42 24
1 42 24
1 42 30
1 42 31
1 42 31
1 42 31
1 42 35
1 42 35
1 42 35
1 42 41
1 42 41
1 42 43
1 42 43
1 42 43
1 42 44
1 42 44
1 42 44
1 42 48
1 42 48
1 42 48
1 43 0
1 43 2
1 43 5
1 43 7
1 43 7
1 43 7
1 43 8
1 43 8
1 43 14
1 43 15
1 43 19
1 43 22
1 43 22
1 43 22
1 43 23
1 43 23
1 43 23
1 43 25
1 43 25
1 43 25
1 43 30
1 43 30
1 43 30
1 43 31
1 43 31
1 43 34
1 43 34
1 43 39
1 43 39
1 43 39
1 43 41
1 43 44
1 43 44
1 43 44
1 43 47
1 43 49
1 43 49
1 43 49
1 44 3
1 44 3
1 44 4
1 44 4
1 44 4
1 44 6
1 44 13
1 44 13
1 44 15
1 44 15
1 44 15
1 44 16
1 44 16
1 44 16
1 44 21
1 44 21
1 44 22
1 44 22
1 44 22
1 44 24
1 44 24
1 44 32
1 44 42
1 44 44
1 44 44
1 45 6
1 45 6
1 45 6
1 45 9
1 45 14
1 45 18
1 45 18
1 45 18
1 45 24
1 45 25
1 45 25
1 45 27
1 45 29
1 45 29
1 45 29
1 45 31
1 45 32
1 45 34
1 45 34
1 45 34
1 45 35
1 45 35
1 45 35
1 45 38
1 45 38
1 45 38
1 45 40
1 45 41
1 45 41
1 45 42
1 45 42
1 45 44
1 45 44
1 45 48
1 45 48
1 45 48
1 45 49
1 45 49
1 45 49
1 46 0
1 46 0
1 46 1
1 46 4
1 46 4
1 46 4
1 46 8
1 46 8
1 46 10
1 46 11
1 46 11
1 46 12
1 46 15
1 46 15
1 46 15
1 46 19
1 46 19
1 46 20
1 46 21
1 46 21
1 46 21
1 46 23
1 46 23
1 46 23
1 46 24
1 46 24
1 46 24
1 46 27
1 46 27
1 46 27
1 46 30
1 46 30
1 46 30
1 46 33
1 46 37
1 46 40
1 46 41
1 46 43
1 46 43
1 46 43
1 46 44
1 46 44
1 46 45
1 46 45
1 46 45
1 46 46
1 46 46
1 46 48
1 46 48
1 47 1
1 47 3
1 47 3
1 47 3
1 47 8
1 47 8
1 47 9
1 47 9
1 47 11
1 47 13
1 47 13
1 47 14
1 47 14
1 47 14
1 47 19
1 47 19
1 47 37
1 47 37
1 47 37
1 47 38
1 47 38
1 47 38
1 47 39
1 47 39
1 47 39
1 47 40
1 47 40
1 47 40
1 47 44
1 47 44
1 47 45
1 47 48
1 47 48
1 47 48
1 47 49
1 48 0
1 48 0
1 48 0
1 48 1
1 48 3
1 48 5
1 48 5
1 48 6
1 48 7
1 48 7
1 48 8
1 48 8
1 48 8
1 48 13
1 48 13
1 48 13
1 48 23
1 48 23
1 48 25
1 48 26
1 48 26
1 48 26
1 48 27
1 48 27
1 48 32
1 48 35
1 48 37
1 48 40
1 48 40
1 48 41
1 48 41
1 48 41
1 48 45
1 48 46
1 48 47
1 48 47
1 48 49
1 48 49
1 48 49
1 49 3
1 49 3
1 49 13
1 49 14
1 49 14
1 49 17
1 49 17
1 49 17
1 49 20
1 49 20
1 49 21
1 49 21
1 49 26
1 49 27
1 49 27
1 49 27
1 49 29
1 49 31
1 49 31
1 49 31
1 49 34
1 49 37
1 49 37
1 49 43
1 49 43
1 49 44
1 49 46
1 49 46
1 49 46
2 0 5
2 0 21
2 0 23
2 0 26
2 0 47
2 1 30
2 2 18
2 2 28
2 2 41
2 3 0
2 3 38
2 3 43
2 4 2
2 5 13
2 6 4
2 6 25
2 7 22
2 8 27
2 9 6
2 10 3
2 10 36
2 10 44
2 11 2
2 11 28
2 13 16
2 13 31
2 15 35
2 16 3
2 16 24
2 17 18
2 17 38
2 18 32
2 18 42
2 19 11
2 20 14
2 22 19
2 22 24
2 22 28
2 23 40
2 25 39
2 26 35
2 27 15
2 28 31
2 29 20
2 29 27
2 31 46
2 32 15
2 33 12
2 33 25
2 34 47
2 35 20
2 35 29
2 35 40
2 36 45
2 37 11
2 37 38
2 38 21
2 38 43
2 39 25
2 39 48
2 40 0
2 40 27
2 41 41
2 41 49
2 45 40
2 46 10
2 46 19
2 47 3
