1 0 2
1 0 2
1 0 4
1 0 4
1 0 4
1 0 7
1 0 7
1 0 7
1 0 8
1 0 9
1 0 9
1 0 9
1 0 16
1 0 17
1 0 17
1 0 17
1 0 18
1 0 18
1 0 18
1 0 32
1 0 32
1 0 32
1 0 33
1 0 37
1 0 37
1 0 39
1 0 39
1 0 39
1 0 41
1 0 41
1 0 44
1 0 44
1 0 47
1 0 47
1 0 47
1 1 0
1 1 0
1 1 0
1 1 1
1 1 2
1 1 2
1 1 3
1 1 6
1 1 6
1 1 8
1 1 11
1 1 11
1 1 13
1 1 13
1 1 13
1 1 15
1 1 15
1 1 15
1 1 16
1 1 16
1 1 16
1 1 18
1 1 18
1 1 26
1 1 35
1 1 36
1 1 38
1 1 41
1 2 1
1 2 9
1 2 9
1 2 9
1 2 11
1 2 11
1 2 13
1 2 24
1 2 24
1 2 24
1 2 25
1 2 32
1 2 32
1 2 32
1 2 38
1 2 38
1 2 39
1 2 39
1 2 40
1 2 40
1 2 40
1 2 42
1 2 42
1 2 46
1 2 47
1 3 0
1 3 0
1 3 2
1 3 2
1 3 2
1 3 5
1 3 5
1 3 8
1 3 8
1 3 9
1 3 9
1 3 9
1 3 13
1 3 13
1 3 16
1 3 23
1 3 28
1 3 29
1 3 30
1 3 30
1 3 33
1 3 33
1 3 33
1 3 37
1 3 37
1 3 41
1 3 44
1 3 45
1 3 45
1 3 48
1 3 48
1 4 1
1 4 6
1 4 10
1 4 10
1 4 10
1 4 12
1 4 12
1 4 13
1 4 13
1 4 14
1 4 16
1 4 16
1 4 16
1 4 19
1 4 19
1 4 19
1 4 22
1 4 22
1 4 22
1 4 24
1 4 24
1 4 25
1 4 25
1 4 25
1 4 30
1 4 30
1 4 30
1 4 35
1 4 36
1 4 38
1 4 42
1 4 42
1 4 46
1 4 46
1 5 6
1 5 6
1 5 6
1 5 7
1 5 7
1 5 10
1 5 10
1 5 10
1 5 11
1 5 13
1 5 15
1 5 15
1 5 15
1 5 16
1 5 16
1 5 16
1 5 20
1 5 20
1 5 20
1 5 22
1 5 22
1 5 23
1 5 23
1 5 23
1 5 26
1 5 26
1 5 35
1 5 36
1 5 41
1 5 41
1 5 42
1 5 43
1 5 45
1 5 45
1 5 46
1 5 47
1 5 47
1 6 0
1 6 0
1 6 4
1 6 8
1 6 8
1 6 8
1 6 9
1 6 12
1 6 15
1 6 19
1 6 20
1 6 20
1 6 22
1 6 22
1 6 22
1 6 25
1 6 25
1 6 25
1 6 26
1 6 26
1 6 26
1 6 30
1 6 30
1 6 34
1 6 34
1 6 34
1 6 39
1 6 39
1 6 41
1 6 44
1 6 44
1 6 49
1 6 49
1 6 49
1 7 2
1 7 2
1 7 2
1 7 4
1 7 4
1 7 4
1 7 5
1 7 12
1 7 12
1 7 15
1 7 15
1 7 18
1 7 18
1 7 19
1 7 19
1 7 19
1 7 22
1 7 22
1 7 23
1 7 23
1 7 23
1 7 31
1 7 33
1 7 48
1 8 3
1 8 9
1 8 9
1 8 9
1 8 12
1 8 12
1 8 19
1 8 19
1 8 19
1 8 20
1 8 20
1 8 21
1 8 21
1 8 21
1 8 23
1 8 26
1 8 26
1 8 26
1 8 28
1 8 28
1 8 31
1 8 33
1 8 33
1 8 34
1 8 34
1 8 35
1 8 35
1 8 36
1 8 36
1 8 38
1 8 38
1 8 38
1 8 42
1 9 2
1 9 6
1 9 7
1 9 8
1 9 8
1 9 8
1 9 9
1 9 9
1 9 9
1 9 10
1 9 12
1 9 12
1 9 12
1 9 16
1 9 16
1 9 17
1 9 17
1 9 18
1 9 18
1 9 18
1 9 22
1 9 26
1 9 26
1 9 29
1 9 30
1 9 30
1 9 32
1 9 38
1 9 40
1 9 40
1 9 41
1 9 43
1 9 47
1 9 47
1 10 2
1 10 2
1 10 4
1 10 4
1 10 4
1 10 5
1 10 8
1 10 12
1 10 14
1 10 14
1 10 22
1 10 22
1 10 22
1 10 39
1 10 42
1 10 42
1 10 42
1 10 48
1 10 48
1 10 49
1 10 49
1 11 3
1 11 6
1 11 9
1 11 9
1 11 9
1 11 10
1 11 14
1 11 17
1 11 17
1 11 26
1 11 26
1 11 29
1 11 29
1 11 29
1 11 34
1 11 37
1 11 37
1 11 40
1 11 40
1 11 41
1 11 48
1 12 0
1 12 0
1 12 0
1 12 4
1 12 6
1 12 9
1 12 9
1 12 13
1 12 13
1 12 13
1 12 23
1 12 23
1 12 23
1 12 24
1 12 25
1 12 25
1 12 25
1 12 27
1 12 30
1 12 31
1 12 31
1 12 31
1 12 33
1 12 35
1 12 35
1 12 35
1 12 37
1 12 40
1 12 45
1 12 45
1 12 46
1 12 48
1 12 48
1 13 0
1 13 0
1 13 0
1 13 6
1 13 10
1 13 16
1 13 19
1 13 19
1 13 19
1 13 20
1 13 20
1 13 20
1 13 23
1 13 23
1 13 23
1 13 26
1 13 26
1 13 27
1 13 27
1 13 30
1 13 30
1 13 30
1 13 32
1 13 32
1 13 33
1 13 33
1 13 40
1 13 40
1 13 40
1 13 43
1 13 43
1 13 43
1 14 3
1 14 5
1 14 6
1 14 6
1 14 6
1 14 7
1 14 7
1 14 8
1 14 8
1 14 8
1 14 10
1 14 10
1 14 10
1 14 14
1 14 14
1 14 14
1 14 21
1 14 21
1 14 21
1 14 22
1 14 22
1 14 25
1 14 25
1 14 25
1 14 33
1 14 33
1 14 35
1 14 35
1 14 35
1 14 40
1 14 40
1 14 40
1 14 41
1 14 44
1 14 45
1 14 45
1 14 46
1 14 46
1 15 0
1 15 0
1 15 0
1 15 1
1 15 1
1 15 2
1 15 5
1 15 5
1 15 6
1 15 8
1 15 8
1 15 8
1 15 9
1 15 9
1 15 9
1 15 11
1 15 11
1 15 11
1 15 13
1 15 13
1 15 13
1 15 16
1 15 16
1 15 16
1 15 21
1 15 21
1 15 21
1 15 24
1 15 24
1 15 27
1 15 27
1 15 27
1 15 28
1 15 35
1 15 35
1 15 35
1 15 40
1 15 40
1 15 42
1 15 43
1 15 43
1 15 43
1 15 45
1 15 46
1 15 48
1 15 48
1 15 48
1 16 0
1 16 0
1 16 0
1 16 5
1 16 7
1 16 7
1 16 8
1 16 9
1 16 9
1 16 9
1 16 10
1 16 10
1 16 16
1 16 16
1 16 18
1 16 22
1 16 22
1 16 22
1 16 23
1 16 23
1 16 23
1 16 26
1 16 26
1 16 26
1 16 27
1 16 27
1 16 28
1 16 28
1 16 31
1 16 36
1 16 36
1 16 36
1 16 38
1 16 39
1 16 40
1 16 45
1 17 1
1 17 1
1 17 2
1 17 2
1 17 2
1 17 6
1 17 9
1 17 12
1 17 12
1 17 14
1 17 14
1 17 15
1 17 15
1 17 16
1 17 16
1 17 17
1 17 20
1 17 20
1 17 23
1 17 23
1 17 23
1 17 27
1 17 27
1 17 27
1 17 29
1 17 33
1 17 33
1 17 34
1 17 34
1 17 34
1 17 40
1 17 40
1 17 40
1 17 47
1 17 48
1 17 48
1 17 48
1 18 0
1 18 4
1 18 10
1 18 10
1 18 10
1 18 12
1 18 12
1 18 17
1 18 19
1 18 19
1 18 19
1 18 22
1 18 22
1 18 27
1 18 27
1 18 27
1 18 36
1 18 36
1 18 39
1 18 41
1 18 41
1 18 41
1 18 43
1 18 43
1 18 45
1 18 45
1 18 46
1 18 46
1 18 46
1 19 6
1 19 7
1 19 7
1 19 10
1 19 10
1 19 10
1 19 11
1 19 11
1 19 11
1 19 19
1 19 19
1 19 23
1 19 24
1 19 24
1 19 25
1 19 25
1 19 26
1 19 26
1 19 27
1 19 29
1 19 29
1 19 29
1 19 30
1 19 33
1 19 33
1 19 36
1 19 36
1 19 36
1 19 43
1 19 43
1 19 46
1 19 46
1 19 48
1 19 48
1 20 1
1 20 2
1 20 2
1 20 7
1 20 7
1 20 8
1 20 12
1 20 12
1 20 12
1 20 17
1 20 17
1 20 18
1 20 18
1 20 18
1 20 20
1 20 20
1 20 23
1 20 23
1 20 23
1 20 25
1 20 26
1 20 28
1 20 28
1 20 28
1 20 29
1 20 29
1 20 31
1 20 31
1 20 33
1 20 33
1 20 35
1 20 38
1 20 38
1 20 38
1 20 42
1 20 42
1 21 3
1 21 5
1 21 5
1 21 10
1 21 10
1 21 14
1 21 14
1 21 14
1 21 15
1 21 15
1 21 15
1 21 20
1 21 22
1 21 22
1 21 26
1 21 30
1 21 30
1 21 32
1 21 32
1 21 32
1 21 36
1 21 39
1 21 39
1 21 43
1 21 43
1 21 44
1 21 46
1 21 49
1 21 49
1 21 49
1 22 9
1 22 9
1 22 9
1 22 10
1 22 10
1 22 10
1 22 13
1 22 13
1 22 13
1 22 19
1 22 24
1 22 26
1 22 26
1 22 26
1 22 27
1 22 27
1 22 27
1 22 34
1 22 40
1 22 40
1 22 41
1 22 41
1 22 43
1 22 43
1 22 44
1 22 44
1 22 45
1 22 45
1 23 6
1 23 6
1 23 7
1 23 7
1 23 8
1 23 13
1 23 19
1 23 23
1 23 38
1 23 38
1 23 38
1 23 43
1 23 48
1 23 48
1 24 0
1 24 0
1 24 4
1 24 5
1 24 5
1 24 6
1 24 6
1 24 6
1 24 13
1 24 13
1 24 14
1 24 16
1 24 16
1 24 16
1 24 22
1 24 22
1 24 22
1 24 27
1 24 28
1 24 28
1 24 28
1 24 30
1 24 30
1 24 36
1 24 37
1 24 37
1 24 40
1 24 40
1 24 40
1 24 41
1 24 41
1 24 41
1 24 49
1 24 49
1 24 49
1 25 0
1 25 0
1 25 0
1 25 1
1 25 1
1 25 2
1 25 3
1 25 5
1 25 5
1 25 5
1 25 6
1 25 6
1 25 7
1 25 7
1 25 7
1 25 11
1 25 13
1 25 14
1 25 14
1 25 15
1 25 15
1 25 15
1 25 16
1 25 16
1 25 16
1 25 25
1 25 25
1 25 25
1 25 26
1 25 32
1 25 38
1 25 38
1 25 38
1 25 39
1 25 39
1 25 39
1 25 40
1 25 45
1 25 45
1 25 45
1 26 0
1 26 2
1 26 2
1 26 5
1 26 7
1 26 7
1 26 16
1 26 16
1 26 16
1 26 19
1 26 20
1 26 25
1 26 25
1 26 35
1 26 41
1 26 42
1 26 45
1 26 45
1 26 45
1 26 46
1 26 46
1 26 46
1 26 48
1 26 49
1 27 11
1 27 13
1 27 14
1 27 14
1 27 15
1 27 15
1 27 15
1 27 16
1 27 16
1 27 19
1 27 19
1 27 23
1 27 23
1 27 23
1 27 25
1 27 25
1 27 25
1 27 26
1 27 28
1 27 29
1 27 29
1 27 30
1 27 30
1 27 34
1 27 34
1 27 35
1 27 37
1 27 37
1 27 37
1 27 40
1 27 46
1 27 46
1 27 46
1 27 48
1 27 48
1 27 48
1 28 1
1 28 3
1 28 5
1 28 10
1 28 10
1 28 10
1 28 12
1 28 12
1 28 14
1 28 14
1 28 16
1 28 16
1 28 17
1 28 17
1 28 18
1 28 20
1 28 20
1 28 25
1 28 26
1 28 26
1 28 31
1 28 35
1 28 35
1 28 35
1 28 37
1 28 37
1 28 37
1 28 43
1 28 43
1 29 0
1 29 0
1 29 4
1 29 4
1 29 5
1 29 5
1 29 5
1 29 6
1 29 6
1 29 9
1 29 9
1 29 9
1 29 16
1 29 16
1 29 16
1 29 17
1 29 17
1 29 18
1 29 18
1 29 18
1 29 20
1 29 27
1 29 28
1 29 28
1 29 30
1 29 30
1 29 31
1 29 38
1 29 38
1 29 38
1 29 42
1 29 42
1 29 42
1 29 43
1 29 48
1 30 10
1 30 10
1 30 10
1 30 13
1 30 18
1 30 18
1 30 18
1 30 19
1 30 20
1 30 20
1 30 20
1 30 22
1 30 23
1 30 25
1 30 27
1 30 30
1 30 30
1 30 32
1 30 32
1 30 44
1 30 45
1 31 3
1 31 3
1 31 4
1 31 4
1 31 4
1 31 5
1 31 5
1 31 5
1 31 6
1 31 7
1 31 9
1 31 9
1 31 9
1 31 11
1 31 11
1 31 13
1 31 14
1 31 14
1 31 14
1 31 15
1 31 15
1 31 15
1 31 16
1 31 16
1 31 16
1 31 17
1 31 17
1 31 17
1 31 19
1 31 19
1 31 24
1 31 24
1 31 26
1 31 30
1 31 30
1 31 30
1 31 31
1 31 34
1 31 34
1 31 39
1 31 42
1 31 42
1 31 43
1 31 43
1 31 45
1 31 45
1 31 46
1 31 46
1 31 46
1 31 49
1 31 49
1 32 1
1 32 1
1 32 1
1 32 3
1 32 3
1 32 3
1 32 9
1 32 9
1 32 9
1 32 13
1 32 13
1 32 15
1 32 15
1 32 15
1 32 16
1 32 16
1 32 21
1 32 23
1 32 23
1 32 23
1 32 24
1 32 24
1 32 24
1 32 26
1 32 26
1 32 26
1 32 37
1 32 37
1 32 38
1 32 38
1 32 38
1 32 40
1 32 40
1 32 41
1 32 41
1 32 42
1 32 43
1 32 44
1 32 45
1 32 45
1 32 49
1 32 49
1 33 2
1 33 2
1 33 4
1 33 4
1 33 5
1 33 5
1 33 8
1 33 10
1 33 10
1 33 13
1 33 16
1 33 16
1 33 21
1 33 21
1 33 22
1 33 23
1 33 24
1 33 24
1 33 26
1 33 26
1 33 26
1 33 27
1 33 36
1 33 36
1 33 36
1 33 37
1 33 37
1 33 37
1 33 46
1 33 46
1 34 4
1 34 4
1 34 4
1 34 13
1 34 13
1 34 14
1 34 15
1 34 15
1 34 15
1 34 16
1 34 16
1 34 16
1 34 19
1 34 19
1 34 20
1 34 23
1 34 23
1 34 28
1 34 40
1 34 41
1 34 43
1 34 43
1 34 44
1 34 44
1 34 45
1 34 45
1 35 7
1 35 8
1 35 8
1 35 9
1 35 9
1 35 15
1 35 16
1 35 20
1 35 20
1 35 24
1 35 25
1 35 25
1 35 26
1 35 32
1 35 34
1 35 36
1 35 36
1 35 36
1 35 40
1 35 40
1 35 40
1 35 47
1 35 48
1 35 48
1 35 48
1 35 49
1 35 49
1 35 49
1 36 3
1 36 3
1 36 6
1 36 6
1 36 9
1 36 9
1 36 10
1 36 10
1 36 14
1 36 15
1 36 15
1 36 18
1 36 21
1 36 21
1 36 22
1 36 24
1 36 24
1 36 24
1 36 27
1 36 36
1 36 36
1 36 36
1 36 37
1 36 38
1 36 38
1 36 44
1 36 45
1 36 47
1 36 47
1 37 1
1 37 1
1 37 1
1 37 4
1 37 4
1 37 12
1 37 12
1 37 14
1 37 14
1 37 15
1 37 15
1 37 15
1 37 17
1 37 17
1 37 17
1 37 18
1 37 18
1 37 18
1 37 21
1 37 21
1 37 22
1 37 22
1 37 24
1 37 24
1 37 29
1 37 29
1 37 34
1 37 34
1 37 36
1 37 36
1 37 36
1 37 39
1 37 39
1 37 39
1 37 40
1 37 40
1 37 40
1 37 44
1 37 44
1 37 45
1 37 45
1 37 47
1 38 4
1 38 5
1 38 5
1 38 5
1 38 8
1 38 8
1 38 9
1 38 15
1 38 19
1 38 19
1 38 19
1 38 20
1 38 20
1 38 20
1 38 23
1 38 23
1 38 30
1 38 30
1 38 31
1 38 36
1 38 37
1 38 37
1 38 41
1 38 44
1 38 47
1 39 2
1 39 2
1 39 6
1 39 6
1 39 6
1 39 12
1 39 12
1 39 13
1 39 13
1 39 20
1 39 27
1 39 27
1 39 29
1 39 38
1 39 38
1 39 39
1 39 39
1 39 42
1 39 42
1 39 42
1 40 8
1 40 8
1 40 9
1 40 9
1 40 14
1 40 17
1 40 17
1 40 17
1 40 18
1 40 18
1 40 24
1 40 24
1 40 25
1 40 25
1 40 25
1 40 27
1 40 27
1 40 28
1 40 29
1 40 29
1 40 29
1 40 34
1 40 39
1 40 40
1 40 40
1 40 40
1 40 41
1 40 41
1 41 5
1 41 5
1 41 9
1 41 16
1 41 16
1 41 17
1 41 17
1 41 17
1 41 19
1 41 28
1 41 30
1 41 30
1 41 30
1 41 34
1 41 36
1 41 38
1 41 38
1 41 38
1 41 39
1 41 40
1 41 40
1 41 40
1 41 42
1 41 42
1 41 45
1 41 45
1 41 45
1 41 49
1 42 0
1 42 0
1 42 0
1 42 1
1 42 1
1 42 1
1 42 2
1 42 2
1 42 3
1 42 3
1 42 4
1 42 7
1 42 7
1 42 9
1 42 9
1 42 9
1 42 11
1 42 11
1 42 12
1 42 12
1 42 12
1 42 14
1 42 18
1 42 18
1 42 19
1 42 19
1 42 19
1 42 21
1 42 26
1 42 26
1 42 26
1 42 29
1 42 31
1 42 35
1 42 35
1 42 43
1 42 45
1 42 48
1 42 48
1 42 48
1 43 0
1 43 0
1 43 0
1 43 1
1 43 1
1 43 2
1 43 3
1 43 7
1 43 7
1 43 8
1 43 9
1 43 9
1 43 11
1 43 14
1 43 14
1 43 14
1 43 17
1 43 20
1 43 20
1 43 21
1 43 21
1 43 22
1 43 22
1 43 22
1 43 25
1 43 25
1 43 32
1 43 32
1 43 33
1 43 37
1 43 41
1 43 41
1 43 41
1 43 42
1 43 42
1 43 46
1 43 48
1 43 48
1 44 0
1 44 11
1 44 11
1 44 11
1 44 17
1 44 17
1 44 23
1 44 23
1 44 23
1 44 24
1 44 24
1 44 24
1 44 28
1 44 28
1 44 29
1 44 31
1 44 31
1 44 31
1 44 32
1 44 32
1 44 32
1 44 45
1 44 45
1 44 46
1 44 46
1 44 47
1 44 49
1 45 2
1 45 4
1 45 5
1 45 5
1 45 5
1 45 6
1 45 6
1 45 6
1 45 9
1 45 10
1 45 10
1 45 10
1 45 11
1 45 11
1 45 12
1 45 15
1 45 22
1 45 24
1 45 24
1 45 24
1 45 26
1 45 26
1 45 41
1 45 41
1 45 41
1 45 44
1 45 44
1 46 0
1 46 0
1 46 0
1 46 2
1 46 2
1 46 2
1 46 4
1 46 5
1 46 5
1 46 5
1 46 14
1 46 14
1 46 14
1 46 16
1 46 16
1 46 16
1 46 17
1 46 17
1 46 17
1 46 25
1 46 26
1 46 27
1 46 31
1 46 31
1 46 40
1 46 40
1 46 40
1 46 41
1 46 41
1 46 44
1 46 44
1 46 45
1 46 45
1 46 45
1 46 46
1 46 46
1 46 49
1 47 5
1 47 6
1 47 6
1 47 6
1 47 7
1 47 7
1 47 7
1 47 14
1 47 14
1 47 14
1 47 17
1 47 17
1 47 17
1 47 25
1 47 25
1 47 25
1 47 26
1 47 28
1 47 28
1 47 28
1 47 29
1 47 29
1 47 30
1 47 30
1 47 32
1 47 32
1 47 32
1 47 33
1 47 33
1 47 36
1 47 36
1 47 36
1 47 37
1 47 39
1 47 45
1 47 45
1 47 47
1 47 47
1 47 48
1 47 48
1 47 48
1 47 49
1 48 0
1 48 0
1 48 9
1 48 9
1 48 9
1 48 11
1 48 23
1 48 23
1 48 32
1 48 32
1 48 34
1 48 35
1 48 35
1 48 37
1 48 40
1 48 41
1 48 43
1 49 1
1 49 1
1 49 2
1 49 2
1 49 9
1 49 9
1 49 10
1 49 10
1 49 11
1 49 15
1 49 18
1 49 18
1 49 21
1 49 21
1 49 21
1 49 29
1 49 29
1 49 29
1 49 31
1 49 31
1 49 31
1 49 32
1 49 32
1 49 32
1 49 37
1 49 37
1 49 38
1 49 38
1 49 43
1 49 43
1 49 49
1 49 49
1 49 49
2 0 2
2 0 7
2 0 16
2 0 32
2 0 41
2 0 44
2 1 13
2 1 38
2 2 24
2 2 28
2 3 4
2 4 19
2 4 21
2 4 35
2 4 46
2 5 40
2 6 4
2 6 12
2 7 33
2 8 26
2 8 30
2 9 0
2 9 6
2 9 16
2 11 3
2 11 40
2 12 23
2 12 33
2 12 45
2 14 35
2 15 26
2 17 14
2 17 33
2 17 46
2 19 6
2 20 20
2 21 9
2 21 43
2 22 3
2 22 13
2 22 40
2 23 10
2 24 3
2 24 27
2 25 25
2 25 44
2 26 29
2 26 35
2 28 5
2 28 42
2 29 30
2 31 3
2 31 9
2 32 23
2 32 35
2 34 18
2 35 7
2 35 24
2 35 36
2 36 3
2 36 18
2 36 21
2 36 44
2 39 27
2 39 38
2 40 14
2 40 17
2 41 19
2 42 0
2 42 21
2 42 35
2 42 38
2 42 47
2 43 25
2 43 32
2 45 37
2 45 40
2 45 44
2 47 11
2 47 32
2 47 36
2 47 47
2 48 0
2 48 40
