1 0 1
1 0 1
1 0 1
1 0 5
1 0 5
1 0 5
1 0 8
1 0 8
1 0 10
1 0 13
1 0 13
1 0 14
1 0 14
1 0 20
1 0 22
1 0 22
1 0 26
1 0 26
1 0 26
1 0 29
1 0 29
1 0 32
1 0 33
1 0 33
1 0 38
1 0 41
1 1 1
1 1 1
1 1 2
1 1 2
1 1 4
1 1 4
1 1 5
1 1 5
1 1 5
1 1 7
1 1 7
1 1 10
1 1 10
1 1 11
1 1 11
1 1 12
1 1 12
1 1 16
1 1 16
1 1 17
1 1 17
1 1 20
1 1 22
1 1 22
1 1 22
1 1 24
1 1 24
1 1 27
1 1 27
1 1 27
1 1 35
1 1 35
1 1 38
1 1 38
1 1 38
1 1 39
1 1 40
1 1 41
1 1 41
1 1 45
1 1 45
1 2 1
1 2 1
1 2 6
1 2 6
1 2 9
1 2 9
1 2 15
1 2 15
1 2 16
1 2 16
1 2 16
1 2 17
1 2 17
1 2 18
1 2 20
1 2 20
1 2 20
1 2 22
1 2 22
1 2 25
1 2 25
1 2 32
1 2 32
1 2 32
1 2 33
1 2 35
1 2 35
1 2 35
1 2 36
1 2 36
1 2 38
1 2 41
1 2 41
1 2 44
1 2 44
1 2 45
1 2 45
1 3 0
1 3 0
1 3 1
1 3 3
1 3 5
1 3 6
1 3 6
1 3 10
1 3 10
1 3 11
1 3 12
1 3 12
1 3 16
1 3 16
1 3 19
1 3 21
1 3 21
1 3 21
1 3 22
1 3 22
1 3 22
1 3 25
1 3 25
1 3 27
1 3 27
1 3 27
1 3 29
1 3 29
1 3 30
1 3 30
1 3 36
1 3 36
1 3 36
1 3 38
1 3 38
1 3 43
1 3 46
1 3 46
1 4 2
1 4 2
1 4 2
1 4 3
1 4 3
1 4 3
1 4 4
1 4 4
1 4 6
1 4 10
1 4 10
1 4 10
1 4 11
1 4 13
1 4 14
1 4 16
1 4 16
1 4 17
1 4 19
1 4 21
1 4 28
1 4 28
1 4 28
1 4 31
1 4 33
1 4 33
1 4 33
1 4 36
1 4 36
1 4 37
1 4 38
1 4 38
1 4 40
1 4 43
1 4 43
1 4 44
1 4 47
1 5 0
1 5 0
1 5 0
1 5 6
1 5 6
1 5 6
1 5 7
1 5 7
1 5 8
1 5 10
1 5 10
1 5 15
1 5 15
1 5 16
1 5 18
1 5 19
1 5 19
1 5 19
1 5 26
1 5 26
1 5 26
1 5 28
1 5 28
1 5 28
1 5 32
1 5 32
1 5 35
1 5 35
1 5 37
1 5 38
1 5 38
1 5 42
1 5 45
1 5 45
1 5 45
1 5 49
1 5 49
1 5 49
1 6 0
1 6 0
1 6 0
1 6 1
1 6 2
1 6 16
1 6 16
1 6 16
1 6 17
1 6 17
1 6 17
1 6 20
1 6 20
1 6 22
1 6 22
1 6 28
1 6 31
1 6 34
1 6 34
1 6 37
1 6 37
1 6 39
1 6 40
1 6 40
1 6 40
1 6 42
1 6 43
1 6 43
1 6 45
1 6 46
1 6 46
1 6 46
1 6 47
1 6 47
1 6 47
1 7 4
1 7 5
1 7 7
1 7 7
1 7 7
1 7 8
1 7 8
1 7 9
1 7 9
1 7 9
1 7 10
1 7 10
1 7 10
1 7 11
1 7 12
1 7 12
1 7 16
1 7 16
1 7 16
1 7 17
1 7 17
1 7 19
1 7 19
1 7 19
1 7 24
1 7 26
1 7 28
1 7 28
1 7 28
1 7 29
1 7 34
1 7 34
1 7 37
1 7 40
1 7 43
1 7 43
1 7 43
1 7 44
1 7 44
1 7 48
1 7 48
1 7 48
1 7 49
1 7 49
1 7 49
1 8 2
1 8 2
1 8 2
1 8 3
1 8 6
1 8 16
1 8 25
1 8 31
1 8 31
1 8 33
1 8 34
1 8 34
1 8 34
1 8 35
1 8 35
1 8 36
1 8 39
1 8 39
1 8 40
1 8 40
1 8 40
1 8 44
1 8 44
1 8 45
1 9 0
1 9 0
1 9 3
1 9 3
1 9 3
1 9 4
1 9 4
1 9 12
1 9 13
1 9 14
1 9 14
1 9 15
1 9 17
1 9 17
1 9 19
1 9 19
1 9 19
1 9 20
1 9 20
1 9 23
1 9 35
1 9 35
1 9 36
1 9 37
1 9 37
1 9 37
1 9 46
1 9 46
1 9 49
1 9 49
1 9 49
1 10 0
1 10 0
1 10 0
1 10 1
1 10 2
1 10 2
1 10 2
1 10 7
1 10 7
1 10 7
1 10 13
1 10 13
1 10 21
1 10 21
1 10 22
1 10 22
1 10 22
1 10 24
1 10 24
1 10 24
1 10 29
1 10 30
1 10 35
1 10 35
1 10 35
1 10 37
1 10 40
1 10 40
1 10 44
1 10 44
1 10 45
1 10 45
1 11 2
1 11 2
1 11 2
1 11 3
1 11 5
1 11 6
1 11 7
1 11 12
1 11 13
1 11 13
1 11 14
1 11 14
1 11 14
1 11 15
1 11 15
1 11 24
1 11 29
1 11 29
1 11 29
1 11 33
1 11 37
1 11 38
1 11 38
1 11 42
1 11 42
1 11 42
1 11 47
1 11 47
1 12 8
1 12 8
1 12 13
1 12 13
1 12 14
1 12 14
1 12 16
1 12 16
1 12 16
1 12 18
1 12 18
1 12 18
1 12 20
1 12 21
1 12 30
1 12 31
1 12 32
1 12 34
1 12 42
1 12 42
1 12 42
1 12 46
1 12 46
1 12 46
1 12 47
1 12 47
1 12 47
1 13 1
1 13 1
1 13 5
1 13 5
1 13 6
1 13 6
1 13 7
1 13 7
1 13 7
1 13 11
1 13 17
1 13 17
1 13 17
1 13 22
1 13 22
1 13 22
1 13 26
1 13 27
1 13 33
1 13 33
1 13 34
1 13 34
1 13 34
1 13 37
1 13 37
1 13 37
1 13 38
1 13 39
1 13 39
1 13 39
1 13 40
1 13 41
1 13 41
1 13 42
1 13 43
1 13 43
1 13 45
1 13 45
1 13 45
1 13 46
1 13 46
1 13 46
1 13 49
1 13 49
1 13 49
1 14 3
1 14 3
1 14 3
1 14 5
1 14 5
1 14 5
1 14 6
1 14 6
1 14 6
1 14 7
1 14 7
1 14 9
1 14 13
1 14 13
1 14 13
1 14 15
1 14 15
1 14 15
1 14 17
1 14 17
1 14 18
1 14 18
1 14 18
1 14 19
1 14 19
1 14 20
1 14 20
1 14 21
1 14 26
1 14 28
1 14 37
1 14 38
1 14 38
1 14 38
1 14 40
1 14 40
1 14 42
1 14 42
1 14 42
1 14 46
1 14 46
1 14 48
1 14 48
1 15 7
1 15 9
1 15 9
1 15 9
1 15 11
1 15 11
1 15 12
1 15 14
1 15 14
1 15 17
1 15 17
1 15 17
1 15 20
1 15 20
1 15 20
1 15 22
1 15 22
1 15 24
1 15 24
1 15 24
1 15 25
1 15 25
1 15 28
1 15 30
1 15 30
1 15 30
1 15 34
1 15 41
1 15 42
1 15 42
1 15 45
1 15 47
1 15 47
1 15 49
1 16 1
1 16 1
1 16 2
1 16 4
1 16 7
1 16 19
1 16 19
1 16 19
1 16 20
1 16 20
1 16 22
1 16 22
1 16 25
1 16 25
1 16 25
1 16 28
1 16 28
1 16 28
1 16 29
1 16 29
1 16 30
1 16 30
1 16 30
1 16 37
1 16 37
1 16 37
1 16 39
1 16 41
1 16 41
1 16 41
1 17 0
1 17 0
1 17 8
1 17 8
1 17 23
1 17 34
1 17 34
1 17 34
1 17 41
1 17 42
1 17 42
1 17 42
1 17 44
1 17 44
1 17 49
1 18 0
1 18 0
1 18 3
1 18 3
1 18 9
1 18 10
1 18 17
1 18 17
1 18 17
1 18 20
1 18 20
1 18 20
1 18 23
1 18 26
1 18 27
1 18 27
1 18 28
1 18 28
1 18 30
1 18 31
1 18 33
1 18 33
1 18 35
1 18 35
1 18 37
1 18 37
1 18 38
1 18 38
1 18 39
1 18 39
1 18 39
1 18 40
1 18 40
1 18 46
1 18 48
1 19 0
1 19 0
1 19 0
1 19 1
1 19 1
1 19 1
1 19 3
1 19 3
1 19 3
1 19 6
1 19 7
1 19 7
1 19 11
1 19 12
1 19 12
1 19 14
1 19 14
1 19 14
1 19 15
1 19 15
1 19 15
1 19 21
1 19 21
1 19 21
1 19 22
1 19 26
1 19 28
1 19 28
1 19 35
1 19 36
1 19 36
1 19 37
1 19 37
1 19 37
1 19 38
1 19 38
1 19 38
1 19 39
1 19 39
1 19 46
1 20 0
1 20 0
1 20 4
1 20 4
1 20 4
1 20 6
1 20 7
1 20 7
1 20 7
1 20 11
1 20 13
1 20 13
1 20 13
1 20 16
1 20 16
1 20 16
1 20 19
1 20 25
1 20 25
1 20 28
1 20 29
1 20 33
1 20 34
1 20 34
1 20 34
1 20 39
1 20 39
1 20 40
1 20 40
1 20 42
1 20 42
1 20 42
1 20 44
1 21 1
1 21 3
1 21 3
1 21 4
1 21 4
1 21 5
1 21 5
1 21 5
1 21 6
1 21 6
1 21 6
1 21 10
1 21 12
1 21 12
1 21 12
1 21 13
1 21 13
1 21 13
1 21 14
1 21 14
1 21 16
1 21 19
1 21 19
1 21 19
1 21 23
1 21 23
1 21 24
1 21 24
1 21 25
1 21 25
1 21 28
1 21 28
1 21 29
1 21 29
1 21 29
1 21 30
1 21 32
1 21 33
1 21 33
1 21 33
1 21 35
1 21 35
1 21 44
1 21 48
1 21 48
1 21 48
1 22 1
1 22 1
1 22 1
1 22 2
1 22 6
1 22 6
1 22 6
1 22 10
1 22 10
1 22 14
1 22 14
1 22 19
1 22 19
1 22 21
1 22 21
1 22 21
1 22 22
1 22 27
1 22 29
1 22 35
1 22 37
1 22 37
1 22 38
1 22 38
1 22 38
1 22 43
1 22 43
1 22 45
1 22 45
1 22 45
1 22 47
1 23 0
1 23 0
1 23 1
1 23 1
1 23 2
1 23 2
1 23 2
1 23 3
1 23 3
1 23 5
1 23 5
1 23 9
1 23 13
1 23 13
1 23 13
1 23 15
1 23 22
1 23 22
1 23 24
1 23 24
1 23 24
1 23 27
1 23 27
1 23 29
1 23 29
1 23 29
1 23 31
1 23 32
1 23 32
1 23 32
1 23 40
1 23 40
1 23 41
1 23 44
1 23 46
1 23 46
1 23 46
1 23 47
1 23 47
1 23 47
1 23 49
1 23 49
1 24 5
1 24 7
1 24 8
1 24 8
1 24 14
1 24 14
1 24 14
1 24 15
1 24 15
1 24 21
1 24 21
1 24 21
1 24 23
1 24 23
1 24 23
1 24 27
1 24 27
1 24 28
1 24 28
1 24 28
1 24 30
1 24 37
1 24 37
1 24 37
1 24 41
1 24 41
1 24 45
1 25 0
1 25 0
1 25 2
1 25 2
1 25 2
1 25 5
1 25 9
1 25 9
1 25 10
1 25 15
1 25 16
1 25 16
1 25 17
1 25 19
1 25 19
1 25 27
1 25 34
1 25 34
1 25 34
1 25 35
1 25 35
1 25 35
1 25 36
1 25 36
1 25 36
1 25 37
1 25 37
1 25 37
1 25 42
1 25 45
1 25 46
1 25 46
1 25 46
1 25 47
1 25 47
1 26 8
1 26 8
1 26 9
1 26 20
1 26 20
1 26 20
1 26 22
1 26 22
1 26 31
1 26 31
1 26 38
1 26 40
1 26 40
1 26 40
1 26 44
1 26 45
1 27 0
1 27 1
1 27 1
1 27 2
1 27 2
1 27 2
1 27 8
1 27 8
1 27 10
1 27 18
1 27 19
1 27 19
1 27 25
1 27 25
1 27 25
1 27 26
1 27 26
1 27 28
1 27 28
1 27 30
1 27 30
1 27 31
1 27 33
1 27 33
1 27 36
1 27 36
1 27 38
1 27 38
1 27 40
1 27 40
1 27 45
1 27 45
1 27 46
1 27 47
1 27 47
1 27 47
1 28 3
1 28 3
1 28 3
1 28 5
1 28 5
1 28 5
1 28 13
1 28 13
1 28 17
1 28 17
1 28 17
1 28 19
1 28 19
1 28 20
1 28 20
1 28 25
1 28 25
1 28 25
1 28 27
1 28 27
1 28 27
1 28 28
1 28 28
1 28 36
1 28 40
1 28 40
1 28 40
1 28 42
1 28 42
1 28 43
1 28 43
1 28 43
1 28 49
1 28 49
1 28 49
1 29 3
1 29 3
1 29 4
1 29 4
1 29 4
1 29 6
1 29 6
1 29 7
1 29 7
1 29 7
1 29 9
1 29 9
1 29 10
1 29 10
1 29 10
1 29 13
1 29 16
1 29 16
1 29 17
1 29 20
1 29 20
1 29 20
1 29 25
1 29 26
1 29 28
1 29 31
1 29 33
1 29 46
1 29 47
1 30 0
1 30 2
1 30 2
1 30 2
1 30 5
1 30 5
1 30 5
1 30 6
1 30 6
1 30 6
1 30 8
1 30 18
1 30 18
1 30 18
1 30 20
1 30 20
1 30 36
1 30 36
1 30 39
1 30 39
1 30 39
1 30 41
1 30 43
1 30 43
1 30 44
1 30 44
1 30 44
1 30 47
1 30 47
1 31 2
1 31 2
1 31 2
1 31 4
1 31 11
1 31 11
1 31 11
1 31 13
1 31 13
1 31 13
1 31 16
1 31 16
1 31 16
1 31 17
1 31 17
1 31 20
1 31 24
1 31 24
1 31 24
1 31 25
1 31 25
1 31 26
1 31 26
1 31 29
1 31 30
1 31 30
1 31 30
1 31 33
1 31 33
1 31 37
1 31 37
1 31 37
1 31 39
1 31 39
1 31 40
1 31 40
1 31 40
1 31 41
1 31 41
1 31 42
1 31 43
1 31 43
1 31 43
1 31 46
1 31 46
1 31 47
1 31 47
1 31 49
1 31 49
1 32 1
1 32 1
1 32 5
1 32 9
1 32 9
1 32 9
1 32 10
1 32 10
1 32 11
1 32 11
1 32 14
1 32 14
1 32 14
1 32 18
1 32 18
1 32 18
1 32 20
1 32 20
1 32 23
1 32 26
1 32 26
1 32 26
1 32 28
1 32 28
1 32 32
1 32 32
1 32 32
1 32 33
1 32 33
1 32 33
1 32 34
1 32 34
1 32 36
1 32 36
1 32 36
1 32 39
1 32 46
1 32 46
1 32 46
1 32 47
1 32 47
1 32 47
1 33 0
1 33 0
1 33 0
1 33 1
1 33 2
1 33 2
1 33 3
1 33 3
1 33 4
1 33 4
1 33 5
1 33 5
1 33 5
1 33 6
1 33 7
1 33 12
1 33 16
1 33 16
1 33 16
1 33 17
1 33 18
1 33 18
1 33 21
1 33 21
1 33 23
1 33 23
1 33 24
1 33 28
1 33 28
1 33 28
1 33 29
1 33 30
1 33 32
1 33 32
1 33 32
1 33 35
1 33 35
1 33 42
1 33 46
1 34 1
1 34 1
1 34 1
1 34 12
1 34 12
1 34 12
1 34 15
1 34 15
1 34 18
1 34 18
1 34 18
1 34 21
1 34 26
1 34 26
1 34 29
1 34 29
1 34 29
1 34 32
1 34 32
1 34 32
1 34 33
1 34 34
1 34 34
1 34 36
1 34 36
1 34 37
1 34 37
1 34 44
1 34 44
1 34 46
1 34 48
1 35 1
1 35 1
1 35 4
1 35 4
1 35 5
1 35 5
1 35 6
1 35 19
1 35 19
1 35 21
1 35 21
1 35 21
1 35 22
1 35 22
1 35 22
1 35 23
1 35 23
1 35 24
1 35 24
1 35 26
1 35 26
1 35 27
1 35 27
1 35 27
1 35 34
1 35 34
1 35 38
1 35 40
1 35 40
1 35 40
1 35 41
1 35 42
1 35 42
1 35 43
1 35 44
1 35 44
1 35 44
1 35 46
1 35 46
1 35 47
1 35 47
1 35 48
1 35 48
1 35 48
1 36 0
1 36 1
1 36 1
1 36 2
1 36 8
1 36 8
1 36 8
1 36 10
1 36 10
1 36 13
1 36 14
1 36 21
1 36 21
1 36 21
1 36 23
1 36 23
1 36 26
1 36 31
1 36 31
1 36 31
1 36 33
1 36 36
1 36 36
1 36 36
1 36 37
1 36 37
1 36 37
1 36 38
1 36 41
1 36 41
1 36 41
1 36 44
1 36 46
1 36 46
1 36 46
1 36 48
1 37 3
1 37 7
1 37 7
1 37 7
1 37 15
1 37 18
1 37 18
1 37 18
1 37 26
1 37 27
1 37 27
1 37 27
1 37 28
1 37 28
1 37 28
1 37 29
1 37 30
1 37 33
1 37 38
1 37 42
1 37 42
1 37 42
1 37 43
1 37 43
1 37 44
1 37 48
1 37 49
1 37 49
1 38 2
1 38 2
1 38 2
1 38 5
1 38 5
1 38 8
1 38 13
1 38 13
1 38 13
1 38 17
1 38 17
1 38 20
1 38 20
1 38 24
1 38 27
1 38 27
1 38 27
1 38 28
1 38 37
1 38 37
1 38 37
1 38 45
1 38 46
1 38 46
1 38 46
1 38 47
1 38 47
1 38 49
1 39 2
1 39 2
1 39 2
1 39 4
1 39 4
1 39 6
1 39 6
1 39 6
1 39 7
1 39 7
1 39 8
1 39 8
1 39 8
1 39 10
1 39 10
1 39 10
1 39 11
1 39 11
1 39 11
1 39 13
1 39 13
1 39 13
1 39 16
1 39 16
1 39 16
1 39 18
1 39 18
1 39 18
1 39 24
1 39 26
1 39 26
1 39 26
1 39 28
1 39 28
1 39 28
1 39 34
1 39 34
1 39 35
1 39 35
1 39 37
1 39 41
1 39 43
1 39 44
1 39 44
1 39 47
1 40 3
1 40 5
1 40 5
1 40 10
1 40 11
1 40 11
1 40 12
1 40 12
1 40 14
1 40 14
1 40 18
1 40 19
1 40 19
1 40 19
1 40 21
1 40 23
1 40 23
1 40 23
1 40 24
1 40 24
1 40 24
1 40 32
1 40 32
1 40 32
1 40 44
1 40 44
1 40 46
1 40 46
1 40 46
1 41 4
1 41 4
1 41 9
1 41 10
1 41 10
1 41 10
1 41 11
1 41 11
1 41 12
1 41 14
1 41 14
1 41 14
1 41 15
1 41 17
1 41 18
1 41 20
1 41 20
1 41 20
1 41 21
1 41 21
1 41 21
1 41 22
1 41 24
1 41 25
1 41 28
1 41 28
1 41 30
1 41 32
1 41 32
1 41 32
1 41 33
1 41 33
1 41 33
1 41 35
1 41 38
1 41 41
1 41 41
1 41 42
1 41 42
1 41 42
1 41 47
1 42 1
1 42 1
1 42 2
1 42 2
1 42 3
1 42 3
1 42 3
1 42 7
1 42 7
1 42 7
1 42 9
1 42 9
1 42 10
1 42 10
1 42 10
1 42 11
1 42 11
1 42 12
1 42 12
1 42 14
1 42 14
1 42 15
1 42 15
1 42 16
1 42 16
1 42 16
1 42 19
1 42 19
1 42 19
1 42 27
1 42 27
1 42 27
1 42 38
1 42 42
1 42 43
1 42 48
1 42 49
1 42 49
1 42 49
1 43 1
1 43 1
1 43 1
1 43 2
1 43 3
1 43 6
1 43 8
1 43 8
1 43 11
1 43 11
1 43 11
1 43 18
1 43 18
1 43 21
1 43 21
1 43 21
1 43 22
1 43 22
1 43 22
1 43 23
1 43 26
1 43 26
1 43 30
1 43 30
1 43 32
1 43 32
1 43 32
1 43 34
1 43 37
1 43 41
1 43 43
1 43 43
1 43 48
1 44 3
1 44 7
1 44 10
1 44 11
1 44 11
1 44 11
1 44 12
1 44 12
1 44 14
1 44 23
1 44 23
1 44 24
1 44 24
1 44 25
1 44 25
1 44 27
1 44 27
1 44 29
1 44 29
1 44 29
1 44 33
1 44 33
1 44 41
1 44 42
1 44 43
1 45 6
1 45 7
1 45 10
1 45 11
1 45 11
1 45 13
1 45 15
1 45 16
1 45 16
1 45 16
1 45 17
1 45 17
1 45 24
1 45 24
1 45 24
1 45 26
1 45 27
1 45 27
1 45 27
1 45 32
1 45 33
1 45 33
1 45 33
1 45 34
1 45 34
1 45 34
1 45 35
1 45 42
1 45 45
1 45 46
1 45 46
1 45 46
1 45 47
1 45 48
1 45 48
1 46 3
1 46 5
1 46 5
1 46 5
1 46 10
1 46 10
1 46 10
1 46 15
1 46 15
1 46 16
1 46 19
1 46 23
1 46 23
1 46 23
1 46 24
1 46 25
1 46 25
1 46 27
1 46 33
1 46 33
1 46 33
1 46 34
1 46 34
1 46 34
1 46 39
1 46 39
1 46 39
1 46 40
1 46 40
1 46 42
1 46 42
1 46 42
1 46 44
1 46 44
1 46 44
1 46 47
1 46 47
1 46 48
1 46 48
1 46 48
1 47 1
1 47 1
1 47 11
1 47 11
1 47 12
1 47 17
1 47 29
1 47 29
1 47 30
1 47 30
1 47 30
1 47 33
1 47 33
1 47 33
1 47 39
1 47 43
1 47 44
1 47 46
1 47 46
1 47 46
1 47 47
1 47 47
1 47 48
1 48 3
1 48 3
1 48 5
1 48 8
1 48 8
1 48 9
1 48 9
1 48 10
1 48 10
1 48 10
1 48 13
1 48 13
1 48 14
1 48 14
1 48 14
1 48 15
1 48 22
1 48 24
1 48 26
1 48 26
1 48 26
1 48 30
1 48 30
1 48 36
1 48 36
1 48 37
1 48 39
1 48 39
1 48 39
1 48 41
1 48 43
1 48 43
1 48 47
1 48 47
1 48 47
1 49 9
1 49 9
1 49 11
1 49 11
1 49 14
1 49 14
1 49 16
1 49 16
1 49 17
1 49 17
1 49 19
1 49 19
1 49 20
1 49 20
1 49 24
1 49 24
1 49 25
1 49 25
1 49 26
1 49 29
1 49 29
1 49 29
1 49 31
1 49 37
1 49 37
1 49 38
1 49 38
1 49 39
1 49 39
1 49 40
1 49 43
1 49 46
1 49 46
1 49 46
1 49 47
1 49 49
1 49 49
1 49 49
2 0 1
2 0 22
2 0 25
2 0 38
2 1 7
2 1 16
2 1 44
2 2 25
2 3 3
2 4 40
2 5 32
2 7 21
2 8 30
2 9 0
2 9 12
2 9 19
2 10 24
2 11 5
2 11 46
2 12 18
2 13 5
2 13 26
2 13 33
2 13 37
2 13 49
2 14 28
2 15 11
2 17 0
2 18 20
2 18 37
2 19 6
2 19 11
2 20 19
2 20 33
2 21 1
2 21 35
2 22 37
2 22 47
2 24 7
2 25 13
2 26 38
2 27 0
2 27 18
2 27 25
2 27 28
2 27 33
2 28 3
2 29 15
2 29 46
2 30 38
2 31 24
2 33 0
2 34 26
2 34 41
2 36 12
2 36 33
2 36 36
2 38 23
2 38 41
2 39 6
2 39 18
2 39 21
2 40 31
2 42 1
2 43 6
2 43 21
2 43 32
2 44 14
2 44 27
2 46 2
2 46 29
2 46 39
2 47 7
2 48 13
2 48 22
