1 0 3
1 0 4
1 0 4
1 0 5
1 0 5
1 0 6
1 0 8
1 0 8
1 0 9
1 0 9
1 0 9
1 0 10
1 0 10
1 0 10
1 0 15
1 0 30
1 0 33
1 0 33
1 0 35
1 0 35
1 0 35
1 0 39
1 0 39
1 0 39
1 0 40
1 0 43
1 0 43
1 0 43
1 1 0
1 1 0
1 1 0
1 1 1
1 1 8
1 1 9
1 1 9
1 1 10
1 1 10
1 1 10
1 1 14
1 1 18
1 1 18
1 1 26
1 1 28
1 1 28
1 1 28
1 1 29
1 1 29
1 1 29
1 1 34
1 1 34
1 1 34
1 1 35
1 1 35
1 1 36
1 1 36
1 1 36
1 1 37
1 1 37
1 1 37
1 1 38
1 1 38
1 1 41
1 1 41
1 1 41
1 1 42
1 1 45
1 1 45
1 1 45
1 1 46
1 1 46
1 1 47
1 1 49
1 1 49
1 1 49
1 2 2
1 2 2
1 2 2
1 2 7
1 2 7
1 2 10
1 2 15
1 2 15
1 2 17
1 2 20
1 2 20
1 2 21
1 2 21
1 2 25
1 2 25
1 2 28
1 2 28
1 2 28
1 2 33
1 2 33
1 2 33
1 2 38
1 2 38
1 2 38
1 2 39
1 2 40
1 2 40
1 2 40
1 2 42
1 2 42
1 2 42
1 2 45
1 2 45
1 2 45
1 2 46
1 2 46
1 2 49
1 2 49
1 3 1
1 3 1
1 3 1
1 3 2
1 3 2
1 3 2
1 3 3
1 3 3
1 3 14
1 3 14
1 3 14
1 3 15
1 3 15
1 3 19
1 3 20
1 3 20
1 3 21
1 3 24
1 3 25
1 3 25
1 3 25
1 3 26
1 3 26
1 3 26
1 3 35
1 3 42
1 3 44
1 3 46
1 3 47
1 3 47
1 4 0
1 4 0
1 4 4
1 4 4
1 4 15
1 4 18
1 4 18
1 4 18
1 4 23
1 4 23
1 4 25
1 4 25
1 4 25
1 4 26
1 4 26
1 4 26
1 4 27
1 4 27
1 4 30
1 4 30
1 4 32
1 4 32
1 4 32
1 4 33
1 4 36
1 4 36
1 4 40
1 4 40
1 4 40
1 4 45
1 4 45
1 4 45
1 4 46
1 4 46
1 4 48
1 4 48
1 4 48
1 5 2
1 5 2
1 5 9
1 5 9
1 5 9
1 5 14
1 5 14
1 5 18
1 5 18
1 5 18
1 5 22
1 5 22
1 5 23
1 5 23
1 5 24
1 5 24
1 5 30
1 5 30
1 5 30
1 5 34
1 5 34
1 5 34
1 5 38
1 5 39
1 5 41
1 5 41
1 5 42
1 5 42
1 5 43
1 5 43
1 5 43
1 5 45
1 5 45
1 5 47
1 5 49
1 5 49
1 6 2
1 6 6
1 6 6
1 6 8
1 6 10
1 6 10
1 6 10
1 6 14
1 6 18
1 6 18
1 6 18
1 6 21
1 6 21
1 6 21
1 6 22
1 6 22
1 6 22
1 6 27
1 6 27
1 6 27
1 6 31
1 6 31
1 6 31
1 6 32
1 6 32
1 6 34
1 6 38
1 6 38
1 6 40
1 6 40
1 6 40
1 6 42
1 6 43
1 6 43
1 6 43
1 6 44
1 6 44
1 6 47
1 6 47
1 6 47
1 7 4
1 7 5
1 7 7
1 7 7
1 7 8
1 7 8
1 7 10
1 7 14
1 7 15
1 7 15
1 7 18
1 7 19
1 7 20
1 7 24
1 7 24
1 7 24
1 7 25
1 7 25
1 7 26
1 7 26
1 7 26
1 7 28
1 7 28
1 7 29
1 7 29
1 7 29
1 7 34
1 7 34
1 7 34
1 7 35
1 7 45
1 7 45
1 7 47
1 7 47
1 7 47
1 7 49
1 7 49
1 8 0
1 8 0
1 8 2
1 8 2
1 8 2
1 8 6
1 8 6
1 8 12
1 8 12
1 8 12
1 8 19
1 8 23
1 8 24
1 8 24
1 8 24
1 8 28
1 8 28
1 8 31
1 8 31
1 8 31
1 8 35
1 8 35
1 8 46
1 8 49
1 8 49
1 8 49
1 9 0
1 9 0
1 9 1
1 9 3
1 9 15
1 9 15
1 9 21
1 9 25
1 9 26
1 9 32
1 9 36
1 9 36
1 9 44
1 9 44
1 9 45
1 9 45
1 9 45
1 9 47
1 10 3
1 10 5
1 10 5
1 10 6
1 10 6
1 10 6
1 10 7
1 10 7
1 10 12
1 10 12
1 10 12
1 10 15
1 10 18
1 10 18
1 10 18
1 10 20
1 10 24
1 10 28
1 10 29
1 10 29
1 10 29
1 10 34
1 10 34
1 10 34
1 10 37
1 10 37
1 10 49
1 11 0
1 11 0
1 11 0
1 11 3
1 11 3
1 11 8
1 11 8
1 11 9
1 11 9
1 11 9
1 11 10
1 11 13
1 11 20
1 11 23
1 11 23
1 11 29
1 11 36
1 11 36
1 11 36
1 11 38
1 11 38
1 12 2
1 12 2
1 12 8
1 12 8
1 12 8
1 12 9
1 12 12
1 12 12
1 12 13
1 12 14
1 12 14
1 12 14
1 12 25
1 12 25
1 12 27
1 12 27
1 12 27
1 12 29
1 12 29
1 12 29
1 12 32
1 12 32
1 12 32
1 12 37
1 12 40
1 12 41
1 12 41
1 12 41
1 12 42
1 12 42
1 13 1
1 13 2
1 13 2
1 13 2
1 13 3
1 13 3
1 13 3
1 13 7
1 13 9
1 13 9
1 13 11
1 13 11
1 13 11
1 13 14
1 13 14
1 13 16
1 13 16
1 13 18
1 13 18
1 13 20
1 13 21
1 13 21
1 13 21
1 13 23
1 13 26
1 13 29
1 13 30
1 13 31
1 13 31
1 13 31
1 13 34
1 13 37
1 13 39
1 13 40
1 13 40
1 13 41
1 13 41
1 13 41
1 13 42
1 13 42
1 13 42
1 13 44
1 13 44
1 13 44
1 13 45
1 13 45
1 13 45
1 13 48
1 13 48
1 14 1
1 14 5
1 14 13
1 14 13
1 14 15
1 14 15
1 14 20
1 14 20
1 14 29
1 14 29
1 14 29
1 14 35
1 14 35
1 14 36
1 14 36
1 14 36
1 14 45
1 14 45
1 14 46
1 14 46
1 15 1
1 15 1
1 15 1
1 15 2
1 15 2
1 15 5
1 15 5
1 15 5
1 15 6
1 15 17
1 15 17
1 15 17
1 15 25
1 15 25
1 15 28
1 15 34
1 15 34
1 15 34
1 15 35
1 15 36
1 15 38
1 15 38
1 15 38
1 15 40
1 15 40
1 15 40
1 15 41
1 15 41
1 15 42
1 15 42
1 15 42
1 15 43
1 15 44
1 15 44
1 15 45
1 15 45
1 15 45
1 16 0
1 16 0
1 16 0
1 16 9
1 16 10
1 16 10
1 16 15
1 16 15
1 16 15
1 16 24
1 16 27
1 16 27
1 16 27
1 16 28
1 16 28
1 16 28
1 16 31
1 16 31
1 16 31
1 16 34
1 16 38
1 16 38
1 16 39
1 16 39
1 16 39
1 16 40
1 16 42
1 16 43
1 16 44
1 16 44
1 16 44
1 17 0
1 17 3
1 17 4
1 17 4
1 17 4
1 17 5
1 17 7
1 17 7
1 17 8
1 17 10
1 17 10
1 17 11
1 17 11
1 17 11
1 17 12
1 17 12
1 17 12
1 17 21
1 17 23
1 17 23
1 17 26
1 17 29
1 17 34
1 17 34
1 17 34
1 17 36
1 17 36
1 17 38
1 17 39
1 17 39
1 17 40
1 17 40
1 17 44
1 17 44
1 17 45
1 17 45
1 17 48
1 17 48
1 17 49
1 17 49
1 18 2
1 18 2
1 18 8
1 18 8
1 18 8
1 18 10
1 18 10
1 18 10
1 18 11
1 18 11
1 18 11
1 18 15
1 18 17
1 18 17
1 18 17
1 18 18
1 18 24
1 18 24
1 18 29
1 18 30
1 18 30
1 18 31
1 18 31
1 18 37
1 18 37
1 18 41
1 18 42
1 18 42
1 18 43
1 18 47
1 18 47
1 18 47
1 18 48
1 18 49
1 18 49
1 18 49
1 19 5
1 19 5
1 19 8
1 19 9
1 19 10
1 19 10
1 19 10
1 19 14
1 19 18
1 19 18
1 19 23
1 19 23
1 19 24
1 19 24
1 19 24
1 19 25
1 19 29
1 19 29
1 19 31
1 19 32
1 19 33
1 19 34
1 19 34
1 19 34
1 19 38
1 19 38
1 19 39
1 19 43
1 19 43
1 19 44
1 19 46
1 19 46
1 19 47
1 19 47
1 19 47
1 20 3
1 20 12
1 20 12
1 20 13
1 20 13
1 20 15
1 20 15
1 20 15
1 20 17
1 20 17
1 20 20
1 20 20
1 20 21
1 20 21
1 20 23
1 20 30
1 20 30
1 20 36
1 20 36
1 20 36
1 20 37
1 20 38
1 20 38
1 20 39
1 20 39
1 20 39
1 20 43
1 20 44
1 21 1
1 21 2
1 21 3
1 21 3
1 21 6
1 21 6
1 21 8
1 21 8
1 21 8
1 21 16
1 21 16
1 21 17
1 21 17
1 21 21
1 21 28
1 21 28
1 21 28
1 21 29
1 21 29
1 21 30
1 21 31
1 21 31
1 21 32
1 21 32
1 21 32
1 21 35
1 21 35
1 21 41
1 21 41
1 21 41
1 21 44
1 21 44
1 21 47
1 21 49
1 21 49
1 21 49
1 22 3
1 22 10
1 22 10
1 22 10
1 22 22
1 22 22
1 22 23
1 22 23
1 22 23
1 22 24
1 22 27
1 22 31
1 22 31
1 22 33
1 22 33
1 22 33
1 22 35
1 22 35
1 22 40
1 22 44
1 22 44
1 22 44
1 22 49
1 22 49
1 23 2
1 23 2
1 23 4
1 23 11
1 23 11
1 23 12
1 23 15
1 23 15
1 23 16
1 23 16
1 23 20
1 23 20
1 23 21
1 23 24
1 23 24
1 23 25
1 23 27
1 23 30
1 23 30
1 23 30
1 23 34
1 23 34
1 23 34
1 23 36
1 23 36
1 23 36
1 23 37
1 23 37
1 23 40
1 23 40
1 23 48
1 23 48
1 23 49
1 24 0
1 24 0
1 24 5
1 24 5
1 24 5
1 24 7
1 24 7
1 24 9
1 24 9
1 24 10
1 24 11
1 24 12
1 24 16
1 24 16
1 24 16
1 24 17
1 24 17
1 24 17
1 24 18
1 24 18
1 24 20
1 24 22
1 24 22
1 24 22
1 24 24
1 24 31
1 24 31
1 24 32
1 24 32
1 24 32
1 24 35
1 24 35
1 24 35
1 24 38
1 24 41
1 24 41
1 24 41
1 24 43
1 24 43
1 24 43
1 24 45
1 24 45
1 24 45
1 24 46
1 24 46
1 25 0
1 25 1
1 25 6
1 25 6
1 25 6
1 25 10
1 25 10
1 25 10
1 25 12
1 25 14
1 25 14
1 25 18
1 25 19
1 25 19
1 25 19
1 25 20
1 25 21
1 25 25
1 25 25
1 25 25
1 25 31
1 25 31
1 25 31
1 25 32
1 25 32
1 25 32
1 25 33
1 25 33
1 25 38
1 25 38
1 25 40
1 25 45
1 25 45
1 26 3
1 26 3
1 26 4
1 26 4
1 26 8
1 26 8
1 26 10
1 26 10
1 26 13
1 26 15
1 26 15
1 26 15
1 26 21
1 26 22
1 26 22
1 26 28
1 26 28
1 26 28
1 26 29
1 26 31
1 26 31
1 26 34
1 26 34
1 26 34
1 26 40
1 26 42
1 26 42
1 26 42
1 26 43
1 26 43
1 26 47
1 26 48
1 26 48
1 26 49
1 26 49
1 27 0
1 27 0
1 27 1
1 27 1
1 27 2
1 27 2
1 27 2
1 27 3
1 27 7
1 27 7
1 27 7
1 27 9
1 27 10
1 27 11
1 27 11
1 27 12
1 27 12
1 27 15
1 27 15
1 27 20
1 27 20
1 27 20
1 27 21
1 27 21
1 27 25
1 27 25
1 27 26
1 27 26
1 27 26
1 27 28
1 27 28
1 27 28
1 27 30
1 27 30
1 27 31
1 27 31
1 27 32
1 27 33
1 27 33
1 27 33
1 27 35
1 27 39
1 27 39
1 27 39
1 27 40
1 27 40
1 27 40
1 27 44
1 27 47
1 27 47
1 27 47
1 28 3
1 28 3
1 28 3
1 28 5
1 28 5
1 28 5
1 28 6
1 28 6
1 28 7
1 28 7
1 28 10
1 28 10
1 28 11
1 28 11
1 28 11
1 28 13
1 28 15
1 28 22
1 28 22
1 28 22
1 28 23
1 28 25
1 28 31
1 28 36
1 28 41
1 28 41
1 28 41
1 28 45
1 28 45
1 28 49
1 29 2
1 29 2
1 29 2
1 29 5
1 29 7
1 29 7
1 29 12
1 29 12
1 29 12
1 29 13
1 29 13
1 29 13
1 29 16
1 29 19
1 29 24
1 29 24
1 29 28
1 29 28
1 29 31
1 29 31
1 29 33
1 29 33
1 29 34
1 29 34
1 29 39
1 29 39
1 29 39
1 29 46
1 29 46
1 29 49
1 29 49
1 30 1
1 30 1
1 30 1
1 30 3
1 30 3
1 30 3
1 30 13
1 30 13
1 30 14
1 30 14
1 30 14
1 30 18
1 30 22
1 30 22
1 30 22
1 30 24
1 30 24
1 30 27
1 30 27
1 30 31
1 30 31
1 30 33
1 30 33
1 30 37
1 30 41
1 30 41
1 30 41
1 31 5
1 31 5
1 31 11
1 31 13
1 31 18
1 31 19
1 31 19
1 31 23
1 31 23
1 31 23
1 31 24
1 31 26
1 31 26
1 31 26
1 31 27
1 31 28
1 31 28
1 31 31
1 31 31
1 31 33
1 31 33
1 31 33
1 31 35
1 31 36
1 31 40
1 31 40
1 31 40
1 31 41
1 31 41
1 31 41
1 31 45
1 31 46
1 31 46
1 31 46
1 31 47
1 32 3
1 32 4
1 32 4
1 32 10
1 32 10
1 32 14
1 32 14
1 32 16
1 32 17
1 32 18
1 32 19
1 32 29
1 32 30
1 32 30
1 32 35
1 32 35
1 32 38
1 32 38
1 32 39
1 32 39
1 32 41
1 32 41
1 32 43
1 32 44
1 32 44
1 33 0
1 33 6
1 33 6
1 33 7
1 33 12
1 33 13
1 33 15
1 33 15
1 33 16
1 33 16
1 33 16
1 33 17
1 33 17
1 33 17
1 33 20
1 33 20
1 33 22
1 33 23
1 33 23
1 33 24
1 33 24
1 33 25
1 33 33
1 33 33
1 33 33
1 33 36
1 33 36
1 33 36
1 33 41
1 33 41
1 33 41
1 33 45
1 33 45
1 33 48
1 33 48
1 33 48
1 34 11
1 34 16
1 34 24
1 34 24
1 34 24
1 34 25
1 34 25
1 34 25
1 34 26
1 34 33
1 34 33
1 34 33
1 34 36
1 34 36
1 34 39
1 34 43
1 34 43
1 34 43
1 35 0
1 35 0
1 35 0
1 35 3
1 35 3
1 35 3
1 35 4
1 35 7
1 35 9
1 35 14
1 35 16
1 35 19
1 35 19
1 35 25
1 35 25
1 35 25
1 35 26
1 35 26
1 35 29
1 35 29
1 35 30
1 35 30
1 35 31
1 35 31
1 35 32
1 35 34
1 35 37
1 35 37
1 35 37
1 35 38
1 35 40
1 35 40
1 35 40
1 35 46
1 35 46
1 35 46
1 35 48
1 36 6
1 36 7
1 36 7
1 36 7
1 36 12
1 36 12
1 36 14
1 36 14
1 36 17
1 36 18
1 36 19
1 36 19
1 36 19
1 36 20
1 36 22
1 36 22
1 36 22
1 36 23
1 36 24
1 36 25
1 36 25
1 36 25
1 36 31
1 36 31
1 36 31
1 36 32
1 36 32
1 36 33
1 36 33
1 36 35
1 36 35
1 36 36
1 36 36
1 36 36
1 36 39
1 36 40
1 36 40
1 36 48
1 36 48
1 36 48
1 37 0
1 37 1
1 37 2
1 37 2
1 37 2
1 37 3
1 37 4
1 37 7
1 37 7
1 37 7
1 37 10
1 37 10
1 37 12
1 37 12
1 37 12
1 37 18
1 37 18
1 37 19
1 37 23
1 37 23
1 37 25
1 37 26
1 37 26
1 37 26
1 37 32
1 37 32
1 37 32
1 37 34
1 37 35
1 37 35
1 37 35
1 37 37
1 37 37
1 37 37
1 37 40
1 37 40
1 37 40
1 37 45
1 37 45
1 37 48
1 38 4
1 38 5
1 38 5
1 38 6
1 38 6
1 38 7
1 38 7
1 38 12
1 38 12
1 38 16
1 38 16
1 38 22
1 38 22
1 38 22
1 38 23
1 38 24
1 38 24
1 38 28
1 38 28
1 38 28
1 38 29
1 38 30
1 38 30
1 38 32
1 38 32
1 38 32
1 38 35
1 38 43
1 38 48
1 38 48
1 38 48
1 39 1
1 39 3
1 39 4
1 39 5
1 39 5
1 39 5
1 39 6
1 39 6
1 39 6
1 39 8
1 39 8
1 39 8
1 39 13
1 39 13
1 39 13
1 39 16
1 39 16
1 39 16
1 39 24
1 39 24
1 39 24
1 39 25
1 39 28
1 39 28
1 39 35
1 39 36
1 39 37
1 39 37
1 39 38
1 39 38
1 39 38
1 39 41
1 39 42
1 39 42
1 39 42
1 39 43
1 39 43
1 39 45
1 39 45
1 39 45
1 39 48
1 39 49
1 40 4
1 40 5
1 40 7
1 40 7
1 40 9
1 40 13
1 40 13
1 40 13
1 40 16
1 40 16
1 40 18
1 40 19
1 40 19
1 40 20
1 40 30
1 40 30
1 40 30
1 40 31
1 40 35
1 40 35
1 40 38
1 40 39
1 40 42
1 41 1
1 41 3
1 41 6
1 41 6
1 41 7
1 41 8
1 41 8
1 41 8
1 41 9
1 41 9
1 41 9
1 41 12
1 41 12
1 41 12
1 41 17
1 41 20
1 41 20
1 41 21
1 41 23
1 41 24
1 41 24
1 41 24
1 41 29
1 41 29
1 41 29
1 41 35
1 41 36
1 41 36
1 41 36
1 41 37
1 41 38
1 41 38
1 41 38
1 41 40
1 41 40
1 41 40
1 41 43
1 41 43
1 41 45
1 41 45
1 41 48
1 41 48
1 41 49
1 41 49
1 42 2
1 42 2
1 42 2
1 42 8
1 42 10
1 42 10
1 42 10
1 42 14
1 42 14
1 42 14
1 42 15
1 42 20
1 42 26
1 42 26
1 42 32
1 42 32
1 42 32
1 42 36
1 42 39
1 42 39
1 42 39
1 42 43
1 42 43
1 42 45
1 42 45
1 42 45
1 42 46
1 42 46
1 42 46
1 42 49
1 43 0
1 43 0
1 43 0
1 43 2
1 43 2
1 43 2
1 43 3
1 43 3
1 43 4
1 43 5
1 43 5
1 43 5
1 43 6
1 43 6
1 43 11
1 43 11
1 43 11
1 43 12
1 43 13
1 43 13
1 43 13
1 43 17
1 43 18
1 43 18
1 43 18
1 43 19
1 43 19
1 43 20
1 43 20
1 43 20
1 43 23
1 43 23
1 43 25
1 43 25
1 43 27
1 43 27
1 43 27
1 43 28
1 43 28
1 43 29
1 43 29
1 43 37
1 43 37
1 43 37
1 43 38
1 43 38
1 43 43
1 43 43
1 43 48
1 44 0
1 44 4
1 44 4
1 44 5
1 44 8
1 44 10
1 44 10
1 44 10
1 44 12
1 44 12
1 44 12
1 44 19
1 44 19
1 44 22
1 44 22
1 44 24
1 44 24
1 44 24
1 44 25
1 44 25
1 44 25
1 44 26
1 44 26
1 44 27
1 44 29
1 44 30
1 44 31
1 44 31
1 44 35
1 44 35
1 44 35
1 44 36
1 44 39
1 44 41
1 44 41
1 44 41
1 44 46
1 44 46
1 44 47
1 45 2
1 45 2
1 45 2
1 45 3
1 45 3
1 45 5
1 45 6
1 45 6
1 45 6
1 45 7
1 45 7
1 45 8
1 45 8
1 45 8
1 45 9
1 45 9
1 45 9
1 45 10
1 45 13
1 45 15
1 45 15
1 45 15
1 45 16
1 45 18
1 45 18
1 45 18
1 45 23
1 45 26
1 45 26
1 45 26
1 45 29
1 45 30
1 45 30
1 45 34
1 45 34
1 45 34
1 45 35
1 45 38
1 45 39
1 45 39
1 45 42
1 45 42
1 45 42
1 45 46
1 45 46
1 46 0
1 46 0
1 46 0
1 46 2
1 46 2
1 46 6
1 46 6
1 46 8
1 46 10
1 46 10
1 46 12
1 46 14
1 46 14
1 46 14
1 46 17
1 46 17
1 46 21
1 46 21
1 46 21
1 46 22
1 46 25
1 46 25
1 46 28
1 46 34
1 46 34
1 46 34
1 46 36
1 46 36
1 46 36
1 46 43
1 46 47
1 46 47
1 47 2
1 47 2
1 47 2
1 47 7
1 47 7
1 47 7
1 47 8
1 47 14
1 47 14
1 47 17
1 47 17
1 47 18
1 47 18
1 47 19
1 47 19
1 47 19
1 47 21
1 47 24
1 47 24
1 47 24
1 47 27
1 47 39
1 47 39
1 47 40
1 47 40
1 47 45
1 47 45
1 47 45
1 48 2
1 48 2
1 48 2
1 48 7
1 48 9
1 48 9
1 48 9
1 48 11
1 48 11
1 48 11
1 48 12
1 48 13
1 48 13
1 48 14
1 48 14
1 48 16
1 48 16
1 48 20
1 48 20
1 48 21
1 48 21
1 48 21
1 48 23
1 48 23
1 48 23
1 48 36
1 48 38
1 48 41
1 48 41
1 48 41
1 48 42
1 48 42
1 48 46
1 48 46
1 48 46
1 48 48
1 48 48
1 49 0
1 49 0
1 49 0
1 49 5
1 49 5
1 49 6
1 49 14
1 49 14
1 49 15
1 49 15
1 49 17
1 49 17
1 49 17
1 49 20
1 49 23
1 49 23
1 49 23
1 49 24
1 49 31
1 49 32
1 49 32
1 49 32
1 49 33
1 49 33
1 49 33
1 49 34
1 49 35
1 49 37
1 49 37
1 49 37
1 49 40
1 49 40
1 49 40
1 49 41
1 49 41
1 49 41
1 49 42
1 49 42
1 49 42
1 49 43
1 49 43
1 49 46
1 49 46
1 49 46
2 0 1
2 0 8
2 0 39
2 1 28
2 1 32
2 2 2
2 2 15
2 2 20
2 2 25
2 3 34
2 4 18
2 4 32
2 5 14
2 5 37
2 5 41
2 6 5
2 7 24
2 7 28
2 8 2
2 10 11
2 10 20
2 10 24
2 13 1
2 13 34
2 14 4
2 16 9
2 17 23
2 17 29
2 17 48
2 18 17
2 19 0
2 19 38
2 20 27
2 21 10
2 21 49
2 22 22
2 23 36
2 24 31
2 24 38
2 24 43
2 25 3
2 25 14
2 25 42
2 26 7
2 26 47
2 28 22
2 30 3
2 30 18
2 30 41
2 31 45
2 32 32
2 33 22
2 35 2
2 35 18
2 35 29
2 35 48
2 36 12
2 39 41
2 40 7
2 40 29
2 42 2
2 43 0
2 44 35
2 45 13
2 46 17
2 46 21
2 46 45
2 47 39
2 48 23
2 48 31
