1 0 0
1 0 0
1 0 2
1 0 6
1 0 6
1 0 6
1 0 8
1 0 8
1 0 10
1 0 10
1 0 10
1 0 17
1 0 17
1 0 19
1 0 23
1 0 24
1 0 24
1 0 25
1 0 25
1 0 26
1 0 26
1 0 33
1 0 35
1 0 35
1 0 35
1 0 38
1 0 38
1 0 41
1 0 47
1 0 47
1 0 48
1 0 49
1 1 11
1 1 14
1 1 14
1 1 14
1 1 18
1 1 18
1 1 18
1 1 19
1 1 20
1 1 20
1 1 20
1 1 22
1 1 23
1 1 23
1 1 23
1 1 31
1 1 31
1 1 31
1 1 33
1 1 33
1 1 35
1 1 35
1 1 39
1 1 39
1 1 39
1 1 40
1 1 41
1 1 41
1 1 42
1 1 42
1 1 42
1 1 43
1 2 0
1 2 9
1 2 9
1 2 9
1 2 16
1 2 16
1 2 32
1 2 32
1 2 34
1 2 34
1 2 34
1 2 37
1 2 38
1 2 38
1 2 39
1 2 39
1 2 48
1 2 48
1 2 49
1 2 49
1 3 1
1 3 1
1 3 1
1 3 5
1 3 6
1 3 6
1 3 7
1 3 7
1 3 9
1 3 9
1 3 13
1 3 13
1 3 16
1 3 19
1 3 19
1 3 20
1 3 20
1 3 24
1 3 24
1 3 24
1 3 31
1 3 39
1 3 39
1 3 39
1 3 43
1 3 43
1 3 43
1 3 45
1 3 48
1 3 48
1 3 48
1 3 49
1 3 49
1 4 0
1 4 0
1 4 1
1 4 1
1 4 1
1 4 2
1 4 4
1 4 4
1 4 6
1 4 6
1 4 6
1 4 9
1 4 9
1 4 9
1 4 10
1 4 10
1 4 10
1 4 11
1 4 11
1 4 11
1 4 12
1 4 12
1 4 13
1 4 13
1 4 22
1 4 22
1 4 22
1 4 23
1 4 24
1 4 24
1 4 24
1 4 29
1 4 36
1 4 46
1 4 46
1 4 46
1 4 49
1 4 49
1 4 49
1 5 2
1 5 2
1 5 2
1 5 3
1 5 4
1 5 4
1 5 4
1 5 6
1 5 6
1 5 6
1 5 12
1 5 12
1 5 13
1 5 19
1 5 27
1 5 28
1 5 28
1 5 29
1 5 29
1 5 30
1 5 30
1 5 32
1 5 32
1 5 32
1 5 37
1 5 38
1 5 38
1 5 38
1 5 39
1 6 5
1 6 5
1 6 6
1 6 6
1 6 6
1 6 11
1 6 14
1 6 14
1 6 14
1 6 15
1 6 15
1 6 15
1 6 22
1 6 22
1 6 23
1 6 23
1 6 23
1 6 25
1 6 25
1 6 27
1 6 27
1 6 27
1 6 31
1 6 31
1 6 31
1 6 33
1 6 33
1 6 33
1 6 39
1 6 39
1 6 42
1 6 44
1 6 46
1 6 46
1 6 49
1 7 3
1 7 3
1 7 5
1 7 5
1 7 5
1 7 7
1 7 7
1 7 13
1 7 13
1 7 13
1 7 16
1 7 16
1 7 16
1 7 18
1 7 18
1 7 18
1 7 19
1 7 20
1 7 20
1 7 21
1 7 21
1 7 21
1 7 26
1 7 31
1 7 34
1 7 34
1 7 34
1 7 38
1 7 40
1 7 44
1 7 44
1 7 45
1 7 46
1 7 46
1 7 46
1 7 47
1 7 47
1 7 49
1 7 49
1 7 49
1 8 5
1 8 5
1 8 5
1 8 8
1 8 8
1 8 9
1 8 9
1 8 9
1 8 12
1 8 13
1 8 14
1 8 14
1 8 15
1 8 15
1 8 19
1 8 24
1 8 24
1 8 24
1 8 30
1 8 35
1 8 35
1 8 35
1 8 43
1 8 46
1 9 0
1 9 0
1 9 0
1 9 4
1 9 6
1 9 9
1 9 10
1 9 10
1 9 12
1 9 12
1 9 12
1 9 14
1 9 14
1 9 14
1 9 16
1 9 16
1 9 16
1 9 20
1 9 20
1 9 25
1 9 25
1 9 27
1 9 27
1 9 27
1 9 29
1 9 33
1 9 33
1 9 38
1 9 38
1 9 38
1 9 40
1 9 40
1 9 40
1 9 42
1 9 48
1 9 48
1 9 48
1 10 3
1 10 4
1 10 4
1 10 4
1 10 10
1 10 10
1 10 14
1 10 14
1 10 14
1 10 16
1 10 17
1 10 23
1 10 23
1 10 23
1 10 24
1 10 24
1 10 25
1 10 25
1 10 26
1 10 26
1 10 26
1 10 28
1 10 30
1 10 35
1 10 39
1 10 39
1 10 39
1 10 43
1 10 43
1 10 44
1 10 49
1 10 49
1 10 49
1 11 5
1 11 18
1 11 18
1 11 18
1 11 23
1 11 28
1 11 34
1 11 46
1 11 46
1 11 46
1 11 48
1 12 1
1 12 1
1 12 1
1 12 9
1 12 9
1 12 10
1 12 10
1 12 10
1 12 22
1 12 22
1 12 22
1 12 27
1 12 27
1 12 30
1 12 33
1 12 33
1 12 33
1 12 43
1 12 43
1 12 43
1 12 44
1 12 48
1 12 48
1 13 0
1 13 0
1 13 0
1 13 5
1 13 5
1 13 19
1 13 23
1 13 24
1 13 28
1 13 28
1 13 30
1 13 31
1 13 33
1 13 33
1 13 39
1 13 40
1 13 43
1 13 48
1 13 48
1 13 48
1 14 0
1 14 0
1 14 0
1 14 4
1 14 4
1 14 4
1 14 6
1 14 7
1 14 7
1 14 10
1 14 10
1 14 10
1 14 12
1 14 12
1 14 12
1 14 20
1 14 29
1 14 29
1 14 32
1 14 32
1 14 32
1 14 33
1 14 33
1 14 42
1 14 42
1 14 42
1 14 46
1 14 46
1 14 46
1 14 47
1 14 47
1 14 47
1 15 2
1 15 2
1 15 2
1 15 5
1 15 5
1 15 5
1 15 7
1 15 7
1 15 7
1 15 9
1 15 9
1 15 9
1 15 14
1 15 14
1 15 20
1 15 20
1 15 20
1 15 21
1 15 21
1 15 28
1 15 28
1 15 30
1 15 30
1 15 32
1 15 34
1 15 37
1 15 37
1 15 38
1 15 38
1 16 3
1 16 3
1 16 4
1 16 4
1 16 4
1 16 6
1 16 7
1 16 7
1 16 7
1 16 12
1 16 13
1 16 13
1 16 13
1 16 14
1 16 14
1 16 14
1 16 17
1 16 17
1 16 19
1 16 20
1 16 20
1 16 21
1 16 27
1 16 27
1 16 28
1 16 28
1 16 34
1 16 34
1 16 34
1 16 35
1 16 42
1 16 42
1 17 1
1 17 1
1 17 2
1 17 2
1 17 2
1 17 5
1 17 7
1 17 8
1 17 8
1 17 12
1 17 12
1 17 14
1 17 14
1 17 14
1 17 15
1 17 18
1 17 18
1 17 23
1 17 23
1 17 23
1 17 26
1 17 29
1 17 29
1 17 29
1 17 30
1 17 37
1 17 40
1 17 40
1 17 40
1 17 41
1 17 42
1 17 43
1 17 43
1 17 46
1 17 46
1 17 47
1 17 47
1 17 49
1 17 49
1 18 0
1 18 0
1 18 0
1 18 5
1 18 5
1 18 12
1 18 18
1 18 18
1 18 23
1 18 23
1 18 24
1 18 24
1 18 25
1 18 25
1 18 25
1 18 30
1 18 31
1 18 31
1 18 38
1 18 38
1 18 38
1 18 41
1 18 41
1 18 41
1 18 43
1 18 43
1 18 43
1 18 44
1 18 45
1 18 47
1 18 47
1 19 5
1 19 5
1 19 10
1 19 10
1 19 16
1 19 16
1 19 16
1 19 24
1 19 24
1 19 25
1 19 27
1 19 28
1 19 33
1 19 33
1 19 42
1 19 42
1 19 44
1 20 2
1 20 2
1 20 2
1 20 10
1 20 10
1 20 14
1 20 14
1 20 14
1 20 17
1 20 17
1 20 17
1 20 22
1 20 22
1 20 22
1 20 28
1 20 31
1 20 33
1 20 33
1 20 34
1 20 35
1 20 35
1 20 39
1 20 39
1 20 39
1 20 46
1 20 46
1 20 46
1 20 49
1 20 49
1 20 49
1 21 4
1 21 4
1 21 6
1 21 6
1 21 15
1 21 18
1 21 18
1 21 23
1 21 23
1 21 24
1 21 24
1 21 25
1 21 26
1 21 28
1 21 28
1 21 30
1 21 32
1 21 32
1 21 34
1 21 34
1 21 34
1 21 35
1 21 39
1 21 39
1 21 41
1 21 41
1 21 44
1 21 44
1 21 44
1 21 49
1 21 49
1 21 49
1 22 1
1 22 14
1 22 15
1 22 15
1 22 15
1 22 16
1 22 20
1 22 20
1 22 23
1 22 23
1 22 23
1 22 27
1 22 27
1 22 28
1 22 28
1 22 28
1 22 32
1 22 32
1 22 35
1 23 7
1 23 7
1 23 10
1 23 10
1 23 11
1 23 15
1 23 15
1 23 16
1 23 16
1 23 16
1 23 17
1 23 17
1 23 18
1 23 18
1 23 21
1 23 27
1 23 27
1 23 29
1 23 29
1 23 29
1 23 31
1 23 31
1 23 33
1 23 33
1 23 33
1 23 34
1 23 34
1 23 36
1 23 36
1 23 36
1 23 37
1 23 37
1 23 44
1 23 44
1 23 44
1 23 45
1 24 3
1 24 3
1 24 6
1 24 6
1 24 11
1 24 15
1 24 15
1 24 29
1 24 29
1 24 29
1 24 35
1 24 35
1 24 35
1 24 36
1 24 43
1 24 43
1 24 43
1 24 47
1 24 49
1 24 49
1 24 49
1 25 1
1 25 1
1 25 1
1 25 5
1 25 5
1 25 10
1 25 12
1 25 12
1 25 15
1 25 15
1 25 17
1 25 18
1 25 18
1 25 18
1 25 20
1 25 20
1 25 20
1 25 22
1 25 22
1 25 22
1 25 24
1 25 26
1 25 26
1 25 26
1 25 29
1 25 34
1 25 34
1 25 34
1 25 39
1 25 39
1 25 41
1 25 45
1 25 45
1 25 45
1 25 47
1 25 47
1 25 47
1 25 49
1 25 49
1 26 5
1 26 5
1 26 5
1 26 7
1 26 7
1 26 7
1 26 8
1 26 8
1 26 10
1 26 15
1 26 15
1 26 15
1 26 23
1 26 24
1 26 24
1 26 24
1 26 25
1 26 27
1 26 27
1 26 29
1 26 29
1 26 29
1 26 30
1 26 30
1 26 33
1 26 33
1 26 33
1 26 38
1 26 41
1 26 41
1 26 43
1 26 43
1 26 49
1 27 2
1 27 3
1 27 3
1 27 6
1 27 6
1 27 6
1 27 13
1 27 13
1 27 13
1 27 14
1 27 14
1 27 16
1 27 16
1 27 16
1 27 21
1 27 23
1 27 23
1 27 23
1 27 25
1 27 25
1 27 25
1 27 28
1 27 28
1 27 35
1 27 35
1 27 35
1 27 36
1 27 36
1 27 36
1 27 37
1 27 45
1 27 45
1 27 45
1 28 1
1 28 1
1 28 1
1 28 10
1 28 10
1 28 10
1 28 11
1 28 11
1 28 12
1 28 18
1 28 18
1 28 18
1 28 23
1 28 23
1 28 23
1 28 24
1 28 24
1 28 25
1 28 25
1 28 25
1 28 30
1 28 31
1 28 31
1 28 36
1 28 38
1 28 38
1 28 38
1 28 41
1 28 41
1 28 41
1 28 42
1 28 42
1 28 42
1 28 43
1 28 43
1 28 46
1 28 46
1 29 0
1 29 5
1 29 5
1 29 6
1 29 11
1 29 11
1 29 12
1 29 12
1 29 12
1 29 18
1 29 20
1 29 26
1 29 29
1 29 29
1 29 29
1 29 32
1 29 34
1 29 34
1 29 34
1 29 39
1 29 45
1 29 48
1 29 49
1 30 1
1 30 1
1 30 1
1 30 3
1 30 3
1 30 3
1 30 4
1 30 4
1 30 5
1 30 6
1 30 8
1 30 8
1 30 9
1 30 9
1 30 10
1 30 10
1 30 14
1 30 18
1 30 18
1 30 18
1 30 19
1 30 19
1 30 25
1 30 25
1 30 27
1 30 27
1 30 28
1 30 41
1 30 41
1 30 41
1 30 43
1 30 45
1 30 45
1 30 46
1 30 48
1 30 49
1 31 6
1 31 12
1 31 15
1 31 17
1 31 17
1 31 19
1 31 20
1 31 20
1 31 20
1 31 23
1 31 23
1 31 23
1 31 27
1 31 27
1 31 28
1 31 28
1 31 28
1 31 30
1 31 30
1 31 31
1 31 31
1 31 34
1 31 34
1 31 34
1 31 35
1 31 35
1 31 35
1 31 38
1 31 38
1 31 38
1 31 41
1 31 42
1 31 42
1 31 42
1 31 45
1 31 45
1 31 45
1 31 46
1 32 8
1 32 8
1 32 9
1 32 9
1 32 9
1 32 11
1 32 13
1 32 16
1 32 16
1 32 16
1 32 17
1 32 21
1 32 21
1 32 22
1 32 23
1 32 24
1 32 24
1 32 28
1 32 29
1 32 29
1 32 31
1 32 34
1 32 34
1 32 34
1 32 37
1 32 37
1 32 37
1 32 47
1 32 48
1 33 1
1 33 3
1 33 5
1 33 6
1 33 6
1 33 7
1 33 7
1 33 10
1 33 10
1 33 10
1 33 11
1 33 11
1 33 11
1 33 12
1 33 12
1 33 12
1 33 14
1 33 14
1 33 14
1 33 15
1 33 15
1 33 15
1 33 18
1 33 18
1 33 22
1 33 22
1 33 23
1 33 23
1 33 23
1 33 27
1 33 30
1 33 30
1 33 30
1 33 31
1 33 33
1 33 35
1 33 36
1 33 36
1 33 36
1 33 37
1 33 37
1 33 42
1 33 44
1 33 44
1 33 44
1 33 49
1 34 0
1 34 4
1 34 4
1 34 4
1 34 7
1 34 10
1 34 10
1 34 12
1 34 12
1 34 12
1 34 13
1 34 13
1 34 14
1 34 17
1 34 22
1 34 23
1 34 28
1 34 30
1 34 30
1 34 38
1 34 38
1 34 40
1 34 42
1 34 49
1 34 49
1 35 0
1 35 9
1 35 9
1 35 9
1 35 10
1 35 10
1 35 17
1 35 17
1 35 17
1 35 19
1 35 19
1 35 21
1 35 21
1 35 26
1 35 28
1 35 29
1 35 35
1 35 35
1 35 37
1 35 37
1 35 37
1 35 43
1 35 43
1 35 43
1 35 47
1 36 0
1 36 0
1 36 0
1 36 1
1 36 1
1 36 1
1 36 9
1 36 13
1 36 18
1 36 18
1 36 18
1 36 19
1 36 19
1 36 21
1 36 21
1 36 21
1 36 23
1 36 24
1 36 24
1 36 29
1 36 30
1 36 30
1 36 36
1 36 36
1 36 36
1 36 38
1 36 38
1 36 43
1 36 44
1 36 44
1 36 44
1 36 45
1 37 2
1 37 2
1 37 3
1 37 4
1 37 8
1 37 8
1 37 11
1 37 11
1 37 11
1 37 21
1 37 21
1 37 21
1 37 22
1 37 22
1 37 24
1 37 24
1 37 27
1 37 27
1 37 27
1 37 28
1 37 31
1 37 31
1 37 38
1 37 38
1 37 38
1 37 40
1 37 40
1 37 40
1 37 46
1 37 46
1 37 49
1 37 49
1 38 0
1 38 0
1 38 0
1 38 1
1 38 1
1 38 1
1 38 4
1 38 4
1 38 4
1 38 11
1 38 11
1 38 22
1 38 22
1 38 22
1 38 24
1 38 26
1 38 26
1 38 27
1 38 31
1 38 31
1 38 33
1 38 33
1 38 38
1 38 38
1 38 38
1 38 40
1 38 48
1 38 48
1 38 49
1 38 49
1 39 12
1 39 12
1 39 14
1 39 14
1 39 14
1 39 15
1 39 15
1 39 15
1 39 20
1 39 20
1 39 20
1 39 24
1 39 25
1 39 25
1 39 28
1 39 28
1 39 31
1 39 31
1 39 33
1 39 33
1 39 33
1 39 38
1 39 38
1 39 46
1 39 49
1 39 49
1 39 49
1 40 4
1 40 4
1 40 4
1 40 5
1 40 9
1 40 12
1 40 12
1 40 12
1 40 15
1 40 15
1 40 16
1 40 16
1 40 16
1 40 17
1 40 19
1 40 19
1 40 19
1 40 24
1 40 24
1 40 24
1 40 25
1 40 25
1 40 27
1 40 27
1 40 29
1 40 29
1 40 29
1 40 34
1 40 34
1 40 34
1 40 38
1 40 38
1 40 38
1 40 41
1 40 44
1 40 44
1 40 44
1 40 45
1 40 45
1 41 2
1 41 4
1 41 4
1 41 4
1 41 6
1 41 6
1 41 6
1 41 7
1 41 7
1 41 9
1 41 9
1 41 15
1 41 15
1 41 17
1 41 17
1 41 17
1 41 19
1 41 21
1 41 21
1 41 21
1 41 23
1 41 23
1 41 23
1 41 25
1 41 25
1 41 29
1 41 30
1 41 40
1 41 40
1 41 41
1 41 41
1 41 42
1 41 43
1 41 44
1 41 49
1 42 0
1 42 0
1 42 9
1 42 9
1 42 10
1 42 40
1 42 43
1 42 44
1 42 44
1 42 45
1 42 45
1 42 45
1 42 47
1 42 47
1 43 1
1 43 2
1 43 2
1 43 2
1 43 4
1 43 4
1 43 5
1 43 5
1 43 5
1 43 12
1 43 17
1 43 17
1 43 17
1 43 18
1 43 18
1 43 18
1 43 25
1 43 32
1 43 32
1 43 32
1 43 40
1 43 40
1 43 43
1 43 43
1 43 47
1 43 47
1 43 47
1 43 48
1 43 48
1 44 0
1 44 2
1 44 2
1 44 3
1 44 9
1 44 9
1 44 9
1 44 10
1 44 10
1 44 14
1 44 23
1 44 23
1 44 26
1 44 27
1 44 27
1 44 28
1 44 28
1 44 28
1 44 29
1 44 29
1 44 40
1 44 40
1 44 40
1 44 42
1 44 43
1 44 43
1 44 43
1 44 44
1 44 44
1 44 44
1 44 46
1 44 46
1 44 49
1 45 1
1 45 1
1 45 1
1 45 4
1 45 4
1 45 5
1 45 9
1 45 9
1 45 14
1 45 25
1 45 25
1 45 26
1 45 27
1 45 27
1 45 27
1 45 30
1 45 32
1 45 33
1 45 33
1 45 33
1 45 34
1 45 38
1 45 46
1 45 46
1 46 1
1 46 1
1 46 1
1 46 7
1 46 9
1 46 11
1 46 11
1 46 11
1 46 17
1 46 21
1 46 21
1 46 21
1 46 30
1 46 30
1 46 30
1 46 32
1 46 35
1 46 38
1 46 38
1 46 38
1 46 39
1 46 39
1 46 43
1 46 43
1 46 44
1 46 44
1 46 45
1 46 45
1 46 45
1 46 48
1 47 0
1 47 0
1 47 1
1 47 1
1 47 1
1 47 3
1 47 3
1 47 4
1 47 4
1 47 4
1 47 5
1 47 5
1 47 5
1 47 7
1 47 7
1 47 7
1 47 9
1 47 9
1 47 9
1 47 11
1 47 11
1 47 13
1 47 14
1 47 14
1 47 15
1 47 15
1 47 15
1 47 16
1 47 16
1 47 26
1 47 26
1 47 34
1 47 37
1 47 37
1 47 37
1 47 48
1 47 48
1 47 48
1 47 49
1 47 49
1 47 49
1 48 2
1 48 2
1 48 8
1 48 8
1 48 8
1 48 13
1 48 13
1 48 13
1 48 14
1 48 14
1 48 14
1 48 19
1 48 19
1 48 19
1 48 22
1 48 30
1 48 30
1 48 32
1 48 32
1 48 34
1 48 37
1 48 37
1 48 37
1 48 39
1 48 40
1 48 40
1 48 45
1 48 45
1 48 45
1 48 46
1 49 10
1 49 10
1 49 10
1 49 15
1 49 22
1 49 22
1 49 27
1 49 27
1 49 27
1 49 28
1 49 31
1 49 33
1 49 33
1 49 40
1 49 46
1 49 46
2 0 17
2 0 22
2 0 47
2 1 31
2 1 39
2 2 9
2 3 5
2 3 22
2 4 36
2 5 15
2 5 27
2 5 32
2 6 46
2 8 24
2 8 43
2 9 36
2 12 20
2 12 30
2 14 12
2 16 3
2 16 27
2 17 23
2 17 29
2 17 40
2 17 46
2 18 9
2 21 6
2 21 15
2 22 10
2 22 31
2 23 29
2 23 33
2 23 44
2 24 20
2 24 49
2 25 8
2 25 22
2 26 36
2 27 2
2 27 18
2 28 34
2 29 5
2 29 37
2 29 45
2 30 27
2 30 31
2 32 21
2 33 42
2 33 49
2 34 0
2 34 38
2 35 21
2 35 43
2 36 18
2 37 27
2 37 31
2 37 49
2 39 14
2 40 9
2 40 29
2 40 40
2 42 0
2 43 32
2 44 9
2 44 14
2 44 26
2 45 38
2 46 48
2 47 13
2 48 19
