1 0 10
1 0 10
1 0 10
1 0 12
1 0 13
1 0 13
1 0 13
1 0 15
1 0 18
1 0 18
1 0 18
1 0 19
1 0 19
1 0 19
1 0 22
1 0 22
1 0 22
1 0 24
1 0 24
1 0 31
1 0 41
1 0 41
1 0 42
1 0 42
1 0 44
1 0 45
1 0 45
1 0 45
1 0 49
1 0 49
1 0 49
1 1 4
1 1 4
1 1 4
1 1 7
1 1 7
1 1 9
1 1 9
1 1 10
1 1 13
1 1 13
1 1 13
1 1 21
1 1 21
1 1 21
1 1 22
1 1 22
1 1 25
1 1 25
1 1 29
1 1 29
1 1 29
1 1 30
1 1 30
1 1 41
1 1 41
1 1 41
1 1 42
1 1 42
1 1 45
1 1 45
1 1 45
1 1 49
1 1 49
1 1 49
1 2 1
1 2 1
1 2 1
1 2 2
1 2 2
1 2 7
1 2 7
1 2 7
1 2 16
1 2 16
1 2 16
1 2 19
1 2 19
1 2 23
1 2 23
1 2 23
1 2 30
1 2 30
1 2 30
1 2 34
1 2 37
1 2 41
1 2 43
1 2 44
1 2 45
1 2 45
1 2 47
1 2 47
1 2 47
1 2 48
1 3 3
1 3 3
1 3 6
1 3 7
1 3 7
1 3 7
1 3 11
1 3 11
1 3 16
1 3 17
1 3 17
1 3 19
1 3 22
1 3 22
1 3 31
1 3 31
1 3 31
1 3 34
1 3 35
1 3 35
1 3 36
1 3 36
1 3 36
1 3 38
1 3 38
1 3 38
1 3 41
1 3 41
1 3 49
1 4 4
1 4 11
1 4 11
1 4 11
1 4 13
1 4 13
1 4 17
1 4 17
1 4 23
1 4 25
1 4 27
1 4 28
1 4 28
1 4 30
1 4 34
1 4 34
1 4 34
1 4 36
1 4 39
1 4 44
1 4 44
1 4 49
1 4 49
1 5 0
1 5 0
1 5 0
1 5 2
1 5 2
1 5 2
1 5 10
1 5 10
1 5 10
1 5 12
1 5 12
1 5 12
1 5 21
1 5 21
1 5 22
1 5 22
1 5 22
1 5 24
1 5 24
1 5 24
1 5 25
1 5 25
1 5 25
1 5 26
1 5 26
1 5 45
1 6 1
1 6 4
1 6 4
1 6 4
1 6 5
1 6 5
1 6 11
1 6 17
1 6 17
1 6 17
1 6 20
1 6 23
1 6 26
1 6 28
1 6 28
1 6 28
1 6 29
1 6 35
1 6 37
1 6 37
1 6 37
1 6 39
1 6 41
1 6 41
1 6 45
1 6 45
1 6 46
1 6 46
1 7 0
1 7 0
1 7 6
1 7 6
1 7 6
1 7 11
1 7 11
1 7 11
1 7 13
1 7 13
1 7 15
1 7 15
1 7 15
1 7 17
1 7 17
1 7 18
1 7 18
1 7 18
1 7 20
1 7 20
1 7 20
1 7 25
1 7 25
1 7 25
1 7 26
1 7 28
1 7 28
1 7 29
1 7 29
1 7 29
1 7 32
1 7 33
1 7 34
1 7 34
1 7 38
1 7 40
1 7 42
1 7 42
1 7 42
1 7 44
1 7 46
1 7 46
1 7 46
1 7 49
1 8 9
1 8 9
1 8 9
1 8 11
1 8 11
1 8 14
1 8 14
1 8 14
1 8 18
1 8 18
1 8 18
1 8 21
1 8 21
1 8 21
1 8 28
1 8 28
1 8 33
1 8 33
1 8 33
1 8 34
1 8 39
1 8 39
1 8 39
1 8 45
1 8 47
1 8 47
1 8 47
1 8 48
1 8 48
1 9 2
1 9 2
1 9 3
1 9 3
1 9 9
1 9 9
1 9 10
1 9 10
1 9 13
1 9 13
1 9 13
1 9 15
1 9 15
1 9 16
1 9 16
1 9 20
1 9 23
1 9 25
1 9 25
1 9 25
1 9 31
1 9 32
1 9 32
1 9 38
1 9 38
1 9 41
1 9 42
1 9 43
1 9 45
1 9 47
1 9 47
1 9 48
1 9 48
1 9 48
1 9 49
1 9 49
1 9 49
1 10 0
1 10 0
1 10 3
1 10 3
1 10 4
1 10 4
1 10 4
1 10 9
1 10 10
1 10 15
1 10 17
1 10 19
1 10 19
1 10 19
1 10 20
1 10 23
1 10 27
1 10 28
1 10 31
1 10 31
1 10 31
1 10 34
1 10 34
1 10 34
1 10 35
1 10 41
1 10 42
1 10 46
1 10 46
1 10 47
1 11 1
1 11 2
1 11 2
1 11 3
1 11 3
1 11 6
1 11 6
1 11 6
1 11 7
1 11 7
1 11 8
1 11 8
1 11 9
1 11 9
1 11 11
1 11 11
1 11 14
1 11 15
1 11 15
1 11 15
1 11 18
1 11 18
1 11 23
1 11 23
1 11 23
1 11 26
1 11 34
1 11 34
1 11 36
1 11 38
1 11 38
1 11 39
1 11 39
1 11 39
1 11 43
1 11 43
1 11 43
1 11 47
1 11 49
1 11 49
1 11 49
1 12 0
1 12 1
1 12 1
1 12 1
1 12 9
1 12 9
1 12 9
1 12 10
1 12 13
1 12 13
1 12 17
1 12 17
1 12 23
1 12 25
1 12 28
1 12 28
1 12 28
1 12 30
1 12 30
1 12 30
1 12 32
1 12 35
1 12 35
1 12 35
1 12 42
1 12 44
1 12 45
1 12 45
1 12 46
1 12 46
1 12 46
1 12 47
1 12 48
1 12 48
1 12 48
1 12 49
1 12 49
1 12 49
1 13 0
1 13 0
1 13 1
1 13 1
1 13 1
1 13 2
1 13 3
1 13 3
1 13 12
1 13 12
1 13 14
1 13 14
1 13 14
1 13 16
1 13 16
1 13 20
1 13 23
1 13 29
1 13 29
1 13 29
1 13 30
1 13 30
1 13 30
1 13 31
1 13 31
1 13 31
1 13 33
1 13 33
1 13 35
1 13 37
1 13 38
1 13 38
1 13 39
1 13 40
1 13 40
1 13 41
1 13 42
1 13 48
1 13 48
1 13 48
1 14 0
1 14 1
1 14 4
1 14 4
1 14 7
1 14 8
1 14 12
1 14 20
1 14 20
1 14 20
1 14 22
1 14 22
1 14 23
1 14 26
1 14 26
1 14 26
1 14 33
1 14 35
1 14 35
1 14 36
1 14 36
1 14 36
1 14 44
1 14 46
1 14 46
1 14 46
1 15 2
1 15 2
1 15 2
1 15 8
1 15 8
1 15 11
1 15 11
1 15 16
1 15 17
1 15 17
1 15 17
1 15 18
1 15 18
1 15 18
1 15 23
1 15 25
1 15 25
1 15 25
1 15 28
1 15 28
1 15 30
1 15 30
1 15 34
1 15 34
1 15 37
1 15 37
1 15 38
1 15 40
1 15 42
1 15 43
1 15 43
1 15 44
1 15 47
1 15 48
1 15 48
1 15 49
1 15 49
1 15 49
1 16 1
1 16 1
1 16 1
1 16 2
1 16 2
1 16 4
1 16 10
1 16 10
1 16 15
1 16 15
1 16 20
1 16 25
1 16 25
1 16 25
1 16 27
1 16 27
1 16 28
1 16 28
1 16 28
1 16 29
1 16 29
1 16 29
1 16 32
1 16 32
1 16 32
1 16 33
1 16 33
1 16 35
1 16 35
1 16 40
1 16 43
1 16 43
1 16 43
1 16 44
1 16 47
1 16 47
1 16 47
1 16 48
1 16 48
1 16 48
1 16 49
1 17 3
1 17 3
1 17 3
1 17 4
1 17 4
1 17 7
1 17 9
1 17 10
1 17 10
1 17 11
1 17 11
1 17 14
1 17 14
1 17 16
1 17 21
1 17 21
1 17 24
1 17 25
1 17 28
1 17 28
1 17 28
1 17 31
1 17 32
1 17 32
1 17 32
1 17 33
1 17 33
1 17 33
1 17 34
1 17 37
1 17 37
1 17 38
1 17 38
1 17 39
1 17 40
1 17 40
1 17 40
1 17 41
1 17 41
1 17 41
1 17 45
1 17 49
1 18 1
1 18 1
1 18 8
1 18 8
1 18 21
1 18 21
1 18 24
1 18 25
1 18 25
1 18 26
1 18 26
1 18 27
1 18 27
1 18 27
1 18 28
1 18 28
1 18 28
1 18 34
1 18 34
1 18 35
1 18 36
1 18 38
1 18 38
1 18 42
1 18 44
1 18 44
1 18 44
1 18 45
1 18 45
1 18 48
1 19 1
1 19 1
1 19 3
1 19 3
1 19 4
1 19 7
1 19 7
1 19 11
1 19 11
1 19 11
1 19 15
1 19 15
1 19 15
1 19 16
1 19 16
1 19 17
1 19 17
1 19 23
1 19 23
1 19 26
1 19 26
1 19 35
1 19 38
1 19 41
1 19 41
1 19 41
1 19 44
1 19 44
1 19 44
1 19 45
1 19 45
1 19 45
1 19 46
1 19 46
1 19 46
1 19 48
1 19 49
1 19 49
1 19 49
1 20 0
1 20 0
1 20 0
1 20 1
1 20 1
1 20 2
1 20 6
1 20 6
1 20 9
1 20 9
1 20 10
1 20 10
1 20 10
1 20 15
1 20 16
1 20 16
1 20 16
1 20 23
1 20 27
1 20 27
1 20 27
1 20 31
1 20 31
1 20 32
1 20 33
1 20 33
1 20 33
1 20 35
1 20 40
1 20 40
1 20 40
1 20 45
1 20 45
1 20 45
1 20 48
1 20 48
1 21 11
1 21 11
1 21 11
1 21 18
1 21 18
1 21 18
1 21 20
1 21 20
1 21 25
1 21 31
1 21 32
1 21 36
1 21 36
1 21 37
1 21 37
1 21 38
1 21 38
1 21 38
1 21 39
1 21 46
1 21 46
1 21 46
1 21 48
1 21 48
1 22 1
1 22 1
1 22 1
1 22 8
1 22 9
1 22 9
1 22 15
1 22 15
1 22 15
1 22 16
1 22 16
1 22 16
1 22 17
1 22 18
1 22 20
1 22 21
1 22 24
1 22 24
1 22 26
1 22 26
1 22 26
1 22 30
1 22 30
1 22 30
1 22 32
1 22 32
1 22 34
1 22 39
1 22 39
1 22 39
1 22 41
1 22 41
1 22 41
1 22 42
1 22 43
1 22 43
1 22 43
1 22 44
1 22 44
1 22 44
1 22 45
1 22 47
1 22 47
1 22 47
1 22 48
1 22 48
1 23 8
1 23 10
1 23 10
1 23 10
1 23 11
1 23 11
1 23 11
1 23 13
1 23 13
1 23 17
1 23 21
1 23 21
1 23 23
1 23 23
1 23 24
1 23 24
1 23 25
1 23 26
1 23 26
1 23 26
1 23 33
1 23 33
1 23 34
1 23 34
1 23 34
1 23 36
1 23 36
1 23 36
1 23 39
1 23 39
1 23 44
1 23 44
1 23 46
1 23 46
1 23 46
1 24 2
1 24 2
1 24 5
1 24 6
1 24 6
1 24 11
1 24 14
1 24 14
1 24 18
1 24 19
1 24 23
1 24 23
1 24 23
1 24 28
1 24 30
1 24 32
1 24 35
1 24 40
1 24 40
1 24 41
1 24 42
1 24 42
1 24 43
1 24 48
1 24 48
1 24 48
1 24 49
1 24 49
1 24 49
1 25 2
1 25 3
1 25 3
1 25 3
1 25 5
1 25 5
1 25 7
1 25 7
1 25 7
1 25 8
1 25 8
1 25 8
1 25 9
1 25 9
1 25 10
1 25 27
1 25 27
1 25 34
1 25 34
1 25 35
1 25 35
1 25 35
1 25 38
1 25 38
1 25 38
1 25 41
1 25 42
1 25 42
1 25 46
1 26 0
1 26 0
1 26 2
1 26 2
1 26 3
1 26 7
1 26 7
1 26 9
1 26 9
1 26 15
1 26 15
1 26 16
1 26 16
1 26 19
1 26 19
1 26 24
1 26 24
1 26 24
1 26 28
1 26 28
1 26 28
1 26 30
1 26 30
1 26 30
1 26 33
1 26 39
1 26 39
1 26 44
1 26 44
1 26 44
1 26 45
1 26 45
1 27 0
1 27 2
1 27 2
1 27 3
1 27 3
1 27 5
1 27 5
1 27 6
1 27 6
1 27 6
1 27 8
1 27 14
1 27 14
1 27 15
1 27 18
1 27 18
1 27 18
1 27 28
1 27 30
1 27 30
1 27 30
1 27 31
1 27 35
1 27 35
1 27 35
1 27 36
1 27 36
1 27 37
1 27 37
1 27 37
1 27 39
1 27 39
1 27 39
1 27 48
1 28 2
1 28 9
1 28 9
1 28 10
1 28 12
1 28 12
1 28 12
1 28 13
1 28 13
1 28 17
1 28 20
1 28 20
1 28 23
1 28 26
1 28 26
1 28 28
1 28 28
1 28 43
1 28 43
1 28 43
1 28 44
1 28 44
1 28 44
1 28 46
1 28 46
1 28 49
1 29 3
1 29 3
1 29 3
1 29 4
1 29 5
1 29 8
1 29 8
1 29 8
1 29 9
1 29 9
1 29 9
1 29 10
1 29 10
1 29 10
1 29 11
1 29 11
1 29 13
1 29 13
1 29 13
1 29 15
1 29 15
1 29 15
1 29 16
1 29 16
1 29 16
1 29 17
1 29 18
1 29 18
1 29 18
1 29 20
1 29 23
1 29 23
1 29 26
1 29 30
1 29 30
1 29 31
1 29 31
1 29 41
1 29 44
1 29 45
1 29 46
1 29 48
1 29 48
1 29 49
1 29 49
1 30 3
1 30 3
1 30 3
1 30 4
1 30 4
1 30 4
1 30 7
1 30 7
1 30 7
1 30 9
1 30 9
1 30 9
1 30 12
1 30 12
1 30 13
1 30 13
1 30 14
1 30 14
1 30 19
1 30 23
1 30 27
1 30 27
1 30 28
1 30 28
1 30 31
1 30 31
1 30 31
1 30 33
1 30 33
1 30 35
1 30 35
1 30 36
1 30 36
1 30 38
1 30 38
1 30 38
1 30 39
1 30 39
1 30 39
1 30 43
1 31 1
1 31 1
1 31 2
1 31 2
1 31 2
1 31 5
1 31 7
1 31 10
1 31 12
1 31 12
1 31 16
1 31 16
1 31 20
1 31 20
1 31 27
1 31 27
1 31 27
1 31 29
1 31 29
1 31 29
1 31 31
1 31 31
1 31 33
1 31 37
1 31 39
1 31 39
1 31 40
1 31 40
1 31 40
1 31 44
1 31 44
1 31 45
1 32 4
1 32 4
1 32 5
1 32 13
1 32 17
1 32 17
1 32 18
1 32 18
1 32 18
1 32 22
1 32 22
1 32 26
1 32 26
1 32 26
1 32 34
1 32 38
1 32 38
1 32 38
1 32 39
1 32 39
1 32 44
1 32 44
1 32 49
1 32 49
1 32 49
1 33 1
1 33 1
1 33 2
1 33 2
1 33 4
1 33 4
1 33 4
1 33 5
1 33 5
1 33 10
1 33 10
1 33 12
1 33 14
1 33 14
1 33 15
1 33 15
1 33 15
1 33 16
1 33 16
1 33 16
1 33 17
1 33 17
1 33 18
1 33 18
1 33 19
1 33 19
1 33 19
1 33 25
1 33 26
1 33 30
1 33 44
1 33 44
1 33 49
1 34 0
1 34 0
1 34 3
1 34 4
1 34 6
1 34 7
1 34 7
1 34 8
1 34 8
1 34 8
1 34 9
1 34 9
1 34 12
1 34 12
1 34 12
1 34 14
1 34 14
1 34 14
1 34 15
1 34 15
1 34 16
1 34 17
1 34 19
1 34 23
1 34 23
1 34 23
1 34 24
1 34 24
1 34 25
1 34 25
1 34 25
1 34 26
1 34 26
1 34 26
1 34 34
1 34 34
1 34 36
1 34 39
1 34 39
1 34 40
1 34 40
1 34 40
1 34 41
1 34 41
1 34 41
1 34 43
1 34 43
1 34 46
1 34 46
1 34 46
1 34 48
1 34 48
1 35 1
1 35 6
1 35 9
1 35 9
1 35 9
1 35 10
1 35 13
1 35 13
1 35 13
1 35 16
1 35 16
1 35 16
1 35 18
1 35 18
1 35 19
1 35 19
1 35 19
1 35 24
1 35 24
1 35 24
1 35 25
1 35 25
1 35 28
1 35 28
1 35 38
1 35 38
1 35 38
1 35 40
1 35 45
1 35 48
1 35 48
1 36 4
1 36 4
1 36 4
1 36 5
1 36 5
1 36 6
1 36 6
1 36 6
1 36 7
1 36 7
1 36 9
1 36 10
1 36 10
1 36 13
1 36 15
1 36 15
1 36 15
1 36 24
1 36 24
1 36 29
1 36 31
1 36 37
1 36 42
1 36 42
1 36 45
1 36 45
1 36 46
1 36 47
1 36 47
1 36 47
1 37 3
1 37 3
1 37 3
1 37 4
1 37 4
1 37 10
1 37 11
1 37 11
1 37 11
1 37 15
1 37 26
1 37 26
1 37 26
1 37 28
1 37 28
1 37 29
1 37 29
1 37 29
1 37 34
1 37 34
1 37 42
1 37 42
1 37 44
1 37 44
1 37 44
1 37 47
1 37 47
1 37 48
1 37 48
1 37 48
1 37 49
1 37 49
1 38 2
1 38 6
1 38 8
1 38 8
1 38 14
1 38 14
1 38 14
1 38 19
1 38 20
1 38 20
1 38 20
1 38 23
1 38 30
1 38 30
1 38 34
1 38 36
1 38 36
1 38 36
1 38 37
1 38 37
1 38 38
1 38 40
1 38 40
1 38 40
1 38 43
1 38 43
1 38 44
1 38 44
1 38 44
1 38 45
1 38 45
1 38 46
1 38 46
1 38 46
1 38 47
1 38 47
1 38 48
1 38 48
1 39 3
1 39 5
1 39 5
1 39 7
1 39 7
1 39 8
1 39 8
1 39 10
1 39 10
1 39 10
1 39 14
1 39 15
1 39 17
1 39 17
1 39 17
1 39 21
1 39 21
1 39 21
1 39 27
1 39 27
1 39 27
1 39 31
1 39 41
1 39 41
1 39 47
1 39 47
1 39 47
1 39 48
1 40 0
1 40 0
1 40 7
1 40 8
1 40 8
1 40 10
1 40 10
1 40 12
1 40 12
1 40 14
1 40 14
1 40 16
1 40 16
1 40 20
1 40 20
1 40 20
1 40 22
1 40 22
1 40 23
1 40 23
1 40 29
1 40 29
1 40 38
1 40 38
1 40 40
1 40 40
1 40 40
1 40 45
1 40 45
1 40 45
1 40 47
1 41 2
1 41 4
1 41 4
1 41 4
1 41 5
1 41 5
1 41 5
1 41 6
1 41 6
1 41 6
1 41 9
1 41 9
1 41 9
1 41 11
1 41 11
1 41 11
1 41 14
1 41 15
1 41 15
1 41 18
1 41 18
1 41 21
1 41 23
1 41 23
1 41 25
1 41 27
1 41 27
1 41 28
1 41 29
1 41 29
1 41 29
1 41 30
1 41 30
1 41 35
1 41 35
1 41 35
1 41 37
1 41 37
1 41 38
1 41 38
1 41 38
1 41 39
1 41 39
1 41 39
1 42 0
1 42 1
1 42 5
1 42 10
1 42 10
1 42 10
1 42 31
1 42 31
1 42 31
1 42 40
1 42 41
1 42 42
1 42 42
1 42 42
1 42 43
1 42 49
1 42 49
1 43 0
1 43 4
1 43 5
1 43 5
1 43 7
1 43 9
1 43 9
1 43 9
1 43 11
1 43 11
1 43 11
1 43 16
1 43 19
1 43 19
1 43 20
1 43 20
1 43 22
1 43 22
1 43 22
1 43 28
1 43 29
1 43 33
1 43 34
1 43 34
1 43 35
1 43 45
1 43 45
1 43 46
1 43 46
1 43 46
1 44 9
1 44 9
1 44 11
1 44 11
1 44 11
1 44 13
1 44 13
1 44 17
1 44 17
1 44 17
1 44 18
1 44 19
1 44 21
1 44 21
1 44 22
1 44 24
1 44 24
1 44 24
1 44 27
1 44 27
1 44 29
1 44 29
1 44 29
1 44 35
1 44 35
1 44 38
1 44 39
1 44 39
1 44 39
1 44 43
1 44 43
1 44 43
1 44 45
1 44 45
1 44 45
1 44 49
1 44 49
1 44 49
1 45 1
1 45 1
1 45 9
1 45 9
1 45 9
1 45 11
1 45 18
1 45 24
1 45 24
1 45 24
1 45 30
1 45 33
1 45 33
1 45 34
1 45 41
1 45 44
1 45 48
1 45 48
1 46 0
1 46 0
1 46 0
1 46 1
1 46 4
1 46 9
1 46 9
1 46 10
1 46 10
1 46 10
1 46 13
1 46 17
1 46 18
1 46 18
1 46 19
1 46 19
1 46 20
1 46 20
1 46 22
1 46 22
1 46 22
1 46 26
1 46 26
1 46 27
1 46 31
1 46 31
1 46 34
1 46 34
1 46 37
1 46 38
1 46 38
1 46 39
1 46 40
1 46 45
1 46 45
1 46 45
1 46 46
1 46 47
1 46 47
1 46 48
1 46 49
1 46 49
1 47 1
1 47 3
1 47 3
1 47 5
1 47 5
1 47 7
1 47 7
1 47 7
1 47 14
1 47 14
1 47 21
1 47 21
1 47 22
1 47 22
1 47 24
1 47 24
1 47 24
1 47 29
1 47 29
1 47 29
1 47 31
1 47 31
1 47 34
1 47 40
1 47 40
1 47 40
1 47 41
1 47 41
1 47 47
1 47 49
1 47 49
1 47 49
1 48 1
1 48 3
1 48 3
1 48 3
1 48 6
1 48 6
1 48 6
1 48 11
1 48 11
1 48 12
1 48 12
1 48 15
1 48 15
1 48 15
1 48 17
1 48 27
1 48 27
1 48 28
1 48 28
1 48 30
1 48 31
1 48 31
1 48 33
1 48 33
1 48 34
1 48 34
1 48 35
1 48 35
1 48 35
1 48 36
1 48 36
1 48 38
1 48 38
1 48 38
1 48 42
1 48 42
1 48 42
1 48 45
1 48 45
1 48 45
1 48 46
1 48 49
1 49 1
1 49 5
1 49 6
1 49 9
1 49 9
1 49 9
1 49 10
1 49 14
1 49 14
1 49 14
1 49 18
1 49 18
1 49 20
1 49 20
1 49 21
1 49 21
1 49 21
1 49 23
1 49 23
1 49 23
1 49 25
1 49 26
1 49 26
1 49 26
1 49 27
1 49 27
1 49 27
1 49 28
1 49 28
1 49 30
1 49 35
1 49 35
1 49 40
1 49 40
1 49 46
1 49 49
1 49 49
1 49 49
2 0 22
2 0 30
2 0 41
2 0 44
2 1 7
2 1 25
2 1 48
2 2 15
2 2 23
2 2 33
2 3 9
2 5 45
2 6 4
2 6 11
2 6 17
2 6 28
2 6 39
2 7 15
2 7 32
2 7 42
2 8 3
2 8 9
2 8 47
2 9 23
2 10 27
2 11 38
2 12 17
2 13 11
2 13 33
2 14 6
2 15 42
2 15 47
2 16 0
2 16 10
2 16 32
2 18 44
2 19 0
2 19 7
2 19 15
2 20 20
2 21 17
2 21 24
2 21 36
2 22 8
2 22 41
2 24 2
2 24 5
2 24 35
2 24 47
2 25 15
2 26 22
2 27 8
2 27 12
2 27 26
2 28 49
2 29 15
2 29 30
2 29 38
2 30 6
2 31 44
2 32 0
2 33 14
2 33 25
2 33 48
2 34 6
2 35 13
2 35 44
2 36 29
2 38 6
2 38 19
2 39 25
2 40 37
2 41 1
2 42 40
2 42 49
2 43 9
2 43 22
2 43 45
2 44 1
2 44 17
2 44 24
2 44 27
2 44 38
2 45 33
