1 0 0
1 0 1
1 0 1
1 0 6
1 0 6
1 0 11
1 0 11
1 0 11
1 0 12
1 0 13
1 0 13
1 0 13
1 0 14
1 0 15
1 0 16
1 0 18
1 0 18
1 0 20
1 0 21
1 0 21
1 0 23
1 0 30
1 0 32
1 0 32
1 0 32
1 0 35
1 0 37
1 0 37
1 0 39
1 0 39
1 0 39
1 0 40
1 0 40
1 0 41
1 0 41
1 0 42
1 0 42
1 0 42
1 0 43
1 0 45
1 0 45
1 0 45
1 1 1
1 1 1
1 1 1
1 1 2
1 1 4
1 1 4
1 1 4
1 1 5
1 1 5
1 1 6
1 1 6
1 1 9
1 1 9
1 1 9
1 1 14
1 1 14
1 1 16
1 1 19
1 1 19
1 1 19
1 1 20
1 1 21
1 1 21
1 1 22
1 1 22
1 1 25
1 1 25
1 1 26
1 1 26
1 1 29
1 1 29
1 1 38
1 1 38
1 1 38
1 1 43
1 1 43
1 1 44
1 1 44
1 1 45
1 1 45
1 1 45
1 1 46
1 1 46
1 1 49
1 1 49
1 1 49
1 2 6
1 2 6
1 2 6
1 2 7
1 2 7
1 2 12
1 2 12
1 2 19
1 2 19
1 2 38
1 2 38
1 2 38
1 2 40
1 2 40
1 2 40
1 2 48
1 2 48
1 2 48
1 2 49
1 2 49
1 3 1
1 3 1
1 3 2
1 3 2
1 3 2
1 3 3
1 3 4
1 3 4
1 3 4
1 3 6
1 3 6
1 3 6
1 3 8
1 3 10
1 3 10
1 3 11
1 3 11
1 3 13
1 3 13
1 3 13
1 3 19
1 3 19
1 3 29
1 3 29
1 3 30
1 3 30
1 3 30
1 3 31
1 3 32
1 3 32
1 3 32
1 3 35
1 3 35
1 3 38
1 3 38
1 3 41
1 3 41
1 3 43
1 3 46
1 3 46
1 4 1
1 4 5
1 4 5
1 4 5
1 4 7
1 4 7
1 4 11
1 4 11
1 4 14
1 4 14
1 4 14
1 4 18
1 4 19
1 4 19
1 4 19
1 4 21
1 4 21
1 4 27
1 4 27
1 4 27
1 4 30
1 4 30
1 4 30
1 4 32
1 4 32
1 4 36
1 4 36
1 4 36
1 4 41
1 4 41
1 4 41
1 4 43
1 4 43
1 4 43
1 4 48
1 4 48
1 4 49
1 4 49
1 5 3
1 5 3
1 5 5
1 5 5
1 5 5
1 5 6
1 5 8
1 5 10
1 5 10
1 5 13
1 5 13
1 5 13
1 5 14
1 5 14
1 5 14
1 5 20
1 5 20
1 5 21
1 5 22
1 5 22
1 5 23
1 5 24
1 5 24
1 5 24
1 5 28
1 5 28
1 5 28
1 5 40
1 5 40
1 5 42
1 5 42
1 5 44
1 5 44
1 5 44
1 5 49
1 6 2
1 6 2
1 6 3
1 6 3
1 6 3
1 6 4
1 6 5
1 6 9
1 6 13
1 6 13
1 6 13
1 6 14
1 6 14
1 6 14
1 6 19
1 6 19
1 6 19
1 6 20
1 6 23
1 6 23
1 6 23
1 6 24
1 6 24
1 6 25
1 6 29
1 6 29
1 6 33
1 6 33
1 6 33
1 6 37
1 6 37
1 6 40
1 6 44
1 6 44
1 6 44
1 6 46
1 6 46
1 7 3
1 7 3
1 7 3
1 7 7
1 7 17
1 7 17
1 7 17
1 7 19
1 7 19
1 7 19
1 7 22
1 7 24
1 7 24
1 7 24
1 7 25
1 7 25
1 7 27
1 7 28
1 7 28
1 7 28
1 7 36
1 7 36
1 7 36
1 7 44
1 7 44
1 7 44
1 7 45
1 7 46
1 7 46
1 7 46
1 7 49
1 7 49
1 8 4
1 8 4
1 8 4
1 8 5
1 8 5
1 8 10
1 8 13
1 8 13
1 8 15
1 8 18
1 8 20
1 8 22
1 8 22
1 8 30
1 8 30
1 8 42
1 8 42
1 8 42
1 8 43
1 8 43
1 8 46
1 8 46
1 8 49
1 8 49
1 8 49
1 9 3
1 9 5
1 9 6
1 9 6
1 9 8
1 9 8
1 9 11
1 9 11
1 9 11
1 9 13
1 9 13
1 9 18
1 9 20
1 9 20
1 9 20
1 9 21
1 9 21
1 9 21
1 9 23
1 9 25
1 9 25
1 9 25
1 9 26
1 9 26
1 9 26
1 9 31
1 9 31
1 9 31
1 9 39
1 9 39
1 9 39
1 9 40
1 9 40
1 9 40
1 9 42
1 9 42
1 9 43
1 9 43
1 9 43
1 9 44
1 9 44
1 9 44
1 9 46
1 9 47
1 9 47
1 9 47
1 10 4
1 10 9
1 10 9
1 10 9
1 10 10
1 10 13
1 10 13
1 10 14
1 10 14
1 10 15
1 10 19
1 10 21
1 10 25
1 10 25
1 10 25
1 10 26
1 10 26
1 10 33
1 10 34
1 10 34
1 10 36
1 10 36
1 10 39
1 10 39
1 10 40
1 10 40
1 10 42
1 10 43
1 10 43
1 10 43
1 10 45
1 10 45
1 11 1
1 11 1
1 11 2
1 11 3
1 11 4
1 11 4
1 11 8
1 11 8
1 11 8
1 11 13
1 11 13
1 11 13
1 11 15
1 11 15
1 11 19
1 11 19
1 11 19
1 11 20
1 11 21
1 11 24
1 11 24
1 11 27
1 11 27
1 11 27
1 11 33
1 11 33
1 11 33
1 11 42
1 11 44
1 11 44
1 11 49
1 11 49
1 12 4
1 12 4
1 12 4
1 12 5
1 12 5
1 12 8
1 12 8
1 12 10
1 12 14
1 12 20
1 12 20
1 12 21
1 12 23
1 12 23
1 12 23
1 12 34
1 12 34
1 12 36
1 12 38
1 12 39
1 12 39
1 12 39
1 12 40
1 12 40
1 12 40
1 12 41
1 12 41
1 12 44
1 12 44
1 12 45
1 12 45
1 12 45
1 13 1
1 13 1
1 13 2
1 13 4
1 13 4
1 13 7
1 13 7
1 13 8
1 13 8
1 13 11
1 13 12
1 13 12
1 13 12
1 13 16
1 13 16
1 13 17
1 13 17
1 13 20
1 13 26
1 13 26
1 13 26
1 13 27
1 13 27
1 13 31
1 13 37
1 13 38
1 13 38
1 13 38
1 13 39
1 13 39
1 13 39
1 13 41
1 13 41
1 13 41
1 13 45
1 13 45
1 13 49
1 13 49
1 13 49
1 14 6
1 14 11
1 14 11
1 14 11
1 14 14
1 14 15
1 14 22
1 14 22
1 14 22
1 14 23
1 14 23
1 14 23
1 14 27
1 14 27
1 14 29
1 14 29
1 14 30
1 14 30
1 14 32
1 14 32
1 14 32
1 14 34
1 14 34
1 14 34
1 14 36
1 14 36
1 14 37
1 14 37
1 14 37
1 14 43
1 14 44
1 15 2
1 15 2
1 15 3
1 15 5
1 15 5
1 15 5
1 15 11
1 15 11
1 15 11
1 15 12
1 15 12
1 15 20
1 15 29
1 15 31
1 15 35
1 15 36
1 15 42
1 15 42
1 15 42
1 15 44
1 15 44
1 15 45
1 15 49
1 15 49
1 16 0
1 16 0
1 16 1
1 16 7
1 16 7
1 16 7
1 16 20
1 16 20
1 16 20
1 16 21
1 16 21
1 16 22
1 16 22
1 16 26
1 16 29
1 16 29
1 16 33
1 16 33
1 16 34
1 16 34
1 16 34
1 16 38
1 16 40
1 16 42
1 16 42
1 16 44
1 16 44
1 16 46
1 16 46
1 16 47
1 16 47
1 16 48
1 16 49
1 16 49
1 17 3
1 17 3
1 17 3
1 17 14
1 17 14
1 17 17
1 17 17
1 17 18
1 17 20
1 17 20
1 17 20
1 17 28
1 17 29
1 17 29
1 17 29
1 17 30
1 17 30
1 17 30
1 17 32
1 17 32
1 17 32
1 17 37
1 17 39
1 17 39
1 17 41
1 17 41
1 17 41
1 17 42
1 17 42
1 17 46
1 17 47
1 17 49
1 17 49
1 17 49
1 18 4
1 18 4
1 18 4
1 18 10
1 18 10
1 18 10
1 18 13
1 18 13
1 18 13
1 18 14
1 18 14
1 18 19
1 18 20
1 18 20
1 18 20
1 18 21
1 18 21
1 18 24
1 18 24
1 18 32
1 18 33
1 18 33
1 18 39
1 18 41
1 18 41
1 18 43
1 18 43
1 18 43
1 18 45
1 18 45
1 18 45
1 18 46
1 18 47
1 18 47
1 19 1
1 19 1
1 19 9
1 19 9
1 19 9
1 19 10
1 19 14
1 19 15
1 19 19
1 19 19
1 19 21
1 19 21
1 19 21
1 19 27
1 19 27
1 19 27
1 19 28
1 19 28
1 19 28
1 19 30
1 19 30
1 19 30
1 19 32
1 19 32
1 19 32
1 19 41
1 19 41
1 19 41
1 19 42
1 19 42
1 19 45
1 19 45
1 20 0
1 20 1
1 20 1
1 20 6
1 20 6
1 20 6
1 20 8
1 20 8
1 20 11
1 20 13
1 20 21
1 20 21
1 20 21
1 20 25
1 20 30
1 20 30
1 20 31
1 20 31
1 20 32
1 20 32
1 20 34
1 20 39
1 20 39
1 20 40
1 20 40
1 20 40
1 20 41
1 20 41
1 20 44
1 20 47
1 21 0
1 21 0
1 21 0
1 21 1
1 21 1
1 21 1
1 21 2
1 21 3
1 21 6
1 21 6
1 21 6
1 21 10
1 21 12
1 21 12
1 21 12
1 21 14
1 21 15
1 21 15
1 21 15
1 21 16
1 21 16
1 21 16
1 21 17
1 21 17
1 21 19
1 21 19
1 21 19
1 21 23
1 21 23
1 21 23
1 21 26
1 21 27
1 21 27
1 21 28
1 21 30
1 21 30
1 21 32
1 21 32
1 21 32
1 21 34
1 21 43
1 21 43
1 21 44
1 21 44
1 21 47
1 22 4
1 22 4
1 22 10
1 22 13
1 22 13
1 22 14
1 22 14
1 22 15
1 22 15
1 22 15
1 22 17
1 22 17
1 22 17
1 22 21
1 22 22
1 22 31
1 22 31
1 22 32
1 22 35
1 22 35
1 22 35
1 22 38
1 22 40
1 22 40
1 22 49
1 22 49
1 22 49
1 23 0
1 23 0
1 23 0
1 23 2
1 23 5
1 23 5
1 23 5
1 23 7
1 23 7
1 23 10
1 23 10
1 23 17
1 23 17
1 23 22
1 23 22
1 23 23
1 23 24
1 23 24
1 23 25
1 23 25
1 23 25
1 23 26
1 23 29
1 23 29
1 23 32
1 23 34
1 23 34
1 23 34
1 23 41
1 23 41
1 23 41
1 23 42
1 23 42
1 23 44
1 23 44
1 23 44
1 23 48
1 23 48
1 23 48
1 24 1
1 24 1
1 24 1
1 24 9
1 24 10
1 24 11
1 24 11
1 24 16
1 24 20
1 24 27
1 24 28
1 24 28
1 24 28
1 24 29
1 24 33
1 24 33
1 24 33
1 24 38
1 24 40
1 24 40
1 24 40
1 24 42
1 24 42
1 24 44
1 24 45
1 25 2
1 25 2
1 25 3
1 25 3
1 25 6
1 25 6
1 25 6
1 25 9
1 25 9
1 25 9
1 25 11
1 25 12
1 25 12
1 25 12
1 25 20
1 25 20
1 25 21
1 25 21
1 25 22
1 25 22
1 25 22
1 25 24
1 25 24
1 25 24
1 25 25
1 25 26
1 25 26
1 25 26
1 25 27
1 25 27
1 25 30
1 25 30
1 25 38
1 25 45
1 25 45
1 25 45
1 25 46
1 25 46
1 25 46
1 26 6
1 26 6
1 26 8
1 26 8
1 26 9
1 26 11
1 26 11
1 26 19
1 26 19
1 26 19
1 26 20
1 26 21
1 26 21
1 26 21
1 26 24
1 26 24
1 26 24
1 26 26
1 26 30
1 26 37
1 26 37
1 26 42
1 26 44
1 26 49
1 26 49
1 27 9
1 27 9
1 27 12
1 27 14
1 27 14
1 27 14
1 27 18
1 27 21
1 27 21
1 27 22
1 27 22
1 27 26
1 27 29
1 27 37
1 27 46
1 27 46
1 27 46
1 28 1
1 28 3
1 28 3
1 28 3
1 28 5
1 28 5
1 28 18
1 28 18
1 28 18
1 28 20
1 28 22
1 28 22
1 28 23
1 28 23
1 28 28
1 28 28
1 28 35
1 28 35
1 28 38
1 28 38
1 28 40
1 28 40
1 28 45
1 28 45
1 28 47
1 28 49
1 28 49
1 28 49
1 29 0
1 29 0
1 29 5
1 29 5
1 29 8
1 29 8
1 29 13
1 29 20
1 29 20
1 29 21
1 29 24
1 29 24
1 29 28
1 29 29
1 29 29
1 29 30
1 29 30
1 29 31
1 29 33
1 29 33
1 29 35
1 29 35
1 29 35
1 29 40
1 29 40
1 29 43
1 29 44
1 29 44
1 29 45
1 29 45
1 29 45
1 29 48
1 29 49
1 29 49
1 30 5
1 30 9
1 30 12
1 30 12
1 30 13
1 30 17
1 30 17
1 30 18
1 30 18
1 30 20
1 30 24
1 30 24
1 30 25
1 30 25
1 30 28
1 30 30
1 30 30
1 30 30
1 30 34
1 30 34
1 30 34
1 30 36
1 30 46
1 30 46
1 30 46
1 30 47
1 30 47
1 30 47
1 30 48
1 30 48
1 31 0
1 31 0
1 31 0
1 31 1
1 31 1
1 31 3
1 31 3
1 31 3
1 31 4
1 31 4
1 31 6
1 31 9
1 31 9
1 31 10
1 31 16
1 31 20
1 31 21
1 31 21
1 31 21
1 31 25
1 31 25
1 31 25
1 31 30
1 31 30
1 31 30
1 31 37
1 31 44
1 31 44
1 31 45
1 31 45
1 31 46
1 31 46
1 31 46
1 32 6
1 32 6
1 32 10
1 32 10
1 32 10
1 32 11
1 32 11
1 32 11
1 32 21
1 32 27
1 32 27
1 32 27
1 32 29
1 32 32
1 32 40
1 32 40
1 32 40
1 32 42
1 32 42
1 33 6
1 33 6
1 33 6
1 33 8
1 33 8
1 33 12
1 33 13
1 33 13
1 33 14
1 33 14
1 33 14
1 33 17
1 33 22
1 33 22
1 33 22
1 33 23
1 33 25
1 33 26
1 33 26
1 33 26
1 33 28
1 33 29
1 33 29
1 33 32
1 33 32
1 33 33
1 33 33
1 33 40
1 33 41
1 33 41
1 33 42
1 33 42
1 33 42
1 33 43
1 33 43
1 33 44
1 33 46
1 33 46
1 33 46
1 34 1
1 34 1
1 34 1
1 34 5
1 34 7
1 34 7
1 34 7
1 34 10
1 34 10
1 34 10
1 34 11
1 34 11
1 34 12
1 34 12
1 34 16
1 34 16
1 34 20
1 34 20
1 34 20
1 34 23
1 34 23
1 34 23
1 34 24
1 34 24
1 34 24
1 34 25
1 34 27
1 34 31
1 34 31
1 34 31
1 34 37
1 34 37
1 34 41
1 34 41
1 34 43
1 34 43
1 34 43
1 34 47
1 35 1
1 35 1
1 35 4
1 35 6
1 35 9
1 35 9
1 35 9
1 35 11
1 35 11
1 35 12
1 35 13
1 35 13
1 35 13
1 35 19
1 35 19
1 35 19
1 35 22
1 35 22
1 35 22
1 35 25
1 35 25
1 35 25
1 35 26
1 35 26
1 35 26
1 35 30
1 35 39
1 35 39
1 35 43
1 35 43
1 35 44
1 35 46
1 35 46
1 35 46
1 36 4
1 36 15
1 36 15
1 36 20
1 36 20
1 36 20
1 36 21
1 36 21
1 36 21
1 36 26
1 36 26
1 36 27
1 36 28
1 36 32
1 36 32
1 36 32
1 36 33
1 36 33
1 36 34
1 36 34
1 36 34
1 36 40
1 36 40
1 36 40
1 36 41
1 36 41
1 36 42
1 36 46
1 36 47
1 36 47
1 36 47
1 36 49
1 36 49
1 37 1
1 37 1
1 37 2
1 37 2
1 37 3
1 37 3
1 37 4
1 37 4
1 37 8
1 37 8
1 37 8
1 37 14
1 37 19
1 37 21
1 37 21
1 37 21
1 37 23
1 37 23
1 37 23
1 37 29
1 37 32
1 37 32
1 37 37
1 37 37
1 37 38
1 37 38
1 37 39
1 37 39
1 37 45
1 37 45
1 38 1
1 38 1
1 38 1
1 38 2
1 38 2
1 38 2
1 38 10
1 38 10
1 38 10
1 38 11
1 38 11
1 38 14
1 38 14
1 38 15
1 38 23
1 38 23
1 38 23
1 38 24
1 38 24
1 38 25
1 38 25
1 38 25
1 38 27
1 38 33
1 38 33
1 38 35
1 38 35
1 38 35
1 38 40
1 38 42
1 38 42
1 38 42
1 38 43
1 38 44
1 38 44
1 38 48
1 39 0
1 39 1
1 39 1
1 39 3
1 39 3
1 39 3
1 39 10
1 39 10
1 39 13
1 39 13
1 39 20
1 39 20
1 39 25
1 39 26
1 39 26
1 39 27
1 39 27
1 39 27
1 39 29
1 39 29
1 39 31
1 39 36
1 39 36
1 39 36
1 39 43
1 39 46
1 39 46
1 40 1
1 40 3
1 40 3
1 40 4
1 40 4
1 40 4
1 40 6
1 40 6
1 40 16
1 40 16
1 40 16
1 40 17
1 40 20
1 40 20
1 40 22
1 40 24
1 40 24
1 40 25
1 40 25
1 40 27
1 40 35
1 40 35
1 40 35
1 40 36
1 40 36
1 40 39
1 40 39
1 40 39
1 40 44
1 40 44
1 40 47
1 40 47
1 40 47
1 40 48
1 40 48
1 40 48
1 41 1
1 41 2
1 41 2
1 41 3
1 41 7
1 41 7
1 41 7
1 41 15
1 41 18
1 41 18
1 41 22
1 41 23
1 41 23
1 41 23
1 41 27
1 41 27
1 41 30
1 41 30
1 41 33
1 41 33
1 41 39
1 41 39
1 41 40
1 41 41
1 41 41
1 41 41
1 41 42
1 41 42
1 41 42
1 41 43
1 41 43
1 42 0
1 42 1
1 42 1
1 42 1
1 42 4
1 42 4
1 42 13
1 42 14
1 42 14
1 42 20
1 42 20
1 42 23
1 42 23
1 42 27
1 42 27
1 42 31
1 42 32
1 42 32
1 42 32
1 42 34
1 42 34
1 42 38
1 42 38
1 42 38
1 42 42
1 42 42
1 42 42
1 42 45
1 42 45
1 42 45
1 42 46
1 42 46
1 42 46
1 42 47
1 43 2
1 43 2
1 43 2
1 43 6
1 43 9
1 43 9
1 43 9
1 43 16
1 43 16
1 43 17
1 43 17
1 43 17
1 43 22
1 43 22
1 43 23
1 43 23
1 43 24
1 43 24
1 43 24
1 43 25
1 43 28
1 43 28
1 43 28
1 43 29
1 43 29
1 43 29
1 43 35
1 43 35
1 43 37
1 43 37
1 43 39
1 43 42
1 43 42
1 43 42
1 43 44
1 44 3
1 44 3
1 44 5
1 44 5
1 44 6
1 44 6
1 44 8
1 44 8
1 44 8
1 44 9
1 44 9
1 44 12
1 44 12
1 44 17
1 44 17
1 44 21
1 44 21
1 44 21
1 44 25
1 44 27
1 44 31
1 44 31
1 44 31
1 44 37
1 44 38
1 44 38
1 44 38
1 44 40
1 44 42
1 44 42
1 44 43
1 44 43
1 44 46
1 44 48
1 45 2
1 45 2
1 45 2
1 45 3
1 45 3
1 45 3
1 45 5
1 45 5
1 45 6
1 45 6
1 45 14
1 45 15
1 45 15
1 45 15
1 45 16
1 45 16
1 45 16
1 45 20
1 45 20
1 45 20
1 45 21
1 45 21
1 45 21
1 45 26
1 45 26
1 45 26
1 45 27
1 45 27
1 45 27
1 45 29
1 45 29
1 45 29
1 45 32
1 45 33
1 45 33
1 45 33
1 45 36
1 45 36
1 45 36
1 45 40
1 45 40
1 45 40
1 45 42
1 45 44
1 45 44
1 45 47
1 46 6
1 46 6
1 46 6
1 46 9
1 46 9
1 46 17
1 46 19
1 46 19
1 46 19
1 46 30
1 46 30
1 46 31
1 46 32
1 46 35
1 46 35
1 46 35
1 46 38
1 46 40
1 46 40
1 46 40
1 46 41
1 46 41
1 46 42
1 46 42
1 46 42
1 46 44
1 46 47
1 46 47
1 46 47
1 46 49
1 46 49
1 46 49
1 47 0
1 47 0
1 47 1
1 47 1
1 47 3
1 47 3
1 47 3
1 47 11
1 47 16
1 47 16
1 47 16
1 47 19
1 47 22
1 47 22
1 47 22
1 47 23
1 47 23
1 47 23
1 47 26
1 47 26
1 47 26
1 47 34
1 47 34
1 47 34
1 47 36
1 47 39
1 47 39
1 47 43
1 47 43
1 47 45
1 47 45
1 47 49
1 47 49
1 48 5
1 48 5
1 48 9
1 48 11
1 48 12
1 48 12
1 48 16
1 48 16
1 48 17
1 48 20
1 48 20
1 48 23
1 48 26
1 48 26
1 48 26
1 48 35
1 48 35
1 48 35
1 48 36
1 48 36
1 48 36
1 48 39
1 48 40
1 48 40
1 48 40
1 48 42
1 48 42
1 48 42
1 48 43
1 48 43
1 48 46
1 48 46
1 49 2
1 49 2
1 49 2
1 49 9
1 49 9
1 49 9
1 49 13
1 49 21
1 49 21
1 49 22
1 49 26
1 49 26
1 49 26
1 49 29
1 49 38
1 49 39
1 49 46
1 49 46
2 0 0
2 0 4
2 0 11
2 0 20
2 0 37
2 0 39
2 2 10
2 2 40
2 3 28
2 3 33
2 5 3
2 5 13
2 5 44
2 8 4
2 8 13
2 9 25
2 10 9
2 10 33
2 11 44
2 13 11
2 13 26
2 15 20
2 15 42
2 17 14
2 18 9
2 19 27
2 20 0
2 20 34
2 20 43
2 20 47
2 22 21
2 23 5
2 24 20
2 27 35
2 28 5
2 28 13
2 28 27
2 28 40
2 28 47
2 29 8
2 29 24
2 29 43
2 32 32
2 32 39
2 33 0
2 33 12
2 33 22
2 37 1
2 37 23
2 37 37
2 38 5
2 38 10
2 39 36
2 40 47
2 41 30
2 42 9
2 43 28
2 44 12
2 45 1
2 45 32
2 45 35
2 47 16
2 47 26
2 47 36
2 47 39
2 48 20
