1 0 0
1 0 0
1 0 0
1 0 5
1 0 6
1 0 6
1 0 6
1 0 7
1 0 18
1 0 18
1 0 23
1 0 27
1 0 27
1 0 31
1 0 31
1 0 35
1 0 35
1 0 40
1 0 40
1 0 40
1 1 4
1 1 4
1 1 5
1 1 5
1 1 5
1 1 7
1 1 7
1 1 13
1 1 14
1 1 14
1 1 14
1 1 17
1 1 17
1 1 17
1 1 23
1 1 23
1 1 25
1 1 25
1 1 25
1 1 27
1 1 27
1 1 28
1 1 29
1 1 29
1 1 31
1 1 31
1 1 33
1 1 37
1 1 37
1 1 37
1 1 38
1 1 41
1 1 41
1 1 42
1 1 44
1 1 45
1 1 45
1 1 48
1 1 49
1 2 0
1 2 2
1 2 4
1 2 4
1 2 4
1 2 8
1 2 8
1 2 8
1 2 9
1 2 11
1 2 11
1 2 11
1 2 13
1 2 13
1 2 14
1 2 14
1 2 14
1 2 19
1 2 20
1 2 20
1 2 20
1 2 21
1 2 21
1 2 22
1 2 22
1 2 24
1 2 24
1 2 24
1 2 26
1 2 26
1 2 28
1 2 32
1 2 36
1 2 36
1 2 36
1 2 37
1 2 46
1 2 46
1 2 47
1 2 47
1 2 47
1 3 0
1 3 0
1 3 0
1 3 2
1 3 2
1 3 5
1 3 5
1 3 8
1 3 8
1 3 8
1 3 10
1 3 11
1 3 11
1 3 11
1 3 12
1 3 12
1 3 12
1 3 15
1 3 17
1 3 17
1 3 17
1 3 19
1 3 19
1 3 20
1 3 21
1 3 21
1 3 21
1 3 23
1 3 23
1 3 26
1 3 26
1 3 28
1 3 28
1 3 28
1 3 29
1 3 29
1 3 29
1 3 30
1 3 30
1 3 33
1 3 39
1 3 41
1 3 41
1 3 45
1 3 45
1 3 45
1 3 48
1 3 48
1 4 1
1 4 3
1 4 3
1 4 4
1 4 4
1 4 4
1 4 5
1 4 10
1 4 10
1 4 11
1 4 12
1 4 12
1 4 13
1 4 14
1 4 24
1 4 24
1 4 24
1 4 25
1 4 25
1 4 26
1 4 34
1 4 35
1 4 47
1 4 47
1 4 49
1 5 1
1 5 1
1 5 1
1 5 3
1 5 4
1 5 4
1 5 7
1 5 7
1 5 9
1 5 11
1 5 11
1 5 11
1 5 12
1 5 12
1 5 14
1 5 14
1 5 16
1 5 16
1 5 16
1 5 17
1 5 17
1 5 17
1 5 19
1 5 19
1 5 22
1 5 22
1 5 23
1 5 23
1 5 28
1 5 28
1 5 31
1 5 31
1 5 35
1 5 35
1 5 35
1 5 40
1 5 41
1 5 42
1 5 42
1 5 42
1 5 48
1 5 48
1 6 7
1 6 9
1 6 11
1 6 11
1 6 11
1 6 14
1 6 14
1 6 15
1 6 15
1 6 16
1 6 16
1 6 18
1 6 20
1 6 20
1 6 24
1 6 24
1 6 31
1 6 34
1 6 38
1 6 38
1 6 38
1 6 40
1 6 43
1 6 44
1 6 47
1 6 47
1 7 3
1 7 3
1 7 3
1 7 4
1 7 4
1 7 5
1 7 5
1 7 5
1 7 6
1 7 6
1 7 6
1 7 12
1 7 12
1 7 13
1 7 13
1 7 13
1 7 14
1 7 15
1 7 19
1 7 19
1 7 19
1 7 29
1 7 29
1 7 30
1 7 32
1 7 32
1 7 32
1 7 36
1 7 37
1 7 37
1 7 38
1 7 38
1 7 39
1 7 39
1 7 39
1 7 41
1 7 41
1 7 48
1 8 2
1 8 2
1 8 9
1 8 9
1 8 12
1 8 12
1 8 12
1 8 18
1 8 18
1 8 21
1 8 21
1 8 21
1 8 24
1 8 37
1 8 37
1 8 38
1 8 39
1 8 40
1 8 40
1 8 43
1 8 43
1 8 47
1 8 47
1 8 47
1 8 48
1 8 48
1 8 49
1 9 1
1 9 1
1 9 1
1 9 4
1 9 4
1 9 4
1 9 8
1 9 10
1 9 10
1 9 11
1 9 11
1 9 11
1 9 15
1 9 15
1 9 15
1 9 22
1 9 32
1 9 33
1 9 33
1 9 38
1 9 38
1 9 38
1 9 39
1 9 39
1 9 39
1 9 44
1 9 44
1 9 44
1 9 46
1 9 46
1 9 46
1 9 48
1 9 48
1 9 48
1 10 4
1 10 4
1 10 5
1 10 5
1 10 5
1 10 8
1 10 10
1 10 10
1 10 10
1 10 15
1 10 16
1 10 16
1 10 20
1 10 21
1 10 25
1 10 25
1 10 25
1 10 26
1 10 26
1 10 36
1 10 38
1 10 38
1 10 39
1 10 49
1 10 49
1 11 0
1 11 0
1 11 3
1 11 3
1 11 3
1 11 4
1 11 9
1 11 9
1 11 12
1 11 12
1 11 12
1 11 16
1 11 16
1 11 16
1 11 23
1 11 23
1 11 24
1 11 25
1 11 38
1 11 38
1 11 46
1 11 47
1 12 3
1 12 3
1 12 4
1 12 4
1 12 9
1 12 9
1 12 10
1 12 10
1 12 13
1 12 13
1 12 17
1 12 17
1 12 19
1 12 19
1 12 19
1 12 23
1 12 27
1 12 27
1 12 29
1 12 31
1 12 35
1 12 40
1 12 41
1 12 42
1 12 46
1 12 46
1 12 49
1 12 49
1 12 49
1 13 1
1 13 1
1 13 1
1 13 7
1 13 7
1 13 7
1 13 9
1 13 9
1 13 11
1 13 11
1 13 11
1 13 15
1 13 15
1 13 15
1 13 17
1 13 17
1 13 17
1 13 18
1 13 18
1 13 20
1 13 21
1 13 21
1 13 23
1 13 23
1 13 23
1 13 26
1 13 26
1 13 26
1 13 32
1 13 36
1 13 36
1 13 37
1 13 38
1 13 40
1 13 40
1 13 40
1 13 41
1 13 41
1 13 41
1 13 47
1 13 47
1 14 3
1 14 3
1 14 6
1 14 6
1 14 7
1 14 16
1 14 16
1 14 17
1 14 19
1 14 19
1 14 20
1 14 20
1 14 20
1 14 21
1 14 21
1 14 21
1 14 27
1 14 29
1 14 29
1 14 32
1 14 37
1 14 37
1 14 41
1 14 41
1 14 44
1 14 44
1 14 44
1 14 48
1 14 48
1 15 1
1 15 1
1 15 2
1 15 2
1 15 16
1 15 23
1 15 23
1 15 26
1 15 26
1 15 28
1 15 29
1 15 30
1 15 30
1 15 30
1 15 33
1 15 33
1 15 34
1 15 36
1 15 38
1 15 39
1 15 45
1 15 45
1 15 45
1 16 0
1 16 0
1 16 0
1 16 2
1 16 2
1 16 2
1 16 4
1 16 6
1 16 6
1 16 12
1 16 12
1 16 12
1 16 13
1 16 13
1 16 15
1 16 15
1 16 15
1 16 17
1 16 17
1 16 24
1 16 24
1 16 26
1 16 27
1 16 28
1 16 28
1 16 35
1 16 35
1 16 35
1 16 37
1 16 37
1 16 38
1 16 41
1 16 41
1 16 41
1 16 42
1 16 42
1 16 42
1 16 47
1 17 0
1 17 1
1 17 1
1 17 1
1 17 3
1 17 3
1 17 3
1 17 7
1 17 7
1 17 15
1 17 20
1 17 20
1 17 21
1 17 24
1 17 25
1 17 25
1 17 29
1 17 29
1 17 29
1 17 31
1 17 31
1 17 31
1 17 33
1 17 33
1 17 34
1 17 34
1 17 34
1 17 36
1 17 39
1 17 40
1 17 40
1 17 43
1 17 43
1 17 43
1 17 44
1 17 44
1 17 49
1 17 49
1 17 49
1 18 3
1 18 3
1 18 3
1 18 5
1 18 7
1 18 7
1 18 8
1 18 9
1 18 9
1 18 10
1 18 10
1 18 10
1 18 17
1 18 21
1 18 21
1 18 26
1 18 26
1 18 26
1 18 27
1 18 27
1 18 32
1 18 32
1 18 33
1 18 33
1 18 37
1 18 37
1 18 37
1 18 39
1 18 39
1 18 46
1 18 46
1 18 48
1 19 0
1 19 0
1 19 2
1 19 2
1 19 2
1 19 5
1 19 5
1 19 6
1 19 6
1 19 9
1 19 11
1 19 12
1 19 12
1 19 12
1 19 14
1 19 15
1 19 15
1 19 17
1 19 17
1 19 17
1 19 18
1 19 18
1 19 18
1 19 19
1 19 24
1 19 24
1 19 24
1 19 25
1 19 25
1 19 26
1 19 27
1 19 27
1 19 27
1 19 29
1 19 36
1 19 36
1 19 36
1 19 37
1 19 37
1 19 38
1 19 39
1 19 40
1 19 40
1 19 40
1 19 42
1 19 42
1 19 42
1 19 44
1 19 44
1 19 44
1 19 46
1 19 47
1 19 47
1 20 5
1 20 5
1 20 6
1 20 8
1 20 10
1 20 10
1 20 10
1 20 11
1 20 12
1 20 12
1 20 12
1 20 15
1 20 15
1 20 15
1 20 16
1 20 17
1 20 17
1 20 18
1 20 18
1 20 25
1 20 25
1 20 26
1 20 26
1 20 27
1 20 28
1 20 30
1 20 30
1 20 30
1 20 34
1 20 34
1 20 34
1 20 38
1 20 38
1 20 39
1 20 43
1 20 43
1 20 45
1 20 46
1 20 46
1 20 46
1 21 1
1 21 1
1 21 3
1 21 3
1 21 3
1 21 11
1 21 13
1 21 17
1 21 17
1 21 17
1 21 24
1 21 24
1 21 33
1 21 33
1 21 33
1 21 37
1 21 37
1 21 37
1 21 41
1 21 44
1 21 47
1 21 47
1 21 49
1 22 2
1 22 3
1 22 3
1 22 4
1 22 4
1 22 4
1 22 7
1 22 11
1 22 14
1 22 14
1 22 14
1 22 18
1 22 18
1 22 21
1 22 21
1 22 25
1 22 25
1 22 27
1 22 33
1 22 33
1 22 40
1 22 40
1 22 42
1 22 42
1 22 42
1 22 43
1 22 44
1 22 44
1 22 44
1 22 45
1 22 45
1 22 46
1 22 47
1 22 47
1 23 0
1 23 0
1 23 0
1 23 2
1 23 2
1 23 2
1 23 4
1 23 6
1 23 8
1 23 8
1 23 8
1 23 12
1 23 12
1 23 12
1 23 13
1 23 13
1 23 16
1 23 22
1 23 22
1 23 27
1 23 28
1 23 28
1 23 28
1 23 31
1 23 31
1 23 33
1 23 33
1 23 37
1 23 37
1 23 38
1 23 39
1 23 42
1 23 44
1 23 47
1 23 47
1 23 47
1 23 49
1 23 49
1 23 49
1 24 7
1 24 7
1 24 7
1 24 11
1 24 11
1 24 11
1 24 12
1 24 12
1 24 12
1 24 14
1 24 14
1 24 16
1 24 19
1 24 19
1 24 20
1 24 20
1 24 23
1 24 31
1 24 32
1 24 34
1 24 34
1 24 35
1 24 35
1 24 36
1 24 36
1 24 36
1 24 37
1 24 37
1 24 37
1 24 38
1 24 38
1 24 39
1 24 39
1 24 39
1 24 46
1 24 46
1 24 46
1 24 48
1 24 48
1 24 48
1 24 49
1 24 49
1 24 49
1 25 1
1 25 1
1 25 1
1 25 8
1 25 8
1 25 9
1 25 10
1 25 10
1 25 10
1 25 13
1 25 15
1 25 15
1 25 17
1 25 17
1 25 17
1 25 20
1 25 20
1 25 20
1 25 22
1 25 26
1 25 27
1 25 28
1 25 28
1 25 29
1 25 29
1 25 29
1 25 33
1 25 33
1 25 33
1 25 34
1 25 34
1 25 34
1 25 38
1 25 38
1 25 38
1 25 39
1 25 39
1 25 40
1 25 43
1 25 43
1 25 44
1 25 44
1 25 49
1 25 49
1 25 49
1 26 0
1 26 3
1 26 4
1 26 4
1 26 4
1 26 7
1 26 7
1 26 7
1 26 8
1 26 9
1 26 11
1 26 12
1 26 12
1 26 12
1 26 14
1 26 14
1 26 24
1 26 24
1 26 27
1 26 27
1 26 27
1 26 33
1 26 33
1 26 34
1 26 34
1 26 35
1 26 44
1 26 44
1 26 48
1 26 48
1 26 48
1 26 49
1 27 0
1 27 4
1 27 4
1 27 5
1 27 5
1 27 5
1 27 7
1 27 7
1 27 7
1 27 12
1 27 15
1 27 15
1 27 18
1 27 18
1 27 20
1 27 22
1 27 22
1 27 22
1 27 25
1 27 25
1 27 28
1 27 28
1 27 28
1 27 30
1 27 30
1 27 30
1 27 31
1 27 34
1 27 38
1 27 38
1 27 38
1 27 40
1 27 43
1 27 43
1 27 43
1 27 45
1 28 2
1 28 2
1 28 2
1 28 3
1 28 4
1 28 6
1 28 9
1 28 9
1 28 14
1 28 14
1 28 15
1 28 17
1 28 17
1 28 17
1 28 20
1 28 22
1 28 22
1 28 29
1 28 32
1 28 38
1 28 38
1 28 39
1 28 40
1 28 41
1 28 41
1 28 41
1 28 46
1 28 46
1 29 0
1 29 1
1 29 1
1 29 2
1 29 2
1 29 2
1 29 3
1 29 12
1 29 12
1 29 12
1 29 15
1 29 15
1 29 16
1 29 16
1 29 18
1 29 19
1 29 19
1 29 19
1 29 21
1 29 21
1 29 24
1 29 24
1 29 26
1 29 26
1 29 31
1 29 32
1 29 33
1 29 33
1 29 33
1 29 34
1 29 34
1 29 39
1 29 42
1 29 42
1 29 43
1 29 43
1 29 44
1 29 45
1 29 47
1 30 6
1 30 6
1 30 6
1 30 7
1 30 7
1 30 10
1 30 10
1 30 28
1 30 28
1 30 28
1 30 29
1 30 34
1 30 36
1 30 36
1 30 37
1 30 38
1 30 38
1 30 38
1 30 39
1 30 39
1 30 39
1 30 40
1 30 47
1 30 47
1 30 47
1 30 49
1 30 49
1 30 49
1 31 0
1 31 0
1 31 1
1 31 1
1 31 1
1 31 4
1 31 4
1 31 4
1 31 5
1 31 5
1 31 7
1 31 7
1 31 7
1 31 12
1 31 12
1 31 13
1 31 13
1 31 21
1 31 21
1 31 25
1 31 25
1 31 25
1 31 29
1 31 29
1 31 29
1 31 30
1 31 30
1 31 35
1 31 35
1 31 35
1 31 42
1 31 42
1 31 46
1 31 46
1 31 47
1 31 47
1 31 49
1 31 49
1 31 49
1 32 1
1 32 2
1 32 2
1 32 2
1 32 12
1 32 12
1 32 12
1 32 13
1 32 13
1 32 13
1 32 14
1 32 15
1 32 15
1 32 15
1 32 17
1 32 18
1 32 18
1 32 19
1 32 19
1 32 19
1 32 22
1 32 22
1 32 27
1 32 29
1 32 29
1 32 34
1 32 34
1 32 37
1 32 39
1 32 41
1 32 41
1 32 42
1 32 42
1 32 42
1 32 43
1 32 43
1 32 44
1 32 44
1 32 45
1 32 46
1 32 46
1 32 49
1 32 49
1 33 0
1 33 4
1 33 4
1 33 5
1 33 5
1 33 5
1 33 7
1 33 7
1 33 7
1 33 8
1 33 8
1 33 9
1 33 9
1 33 9
1 33 11
1 33 12
1 33 12
1 33 12
1 33 18
1 33 18
1 33 19
1 33 21
1 33 22
1 33 22
1 33 23
1 33 23
1 33 23
1 33 28
1 33 28
1 33 28
1 33 29
1 33 29
1 33 29
1 33 34
1 33 35
1 33 39
1 33 42
1 33 42
1 33 42
1 33 44
1 33 44
1 33 45
1 33 45
1 34 4
1 34 4
1 34 5
1 34 5
1 34 5
1 34 8
1 34 8
1 34 9
1 34 9
1 34 9
1 34 11
1 34 18
1 34 19
1 34 19
1 34 20
1 34 20
1 34 26
1 34 26
1 34 28
1 34 29
1 34 30
1 34 30
1 34 33
1 34 33
1 34 34
1 34 39
1 34 39
1 34 39
1 34 41
1 34 41
1 34 43
1 34 43
1 34 43
1 34 44
1 34 44
1 34 44
1 35 8
1 35 8
1 35 15
1 35 15
1 35 15
1 35 17
1 35 17
1 35 17
1 35 19
1 35 19
1 35 19
1 35 22
1 35 24
1 35 24
1 35 29
1 35 29
1 35 29
1 35 30
1 35 30
1 35 30
1 35 32
1 35 33
1 35 33
1 35 33
1 35 35
1 35 35
1 35 37
1 35 41
1 35 41
1 35 41
1 35 44
1 35 44
1 35 47
1 35 47
1 35 47
1 35 49
1 36 0
1 36 0
1 36 0
1 36 4
1 36 4
1 36 4
1 36 6
1 36 6
1 36 7
1 36 7
1 36 7
1 36 8
1 36 8
1 36 12
1 36 13
1 36 15
1 36 15
1 36 17
1 36 22
1 36 22
1 36 22
1 36 23
1 36 23
1 36 23
1 36 24
1 36 24
1 36 26
1 36 26
1 36 30
1 36 30
1 36 31
1 36 31
1 36 31
1 36 32
1 36 32
1 36 35
1 36 47
1 37 0
1 37 0
1 37 7
1 37 8
1 37 8
1 37 8
1 37 16
1 37 16
1 37 16
1 37 18
1 37 22
1 37 22
1 37 28
1 37 28
1 37 30
1 37 33
1 37 34
1 37 39
1 37 39
1 37 46
1 37 46
1 38 2
1 38 2
1 38 3
1 38 3
1 38 4
1 38 4
1 38 5
1 38 5
1 38 5
1 38 8
1 38 8
1 38 8
1 38 9
1 38 9
1 38 12
1 38 12
1 38 12
1 38 18
1 38 26
1 38 27
1 38 29
1 38 29
1 38 31
1 38 31
1 38 33
1 38 35
1 38 35
1 38 36
1 38 38
1 38 38
1 38 38
1 38 41
1 38 41
1 38 42
1 38 42
1 38 43
1 38 46
1 38 46
1 38 46
1 38 47
1 38 48
1 38 48
1 39 0
1 39 0
1 39 0
1 39 1
1 39 3
1 39 3
1 39 8
1 39 8
1 39 8
1 39 13
1 39 22
1 39 22
1 39 22
1 39 23
1 39 23
1 39 23
1 39 24
1 39 24
1 39 32
1 39 32
1 39 32
1 39 35
1 39 35
1 39 36
1 39 36
1 39 38
1 39 49
1 39 49
1 40 1
1 40 1
1 40 5
1 40 5
1 40 7
1 40 9
1 40 13
1 40 17
1 40 17
1 40 17
1 40 18
1 40 18
1 40 19
1 40 21
1 40 21
1 40 21
1 40 22
1 40 22
1 40 22
1 40 23
1 40 23
1 40 29
1 40 29
1 40 29
1 40 33
1 40 34
1 40 35
1 40 35
1 40 38
1 40 38
1 40 46
1 41 1
1 41 2
1 41 3
1 41 6
1 41 6
1 41 6
1 41 9
1 41 9
1 41 9
1 41 11
1 41 12
1 41 16
1 41 17
1 41 17
1 41 17
1 41 24
1 41 24
1 41 24
1 41 26
1 41 26
1 41 26
1 41 27
1 41 29
1 41 29
1 41 29
1 41 32
1 41 33
1 41 33
1 41 33
1 41 34
1 41 34
1 41 40
1 41 40
1 41 40
1 41 42
1 41 43
1 41 43
1 41 47
1 41 47
1 41 47
1 41 49
1 42 0
1 42 0
1 42 0
1 42 4
1 42 4
1 42 7
1 42 7
1 42 14
1 42 14
1 42 15
1 42 19
1 42 19
1 42 19
1 42 20
1 42 23
1 42 26
1 42 26
1 42 27
1 42 27
1 42 27
1 42 35
1 42 35
1 42 35
1 42 37
1 42 37
1 42 37
1 42 38
1 42 38
1 42 42
1 42 46
1 42 46
1 42 47
1 42 47
1 42 47
1 42 49
1 42 49
1 42 49
1 43 1
1 43 2
1 43 2
1 43 4
1 43 5
1 43 5
1 43 5
1 43 12
1 43 12
1 43 19
1 43 22
1 43 22
1 43 24
1 43 24
1 43 27
1 43 39
1 43 39
1 43 39
1 43 42
1 43 43
1 43 43
1 43 43
1 43 46
1 43 46
1 43 47
1 43 47
1 44 2
1 44 2
1 44 4
1 44 6
1 44 7
1 44 20
1 44 20
1 44 20
1 44 22
1 44 22
1 44 23
1 44 23
1 44 28
1 44 30
1 44 30
1 44 30
1 44 33
1 44 33
1 44 34
1 44 34
1 44 34
1 44 37
1 44 40
1 44 40
1 44 44
1 44 44
1 44 44
1 44 45
1 44 45
1 44 45
1 44 46
1 44 46
1 44 47
1 44 47
1 44 47
1 44 49
1 44 49
1 45 0
1 45 0
1 45 1
1 45 1
1 45 1
1 45 3
1 45 3
1 45 3
1 45 6
1 45 8
1 45 8
1 45 13
1 45 13
1 45 13
1 45 19
1 45 19
1 45 19
1 45 24
1 45 24
1 45 26
1 45 26
1 45 26
1 45 28
1 45 29
1 45 29
1 45 29
1 45 44
1 45 44
1 45 45
1 45 45
1 45 45
1 45 49
1 45 49
1 45 49
1 46 7
1 46 7
1 46 7
1 46 9
1 46 13
1 46 14
1 46 14
1 46 14
1 46 15
1 46 15
1 46 17
1 46 17
1 46 17
1 46 19
1 46 19
1 46 24
1 46 24
1 46 24
1 46 27
1 46 31
1 46 31
1 46 31
1 46 32
1 46 32
1 46 32
1 46 34
1 46 34
1 46 39
1 46 41
1 46 44
1 46 44
1 46 44
1 46 45
1 46 45
1 46 45
1 47 5
1 47 5
1 47 5
1 47 7
1 47 8
1 47 8
1 47 10
1 47 10
1 47 10
1 47 11
1 47 11
1 47 11
1 47 12
1 47 21
1 47 23
1 47 23
1 47 24
1 47 24
1 47 27
1 47 27
1 47 34
1 47 34
1 47 34
1 47 35
1 47 38
1 47 44
1 47 44
1 47 44
1 47 45
1 48 1
1 48 1
1 48 3
1 48 3
1 48 4
1 48 4
1 48 6
1 48 6
1 48 6
1 48 9
1 48 9
1 48 9
1 48 10
1 48 10
1 48 10
1 48 11
1 48 11
1 48 12
1 48 12
1 48 12
1 48 15
1 48 15
1 48 16
1 48 16
1 48 17
1 48 17
1 48 17
1 48 18
1 48 18
1 48 18
1 48 21
1 48 26
1 48 26
1 48 32
1 48 36
1 48 37
1 48 37
1 48 37
1 48 39
1 48 39
1 48 47
1 48 47
1 48 47
1 48 49
1 49 0
1 49 0
1 49 0
1 49 2
1 49 2
1 49 2
1 49 4
1 49 4
1 49 11
1 49 16
1 49 16
1 49 16
1 49 19
1 49 19
1 49 19
1 49 27
1 49 27
1 49 27
1 49 30
1 49 30
1 49 31
1 49 31
1 49 31
1 49 32
1 49 33
1 49 33
1 49 35
1 49 35
1 49 35
1 49 37
1 49 37
1 49 40
1 49 40
1 49 41
1 49 41
1 49 41
1 49 44
1 49 44
1 49 44
2 0 4
2 0 27
2 1 37
2 2 8
2 2 46
2 3 39
2 5 40
2 6 29
2 6 36
2 7 48
2 8 8
2 8 21
2 9 4
2 10 14
2 11 23
2 11 41
2 13 6
2 13 15
2 13 20
2 13 36
2 15 0
2 15 33
2 16 6
2 16 12
2 16 41
2 17 20
2 18 37
2 18 46
2 20 33
2 21 0
2 21 49
2 22 2
2 22 7
2 22 27
2 23 12
2 23 16
2 24 14
2 24 19
2 25 1
2 27 15
2 27 28
2 27 38
2 28 9
2 30 28
2 31 4
2 31 25
2 31 42
2 32 17
2 32 22
2 33 7
2 34 47
2 35 15
2 35 24
2 36 43
2 37 16
2 37 33
2 37 45
2 38 38
2 38 41
2 39 0
2 39 13
2 41 26
2 41 42
2 42 4
2 42 13
2 42 19
2 44 6
2 44 13
2 45 24
2 46 7
2 46 31
2 48 0
2 48 14
2 49 30
