1 0 1
1 0 1
1 0 1
1 0 4
1 0 4
1 0 5
1 0 5
1 0 6
1 0 6
1 0 6
1 0 11
1 0 11
1 0 11
1 0 12
1 0 12
1 0 12
1 0 13
1 0 13
1 0 16
1 0 16
1 0 16
1 0 17
1 0 20
1 0 20
1 0 24
1 0 28
1 0 28
1 0 29
1 0 29
1 0 29
1 0 30
1 0 31
1 0 31
1 0 32
1 0 32
1 0 32
1 0 35
1 0 45
1 1 5
1 1 6
1 1 6
1 1 18
1 1 18
1 1 18
1 1 21
1 1 21
1 1 21
1 1 22
1 1 22
1 1 24
1 1 26
1 1 26
1 1 27
1 1 27
1 1 30
1 1 31
1 1 31
1 1 36
1 1 36
1 1 36
1 1 40
1 1 40
1 1 40
1 1 42
1 1 42
1 1 43
1 1 45
1 1 45
1 1 45
1 2 9
1 2 9
1 2 12
1 2 18
1 2 18
1 2 18
1 2 27
1 2 27
1 2 27
1 2 29
1 2 29
1 2 31
1 2 35
1 2 35
1 2 37
1 2 37
1 2 38
1 2 38
1 2 38
1 2 40
1 2 40
1 2 41
1 2 41
1 2 42
1 2 45
1 2 45
1 2 45
1 2 46
1 2 46
1 2 47
1 2 49
1 3 1
1 3 1
1 3 2
1 3 4
1 3 4
1 3 4
1 3 7
1 3 8
1 3 8
1 3 8
1 3 11
1 3 15
1 3 15
1 3 15
1 3 17
1 3 18
1 3 20
1 3 22
1 3 24
1 3 26
1 3 33
1 3 33
1 3 33
1 3 34
1 3 36
1 3 37
1 3 37
1 3 41
1 3 41
1 3 43
1 3 43
1 3 43
1 3 44
1 3 45
1 3 46
1 3 46
1 3 47
1 3 47
1 3 48
1 3 48
1 3 48
1 4 2
1 4 8
1 4 19
1 4 19
1 4 21
1 4 21
1 4 22
1 4 22
1 4 24
1 4 25
1 4 25
1 4 27
1 4 27
1 4 29
1 4 29
1 4 29
1 4 30
1 4 32
1 4 32
1 4 32
1 4 33
1 4 38
1 4 38
1 4 38
1 4 39
1 4 40
1 4 40
1 4 40
1 4 42
1 4 43
1 4 43
1 4 46
1 4 46
1 4 46
1 5 3
1 5 3
1 5 3
1 5 4
1 5 4
1 5 11
1 5 11
1 5 13
1 5 13
1 5 13
1 5 14
1 5 14
1 5 25
1 5 25
1 5 28
1 5 28
1 5 29
1 5 29
1 5 35
1 5 35
1 5 35
1 5 36
1 5 36
1 5 36
1 5 38
1 5 38
1 5 38
1 5 40
1 5 40
1 5 40
1 5 41
1 5 41
1 5 41
1 5 42
1 5 42
1 5 44
1 6 0
1 6 0
1 6 6
1 6 6
1 6 8
1 6 8
1 6 11
1 6 12
1 6 12
1 6 12
1 6 13
1 6 13
1 6 13
1 6 14
1 6 14
1 6 14
1 6 16
1 6 16
1 6 16
1 6 19
1 6 21
1 6 21
1 6 21
1 6 25
1 6 33
1 6 34
1 6 36
1 6 37
1 6 37
1 6 37
1 6 44
1 6 44
1 6 45
1 6 46
1 6 49
1 6 49
1 6 49
1 7 1
1 7 1
1 7 1
1 7 2
1 7 2
1 7 4
1 7 4
1 7 11
1 7 11
1 7 12
1 7 12
1 7 12
1 7 13
1 7 13
1 7 20
1 7 21
1 7 21
1 7 22
1 7 24
1 7 24
1 7 24
1 7 34
1 7 34
1 7 34
1 7 36
1 7 37
1 7 37
1 7 39
1 7 39
1 7 41
1 7 41
1 7 41
1 7 44
1 7 44
1 7 45
1 7 48
1 7 48
1 7 48
1 7 49
1 8 6
1 8 7
1 8 7
1 8 8
1 8 8
1 8 9
1 8 9
1 8 9
1 8 12
1 8 13
1 8 13
1 8 13
1 8 14
1 8 14
1 8 14
1 8 15
1 8 15
1 8 18
1 8 18
1 8 20
1 8 20
1 8 20
1 8 21
1 8 24
1 8 24
1 8 24
1 8 25
1 8 25
1 8 29
1 8 30
1 8 34
1 8 34
1 8 34
1 8 37
1 8 37
1 8 37
1 8 39
1 8 42
1 8 42
1 8 45
1 8 45
1 8 47
1 8 47
1 8 47
1 8 48
1 8 48
1 8 48
1 8 49
1 8 49
1 9 3
1 9 3
1 9 3
1 9 4
1 9 4
1 9 4
1 9 5
1 9 8
1 9 8
1 9 8
1 9 10
1 9 12
1 9 14
1 9 14
1 9 14
1 9 16
1 9 16
1 9 26
1 9 26
1 9 28
1 9 28
1 9 28
1 9 31
1 9 31
1 9 35
1 9 35
1 9 35
1 9 37
1 9 37
1 9 38
1 9 38
1 9 41
1 9 45
1 9 46
1 9 46
1 9 48
1 9 48
1 9 48
1 9 49
1 9 49
1 9 49
1 10 0
1 10 0
1 10 3
1 10 3
1 10 7
1 10 7
1 10 9
1 10 9
1 10 9
1 10 12
1 10 12
1 10 14
1 10 14
1 10 14
1 10 22
1 10 24
1 10 27
1 10 27
1 10 33
1 10 33
1 10 35
1 10 40
1 10 40
1 10 40
1 10 42
1 10 43
1 10 43
1 10 43
1 10 47
1 10 47
1 10 48
1 11 1
1 11 2
1 11 2
1 11 3
1 11 3
1 11 5
1 11 5
1 11 5
1 11 11
1 11 11
1 11 14
1 11 16
1 11 16
1 11 16
1 11 23
1 11 25
1 11 30
1 11 30
1 11 33
1 11 33
1 11 35
1 11 35
1 11 36
1 11 36
1 11 36
1 11 39
1 11 39
1 11 39
1 11 40
1 11 40
1 11 40
1 11 44
1 11 44
1 11 44
1 12 0
1 12 5
1 12 5
1 12 5
1 12 6
1 12 6
1 12 7
1 12 8
1 12 8
1 12 8
1 12 17
1 12 19
1 12 19
1 12 19
1 12 20
1 12 20
1 12 20
1 12 26
1 12 26
1 12 26
1 12 28
1 12 28
1 12 32
1 12 32
1 12 33
1 12 38
1 12 44
1 12 44
1 12 44
1 12 45
1 12 45
1 12 45
1 13 8
1 13 8
1 13 10
1 13 10
1 13 11
1 13 14
1 13 14
1 13 15
1 13 15
1 13 17
1 13 17
1 13 17
1 13 24
1 13 24
1 13 24
1 13 26
1 13 30
1 13 30
1 13 30
1 13 38
1 13 38
1 13 39
1 13 39
1 13 43
1 13 44
1 13 45
1 13 45
1 13 45
1 13 46
1 13 46
1 13 47
1 13 47
1 13 47
1 14 1
1 14 1
1 14 11
1 14 11
1 14 12
1 14 13
1 14 13
1 14 15
1 14 15
1 14 23
1 14 23
1 14 24
1 14 24
1 14 24
1 14 26
1 14 36
1 14 36
1 14 38
1 14 38
1 14 39
1 14 42
1 14 42
1 14 42
1 14 45
1 14 45
1 14 46
1 14 49
1 14 49
1 15 0
1 15 3
1 15 4
1 15 11
1 15 11
1 15 11
1 15 13
1 15 13
1 15 13
1 15 14
1 15 14
1 15 14
1 15 15
1 15 15
1 15 17
1 15 17
1 15 17
1 15 18
1 15 19
1 15 19
1 15 20
1 15 20
1 15 20
1 15 22
1 15 22
1 15 22
1 15 28
1 15 29
1 15 29
1 15 29
1 15 31
1 15 31
1 15 31
1 15 33
1 15 33
1 15 33
1 15 36
1 15 36
1 15 36
1 15 38
1 15 38
1 15 39
1 15 40
1 15 40
1 15 40
1 15 43
1 15 49
1 16 0
1 16 1
1 16 4
1 16 4
1 16 4
1 16 10
1 16 10
1 16 11
1 16 12
1 16 14
1 16 14
1 16 15
1 16 15
1 16 15
1 16 17
1 16 17
1 16 17
1 16 18
1 16 18
1 16 18
1 16 22
1 16 22
1 16 23
1 16 23
1 16 24
1 16 24
1 16 27
1 16 28
1 16 28
1 16 28
1 16 29
1 16 29
1 16 29
1 16 31
1 16 31
1 16 31
1 16 33
1 16 33
1 16 33
1 16 37
1 16 37
1 16 37
1 16 40
1 16 40
1 16 40
1 16 41
1 16 41
1 16 41
1 16 42
1 16 45
1 16 45
1 16 47
1 16 47
1 17 1
1 17 3
1 17 3
1 17 7
1 17 7
1 17 7
1 17 11
1 17 11
1 17 11
1 17 13
1 17 13
1 17 13
1 17 15
1 17 15
1 17 15
1 17 18
1 17 20
1 17 22
1 17 22
1 17 23
1 17 23
1 17 26
1 17 26
1 17 37
1 17 37
1 17 37
1 17 38
1 17 38
1 17 45
1 18 3
1 18 3
1 18 3
1 18 8
1 18 8
1 18 8
1 18 16
1 18 16
1 18 19
1 18 19
1 18 19
1 18 21
1 18 21
1 18 22
1 18 22
1 18 22
1 18 23
1 18 28
1 18 28
1 18 29
1 18 30
1 18 30
1 18 31
1 18 31
1 18 34
1 18 34
1 18 34
1 18 35
1 18 35
1 18 35
1 18 39
1 18 40
1 18 42
1 18 42
1 18 42
1 18 43
1 18 43
1 18 43
1 18 45
1 18 45
1 19 0
1 19 4
1 19 7
1 19 7
1 19 7
1 19 10
1 19 10
1 19 18
1 19 18
1 19 18
1 19 19
1 19 19
1 19 19
1 19 25
1 19 25
1 19 25
1 19 26
1 19 26
1 19 26
1 19 30
1 19 30
1 19 30
1 19 32
1 19 33
1 19 33
1 19 35
1 19 35
1 19 36
1 19 36
1 19 37
1 19 42
1 19 42
1 19 43
1 19 45
1 19 45
1 19 45
1 19 48
1 19 49
1 19 49
1 20 2
1 20 2
1 20 2
1 20 4
1 20 12
1 20 13
1 20 13
1 20 13
1 20 15
1 20 15
1 20 17
1 20 19
1 20 19
1 20 21
1 20 22
1 20 22
1 20 22
1 20 30
1 20 35
1 20 35
1 20 35
1 20 37
1 20 38
1 20 38
1 20 38
1 20 41
1 20 41
1 20 41
1 20 43
1 20 44
1 20 44
1 20 45
1 20 45
1 20 45
1 20 46
1 20 48
1 21 0
1 21 12
1 21 12
1 21 12
1 21 15
1 21 24
1 21 24
1 21 26
1 21 26
1 21 26
1 21 29
1 21 35
1 21 37
1 21 37
1 21 38
1 21 38
1 21 41
1 21 41
1 21 41
1 21 42
1 21 44
1 21 44
1 22 1
1 22 3
1 22 3
1 22 13
1 22 13
1 22 13
1 22 16
1 22 16
1 22 21
1 22 21
1 22 23
1 22 25
1 22 25
1 22 26
1 22 27
1 22 29
1 22 29
1 22 29
1 22 31
1 22 31
1 22 32
1 22 32
1 22 34
1 22 38
1 22 38
1 22 39
1 22 39
1 22 40
1 22 40
1 22 41
1 22 42
1 22 42
1 22 42
1 22 45
1 22 45
1 22 45
1 22 47
1 22 47
1 22 48
1 23 1
1 23 1
1 23 2
1 23 4
1 23 4
1 23 5
1 23 5
1 23 5
1 23 8
1 23 8
1 23 13
1 23 18
1 23 18
1 23 32
1 23 32
1 23 32
1 23 38
1 23 42
1 23 42
1 23 42
1 23 47
1 23 47
1 23 48
1 24 1
1 24 1
1 24 1
1 24 8
1 24 10
1 24 10
1 24 10
1 24 22
1 24 22
1 24 30
1 24 30
1 24 31
1 24 31
1 24 31
1 24 33
1 24 33
1 24 33
1 24 35
1 24 35
1 24 35
1 24 37
1 24 42
1 24 42
1 24 48
1 24 48
1 24 48
1 24 49
1 25 8
1 25 10
1 25 10
1 25 13
1 25 14
1 25 14
1 25 14
1 25 22
1 25 27
1 25 27
1 25 27
1 25 30
1 25 30
1 25 31
1 25 33
1 25 34
1 25 36
1 25 37
1 25 42
1 25 42
1 25 44
1 25 44
1 25 44
1 26 5
1 26 5
1 26 9
1 26 12
1 26 12
1 26 12
1 26 16
1 26 32
1 26 32
1 26 33
1 26 33
1 26 42
1 26 42
1 26 42
1 26 44
1 26 44
1 26 44
1 26 45
1 26 47
1 26 47
1 26 47
1 26 49
1 26 49
1 27 4
1 27 4
1 27 12
1 27 12
1 27 14
1 27 14
1 27 18
1 27 19
1 27 19
1 27 19
1 27 20
1 27 20
1 27 20
1 27 21
1 27 22
1 27 25
1 27 25
1 27 25
1 27 27
1 27 27
1 27 31
1 27 31
1 27 31
1 27 33
1 27 33
1 27 37
1 27 37
1 27 37
1 27 45
1 27 45
1 27 46
1 27 46
1 27 46
1 28 4
1 28 4
1 28 4
1 28 9
1 28 9
1 28 9
1 28 10
1 28 13
1 28 13
1 28 15
1 28 16
1 28 16
1 28 21
1 28 21
1 28 21
1 28 25
1 28 32
1 28 32
1 28 47
1 28 47
1 29 0
1 29 3
1 29 3
1 29 3
1 29 5
1 29 5
1 29 5
1 29 7
1 29 7
1 29 7
1 29 13
1 29 14
1 29 14
1 29 15
1 29 18
1 29 18
1 29 19
1 29 19
1 29 20
1 29 20
1 29 20
1 29 21
1 29 21
1 29 25
1 29 25
1 29 25
1 29 32
1 29 38
1 29 41
1 29 44
1 29 44
1 30 0
1 30 2
1 30 2
1 30 2
1 30 3
1 30 3
1 30 3
1 30 4
1 30 4
1 30 7
1 30 7
1 30 8
1 30 8
1 30 9
1 30 10
1 30 10
1 30 15
1 30 15
1 30 18
1 30 19
1 30 20
1 30 23
1 30 24
1 30 24
1 30 25
1 30 25
1 30 25
1 30 27
1 30 27
1 30 27
1 30 28
1 30 28
1 30 29
1 30 29
1 30 30
1 30 30
1 30 36
1 30 36
1 30 36
1 30 39
1 30 39
1 30 44
1 30 46
1 30 46
1 30 48
1 31 0
1 31 0
1 31 0
1 31 4
1 31 4
1 31 4
1 31 6
1 31 6
1 31 6
1 31 9
1 31 9
1 31 17
1 31 18
1 31 18
1 31 18
1 31 29
1 31 29
1 31 31
1 31 32
1 31 32
1 31 32
1 31 33
1 31 33
1 31 38
1 31 38
1 31 44
1 31 44
1 31 44
1 31 47
1 31 47
1 31 47
1 31 49
1 32 3
1 32 4
1 32 4
1 32 4
1 32 6
1 32 6
1 32 6
1 32 8
1 32 8
1 32 8
1 32 12
1 32 12
1 32 13
1 32 13
1 32 20
1 32 28
1 32 29
1 32 35
1 32 35
1 32 35
1 32 37
1 32 37
1 32 38
1 32 40
1 32 40
1 32 45
1 32 46
1 32 46
1 32 46
1 32 47
1 33 0
1 33 0
1 33 4
1 33 6
1 33 6
1 33 6
1 33 7
1 33 7
1 33 7
1 33 8
1 33 8
1 33 12
1 33 12
1 33 12
1 33 18
1 33 18
1 33 18
1 33 21
1 33 21
1 33 21
1 33 22
1 33 22
1 33 22
1 33 23
1 33 28
1 33 30
1 33 30
1 33 35
1 33 35
1 33 36
1 33 37
1 33 37
1 33 39
1 33 39
1 33 39
1 33 40
1 33 41
1 33 41
1 33 44
1 33 47
1 33 47
1 34 0
1 34 0
1 34 0
1 34 1
1 34 1
1 34 9
1 34 9
1 34 9
1 34 10
1 34 11
1 34 20
1 34 20
1 34 22
1 34 22
1 34 23
1 34 32
1 34 36
1 34 38
1 34 38
1 34 44
1 34 47
1 34 48
1 34 48
1 35 3
1 35 9
1 35 9
1 35 14
1 35 15
1 35 18
1 35 18
1 35 18
1 35 19
1 35 20
1 35 20
1 35 23
1 35 23
1 35 25
1 35 25
1 35 25
1 35 31
1 35 31
1 35 31
1 35 34
1 35 35
1 35 35
1 35 35
1 35 41
1 35 41
1 35 42
1 35 45
1 35 49
1 35 49
1 35 49
1 36 1
1 36 6
1 36 11
1 36 11
1 36 12
1 36 12
1 36 12
1 36 15
1 36 15
1 36 15
1 36 17
1 36 18
1 36 20
1 36 21
1 36 22
1 36 22
1 36 26
1 36 26
1 36 26
1 36 27
1 36 27
1 36 29
1 36 29
1 36 30
1 36 30
1 36 31
1 36 31
1 36 33
1 36 36
1 36 36
1 36 37
1 36 37
1 36 37
1 36 41
1 36 46
1 36 46
1 36 46
1 37 6
1 37 6
1 37 6
1 37 7
1 37 13
1 37 13
1 37 13
1 37 14
1 37 14
1 37 17
1 37 17
1 37 19
1 37 19
1 37 27
1 37 27
1 37 33
1 37 34
1 37 36
1 37 36
1 37 38
1 37 38
1 37 39
1 37 39
1 37 42
1 37 42
1 37 42
1 37 43
1 37 43
1 37 43
1 38 4
1 38 11
1 38 13
1 38 13
1 38 13
1 38 15
1 38 15
1 38 17
1 38 20
1 38 20
1 38 20
1 38 21
1 38 21
1 38 21
1 38 23
1 38 23
1 38 23
1 38 24
1 38 24
1 38 24
1 38 28
1 38 28
1 38 29
1 38 29
1 38 32
1 38 32
1 38 32
1 38 33
1 38 33
1 38 33
1 38 41
1 38 41
1 38 41
1 38 42
1 38 42
1 38 42
1 38 44
1 39 1
1 39 1
1 39 3
1 39 3
1 39 4
1 39 4
1 39 4
1 39 6
1 39 6
1 39 9
1 39 9
1 39 15
1 39 15
1 39 15
1 39 25
1 39 26
1 39 28
1 39 28
1 39 29
1 39 29
1 39 29
1 39 31
1 39 31
1 39 31
1 39 33
1 39 35
1 39 35
1 39 36
1 39 36
1 39 42
1 39 45
1 39 45
1 39 45
1 39 46
1 39 46
1 39 49
1 39 49
1 40 0
1 40 1
1 40 3
1 40 7
1 40 7
1 40 9
1 40 10
1 40 10
1 40 15
1 40 15
1 40 15
1 40 20
1 40 23
1 40 23
1 40 23
1 40 30
1 40 31
1 40 49
1 40 49
1 40 49
1 41 2
1 41 2
1 41 6
1 41 6
1 41 8
1 41 8
1 41 8
1 41 17
1 41 17
1 41 17
1 41 19
1 41 19
1 41 22
1 41 22
1 41 23
1 41 23
1 41 23
1 41 24
1 41 24
1 41 24
1 41 29
1 41 29
1 41 29
1 41 33
1 41 33
1 41 33
1 41 34
1 41 34
1 41 38
1 41 38
1 41 40
1 41 41
1 41 41
1 41 41
1 41 42
1 41 42
1 41 43
1 42 0
1 42 0
1 42 0
1 42 7
1 42 7
1 42 7
1 42 13
1 42 13
1 42 13
1 42 16
1 42 16
1 42 17
1 42 17
1 42 19
1 42 19
1 42 19
1 42 20
1 42 20
1 42 20
1 42 22
1 42 22
1 42 22
1 42 25
1 42 26
1 42 26
1 42 27
1 42 27
1 42 27
1 42 29
1 42 29
1 42 29
1 42 44
1 42 49
1 42 49
1 42 49
1 43 5
1 43 5
1 43 5
1 43 9
1 43 10
1 43 11
1 43 11
1 43 14
1 43 17
1 43 21
1 43 21
1 43 27
1 43 27
1 43 27
1 43 28
1 43 28
1 43 28
1 43 29
1 43 30
1 43 30
1 43 33
1 43 33
1 43 36
1 43 39
1 43 41
1 43 43
1 43 43
1 43 44
1 43 44
1 43 48
1 43 48
1 43 49
1 43 49
1 43 49
1 44 0
1 44 0
1 44 0
1 44 1
1 44 1
1 44 1
1 44 7
1 44 7
1 44 8
1 44 8
1 44 11
1 44 11
1 44 11
1 44 15
1 44 15
1 44 17
1 44 18
1 44 18
1 44 20
1 44 20
1 44 20
1 44 22
1 44 22
1 44 22
1 44 29
1 44 29
1 44 29
1 44 30
1 44 30
1 44 30
1 44 31
1 44 31
1 44 31
1 44 34
1 44 34
1 44 37
1 44 41
1 44 41
1 44 43
1 44 43
1 44 45
1 44 45
1 44 48
1 45 0
1 45 5
1 45 5
1 45 11
1 45 11
1 45 12
1 45 12
1 45 12
1 45 14
1 45 19
1 45 20
1 45 20
1 45 22
1 45 23
1 45 26
1 45 26
1 45 26
1 45 27
1 45 27
1 45 30
1 45 30
1 45 31
1 45 31
1 45 36
1 45 36
1 45 39
1 45 39
1 45 39
1 45 40
1 45 40
1 45 42
1 45 42
1 45 42
1 45 43
1 45 47
1 46 0
1 46 0
1 46 5
1 46 10
1 46 10
1 46 10
1 46 11
1 46 11
1 46 11
1 46 18
1 46 18
1 46 23
1 46 23
1 46 25
1 46 25
1 46 25
1 46 29
1 46 29
1 46 29
1 46 34
1 46 39
1 46 39
1 46 39
1 46 43
1 46 43
1 46 43
1 46 44
1 46 45
1 46 45
1 46 48
1 46 48
1 46 49
1 47 1
1 47 1
1 47 1
1 47 2
1 47 2
1 47 9
1 47 9
1 47 10
1 47 10
1 47 11
1 47 19
1 47 19
1 47 22
1 47 26
1 47 27
1 47 27
1 47 27
1 47 30
1 47 30
1 47 30
1 47 31
1 47 31
1 47 32
1 47 32
1 47 32
1 47 33
1 47 33
1 47 33
1 47 34
1 47 44
1 47 44
1 47 45
1 47 45
1 47 45
1 47 49
1 47 49
1 48 1
1 48 1
1 48 2
1 48 2
1 48 4
1 48 4
1 48 4
1 48 6
1 48 6
1 48 9
1 48 9
1 48 9
1 48 10
1 48 10
1 48 10
1 48 12
1 48 12
1 48 12
1 48 13
1 48 13
1 48 13
1 48 15
1 48 19
1 48 19
1 48 23
1 48 23
1 48 23
1 48 25
1 48 25
1 48 29
1 48 29
1 48 29
1 48 33
1 48 36
1 48 36
1 48 38
1 48 38
1 48 38
1 48 40
1 48 40
1 48 43
1 48 43
1 48 45
1 48 45
1 48 45
1 48 46
1 48 46
1 49 0
1 49 3
1 49 3
1 49 4
1 49 5
1 49 5
1 49 5
1 49 6
1 49 6
1 49 6
1 49 10
1 49 10
1 49 13
1 49 14
1 49 14
1 49 16
1 49 24
1 49 24
1 49 24
1 49 27
1 49 28
1 49 28
1 49 29
1 49 29
1 49 29
1 49 30
1 49 30
1 49 33
1 49 33
1 49 33
1 49 36
1 49 38
1 49 46
1 49 46
2 0 4
2 0 16
2 0 28
2 1 26
2 1 36
2 1 42
2 3 1
2 3 7
2 3 24
2 3 33
2 4 21
2 4 29
2 5 11
2 5 44
2 6 33
2 7 24
2 7 39
2 8 6
2 8 28
2 9 0
2 10 9
2 10 29
2 11 44
2 13 10
2 13 35
2 14 0
2 14 4
2 15 17
2 15 28
2 18 8
2 18 33
2 19 17
2 19 47
2 20 1
2 20 11
2 20 21
2 21 26
2 22 13
2 22 47
2 23 7
2 24 19
2 26 0
2 27 25
2 27 27
2 28 13
2 29 2
2 29 44
2 30 6
2 31 31
2 32 40
2 33 21
2 34 9
2 34 31
2 34 42
2 35 18
2 35 25
2 36 33
2 37 4
2 37 13
2 37 42
2 39 22
2 39 35
2 39 45
2 42 0
2 42 3
2 42 10
2 42 15
2 42 25
2 43 43
2 43 48
2 44 22
2 47 30
2 49 41
