1 0 0
1 0 9
1 0 9
1 0 16
1 0 16
1 0 16
1 0 18
1 0 18
1 0 22
1 0 23
1 0 28
1 0 28
1 0 28
1 0 29
1 0 32
1 0 32
1 0 33
1 0 34
1 0 34
1 0 44
1 0 44
1 0 44
1 0 45
1 0 45
1 0 45
1 1 0
1 1 0
1 1 1
1 1 1
1 1 2
1 1 2
1 1 6
1 1 8
1 1 8
1 1 8
1 1 15
1 1 16
1 1 16
1 1 19
1 1 19
1 1 19
1 1 20
1 1 21
1 1 21
1 1 30
1 1 30
1 1 32
1 1 34
1 1 38
1 1 40
1 1 40
1 1 40
1 1 44
1 1 47
1 1 47
1 1 48
1 1 48
1 1 48
1 2 0
1 2 0
1 2 1
1 2 1
1 2 1
1 2 4
1 2 4
1 2 6
1 2 6
1 2 6
1 2 8
1 2 8
1 2 8
1 2 9
1 2 12
1 2 12
1 2 13
1 2 20
1 2 20
1 2 23
1 2 27
1 2 32
1 2 32
1 2 33
1 2 33
1 2 33
1 2 34
1 2 34
1 2 34
1 2 39
1 2 39
1 2 39
1 2 40
1 2 40
1 2 40
1 2 41
1 2 41
1 2 43
1 2 45
1 2 45
1 3 0
1 3 0
1 3 3
1 3 3
1 3 7
1 3 7
1 3 7
1 3 9
1 3 9
1 3 10
1 3 10
1 3 12
1 3 12
1 3 12
1 3 15
1 3 15
1 3 15
1 3 16
1 3 16
1 3 17
1 3 21
1 3 21
1 3 21
1 3 23
1 3 24
1 3 24
1 3 24
1 3 33
1 3 33
1 3 33
1 3 39
1 3 39
1 3 39
1 3 42
1 3 42
1 3 46
1 3 48
1 3 48
1 3 49
1 4 1
1 4 1
1 4 1
1 4 4
1 4 4
1 4 23
1 4 23
1 4 23
1 4 27
1 4 30
1 4 30
1 4 30
1 4 33
1 4 33
1 4 33
1 4 34
1 4 36
1 4 37
1 4 37
1 4 37
1 4 40
1 4 40
1 4 40
1 5 2
1 5 3
1 5 3
1 5 3
1 5 5
1 5 7
1 5 7
1 5 7
1 5 9
1 5 10
1 5 11
1 5 13
1 5 15
1 5 15
1 5 15
1 5 17
1 5 17
1 5 22
1 5 22
1 5 30
1 5 30
1 5 31
1 5 31
1 5 31
1 5 38
1 5 38
1 5 41
1 5 47
1 5 47
1 6 3
1 6 3
1 6 8
1 6 17
1 6 17
1 6 17
1 6 22
1 6 22
1 6 27
1 6 27
1 6 28
1 6 28
1 6 43
1 6 46
1 7 0
1 7 0
1 7 0
1 7 1
1 7 1
1 7 1
1 7 3
1 7 4
1 7 4
1 7 8
1 7 8
1 7 9
1 7 9
1 7 9
1 7 12
1 7 12
1 7 13
1 7 14
1 7 14
1 7 14
1 7 19
1 7 19
1 7 20
1 7 24
1 7 24
1 7 25
1 7 25
1 7 26
1 7 26
1 7 28
1 7 28
1 7 30
1 7 30
1 7 32
1 7 32
1 7 32
1 7 35
1 7 36
1 7 36
1 7 36
1 7 37
1 7 37
1 7 40
1 7 40
1 7 42
1 7 43
1 7 47
1 7 47
1 7 48
1 7 48
1 7 48
1 8 0
1 8 1
1 8 8
1 8 8
1 8 8
1 8 9
1 8 9
1 8 9
1 8 14
1 8 14
1 8 14
1 8 16
1 8 16
1 8 16
1 8 25
1 8 29
1 8 29
1 8 29
1 8 30
1 8 30
1 8 31
1 8 31
1 8 35
1 8 35
1 8 37
1 8 37
1 8 39
1 8 40
1 8 40
1 8 40
1 8 44
1 9 7
1 9 7
1 9 8
1 9 8
1 9 8
1 9 10
1 9 16
1 9 16
1 9 18
1 9 18
1 9 18
1 9 20
1 9 20
1 9 20
1 9 26
1 9 38
1 9 38
1 9 39
1 9 39
1 9 39
1 9 44
1 9 44
1 9 46
1 9 46
1 9 46
1 9 47
1 9 49
1 9 49
1 9 49
1 10 6
1 10 9
1 10 9
1 10 10
1 10 10
1 10 11
1 10 11
1 10 11
1 10 13
1 10 17
1 10 17
1 10 18
1 10 29
1 10 32
1 10 32
1 10 32
1 10 35
1 10 37
1 10 37
1 10 39
1 10 39
1 10 41
1 10 41
1 10 41
1 10 42
1 10 43
1 10 48
1 10 48
1 10 48
1 10 49
1 10 49
1 10 49
1 11 2
1 11 6
1 11 6
1 11 9
1 11 9
1 11 9
1 11 14
1 11 14
1 11 15
1 11 15
1 11 16
1 11 18
1 11 18
1 11 18
1 11 19
1 11 19
1 11 20
1 11 20
1 11 23
1 11 23
1 11 25
1 11 25
1 11 25
1 11 35
1 11 35
1 11 35
1 11 37
1 11 38
1 11 38
1 11 40
1 11 40
1 11 41
1 11 41
1 11 41
1 11 48
1 11 48
1 12 1
1 12 1
1 12 4
1 12 4
1 12 6
1 12 9
1 12 9
1 12 9
1 12 21
1 12 21
1 12 22
1 12 23
1 12 24
1 12 26
1 12 26
1 12 28
1 12 31
1 12 31
1 12 44
1 12 45
1 12 45
1 12 47
1 13 1
1 13 1
1 13 1
1 13 2
1 13 4
1 13 4
1 13 13
1 13 13
1 13 13
1 13 14
1 13 19
1 13 20
1 13 20
1 13 20
1 13 21
1 13 21
1 13 21
1 13 22
1 13 22
1 13 22
1 13 29
1 13 29
1 13 29
1 13 30
1 13 30
1 13 30
1 13 32
1 13 36
1 13 36
1 13 36
1 13 39
1 13 39
1 13 39
1 13 43
1 13 44
1 13 44
1 13 44
1 13 47
1 13 47
1 13 48
1 13 48
1 14 0
1 14 0
1 14 4
1 14 8
1 14 8
1 14 14
1 14 14
1 14 14
1 14 19
1 14 19
1 14 22
1 14 22
1 14 22
1 14 23
1 14 23
1 14 27
1 14 27
1 14 27
1 14 31
1 14 31
1 14 33
1 14 34
1 14 34
1 14 34
1 14 35
1 14 39
1 14 39
1 14 39
1 14 40
1 14 44
1 14 44
1 15 1
1 15 1
1 15 4
1 15 4
1 15 4
1 15 6
1 15 6
1 15 6
1 15 10
1 15 10
1 15 10
1 15 12
1 15 12
1 15 12
1 15 19
1 15 19
1 15 19
1 15 22
1 15 22
1 15 22
1 15 25
1 15 25
1 15 29
1 15 29
1 15 29
1 15 36
1 15 37
1 15 41
1 15 43
1 15 45
1 15 45
1 15 45
1 15 47
1 15 47
1 15 47
1 16 0
1 16 11
1 16 11
1 16 11
1 16 12
1 16 13
1 16 13
1 16 13
1 16 16
1 16 16
1 16 16
1 16 20
1 16 21
1 16 22
1 16 27
1 16 27
1 16 34
1 16 41
1 16 41
1 16 46
1 16 46
1 16 49
1 17 2
1 17 5
1 17 8
1 17 8
1 17 8
1 17 14
1 17 14
1 17 14
1 17 16
1 17 16
1 17 17
1 17 17
1 17 18
1 17 21
1 17 24
1 17 27
1 17 27
1 17 28
1 17 33
1 17 33
1 17 34
1 17 36
1 17 36
1 17 37
1 17 37
1 17 37
1 17 38
1 17 41
1 17 41
1 17 44
1 17 44
1 17 44
1 17 46
1 17 46
1 17 47
1 17 47
1 17 47
1 18 2
1 18 2
1 18 3
1 18 3
1 18 3
1 18 5
1 18 5
1 18 5
1 18 8
1 18 8
1 18 13
1 18 13
1 18 14
1 18 15
1 18 15
1 18 16
1 18 25
1 18 25
1 18 25
1 18 33
1 18 34
1 18 34
1 18 44
1 18 44
1 18 44
1 18 48
1 18 48
1 18 49
1 19 5
1 19 9
1 19 9
1 19 10
1 19 11
1 19 13
1 19 13
1 19 14
1 19 22
1 19 22
1 19 22
1 19 28
1 19 28
1 19 29
1 19 29
1 19 29
1 19 30
1 19 33
1 19 34
1 19 35
1 19 41
1 19 44
1 19 44
1 19 44
1 19 45
1 19 45
1 19 46
1 19 48
1 20 1
1 20 4
1 20 4
1 20 4
1 20 8
1 20 8
1 20 8
1 20 10
1 20 10
1 20 12
1 20 12
1 20 13
1 20 13
1 20 13
1 20 18
1 20 19
1 20 19
1 20 20
1 20 20
1 20 21
1 20 27
1 20 27
1 20 28
1 20 29
1 20 29
1 20 29
1 20 33
1 20 35
1 20 35
1 20 38
1 20 38
1 20 38
1 20 41
1 20 48
1 20 48
1 20 48
1 21 2
1 21 3
1 21 3
1 21 3
1 21 5
1 21 5
1 21 6
1 21 13
1 21 13
1 21 15
1 21 15
1 21 19
1 21 19
1 21 19
1 21 21
1 21 21
1 21 22
1 21 22
1 21 22
1 21 37
1 21 37
1 21 38
1 21 38
1 21 38
1 21 39
1 21 39
1 21 45
1 21 45
1 21 45
1 21 49
1 21 49
1 21 49
1 22 2
1 22 5
1 22 12
1 22 13
1 22 13
1 22 13
1 22 20
1 22 20
1 22 22
1 22 22
1 22 25
1 22 25
1 22 27
1 22 27
1 22 27
1 22 30
1 22 30
1 22 33
1 22 33
1 22 33
1 22 36
1 22 36
1 22 36
1 22 39
1 22 39
1 22 39
1 22 40
1 22 40
1 22 40
1 22 42
1 22 42
1 22 42
1 22 43
1 23 3
1 23 3
1 23 4
1 23 4
1 23 4
1 23 6
1 23 7
1 23 7
1 23 12
1 23 17
1 23 17
1 23 17
1 23 19
1 23 21
1 23 21
1 23 21
1 23 22
1 23 22
1 23 22
1 23 25
1 23 25
1 23 26
1 23 26
1 23 28
1 23 37
1 23 37
1 23 37
1 23 41
1 23 41
1 23 43
1 23 45
1 23 45
1 23 45
1 23 49
1 23 49
1 23 49
1 24 0
1 24 0
1 24 2
1 24 5
1 24 6
1 24 6
1 24 10
1 24 10
1 24 10
1 24 13
1 24 13
1 24 15
1 24 15
1 24 16
1 24 17
1 24 17
1 24 17
1 24 19
1 24 19
1 24 22
1 24 22
1 24 24
1 24 24
1 24 24
1 24 26
1 24 26
1 24 27
1 24 27
1 24 28
1 24 29
1 24 29
1 24 29
1 24 30
1 24 33
1 24 33
1 24 34
1 24 37
1 24 38
1 24 38
1 24 40
1 24 41
1 24 44
1 24 44
1 24 45
1 24 45
1 24 49
1 24 49
1 25 2
1 25 2
1 25 6
1 25 6
1 25 6
1 25 9
1 25 9
1 25 10
1 25 10
1 25 10
1 25 12
1 25 13
1 25 16
1 25 16
1 25 16
1 25 17
1 25 17
1 25 30
1 25 30
1 25 30
1 25 31
1 25 31
1 25 31
1 25 32
1 25 34
1 25 34
1 25 40
1 25 40
1 25 41
1 25 42
1 25 44
1 25 45
1 25 45
1 25 45
1 25 46
1 25 47
1 26 3
1 26 3
1 26 3
1 26 5
1 26 6
1 26 6
1 26 13
1 26 13
1 26 15
1 26 15
1 26 19
1 26 19
1 26 20
1 26 20
1 26 22
1 26 27
1 26 28
1 26 29
1 26 30
1 26 32
1 26 32
1 26 32
1 26 38
1 26 38
1 26 42
1 26 42
1 26 42
1 26 45
1 26 45
1 26 45
1 26 49
1 27 3
1 27 3
1 27 3
1 27 8
1 27 8
1 27 9
1 27 9
1 27 9
1 27 10
1 27 13
1 27 13
1 27 13
1 27 16
1 27 22
1 27 22
1 27 22
1 27 24
1 27 24
1 27 26
1 27 26
1 27 29
1 27 29
1 27 30
1 27 34
1 27 35
1 27 35
1 27 39
1 27 39
1 27 39
1 27 40
1 27 40
1 27 43
1 27 45
1 27 45
1 27 46
1 27 46
1 27 47
1 27 48
1 27 48
1 27 48
1 27 49
1 28 1
1 28 1
1 28 5
1 28 5
1 28 7
1 28 7
1 28 7
1 28 9
1 28 9
1 28 13
1 28 14
1 28 14
1 28 14
1 28 19
1 28 21
1 28 21
1 28 22
1 28 22
1 28 25
1 28 26
1 28 26
1 28 26
1 28 27
1 28 28
1 28 28
1 28 31
1 28 31
1 28 38
1 28 38
1 28 38
1 28 39
1 28 39
1 28 42
1 28 42
1 28 44
1 28 44
1 28 44
1 28 46
1 28 46
1 28 46
1 29 8
1 29 9
1 29 9
1 29 9
1 29 10
1 29 13
1 29 15
1 29 15
1 29 15
1 29 16
1 29 17
1 29 17
1 29 17
1 29 18
1 29 18
1 29 18
1 29 21
1 29 21
1 29 25
1 29 25
1 29 26
1 29 29
1 29 29
1 29 29
1 29 30
1 29 30
1 29 30
1 29 32
1 29 35
1 29 37
1 29 37
1 29 37
1 29 43
1 29 43
1 29 43
1 29 48
1 29 48
1 30 4
1 30 4
1 30 4
1 30 7
1 30 12
1 30 12
1 30 19
1 30 22
1 30 22
1 30 22
1 30 26
1 30 27
1 30 27
1 30 27
1 30 33
1 30 33
1 30 33
1 30 34
1 30 34
1 30 37
1 30 37
1 30 37
1 30 40
1 30 49
1 30 49
1 30 49
1 31 2
1 31 3
1 31 9
1 31 9
1 31 17
1 31 17
1 31 17
1 31 20
1 31 20
1 31 25
1 31 26
1 31 30
1 31 32
1 31 33
1 31 39
1 31 39
1 31 46
1 31 47
1 31 47
1 32 0
1 32 0
1 32 1
1 32 1
1 32 5
1 32 5
1 32 6
1 32 6
1 32 9
1 32 9
1 32 9
1 32 10
1 32 10
1 32 11
1 32 11
1 32 11
1 32 15
1 32 22
1 32 22
1 32 23
1 32 23
1 32 23
1 32 29
1 32 29
1 32 30
1 32 30
1 32 31
1 32 31
1 32 33
1 32 33
1 32 37
1 32 37
1 32 38
1 32 38
1 32 38
1 32 39
1 32 39
1 32 39
1 32 41
1 32 41
1 32 41
1 32 42
1 32 43
1 32 43
1 32 44
1 32 44
1 32 46
1 32 46
1 32 46
1 33 1
1 33 1
1 33 1
1 33 7
1 33 7
1 33 9
1 33 9
1 33 9
1 33 12
1 33 12
1 33 12
1 33 17
1 33 17
1 33 17
1 33 22
1 33 22
1 33 25
1 33 29
1 33 29
1 33 29
1 33 31
1 33 31
1 33 31
1 33 35
1 33 39
1 33 39
1 33 39
1 34 0
1 34 0
1 34 0
1 34 2
1 34 5
1 34 8
1 34 10
1 34 10
1 34 10
1 34 14
1 34 24
1 34 27
1 34 30
1 34 30
1 34 30
1 34 31
1 34 31
1 34 31
1 34 32
1 34 32
1 34 32
1 34 39
1 34 39
1 34 39
1 34 40
1 34 42
1 34 42
1 34 42
1 34 48
1 34 48
1 34 48
1 34 49
1 34 49
1 34 49
1 35 1
1 35 2
1 35 2
1 35 2
1 35 4
1 35 4
1 35 5
1 35 5
1 35 5
1 35 8
1 35 8
1 35 8
1 35 13
1 35 14
1 35 19
1 35 19
1 35 19
1 35 20
1 35 20
1 35 23
1 35 23
1 35 24
1 35 24
1 35 27
1 35 30
1 35 41
1 35 41
1 35 41
1 35 43
1 35 43
1 35 43
1 35 44
1 35 44
1 35 44
1 35 45
1 36 0
1 36 1
1 36 1
1 36 1
1 36 2
1 36 2
1 36 2
1 36 5
1 36 5
1 36 6
1 36 7
1 36 7
1 36 11
1 36 11
1 36 11
1 36 13
1 36 13
1 36 15
1 36 15
1 36 16
1 36 16
1 36 18
1 36 18
1 36 21
1 36 21
1 36 24
1 36 24
1 36 26
1 36 27
1 36 28
1 36 28
1 36 28
1 36 32
1 36 39
1 36 39
1 36 39
1 36 41
1 36 41
1 36 41
1 36 44
1 36 44
1 36 44
1 36 46
1 36 46
1 37 0
1 37 7
1 37 7
1 37 10
1 37 10
1 37 11
1 37 11
1 37 14
1 37 15
1 37 15
1 37 15
1 37 17
1 37 18
1 37 18
1 37 19
1 37 19
1 37 19
1 37 21
1 37 21
1 37 21
1 37 22
1 37 22
1 37 22
1 37 23
1 37 30
1 37 30
1 37 30
1 37 33
1 37 35
1 37 35
1 37 35
1 37 37
1 37 37
1 37 38
1 37 38
1 37 38
1 37 41
1 37 41
1 37 42
1 37 42
1 37 42
1 37 44
1 37 44
1 37 47
1 37 47
1 37 47
1 38 4
1 38 4
1 38 5
1 38 5
1 38 5
1 38 9
1 38 9
1 38 9
1 38 17
1 38 17
1 38 20
1 38 20
1 38 20
1 38 21
1 38 27
1 38 27
1 38 27
1 38 35
1 38 39
1 38 42
1 38 42
1 38 43
1 38 43
1 38 49
1 38 49
1 39 2
1 39 2
1 39 5
1 39 6
1 39 6
1 39 6
1 39 8
1 39 10
1 39 12
1 39 12
1 39 13
1 39 16
1 39 16
1 39 16
1 39 20
1 39 20
1 39 23
1 39 23
1 39 25
1 39 28
1 39 31
1 39 31
1 39 32
1 39 32
1 39 32
1 39 36
1 39 36
1 39 39
1 39 39
1 39 43
1 39 45
1 39 49
1 39 49
1 39 49
1 40 3
1 40 7
1 40 7
1 40 8
1 40 8
1 40 9
1 40 9
1 40 11
1 40 13
1 40 13
1 40 15
1 40 20
1 40 20
1 40 21
1 40 21
1 40 22
1 40 22
1 40 22
1 40 24
1 40 24
1 40 24
1 40 25
1 40 25
1 40 25
1 40 27
1 40 31
1 40 34
1 40 40
1 40 40
1 40 40
1 40 41
1 40 41
1 40 44
1 40 44
1 40 47
1 40 47
1 40 48
1 40 48
1 40 48
1 41 1
1 41 1
1 41 6
1 41 6
1 41 6
1 41 9
1 41 10
1 41 10
1 41 10
1 41 13
1 41 13
1 41 13
1 41 16
1 41 16
1 41 17
1 41 21
1 41 21
1 41 21
1 41 28
1 41 35
1 41 35
1 41 35
1 41 36
1 41 40
1 41 40
1 41 40
1 41 41
1 41 41
1 41 41
1 41 43
1 41 44
1 41 44
1 41 44
1 41 47
1 41 48
1 41 48
1 41 48
1 41 49
1 41 49
1 42 1
1 42 1
1 42 3
1 42 3
1 42 3
1 42 5
1 42 5
1 42 5
1 42 15
1 42 15
1 42 16
1 42 21
1 42 25
1 42 29
1 42 32
1 42 44
1 43 1
1 43 1
1 43 1
1 43 4
1 43 11
1 43 11
1 43 11
1 43 13
1 43 18
1 43 18
1 43 24
1 43 24
1 43 27
1 43 28
1 43 28
1 43 28
1 43 33
1 43 33
1 43 33
1 43 34
1 43 34
1 43 44
1 43 45
1 43 45
1 43 48
1 44 0
1 44 0
1 44 3
1 44 6
1 44 11
1 44 13
1 44 16
1 44 16
1 44 16
1 44 22
1 44 25
1 44 25
1 44 25
1 44 26
1 44 26
1 44 26
1 44 28
1 44 28
1 44 32
1 44 32
1 44 33
1 44 33
1 44 34
1 44 34
1 44 36
1 44 36
1 44 40
1 44 44
1 44 44
1 44 44
1 45 1
1 45 2
1 45 4
1 45 5
1 45 5
1 45 7
1 45 7
1 45 10
1 45 11
1 45 11
1 45 11
1 45 13
1 45 14
1 45 14
1 45 14
1 45 24
1 45 24
1 45 24
1 45 26
1 45 26
1 45 29
1 45 29
1 45 29
1 45 32
1 45 35
1 45 35
1 45 35
1 45 38
1 45 38
1 45 41
1 45 46
1 45 48
1 46 0
1 46 1
1 46 1
1 46 2
1 46 2
1 46 6
1 46 6
1 46 8
1 46 8
1 46 8
1 46 10
1 46 12
1 46 17
1 46 17
1 46 18
1 46 18
1 46 19
1 46 19
1 46 21
1 46 21
1 46 24
1 46 24
1 46 24
1 46 27
1 46 27
1 46 27
1 46 31
1 46 31
1 46 31
1 46 35
1 46 38
1 46 38
1 46 38
1 46 39
1 46 39
1 46 39
1 46 44
1 47 0
1 47 1
1 47 4
1 47 4
1 47 5
1 47 5
1 47 10
1 47 10
1 47 15
1 47 15
1 47 15
1 47 18
1 47 22
1 47 26
1 47 28
1 47 29
1 47 29
1 47 31
1 47 31
1 47 33
1 47 33
1 47 40
1 47 40
1 47 42
1 47 42
1 47 42
1 47 46
1 47 46
1 47 46
1 47 48
1 47 48
1 47 49
1 47 49
1 48 2
1 48 2
1 48 5
1 48 5
1 48 10
1 48 10
1 48 11
1 48 11
1 48 19
1 48 19
1 48 23
1 48 23
1 48 23
1 48 24
1 48 24
1 48 30
1 48 33
1 48 33
1 48 36
1 48 36
1 48 44
1 48 44
1 48 44
1 48 46
1 48 46
1 48 47
1 48 49
1 48 49
1 48 49
1 49 3
1 49 3
1 49 7
1 49 10
1 49 13
1 49 16
1 49 16
1 49 16
1 49 18
1 49 19
1 49 19
1 49 19
1 49 22
1 49 22
1 49 22
1 49 24
1 49 25
1 49 26
1 49 26
1 49 26
1 49 30
1 49 30
1 49 30
1 49 31
1 49 31
1 49 34
1 49 36
1 49 36
1 49 41
1 49 41
1 49 41
1 49 43
1 49 44
1 49 44
1 49 44
1 49 48
2 0 0
2 0 16
2 0 31
2 0 47
2 1 8
2 1 12
2 1 19
2 2 4
2 2 39
2 3 3
2 3 15
2 3 21
2 3 37
2 4 43
2 5 29
2 6 8
2 7 0
2 7 11
2 7 23
2 7 35
2 8 16
2 8 39
2 8 44
2 8 49
2 9 3
2 10 4
2 10 9
2 11 44
2 12 4
2 12 21
2 12 28
2 13 8
2 14 33
2 15 28
2 15 41
2 16 24
2 16 27
2 16 33
2 17 2
2 17 8
2 17 36
2 17 44
2 18 13
2 19 18
2 19 38
2 20 47
2 21 2
2 22 24
2 22 33
2 23 37
2 24 15
2 27 16
2 27 21
2 27 24
2 27 33
2 29 29
2 30 19
2 31 39
2 31 42
2 32 29
2 33 45
2 33 48
2 34 26
2 35 1
2 35 19
2 35 23
2 36 10
2 37 35
2 38 4
2 39 12
2 40 27
2 40 40
2 40 44
2 40 47
2 41 16
2 42 0
2 43 10
2 43 13
2 43 33
2 44 5
2 45 1
2 45 24
2 45 38
2 46 16
2 46 27
2 47 33
2 47 48
2 48 19
2 48 35
