1 0 1
1 0 3
1 0 3
1 0 3
1 0 5
1 0 5
1 0 13
1 0 14
1 0 14
1 0 16
1 0 17
1 0 17
1 0 17
1 0 21
1 0 21
1 0 21
1 0 22
1 0 22
1 0 22
1 0 23
1 0 23
1 0 23
1 0 24
1 0 24
1 0 24
1 0 25
1 0 25
1 0 25
1 0 27
1 0 27
1 0 27
1 0 32
1 0 32
1 0 33
1 0 35
1 0 35
1 0 35
1 0 37
1 0 37
1 0 41
1 0 45
1 0 49
1 0 49
1 1 0
1 1 0
1 1 1
1 1 3
1 1 3
1 1 3
1 1 6
1 1 6
1 1 8
1 1 9
1 1 9
1 1 10
1 1 10
1 1 10
1 1 11
1 1 12
1 1 12
1 1 12
1 1 15
1 1 15
1 1 15
1 1 17
1 1 20
1 1 21
1 1 21
1 1 21
1 1 25
1 1 25
1 1 25
1 1 27
1 1 27
1 1 28
1 1 28
1 1 29
1 1 29
1 1 30
1 1 30
1 1 31
1 1 34
1 1 35
1 1 35
1 1 39
1 1 39
1 1 42
1 1 44
1 1 48
1 2 2
1 2 2
1 2 2
1 2 3
1 2 3
1 2 8
1 2 8
1 2 9
1 2 9
1 2 9
1 2 19
1 2 19
1 2 22
1 2 22
1 2 23
1 2 26
1 2 26
1 2 31
1 2 31
1 2 32
1 2 32
1 2 32
1 2 34
1 2 39
1 2 39
1 2 39
1 2 45
1 2 45
1 2 45
1 2 46
1 3 5
1 3 5
1 3 5
1 3 6
1 3 6
1 3 6
1 3 8
1 3 9
1 3 9
1 3 10
1 3 10
1 3 12
1 3 12
1 3 12
1 3 17
1 3 17
1 3 21
1 3 24
1 3 24
1 3 24
1 3 26
1 3 27
1 3 29
1 3 29
1 3 29
1 3 32
1 3 35
1 3 35
1 3 36
1 4 2
1 4 2
1 4 2
1 4 5
1 4 5
1 4 5
1 4 6
1 4 6
1 4 13
1 4 15
1 4 17
1 4 17
1 4 21
1 4 21
1 4 22
1 4 22
1 4 24
1 4 24
1 4 30
1 4 31
1 4 31
1 4 35
1 4 35
1 4 37
1 4 40
1 4 40
1 4 40
1 4 43
1 4 43
1 4 43
1 4 44
1 4 44
1 4 45
1 4 45
1 4 45
1 4 49
1 4 49
1 4 49
1 5 0
1 5 0
1 5 0
1 5 4
1 5 6
1 5 6
1 5 9
1 5 9
1 5 10
1 5 10
1 5 13
1 5 13
1 5 19
1 5 20
1 5 20
1 5 21
1 5 30
1 5 30
1 5 30
1 5 34
1 5 38
1 5 38
1 5 38
1 5 39
1 5 39
1 5 41
1 5 41
1 5 41
1 5 44
1 5 44
1 5 44
1 5 45
1 5 47
1 5 47
1 5 47
1 6 2
1 6 2
1 6 5
1 6 9
1 6 9
1 6 9
1 6 12
1 6 12
1 6 12
1 6 15
1 6 16
1 6 17
1 6 17
1 6 18
1 6 19
1 6 19
1 6 19
1 6 20
1 6 20
1 6 21
1 6 25
1 6 26
1 6 26
1 6 26
1 6 27
1 6 27
1 6 27
1 6 28
1 6 31
1 6 31
1 6 31
1 6 32
1 6 35
1 6 46
1 6 46
1 6 46
1 6 47
1 7 0
1 7 0
1 7 2
1 7 2
1 7 6
1 7 6
1 7 9
1 7 9
1 7 9
1 7 12
1 7 12
1 7 12
1 7 13
1 7 13
1 7 14
1 7 14
1 7 16
1 7 17
1 7 17
1 7 17
1 7 18
1 7 18
1 7 19
1 7 19
1 7 20
1 7 21
1 7 21
1 7 23
1 7 23
1 7 23
1 7 24
1 7 24
1 7 24
1 7 27
1 7 29
1 7 29
1 7 31
1 7 34
1 7 34
1 7 34
1 7 37
1 7 41
1 7 41
1 7 41
1 7 45
1 7 45
1 8 0
1 8 0
1 8 8
1 8 8
1 8 8
1 8 9
1 8 9
1 8 12
1 8 12
1 8 12
1 8 17
1 8 20
1 8 25
1 8 25
1 8 25
1 8 30
1 8 30
1 8 30
1 8 31
1 8 32
1 8 34
1 8 34
1 8 34
1 8 39
1 8 39
1 8 39
1 8 42
1 8 43
1 8 43
1 8 43
1 8 48
1 8 49
1 8 49
1 8 49
1 9 1
1 9 1
1 9 1
1 9 5
1 9 10
1 9 14
1 9 16
1 9 16
1 9 16
1 9 18
1 9 18
1 9 33
1 9 33
1 9 48
1 9 48
1 9 48
1 10 0
1 10 0
1 10 2
1 10 2
1 10 3
1 10 3
1 10 8
1 10 8
1 10 8
1 10 9
1 10 9
1 10 9
1 10 12
1 10 21
1 10 21
1 10 21
1 10 23
1 10 23
1 10 24
1 10 24
1 10 24
1 10 27
1 10 27
1 10 27
1 10 33
1 10 33
1 10 33
1 10 40
1 10 40
1 10 40
1 10 42
1 10 47
1 10 47
1 10 47
1 10 48
1 10 49
1 10 49
1 11 5
1 11 8
1 11 18
1 11 20
1 11 20
1 11 20
1 11 24
1 11 24
1 11 24
1 11 29
1 11 29
1 11 29
1 11 30
1 11 30
1 11 30
1 11 31
1 11 31
1 11 31
1 11 38
1 11 38
1 11 48
1 11 49
1 11 49
1 11 49
1 12 0
1 12 7
1 12 7
1 12 7
1 12 9
1 12 14
1 12 14
1 12 14
1 12 18
1 12 18
1 12 18
1 12 20
1 12 20
1 12 22
1 12 25
1 12 27
1 12 33
1 12 33
1 12 33
1 12 34
1 12 34
1 12 36
1 12 39
1 12 41
1 12 41
1 12 42
1 12 46
1 12 46
1 12 48
1 12 48
1 12 48
1 12 49
1 13 6
1 13 7
1 13 8
1 13 8
1 13 11
1 13 11
1 13 13
1 13 15
1 13 19
1 13 21
1 13 21
1 13 22
1 13 24
1 13 25
1 13 25
1 13 26
1 13 26
1 13 34
1 13 34
1 13 36
1 13 39
1 13 40
1 13 40
1 13 43
1 13 45
1 13 45
1 13 47
1 14 0
1 14 1
1 14 1
1 14 1
1 14 4
1 14 4
1 14 4
1 14 5
1 14 5
1 14 11
1 14 11
1 14 11
1 14 13
1 14 13
1 14 21
1 14 21
1 14 21
1 14 23
1 14 26
1 14 26
1 14 29
1 14 34
1 14 34
1 14 39
1 14 43
1 14 43
1 14 43
1 14 45
1 14 46
1 15 2
1 15 2
1 15 2
1 15 5
1 15 5
1 15 8
1 15 8
1 15 8
1 15 13
1 15 21
1 15 21
1 15 24
1 15 25
1 15 25
1 15 25
1 15 26
1 15 26
1 15 28
1 15 29
1 15 29
1 15 31
1 15 33
1 15 33
1 15 33
1 15 35
1 15 35
1 15 36
1 15 37
1 15 37
1 15 38
1 15 38
1 15 39
1 15 39
1 15 40
1 15 41
1 15 41
1 15 43
1 15 43
1 15 49
1 15 49
1 16 7
1 16 7
1 16 7
1 16 9
1 16 12
1 16 12
1 16 12
1 16 13
1 16 13
1 16 13
1 16 16
1 16 18
1 16 23
1 16 23
1 16 25
1 16 25
1 16 25
1 16 28
1 16 32
1 16 33
1 16 36
1 16 42
1 16 44
1 16 44
1 16 47
1 16 47
1 16 48
1 16 48
1 17 3
1 17 3
1 17 3
1 17 6
1 17 6
1 17 6
1 17 8
1 17 8
1 17 8
1 17 11
1 17 11
1 17 11
1 17 14
1 17 14
1 17 14
1 17 16
1 17 16
1 17 16
1 17 21
1 17 21
1 17 24
1 17 27
1 17 33
1 17 36
1 17 36
1 17 36
1 17 38
1 17 38
1 17 38
1 17 40
1 17 40
1 17 40
1 17 42
1 17 42
1 17 47
1 18 1
1 18 1
1 18 4
1 18 4
1 18 4
1 18 7
1 18 9
1 18 9
1 18 11
1 18 14
1 18 14
1 18 15
1 18 20
1 18 23
1 18 23
1 18 26
1 18 30
1 18 30
1 18 30
1 18 31
1 18 31
1 18 31
1 18 32
1 18 32
1 18 32
1 18 34
1 18 34
1 18 35
1 18 35
1 18 44
1 18 47
1 19 4
1 19 4
1 19 4
1 19 11
1 19 16
1 19 17
1 19 17
1 19 17
1 19 19
1 19 21
1 19 21
1 19 21
1 19 22
1 19 30
1 19 30
1 19 36
1 19 36
1 19 37
1 19 37
1 19 37
1 19 40
1 19 40
1 19 40
1 19 42
1 19 42
1 19 42
1 19 44
1 19 44
1 19 44
1 19 45
1 19 45
1 19 45
1 20 2
1 20 2
1 20 2
1 20 3
1 20 3
1 20 3
1 20 17
1 20 17
1 20 20
1 20 20
1 20 23
1 20 24
1 20 24
1 20 26
1 20 27
1 20 27
1 20 27
1 20 31
1 20 38
1 20 42
1 20 42
1 20 42
1 20 43
1 20 43
1 20 43
1 20 48
1 20 48
1 20 48
1 21 1
1 21 1
1 21 1
1 21 3
1 21 3
1 21 3
1 21 4
1 21 4
1 21 4
1 21 9
1 21 9
1 21 11
1 21 14
1 21 14
1 21 18
1 21 18
1 21 19
1 21 25
1 21 32
1 21 32
1 21 32
1 21 39
1 21 39
1 21 39
1 21 46
1 21 49
1 22 2
1 22 2
1 22 9
1 22 9
1 22 9
1 22 10
1 22 10
1 22 10
1 22 12
1 22 17
1 22 17
1 22 19
1 22 25
1 22 25
1 22 25
1 22 26
1 22 26
1 22 26
1 22 29
1 22 29
1 22 30
1 22 30
1 22 30
1 22 31
1 22 31
1 22 31
1 22 47
1 22 47
1 23 12
1 23 12
1 23 13
1 23 13
1 23 13
1 23 14
1 23 14
1 23 14
1 23 15
1 23 19
1 23 19
1 23 21
1 23 22
1 23 22
1 23 22
1 23 23
1 23 27
1 23 38
1 23 38
1 23 38
1 23 41
1 23 41
1 23 44
1 23 45
1 23 45
1 23 45
1 23 46
1 23 46
1 23 46
1 23 49
1 24 0
1 24 0
1 24 1
1 24 1
1 24 2
1 24 2
1 24 2
1 24 7
1 24 9
1 24 10
1 24 10
1 24 11
1 24 11
1 24 18
1 24 18
1 24 22
1 24 22
1 24 22
1 24 25
1 24 25
1 24 25
1 24 27
1 24 30
1 24 32
1 24 34
1 24 40
1 24 40
1 24 40
1 24 41
1 24 41
1 24 42
1 24 42
1 24 42
1 24 43
1 24 43
1 24 45
1 24 45
1 24 45
1 25 0
1 25 0
1 25 4
1 25 4
1 25 6
1 25 6
1 25 6
1 25 7
1 25 8
1 25 8
1 25 9
1 25 9
1 25 9
1 25 10
1 25 10
1 25 10
1 25 12
1 25 13
1 25 13
1 25 13
1 25 15
1 25 16
1 25 17
1 25 18
1 25 20
1 25 20
1 25 20
1 25 21
1 25 21
1 25 21
1 25 26
1 25 26
1 25 29
1 25 29
1 25 30
1 25 30
1 25 40
1 25 40
1 25 42
1 25 42
1 25 43
1 25 43
1 26 7
1 26 8
1 26 8
1 26 9
1 26 9
1 26 9
1 26 10
1 26 10
1 26 11
1 26 14
1 26 14
1 26 16
1 26 17
1 26 17
1 26 19
1 26 19
1 26 19
1 26 23
1 26 23
1 26 23
1 26 27
1 26 27
1 26 30
1 26 30
1 26 31
1 26 31
1 26 31
1 26 32
1 26 32
1 26 32
1 26 34
1 26 34
1 26 36
1 26 37
1 26 37
1 26 37
1 26 38
1 26 38
1 26 38
1 26 39
1 26 39
1 26 39
1 26 41
1 26 41
1 26 41
1 26 45
1 26 45
1 26 45
1 27 2
1 27 2
1 27 2
1 27 3
1 27 5
1 27 5
1 27 5
1 27 6
1 27 6
1 27 9
1 27 10
1 27 11
1 27 14
1 27 14
1 27 14
1 27 24
1 27 24
1 27 25
1 27 25
1 27 25
1 27 44
1 27 44
1 27 44
1 27 46
1 27 46
1 28 0
1 28 0
1 28 0
1 28 3
1 28 4
1 28 4
1 28 4
1 28 7
1 28 8
1 28 8
1 28 8
1 28 9
1 28 9
1 28 10
1 28 10
1 28 10
1 28 12
1 28 15
1 28 19
1 28 19
1 28 19
1 28 22
1 28 22
1 28 22
1 28 25
1 28 25
1 28 25
1 28 26
1 28 27
1 28 27
1 28 27
1 28 28
1 28 28
1 28 32
1 28 35
1 28 36
1 28 36
1 28 36
1 28 42
1 28 42
1 28 42
1 28 45
1 28 45
1 29 0
1 29 0
1 29 3
1 29 3
1 29 8
1 29 8
1 29 8
1 29 9
1 29 9
1 29 9
1 29 10
1 29 12
1 29 12
1 29 12
1 29 14
1 29 17
1 29 17
1 29 17
1 29 22
1 29 22
1 29 22
1 29 24
1 29 28
1 29 28
1 29 28
1 29 30
1 29 31
1 29 31
1 29 31
1 29 36
1 29 36
1 29 36
1 29 38
1 29 38
1 29 41
1 29 45
1 29 45
1 29 45
1 29 46
1 29 48
1 29 49
1 29 49
1 30 0
1 30 0
1 30 0
1 30 3
1 30 3
1 30 3
1 30 5
1 30 5
1 30 5
1 30 7
1 30 7
1 30 7
1 30 11
1 30 13
1 30 13
1 30 13
1 30 15
1 30 15
1 30 17
1 30 17
1 30 19
1 30 22
1 30 23
1 30 23
1 30 23
1 30 25
1 30 25
1 30 28
1 30 28
1 30 29
1 30 31
1 30 31
1 30 31
1 30 33
1 30 33
1 30 34
1 30 34
1 30 34
1 30 35
1 30 35
1 30 38
1 30 39
1 30 42
1 30 45
1 30 45
1 30 46
1 30 46
1 30 46
1 30 47
1 30 47
1 30 48
1 30 48
1 31 2
1 31 3
1 31 3
1 31 5
1 31 5
1 31 5
1 31 7
1 31 8
1 31 8
1 31 8
1 31 14
1 31 14
1 31 14
1 31 16
1 31 16
1 31 16
1 31 17
1 31 17
1 31 17
1 31 21
1 31 21
1 31 21
1 31 22
1 31 22
1 31 25
1 31 25
1 31 40
1 31 40
1 31 44
1 31 45
1 31 45
1 31 45
1 32 2
1 32 2
1 32 3
1 32 6
1 32 6
1 32 10
1 32 15
1 32 15
1 32 16
1 32 16
1 32 16
1 32 26
1 32 28
1 32 32
1 32 32
1 32 32
1 32 40
1 32 40
1 32 40
1 32 42
1 32 42
1 32 43
1 32 45
1 32 45
1 33 1
1 33 1
1 33 5
1 33 5
1 33 5
1 33 8
1 33 8
1 33 13
1 33 14
1 33 14
1 33 14
1 33 15
1 33 15
1 33 15
1 33 18
1 33 18
1 33 18
1 33 19
1 33 19
1 33 19
1 33 25
1 33 25
1 33 30
1 33 30
1 33 30
1 33 34
1 33 34
1 33 34
1 33 37
1 33 40
1 33 40
1 33 40
1 33 41
1 33 41
1 33 41
1 33 42
1 33 42
1 33 42
1 34 1
1 34 1
1 34 2
1 34 3
1 34 3
1 34 6
1 34 6
1 34 8
1 34 8
1 34 8
1 34 13
1 34 14
1 34 14
1 34 14
1 34 23
1 34 25
1 34 25
1 34 25
1 34 31
1 34 32
1 34 32
1 34 32
1 34 36
1 34 42
1 34 42
1 34 42
1 34 44
1 34 44
1 34 46
1 34 46
1 34 46
1 34 48
1 35 0
1 35 0
1 35 1
1 35 1
1 35 1
1 35 2
1 35 2
1 35 2
1 35 4
1 35 4
1 35 4
1 35 7
1 35 7
1 35 7
1 35 9
1 35 9
1 35 12
1 35 14
1 35 14
1 35 17
1 35 18
1 35 18
1 35 24
1 35 24
1 35 24
1 35 27
1 35 28
1 35 30
1 35 30
1 35 31
1 35 36
1 35 38
1 35 41
1 35 41
1 35 44
1 35 45
1 35 45
1 35 45
1 35 46
1 35 46
1 35 46
1 35 49
1 35 49
1 35 49
1 36 0
1 36 0
1 36 5
1 36 5
1 36 5
1 36 9
1 36 12
1 36 12
1 36 12
1 36 15
1 36 15
1 36 16
1 36 16
1 36 16
1 36 22
1 36 22
1 36 22
1 36 27
1 36 27
1 36 34
1 36 36
1 36 36
1 36 38
1 36 38
1 36 38
1 36 40
1 36 40
1 36 42
1 36 42
1 36 42
1 36 43
1 36 43
1 36 47
1 36 47
1 36 47
1 37 2
1 37 3
1 37 3
1 37 3
1 37 11
1 37 11
1 37 12
1 37 12
1 37 12
1 37 15
1 37 18
1 37 18
1 37 22
1 37 22
1 37 23
1 37 23
1 37 24
1 37 27
1 37 29
1 37 37
1 37 37
1 37 40
1 37 40
1 37 40
1 37 41
1 37 45
1 37 46
1 37 46
1 37 46
1 37 49
1 37 49
1 38 7
1 38 7
1 38 7
1 38 10
1 38 11
1 38 15
1 38 15
1 38 16
1 38 18
1 38 19
1 38 24
1 38 24
1 38 24
1 38 27
1 38 27
1 38 30
1 38 30
1 38 30
1 38 35
1 38 35
1 38 41
1 38 41
1 38 41
1 39 2
1 39 2
1 39 4
1 39 4
1 39 5
1 39 5
1 39 5
1 39 7
1 39 7
1 39 11
1 39 11
1 39 11
1 39 15
1 39 15
1 39 22
1 39 24
1 39 24
1 39 30
1 39 30
1 39 36
1 39 36
1 39 39
1 39 40
1 39 40
1 39 40
1 39 42
1 39 44
1 39 44
1 39 44
1 39 49
1 40 3
1 40 3
1 40 3
1 40 8
1 40 8
1 40 8
1 40 11
1 40 14
1 40 14
1 40 14
1 40 16
1 40 21
1 40 21
1 40 21
1 40 25
1 40 36
1 40 37
1 40 37
1 40 37
1 40 43
1 40 45
1 40 45
1 41 1
1 41 3
1 41 3
1 41 3
1 41 4
1 41 4
1 41 4
1 41 11
1 41 11
1 41 12
1 41 13
1 41 13
1 41 13
1 41 19
1 41 19
1 41 20
1 41 22
1 41 22
1 41 22
1 41 23
1 41 23
1 41 23
1 41 24
1 41 24
1 41 29
1 41 30
1 41 30
1 41 30
1 41 31
1 41 31
1 41 32
1 41 32
1 41 32
1 41 33
1 41 33
1 41 39
1 41 39
1 41 39
1 41 42
1 41 42
1 41 42
1 41 46
1 42 0
1 42 0
1 42 0
1 42 1
1 42 1
1 42 2
1 42 2
1 42 2
1 42 5
1 42 5
1 42 5
1 42 6
1 42 6
1 42 8
1 42 10
1 42 10
1 42 10
1 42 12
1 42 12
1 42 15
1 42 15
1 42 15
1 42 17
1 42 26
1 42 26
1 42 27
1 42 28
1 42 29
1 42 29
1 42 30
1 42 30
1 42 31
1 42 36
1 42 36
1 42 38
1 42 38
1 42 38
1 42 39
1 42 40
1 42 41
1 42 41
1 42 44
1 42 44
1 42 47
1 43 2
1 43 3
1 43 3
1 43 3
1 43 5
1 43 8
1 43 8
1 43 8
1 43 23
1 43 23
1 43 24
1 43 24
1 43 25
1 43 25
1 43 25
1 43 27
1 43 27
1 43 30
1 43 30
1 43 32
1 43 32
1 43 40
1 43 40
1 43 40
1 43 41
1 43 43
1 43 45
1 43 45
1 43 45
1 43 48
1 43 48
1 44 1
1 44 1
1 44 1
1 44 3
1 44 4
1 44 5
1 44 6
1 44 6
1 44 6
1 44 7
1 44 7
1 44 8
1 44 8
1 44 9
1 44 11
1 44 11
1 44 11
1 44 12
1 44 12
1 44 13
1 44 15
1 44 15
1 44 16
1 44 16
1 44 21
1 44 25
1 44 25
1 44 25
1 44 27
1 44 27
1 44 27
1 44 28
1 44 31
1 44 43
1 44 43
1 44 44
1 44 45
1 44 45
1 44 48
1 44 48
1 45 5
1 45 5
1 45 7
1 45 7
1 45 7
1 45 9
1 45 10
1 45 10
1 45 10
1 45 11
1 45 11
1 45 11
1 45 15
1 45 17
1 45 20
1 45 23
1 45 23
1 45 25
1 45 25
1 45 29
1 45 29
1 45 31
1 45 31
1 45 33
1 45 33
1 45 33
1 45 35
1 45 35
1 45 35
1 45 37
1 45 37
1 45 37
1 45 39
1 45 41
1 45 41
1 46 3
1 46 3
1 46 7
1 46 7
1 46 7
1 46 8
1 46 13
1 46 13
1 46 14
1 46 14
1 46 15
1 46 16
1 46 16
1 46 16
1 46 17
1 46 21
1 46 24
1 46 26
1 46 26
1 46 26
1 46 28
1 46 30
1 46 33
1 46 35
1 46 35
1 46 42
1 46 45
1 46 45
1 46 48
1 47 1
1 47 1
1 47 1
1 47 3
1 47 8
1 47 8
1 47 8
1 47 13
1 47 15
1 47 16
1 47 16
1 47 16
1 47 18
1 47 23
1 47 25
1 47 28
1 47 28
1 47 28
1 47 30
1 47 30
1 47 34
1 47 35
1 47 35
1 47 37
1 47 41
1 47 43
1 47 44
1 47 44
1 47 44
1 47 47
1 47 47
1 48 0
1 48 0
1 48 2
1 48 2
1 48 3
1 48 3
1 48 7
1 48 7
1 48 7
1 48 14
1 48 14
1 48 17
1 48 17
1 48 20
1 48 20
1 48 21
1 48 21
1 48 22
1 48 22
1 48 22
1 48 24
1 48 25
1 48 25
1 48 26
1 48 26
1 48 29
1 48 30
1 48 30
1 48 31
1 48 31
1 48 31
1 48 32
1 48 34
1 48 34
1 48 40
1 48 40
1 48 43
1 48 43
1 48 43
1 48 44
1 48 44
1 48 44
1 48 45
1 48 45
1 48 45
1 48 49
1 48 49
1 49 1
1 49 1
1 49 1
1 49 2
1 49 4
1 49 4
1 49 4
1 49 5
1 49 7
1 49 8
1 49 13
1 49 14
1 49 16
1 49 16
1 49 23
1 49 28
1 49 28
1 49 28
1 49 30
1 49 34
1 49 34
1 49 34
1 49 39
1 49 43
2 0 1
2 0 8
2 0 13
2 0 16
2 0 21
2 0 27
2 1 47
2 4 13
2 4 19
2 4 30
2 4 40
2 5 7
2 5 9
2 5 26
2 7 23
2 7 41
2 8 48
2 9 1
2 9 14
2 10 20
2 11 29
2 11 38
2 12 7
2 12 33
2 13 13
2 13 21
2 13 24
2 14 10
2 15 3
2 15 28
2 16 9
2 16 15
2 16 47
2 20 2
2 20 31
2 21 9
2 21 18
2 21 25
2 21 41
2 22 22
2 22 47
2 23 44
2 24 0
2 24 40
2 25 15
2 25 29
2 26 34
2 26 36
2 27 24
2 27 42
2 28 22
2 28 45
2 29 17
2 30 7
2 33 1
2 33 24
2 33 36
2 34 6
2 34 46
2 35 27
2 36 22
2 37 18
2 37 29
2 38 4
2 38 35
2 42 14
2 43 19
2 43 43
2 43 48
2 44 15
2 44 33
2 46 30
2 47 22
2 47 43
