1 0 5
1 0 10
1 0 10
1 0 10
1 0 11
1 0 11
1 0 11
1 0 15
1 0 15
1 0 15
1 0 17
1 0 17
1 0 18
1 0 18
1 0 18
1 0 22
1 0 22
1 0 27
1 0 30
1 0 30
1 0 32
1 0 33
1 0 33
1 0 36
1 0 36
1 0 36
1 0 38
1 0 38
1 0 47
1 1 0
1 1 0
1 1 11
1 1 11
1 1 15
1 1 15
1 1 15
1 1 16
1 1 21
1 1 21
1 1 21
1 1 27
1 1 27
1 1 30
1 1 30
1 1 30
1 1 31
1 1 31
1 1 31
1 1 35
1 1 35
1 1 35
1 1 37
1 1 37
1 1 39
1 1 39
1 1 39
1 1 40
1 1 40
1 1 41
1 1 43
1 1 43
1 1 45
1 1 45
1 1 45
1 1 48
1 1 48
1 2 1
1 2 3
1 2 3
1 2 8
1 2 8
1 2 8
1 2 10
1 2 10
1 2 10
1 2 11
1 2 14
1 2 14
1 2 14
1 2 15
1 2 15
1 2 18
1 2 18
1 2 19
1 2 19
1 2 24
1 2 24
1 2 24
1 2 30
1 2 30
1 2 30
1 2 31
1 2 31
1 2 31
1 2 37
1 2 37
1 2 37
1 2 38
1 2 38
1 2 39
1 2 40
1 2 43
1 2 43
1 2 48
1 3 2
1 3 2
1 3 5
1 3 7
1 3 7
1 3 9
1 3 13
1 3 13
1 3 16
1 3 16
1 3 16
1 3 22
1 3 22
1 3 23
1 3 23
1 3 24
1 3 24
1 3 27
1 3 27
1 3 27
1 3 29
1 3 29
1 3 30
1 3 30
1 3 30
1 3 31
1 3 31
1 3 36
1 3 36
1 3 37
1 3 37
1 3 37
1 3 38
1 3 38
1 3 43
1 3 43
1 3 44
1 3 44
1 3 44
1 3 47
1 3 47
1 3 47
1 3 48
1 4 0
1 4 1
1 4 1
1 4 1
1 4 4
1 4 5
1 4 7
1 4 11
1 4 12
1 4 15
1 4 17
1 4 17
1 4 21
1 4 21
1 4 23
1 4 24
1 4 24
1 4 28
1 4 28
1 4 28
1 4 30
1 4 43
1 5 0
1 5 0
1 5 2
1 5 2
1 5 2
1 5 4
1 5 4
1 5 4
1 5 9
1 5 9
1 5 11
1 5 11
1 5 20
1 5 20
1 5 20
1 5 21
1 5 23
1 5 23
1 5 23
1 5 26
1 5 26
1 5 30
1 5 30
1 5 35
1 5 39
1 5 39
1 5 39
1 5 40
1 5 44
1 5 44
1 5 45
1 5 45
1 6 0
1 6 5
1 6 5
1 6 6
1 6 6
1 6 7
1 6 12
1 6 12
1 6 17
1 6 17
1 6 17
1 6 18
1 6 18
1 6 21
1 6 21
1 6 21
1 6 24
1 6 25
1 6 26
1 6 26
1 6 28
1 6 28
1 6 28
1 6 29
1 6 30
1 6 30
1 6 32
1 6 32
1 6 37
1 6 39
1 6 39
1 6 39
1 6 40
1 6 42
1 6 48
1 7 0
1 7 4
1 7 5
1 7 5
1 7 15
1 7 15
1 7 15
1 7 18
1 7 18
1 7 21
1 7 21
1 7 22
1 7 25
1 7 29
1 7 29
1 7 40
1 7 40
1 7 40
1 7 43
1 7 43
1 7 43
1 7 44
1 7 44
1 7 44
1 7 46
1 7 47
1 8 0
1 8 0
1 8 1
1 8 1
1 8 2
1 8 2
1 8 2
1 8 5
1 8 6
1 8 8
1 8 8
1 8 8
1 8 11
1 8 12
1 8 14
1 8 17
1 8 17
1 8 19
1 8 19
1 8 22
1 8 22
1 8 22
1 8 25
1 8 25
1 8 31
1 8 31
1 8 33
1 8 33
1 8 40
1 8 40
1 8 40
1 8 44
1 8 47
1 8 47
1 8 49
1 8 49
1 8 49
1 9 0
1 9 0
1 9 3
1 9 3
1 9 3
1 9 5
1 9 5
1 9 5
1 9 6
1 9 7
1 9 9
1 9 9
1 9 16
1 9 16
1 9 16
1 9 18
1 9 18
1 9 18
1 9 19
1 9 19
1 9 21
1 9 21
1 9 25
1 9 27
1 9 30
1 9 32
1 9 32
1 9 40
1 9 45
1 9 45
1 9 46
1 9 46
1 9 48
1 9 48
1 10 1
1 10 1
1 10 1
1 10 4
1 10 4
1 10 4
1 10 5
1 10 7
1 10 7
1 10 9
1 10 9
1 10 9
1 10 10
1 10 10
1 10 10
1 10 19
1 10 19
1 10 19
1 10 23
1 10 25
1 10 25
1 10 25
1 10 26
1 10 27
1 10 27
1 10 27
1 10 30
1 10 30
1 10 30
1 10 31
1 10 31
1 10 35
1 10 35
1 10 35
1 10 39
1 10 39
1 10 39
1 10 42
1 10 42
1 10 45
1 10 45
1 10 45
1 10 49
1 10 49
1 11 1
1 11 1
1 11 2
1 11 2
1 11 7
1 11 7
1 11 7
1 11 8
1 11 8
1 11 9
1 11 9
1 11 10
1 11 10
1 11 10
1 11 13
1 11 14
1 11 14
1 11 14
1 11 15
1 11 15
1 11 16
1 11 16
1 11 18
1 11 18
1 11 25
1 11 31
1 11 31
1 11 31
1 11 38
1 11 38
1 11 42
1 11 48
1 11 48
1 11 48
1 11 49
1 11 49
1 11 49
1 12 3
1 12 4
1 12 4
1 12 8
1 12 8
1 12 10
1 12 10
1 12 11
1 12 13
1 12 13
1 12 13
1 12 14
1 12 14
1 12 14
1 12 18
1 12 19
1 12 20
1 12 22
1 12 22
1 12 22
1 12 23
1 12 24
1 12 25
1 12 25
1 12 25
1 12 31
1 12 32
1 12 33
1 12 33
1 12 35
1 12 35
1 12 35
1 12 36
1 12 37
1 12 37
1 12 39
1 12 39
1 12 39
1 12 40
1 12 40
1 12 40
1 12 41
1 12 42
1 12 42
1 12 49
1 13 0
1 13 0
1 13 5
1 13 5
1 13 8
1 13 8
1 13 9
1 13 12
1 13 13
1 13 13
1 13 13
1 13 16
1 13 22
1 13 23
1 13 23
1 13 23
1 13 26
1 13 26
1 13 27
1 13 28
1 13 28
1 13 28
1 13 30
1 13 36
1 13 36
1 13 37
1 13 37
1 13 37
1 13 39
1 13 39
1 13 40
1 13 40
1 13 40
1 13 42
1 14 3
1 14 3
1 14 3
1 14 4
1 14 8
1 14 10
1 14 10
1 14 11
1 14 15
1 14 15
1 14 21
1 14 21
1 14 21
1 14 22
1 14 22
1 14 34
1 14 34
1 14 34
1 14 35
1 14 35
1 14 41
1 14 41
1 14 43
1 14 43
1 14 43
1 14 47
1 14 47
1 15 0
1 15 0
1 15 0
1 15 3
1 15 3
1 15 3
1 15 4
1 15 8
1 15 8
1 15 9
1 15 9
1 15 19
1 15 21
1 15 21
1 15 21
1 15 26
1 15 26
1 15 29
1 15 29
1 15 29
1 15 30
1 15 30
1 15 30
1 15 33
1 15 33
1 15 33
1 15 34
1 15 34
1 15 35
1 15 35
1 15 36
1 15 36
1 15 38
1 15 38
1 15 44
1 15 44
1 15 44
1 16 0
1 16 4
1 16 9
1 16 9
1 16 9
1 16 13
1 16 17
1 16 18
1 16 19
1 16 20
1 16 22
1 16 22
1 16 23
1 16 36
1 17 4
1 17 4
1 17 5
1 17 5
1 17 5
1 17 6
1 17 6
1 17 7
1 17 9
1 17 10
1 17 10
1 17 16
1 17 16
1 17 16
1 17 26
1 17 26
1 17 28
1 17 28
1 17 29
1 17 29
1 17 29
1 17 35
1 17 36
1 17 36
1 17 43
1 17 43
1 17 45
1 17 46
1 17 46
1 17 46
1 17 49
1 17 49
1 17 49
1 18 5
1 18 11
1 18 11
1 18 14
1 18 14
1 18 14
1 18 18
1 18 18
1 18 18
1 18 19
1 18 19
1 18 19
1 18 27
1 18 28
1 18 28
1 18 29
1 18 29
1 18 29
1 18 32
1 18 34
1 18 38
1 18 38
1 18 38
1 18 40
1 18 40
1 18 40
1 18 43
1 18 45
1 18 45
1 18 45
1 18 47
1 18 47
1 18 48
1 18 48
1 18 48
1 19 4
1 19 5
1 19 6
1 19 6
1 19 7
1 19 8
1 19 8
1 19 23
1 19 23
1 19 24
1 19 24
1 19 27
1 19 30
1 19 30
1 19 30
1 19 32
1 19 34
1 19 34
1 19 34
1 19 37
1 19 37
1 19 38
1 19 38
1 19 40
1 19 40
1 19 40
1 19 42
1 19 42
1 19 44
1 19 44
1 19 46
1 20 0
1 20 0
1 20 1
1 20 1
1 20 1
1 20 2
1 20 3
1 20 3
1 20 3
1 20 5
1 20 5
1 20 7
1 20 7
1 20 9
1 20 9
1 20 11
1 20 11
1 20 12
1 20 14
1 20 14
1 20 14
1 20 20
1 20 20
1 20 20
1 20 22
1 20 25
1 20 25
1 20 37
1 20 40
1 20 40
1 20 41
1 20 41
1 20 42
1 20 42
1 20 42
1 20 45
1 20 45
1 20 47
1 20 48
1 20 48
1 20 49
1 21 1
1 21 1
1 21 1
1 21 6
1 21 6
1 21 6
1 21 10
1 21 10
1 21 11
1 21 11
1 21 12
1 21 12
1 21 16
1 21 16
1 21 19
1 21 19
1 21 26
1 21 27
1 21 27
1 21 27
1 21 39
1 21 39
1 21 39
1 21 40
1 21 40
1 21 40
1 21 41
1 21 41
1 21 41
1 22 0
1 22 0
1 22 0
1 22 1
1 22 1
1 22 3
1 22 3
1 22 3
1 22 9
1 22 16
1 22 27
1 22 28
1 22 28
1 22 28
1 22 29
1 22 33
1 22 33
1 22 34
1 22 37
1 22 37
1 22 38
1 22 38
1 22 39
1 22 39
1 22 39
1 22 44
1 22 44
1 22 44
1 22 47
1 22 48
1 22 48
1 23 0
1 23 0
1 23 0
1 23 1
1 23 7
1 23 7
1 23 10
1 23 10
1 23 10
1 23 20
1 23 20
1 23 20
1 23 25
1 23 25
1 23 25
1 23 34
1 23 35
1 23 42
1 23 42
1 23 42
1 24 7
1 24 7
1 24 7
1 24 8
1 24 8
1 24 17
1 24 17
1 24 18
1 24 18
1 24 24
1 24 28
1 24 29
1 24 29
1 24 30
1 24 30
1 24 32
1 24 33
1 24 34
1 24 34
1 24 34
1 24 36
1 24 40
1 24 40
1 24 40
1 24 43
1 24 43
1 24 46
1 24 46
1 24 46
1 24 49
1 24 49
1 24 49
1 25 1
1 25 1
1 25 1
1 25 4
1 25 4
1 25 4
1 25 7
1 25 7
1 25 8
1 25 10
1 25 10
1 25 10
1 25 11
1 25 11
1 25 11
1 25 13
1 25 13
1 25 14
1 25 14
1 25 14
1 25 15
1 25 15
1 25 15
1 25 18
1 25 19
1 25 19
1 25 25
1 25 27
1 25 27
1 25 27
1 25 33
1 25 33
1 25 33
1 25 37
1 25 40
1 25 41
1 25 41
1 25 41
1 25 43
1 25 44
1 25 44
1 25 45
1 25 45
1 25 45
1 25 49
1 25 49
1 26 6
1 26 18
1 26 18
1 26 18
1 26 19
1 26 19
1 26 19
1 26 26
1 26 32
1 26 48
1 26 48
1 27 3
1 27 3
1 27 3
1 27 8
1 27 9
1 27 10
1 27 10
1 27 10
1 27 17
1 27 17
1 27 17
1 27 20
1 27 21
1 27 21
1 27 24
1 27 25
1 27 25
1 27 26
1 27 27
1 27 27
1 27 31
1 27 31
1 27 32
1 27 32
1 27 33
1 27 33
1 27 35
1 27 35
1 27 48
1 27 48
1 28 3
1 28 4
1 28 4
1 28 4
1 28 8
1 28 8
1 28 8
1 28 12
1 28 14
1 28 14
1 28 17
1 28 17
1 28 17
1 28 18
1 28 20
1 28 21
1 28 21
1 28 22
1 28 33
1 28 33
1 28 35
1 28 35
1 28 35
1 28 41
1 28 42
1 28 42
1 28 42
1 28 43
1 28 43
1 28 44
1 28 44
1 28 45
1 28 46
1 28 46
1 29 3
1 29 3
1 29 3
1 29 5
1 29 5
1 29 6
1 29 6
1 29 6
1 29 8
1 29 8
1 29 10
1 29 12
1 29 12
1 29 12
1 29 15
1 29 16
1 29 16
1 29 16
1 29 17
1 29 17
1 29 17
1 29 19
1 29 19
1 29 19
1 29 21
1 29 28
1 29 28
1 29 29
1 29 31
1 29 39
1 29 39
1 29 39
1 29 40
1 29 40
1 29 41
1 29 41
1 29 41
1 29 43
1 29 43
1 29 45
1 29 49
1 29 49
1 29 49
1 30 2
1 30 2
1 30 5
1 30 5
1 30 7
1 30 7
1 30 7
1 30 13
1 30 13
1 30 14
1 30 14
1 30 14
1 30 18
1 30 18
1 30 18
1 30 19
1 30 19
1 30 19
1 30 21
1 30 27
1 30 27
1 30 28
1 30 31
1 30 31
1 30 37
1 30 37
1 30 37
1 30 47
1 30 48
1 31 0
1 31 0
1 31 0
1 31 1
1 31 1
1 31 1
1 31 2
1 31 2
1 31 2
1 31 8
1 31 8
1 31 8
1 31 10
1 31 10
1 31 11
1 31 11
1 31 11
1 31 15
1 31 22
1 31 22
1 31 24
1 31 24
1 31 24
1 31 33
1 31 33
1 31 36
1 31 37
1 31 37
1 31 37
1 31 38
1 31 38
1 31 38
1 31 40
1 31 40
1 31 43
1 31 43
1 31 47
1 31 48
1 31 48
1 31 48
1 31 49
1 31 49
1 31 49
1 32 2
1 32 11
1 32 13
1 32 13
1 32 16
1 32 18
1 32 23
1 32 23
1 32 23
1 32 24
1 32 24
1 32 29
1 32 29
1 32 30
1 32 30
1 32 30
1 32 31
1 32 31
1 32 33
1 32 33
1 32 38
1 32 39
1 32 40
1 32 42
1 32 42
1 32 46
1 32 46
1 32 46
1 32 47
1 32 47
1 32 49
1 33 1
1 33 1
1 33 2
1 33 2
1 33 2
1 33 3
1 33 3
1 33 3
1 33 5
1 33 12
1 33 12
1 33 13
1 33 22
1 33 22
1 33 22
1 33 26
1 33 26
1 33 26
1 33 27
1 33 27
1 33 36
1 33 38
1 33 38
1 33 39
1 33 39
1 33 39
1 33 44
1 33 49
1 33 49
1 34 3
1 34 3
1 34 3
1 34 4
1 34 5
1 34 6
1 34 6
1 34 7
1 34 7
1 34 7
1 34 9
1 34 9
1 34 9
1 34 10
1 34 10
1 34 12
1 34 12
1 34 15
1 34 15
1 34 15
1 34 16
1 34 16
1 34 16
1 34 17
1 34 17
1 34 17
1 34 18
1 34 18
1 34 18
1 34 20
1 34 20
1 34 22
1 34 22
1 34 22
1 34 23
1 34 23
1 34 25
1 34 25
1 34 25
1 34 30
1 34 30
1 34 30
1 34 31
1 34 31
1 34 31
1 34 40
1 34 40
1 34 40
1 34 43
1 34 43
1 34 43
1 34 49
1 35 2
1 35 2
1 35 5
1 35 6
1 35 6
1 35 6
1 35 8
1 35 9
1 35 9
1 35 9
1 35 10
1 35 10
1 35 13
1 35 14
1 35 14
1 35 14
1 35 17
1 35 17
1 35 17
1 35 18
1 35 18
1 35 19
1 35 20
1 35 20
1 35 21
1 35 21
1 35 21
1 35 29
1 35 30
1 35 32
1 35 33
1 35 33
1 35 33
1 35 35
1 35 39
1 35 39
1 35 39
1 35 42
1 35 43
1 35 46
1 35 46
1 35 49
1 35 49
1 36 3
1 36 3
1 36 3
1 36 4
1 36 4
1 36 5
1 36 5
1 36 5
1 36 9
1 36 9
1 36 17
1 36 17
1 36 17
1 36 19
1 36 19
1 36 23
1 36 23
1 36 23
1 36 24
1 36 24
1 36 24
1 36 27
1 36 29
1 36 29
1 36 32
1 36 32
1 36 33
1 36 33
1 36 33
1 36 37
1 36 39
1 36 39
1 36 42
1 36 42
1 37 2
1 37 3
1 37 5
1 37 5
1 37 5
1 37 8
1 37 8
1 37 10
1 37 11
1 37 19
1 37 19
1 37 21
1 37 21
1 37 21
1 37 29
1 37 38
1 37 39
1 37 39
1 37 39
1 37 46
1 38 2
1 38 3
1 38 3
1 38 3
1 38 7
1 38 7
1 38 9
1 38 10
1 38 10
1 38 11
1 38 11
1 38 11
1 38 14
1 38 14
1 38 16
1 38 16
1 38 18
1 38 18
1 38 18
1 38 21
1 38 21
1 38 21
1 38 27
1 38 30
1 38 32
1 38 32
1 38 32
1 38 35
1 38 35
1 38 36
1 38 36
1 38 36
1 38 37
1 38 37
1 38 37
1 38 40
1 38 40
1 39 1
1 39 9
1 39 19
1 39 19
1 39 23
1 39 25
1 39 25
1 39 26
1 39 26
1 39 30
1 39 30
1 39 33
1 39 34
1 39 34
1 39 34
1 39 44
1 39 44
1 39 44
1 39 45
1 40 7
1 40 8
1 40 9
1 40 12
1 40 12
1 40 12
1 40 13
1 40 13
1 40 13
1 40 18
1 40 18
1 40 18
1 40 22
1 40 22
1 40 31
1 40 31
1 40 31
1 40 33
1 40 33
1 40 33
1 40 34
1 40 34
1 40 34
1 40 39
1 40 39
1 40 48
1 40 48
1 41 1
1 41 4
1 41 4
1 41 5
1 41 10
1 41 10
1 41 15
1 41 15
1 41 18
1 41 18
1 41 24
1 41 24
1 41 26
1 41 27
1 41 27
1 41 27
1 41 28
1 41 28
1 41 28
1 41 30
1 41 30
1 41 30
1 41 33
1 41 33
1 41 34
1 41 34
1 41 34
1 41 35
1 41 35
1 41 37
1 41 42
1 41 42
1 41 44
1 41 44
1 41 44
1 41 45
1 41 45
1 41 47
1 41 47
1 41 47
1 41 48
1 41 48
1 42 1
1 42 1
1 42 4
1 42 11
1 42 12
1 42 16
1 42 16
1 42 17
1 42 20
1 42 20
1 42 20
1 42 25
1 42 25
1 42 25
1 42 28
1 42 28
1 42 30
1 42 30
1 42 30
1 42 32
1 42 32
1 42 32
1 42 33
1 42 33
1 42 43
1 42 43
1 43 2
1 43 2
1 43 2
1 43 11
1 43 11
1 43 12
1 43 12
1 43 12
1 43 15
1 43 15
1 43 18
1 43 18
1 43 18
1 43 20
1 43 20
1 43 21
1 43 21
1 43 21
1 43 26
1 43 27
1 43 31
1 43 33
1 43 33
1 43 33
1 43 34
1 43 34
1 43 36
1 43 36
1 43 40
1 43 40
1 43 40
1 43 41
1 43 41
1 43 41
1 43 47
1 43 47
1 43 48
1 44 1
1 44 1
1 44 1
1 44 2
1 44 2
1 44 3
1 44 3
1 44 3
1 44 4
1 44 8
1 44 8
1 44 8
1 44 10
1 44 15
1 44 15
1 44 15
1 44 17
1 44 18
1 44 18
1 44 21
1 44 21
1 44 21
1 44 22
1 44 25
1 44 25
1 44 25
1 44 30
1 44 30
1 44 30
1 44 34
1 44 35
1 44 35
1 44 35
1 44 40
1 44 40
1 44 42
1 44 42
1 44 43
1 44 43
1 44 43
1 45 4
1 45 4
1 45 5
1 45 5
1 45 6
1 45 6
1 45 6
1 45 7
1 45 13
1 45 16
1 45 16
1 45 23
1 45 23
1 45 23
1 45 24
1 45 24
1 45 30
1 45 30
1 45 38
1 45 40
1 45 40
1 45 46
1 45 46
1 45 47
1 45 47
1 45 47
1 45 48
1 46 3
1 46 3
1 46 5
1 46 5
1 46 5
1 46 7
1 46 8
1 46 8
1 46 9
1 46 9
1 46 9
1 46 10
1 46 10
1 46 12
1 46 16
1 46 16
1 46 16
1 46 23
1 46 23
1 46 23
1 46 28
1 46 28
1 46 28
1 46 31
1 46 31
1 46 35
1 46 41
1 46 41
1 46 42
1 46 45
1 46 45
1 47 1
1 47 4
1 47 4
1 47 4
1 47 7
1 47 7
1 47 9
1 47 9
1 47 10
1 47 10
1 47 10
1 47 12
1 47 14
1 47 15
1 47 15
1 47 15
1 47 16
1 47 16
1 47 17
1 47 17
1 47 23
1 47 23
1 47 23
1 47 24
1 47 24
1 47 25
1 47 25
1 47 31
1 47 31
1 47 31
1 47 32
1 47 34
1 47 34
1 47 35
1 47 39
1 47 39
1 47 39
1 47 44
1 47 45
1 47 45
1 47 49
1 48 1
1 48 1
1 48 5
1 48 5
1 48 5
1 48 7
1 48 9
1 48 9
1 48 9
1 48 10
1 48 10
1 48 15
1 48 17
1 48 17
1 48 18
1 48 18
1 48 22
1 48 22
1 48 23
1 48 23
1 48 24
1 48 24
1 48 24
1 48 28
1 48 28
1 48 28
1 48 29
1 48 30
1 48 30
1 48 30
1 48 31
1 48 31
1 48 32
1 48 32
1 48 33
1 48 35
1 48 35
1 48 35
1 48 42
1 48 42
1 48 43
1 48 45
1 48 47
1 49 0
1 49 0
1 49 0
1 49 1
1 49 3
1 49 5
1 49 5
1 49 5
1 49 6
1 49 9
1 49 9
1 49 9
1 49 18
1 49 20
1 49 20
1 49 22
1 49 22
1 49 22
1 49 24
1 49 28
1 49 28
1 49 28
1 49 29
1 49 31
1 49 43
1 49 43
1 49 46
1 49 48
1 49 48
1 49 48
2 0 8
2 0 15
2 0 29
2 0 32
2 0 43
2 1 39
2 2 47
2 3 16
2 3 22
2 4 0
2 4 4
2 5 20
2 6 5
2 7 11
2 9 18
2 9 30
2 10 1
2 10 49
2 11 13
2 17 26
2 17 40
2 17 48
2 18 18
2 19 23
2 19 37
2 20 0
2 20 11
2 21 26
2 23 7
2 24 17
2 24 36
2 24 40
2 24 43
2 24 48
2 25 25
2 26 3
2 27 20
2 27 31
2 28 12
2 29 5
2 29 27
2 30 11
2 30 46
2 31 0
2 31 15
2 31 24
2 33 21
2 34 9
2 34 29
2 35 32
2 35 35
2 35 42
2 36 22
2 37 10
2 37 15
2 37 21
2 38 34
2 40 16
2 40 24
2 40 48
2 41 26
2 42 11
2 42 20
2 42 40
2 43 47
2 44 0
2 44 42
2 45 12
2 46 14
2 46 20
2 46 35
2 47 1
2 48 28
