1 0 1
1 0 1
1 0 1
1 0 2
1 0 2
1 0 2
1 0 4
1 0 8
1 0 8
1 0 8
1 0 12
1 0 12
1 0 12
1 0 13
1 0 13
1 0 13
1 0 16
1 0 16
1 0 19
1 0 19
1 0 19
1 0 20
1 0 21
1 0 26
1 0 29
1 0 29
1 0 30
1 0 30
1 0 32
1 0 34
1 0 35
1 0 36
1 0 36
1 0 36
1 0 37
1 0 37
1 0 37
1 0 38
1 0 41
1 0 41
1 0 44
1 0 47
1 0 47
1 0 47
1 0 48
1 0 49
1 1 4
1 1 4
1 1 8
1 1 8
1 1 9
1 1 11
1 1 18
1 1 19
1 1 19
1 1 19
1 1 22
1 1 22
1 1 22
1 1 26
1 1 39
1 1 39
1 1 39
1 1 40
1 1 40
1 1 40
1 1 41
1 1 41
1 1 42
1 1 42
1 1 45
1 1 46
1 1 46
1 1 47
1 1 47
1 1 47
1 2 3
1 2 3
1 2 4
1 2 4
1 2 4
1 2 7
1 2 7
1 2 7
1 2 9
1 2 10
1 2 10
1 2 10
1 2 11
1 2 14
1 2 14
1 2 14
1 2 22
1 2 22
1 2 22
1 2 23
1 2 25
1 2 25
1 2 28
1 2 28
1 2 28
1 2 30
1 2 31
1 2 35
1 2 35
1 2 35
1 2 38
1 2 38
1 2 40
1 2 42
1 2 47
1 2 47
1 2 47
1 2 49
1 3 0
1 3 5
1 3 5
1 3 5
1 3 8
1 3 8
1 3 13
1 3 13
1 3 16
1 3 16
1 3 16
1 3 17
1 3 18
1 3 20
1 3 20
1 3 20
1 3 22
1 3 25
1 3 25
1 3 30
1 3 30
1 3 35
1 3 35
1 3 35
1 3 39
1 3 39
1 3 39
1 3 40
1 3 40
1 3 41
1 3 41
1 3 41
1 3 44
1 3 44
1 3 44
1 3 45
1 3 45
1 3 45
1 3 47
1 3 48
1 3 48
1 3 48
1 3 49
1 3 49
1 4 5
1 4 5
1 4 5
1 4 13
1 4 16
1 4 16
1 4 19
1 4 19
1 4 23
1 4 23
1 4 23
1 4 26
1 4 26
1 4 27
1 4 27
1 4 30
1 4 30
1 4 32
1 4 32
1 4 32
1 4 36
1 4 36
1 4 41
1 4 41
1 4 41
1 4 44
1 4 44
1 4 45
1 4 45
1 4 45
1 4 47
1 4 47
1 4 48
1 4 48
1 4 48
1 4 49
1 4 49
1 5 2
1 5 2
1 5 2
1 5 3
1 5 3
1 5 8
1 5 8
1 5 13
1 5 15
1 5 18
1 5 18
1 5 18
1 5 23
1 5 23
1 5 23
1 5 26
1 5 26
1 5 28
1 5 28
1 5 28
1 5 29
1 5 29
1 5 40
1 5 41
1 5 41
1 5 42
1 5 45
1 5 45
1 5 48
1 5 48
1 5 48
1 6 1
1 6 1
1 6 1
1 6 2
1 6 3
1 6 3
1 6 3
1 6 4
1 6 4
1 6 7
1 6 7
1 6 8
1 6 8
1 6 8
1 6 10
1 6 14
1 6 14
1 6 14
1 6 17
1 6 17
1 6 17
1 6 18
1 6 18
1 6 18
1 6 20
1 6 22
1 6 23
1 6 23
1 6 27
1 6 27
1 6 28
1 6 34
1 6 41
1 6 43
1 6 43
1 6 43
1 6 45
1 6 48
1 6 48
1 6 48
1 7 0
1 7 0
1 7 7
1 7 7
1 7 7
1 7 9
1 7 10
1 7 10
1 7 12
1 7 12
1 7 16
1 7 18
1 7 18
1 7 20
1 7 20
1 7 20
1 7 23
1 7 23
1 7 24
1 7 24
1 7 24
1 7 30
1 7 32
1 7 32
1 7 32
1 7 33
1 7 33
1 7 34
1 7 34
1 7 40
1 7 46
1 7 46
1 7 47
1 7 47
1 8 2
1 8 2
1 8 2
1 8 4
1 8 4
1 8 4
1 8 5
1 8 10
1 8 10
1 8 11
1 8 15
1 8 15
1 8 15
1 8 16
1 8 17
1 8 17
1 8 17
1 8 18
1 8 18
1 8 18
1 8 21
1 8 21
1 8 21
1 8 23
1 8 23
1 8 28
1 8 28
1 8 28
1 8 29
1 8 29
1 8 30
1 8 30
1 8 35
1 8 35
1 8 35
1 8 38
1 8 38
1 8 38
1 8 39
1 8 39
1 8 39
1 8 41
1 8 41
1 8 43
1 8 46
1 8 49
1 9 0
1 9 5
1 9 5
1 9 8
1 9 9
1 9 12
1 9 15
1 9 20
1 9 20
1 9 20
1 9 21
1 9 21
1 9 22
1 9 24
1 9 24
1 9 28
1 9 30
1 9 30
1 9 30
1 9 46
1 9 46
1 10 0
1 10 9
1 10 9
1 10 12
1 10 12
1 10 14
1 10 14
1 10 15
1 10 15
1 10 15
1 10 24
1 10 25
1 10 27
1 10 27
1 10 31
1 10 31
1 10 31
1 10 34
1 10 35
1 10 35
1 10 35
1 10 38
1 10 38
1 10 39
1 10 39
1 10 39
1 10 44
1 10 45
1 10 45
1 10 45
1 10 46
1 10 49
1 10 49
1 10 49
1 11 3
1 11 9
1 11 9
1 11 11
1 11 11
1 11 11
1 11 16
1 11 16
1 11 16
1 11 17
1 11 18
1 11 18
1 11 18
1 11 20
1 11 20
1 11 22
1 11 22
1 11 22
1 11 23
1 11 24
1 11 24
1 11 29
1 11 31
1 11 31
1 11 33
1 11 34
1 11 34
1 11 35
1 11 36
1 11 36
1 11 36
1 11 40
1 11 40
1 11 42
1 11 42
1 11 42
1 11 45
1 11 45
1 11 45
1 11 47
1 12 0
1 12 0
1 12 1
1 12 1
1 12 5
1 12 7
1 12 7
1 12 8
1 12 8
1 12 8
1 12 14
1 12 14
1 12 14
1 12 24
1 12 24
1 12 24
1 12 25
1 12 25
1 12 25
1 12 26
1 12 26
1 12 26
1 12 30
1 12 30
1 12 30
1 12 31
1 12 31
1 12 31
1 12 36
1 12 36
1 12 37
1 12 37
1 12 38
1 12 38
1 12 38
1 12 43
1 12 43
1 12 43
1 12 44
1 12 44
1 12 45
1 12 47
1 13 0
1 13 0
1 13 0
1 13 2
1 13 2
1 13 2
1 13 4
1 13 4
1 13 4
1 13 8
1 13 8
1 13 8
1 13 10
1 13 10
1 13 13
1 13 13
1 13 15
1 13 16
1 13 16
1 13 16
1 13 17
1 13 17
1 13 22
1 13 22
1 13 25
1 13 25
1 13 26
1 13 27
1 13 28
1 13 28
1 13 28
1 13 31
1 13 33
1 13 38
1 13 38
1 13 39
1 13 39
1 13 44
1 13 45
1 13 47
1 13 48
1 13 49
1 14 2
1 14 6
1 14 8
1 14 8
1 14 8
1 14 9
1 14 9
1 14 10
1 14 11
1 14 12
1 14 12
1 14 16
1 14 16
1 14 16
1 14 17
1 14 17
1 14 17
1 14 18
1 14 18
1 14 24
1 14 24
1 14 24
1 14 29
1 14 30
1 14 30
1 14 34
1 14 34
1 14 37
1 14 37
1 14 37
1 14 38
1 14 38
1 14 38
1 14 41
1 14 41
1 14 43
1 14 43
1 14 43
1 14 45
1 14 46
1 14 47
1 14 48
1 14 48
1 14 49
1 14 49
1 15 0
1 15 0
1 15 0
1 15 4
1 15 4
1 15 4
1 15 6
1 15 6
1 15 6
1 15 7
1 15 18
1 15 18
1 15 19
1 15 22
1 15 22
1 15 22
1 15 26
1 15 26
1 15 26
1 15 27
1 15 27
1 15 27
1 15 30
1 15 39
1 15 39
1 15 44
1 15 44
1 15 44
1 15 48
1 16 0
1 16 0
1 16 1
1 16 1
1 16 4
1 16 4
1 16 9
1 16 10
1 16 11
1 16 11
1 16 15
1 16 15
1 16 15
1 16 16
1 16 16
1 16 19
1 16 19
1 16 19
1 16 22
1 16 31
1 16 31
1 16 33
1 16 35
1 16 35
1 16 35
1 16 40
1 16 40
1 16 43
1 16 45
1 16 45
1 16 48
1 16 48
1 17 0
1 17 0
1 17 0
1 17 1
1 17 3
1 17 3
1 17 4
1 17 4
1 17 8
1 17 8
1 17 10
1 17 10
1 17 10
1 17 18
1 17 19
1 17 19
1 17 22
1 17 22
1 17 23
1 17 23
1 17 23
1 17 28
1 17 28
1 17 31
1 17 31
1 17 33
1 17 33
1 17 34
1 17 34
1 17 36
1 17 38
1 17 40
1 17 40
1 17 45
1 17 45
1 17 47
1 17 47
1 18 0
1 18 3
1 18 3
1 18 3
1 18 7
1 18 9
1 18 9
1 18 9
1 18 13
1 18 13
1 18 16
1 18 19
1 18 19
1 18 19
1 18 21
1 18 21
1 18 21
1 18 28
1 18 28
1 18 31
1 18 31
1 18 31
1 18 33
1 18 33
1 18 33
1 18 34
1 18 34
1 18 42
1 18 42
1 18 44
1 18 45
1 18 45
1 18 46
1 18 47
1 19 2
1 19 2
1 19 2
1 19 3
1 19 3
1 19 3
1 19 6
1 19 6
1 19 11
1 19 11
1 19 18
1 19 18
1 19 23
1 19 23
1 19 29
1 19 29
1 19 29
1 19 35
1 19 43
1 19 46
1 19 48
1 19 49
1 20 0
1 20 0
1 20 0
1 20 1
1 20 1
1 20 1
1 20 3
1 20 3
1 20 3
1 20 4
1 20 8
1 20 8
1 20 10
1 20 15
1 20 15
1 20 15
1 20 16
1 20 16
1 20 18
1 20 22
1 20 23
1 20 23
1 20 24
1 20 28
1 20 28
1 20 29
1 20 29
1 20 29
1 20 32
1 20 32
1 20 39
1 20 39
1 20 39
1 20 47
1 20 47
1 20 47
1 20 48
1 20 48
1 20 48
1 21 2
1 21 2
1 21 2
1 21 11
1 21 11
1 21 16
1 21 16
1 21 17
1 21 17
1 21 17
1 21 18
1 21 18
1 21 19
1 21 19
1 21 25
1 21 27
1 21 27
1 21 28
1 21 29
1 21 29
1 21 29
1 21 31
1 21 40
1 21 42
1 21 42
1 21 42
1 21 46
1 21 46
1 21 46
1 22 5
1 22 5
1 22 5
1 22 9
1 22 9
1 22 11
1 22 11
1 22 11
1 22 14
1 22 14
1 22 15
1 22 15
1 22 15
1 22 20
1 22 20
1 22 20
1 22 23
1 22 27
1 22 27
1 22 27
1 22 28
1 22 32
1 22 32
1 22 34
1 22 35
1 22 35
1 22 36
1 22 36
1 22 36
1 22 37
1 22 38
1 22 38
1 22 38
1 22 41
1 22 41
1 22 42
1 22 42
1 22 48
1 22 49
1 22 49
1 23 1
1 23 1
1 23 1
1 23 7
1 23 7
1 23 8
1 23 8
1 23 8
1 23 9
1 23 11
1 23 11
1 23 11
1 23 13
1 23 13
1 23 14
1 23 20
1 23 21
1 23 24
1 23 24
1 23 31
1 23 31
1 23 32
1 23 32
1 23 32
1 23 35
1 23 35
1 23 35
1 23 38
1 23 39
1 23 39
1 23 39
1 23 43
1 23 43
1 23 44
1 23 44
1 23 45
1 23 48
1 23 48
1 23 48
1 24 0
1 24 0
1 24 1
1 24 1
1 24 3
1 24 3
1 24 4
1 24 4
1 24 8
1 24 8
1 24 8
1 24 9
1 24 15
1 24 15
1 24 17
1 24 21
1 24 21
1 24 21
1 24 30
1 24 33
1 24 33
1 24 33
1 24 35
1 24 35
1 24 35
1 24 38
1 24 38
1 24 38
1 24 40
1 24 40
1 24 47
1 24 47
1 25 0
1 25 3
1 25 3
1 25 3
1 25 7
1 25 7
1 25 8
1 25 8
1 25 11
1 25 13
1 25 13
1 25 15
1 25 15
1 25 16
1 25 18
1 25 18
1 25 18
1 25 21
1 25 23
1 25 23
1 25 27
1 25 27
1 25 27
1 25 31
1 25 35
1 25 35
1 25 35
1 25 39
1 25 40
1 26 1
1 26 1
1 26 2
1 26 2
1 26 5
1 26 5
1 26 9
1 26 9
1 26 9
1 26 10
1 26 11
1 26 11
1 26 11
1 26 12
1 26 12
1 26 12
1 26 13
1 26 13
1 26 13
1 26 24
1 26 27
1 26 29
1 26 29
1 26 30
1 26 30
1 26 30
1 26 38
1 26 39
1 26 44
1 26 45
1 27 3
1 27 3
1 27 4
1 27 4
1 27 4
1 27 12
1 27 12
1 27 12
1 27 15
1 27 15
1 27 15
1 27 18
1 27 18
1 27 18
1 27 21
1 27 21
1 27 23
1 27 25
1 27 25
1 27 29
1 27 29
1 27 29
1 27 30
1 27 30
1 27 30
1 27 36
1 27 36
1 27 41
1 27 41
1 27 41
1 27 44
1 27 45
1 27 45
1 27 45
1 27 48
1 27 48
1 27 49
1 27 49
1 28 1
1 28 6
1 28 6
1 28 7
1 28 8
1 28 8
1 28 8
1 28 9
1 28 15
1 28 15
1 28 15
1 28 22
1 28 22
1 28 22
1 28 23
1 28 23
1 28 23
1 28 33
1 28 33
1 28 36
1 28 37
1 28 37
1 28 40
1 28 41
1 28 41
1 28 41
1 28 42
1 28 43
1 28 43
1 28 43
1 29 1
1 29 1
1 29 2
1 29 2
1 29 2
1 29 4
1 29 4
1 29 4
1 29 6
1 29 6
1 29 6
1 29 10
1 29 12
1 29 16
1 29 17
1 29 22
1 29 22
1 29 23
1 29 23
1 29 23
1 29 30
1 29 30
1 29 30
1 29 34
1 29 34
1 29 34
1 29 40
1 29 40
1 29 40
1 29 43
1 29 44
1 29 44
1 29 48
1 29 48
1 29 49
1 29 49
1 29 49
1 30 2
1 30 4
1 30 6
1 30 7
1 30 7
1 30 8
1 30 10
1 30 10
1 30 11
1 30 13
1 30 13
1 30 17
1 30 17
1 30 18
1 30 18
1 30 24
1 30 24
1 30 24
1 30 26
1 30 26
1 30 26
1 30 27
1 30 27
1 30 27
1 30 28
1 30 32
1 30 32
1 30 35
1 30 35
1 30 35
1 30 37
1 30 42
1 30 42
1 30 43
1 30 48
1 30 48
1 31 1
1 31 12
1 31 12
1 31 12
1 31 14
1 31 16
1 31 16
1 31 16
1 31 17
1 31 17
1 31 20
1 31 20
1 31 22
1 31 22
1 31 24
1 31 24
1 31 26
1 31 28
1 31 30
1 31 30
1 31 31
1 31 32
1 31 33
1 31 33
1 31 33
1 31 34
1 31 36
1 31 36
1 31 36
1 31 37
1 31 37
1 31 43
1 31 44
1 31 46
1 31 46
1 31 46
1 31 48
1 31 48
1 31 48
1 32 3
1 32 3
1 32 3
1 32 4
1 32 8
1 32 9
1 32 13
1 32 13
1 32 13
1 32 16
1 32 16
1 32 18
1 32 26
1 32 26
1 32 27
1 32 27
1 32 28
1 32 28
1 32 29
1 32 29
1 32 30
1 32 30
1 32 30
1 32 32
1 32 32
1 32 33
1 32 33
1 32 35
1 32 35
1 32 37
1 32 37
1 32 37
1 32 41
1 32 41
1 32 41
1 32 44
1 32 45
1 32 49
1 32 49
1 33 14
1 33 14
1 33 14
1 33 15
1 33 15
1 33 15
1 33 19
1 33 19
1 33 19
1 33 22
1 33 23
1 33 23
1 33 24
1 33 24
1 33 31
1 33 31
1 33 33
1 33 33
1 33 33
1 33 34
1 33 34
1 33 35
1 33 38
1 33 39
1 33 39
1 33 40
1 33 40
1 33 42
1 33 42
1 33 43
1 33 43
1 33 43
1 33 45
1 33 45
1 33 48
1 33 48
1 34 0
1 34 0
1 34 0
1 34 5
1 34 5
1 34 6
1 34 6
1 34 13
1 34 13
1 34 13
1 34 15
1 34 15
1 34 17
1 34 17
1 34 24
1 34 24
1 34 24
1 34 26
1 34 26
1 34 29
1 34 29
1 34 29
1 34 30
1 34 30
1 34 38
1 34 43
1 34 43
1 35 8
1 35 11
1 35 12
1 35 14
1 35 14
1 35 14
1 35 15
1 35 15
1 35 16
1 35 16
1 35 16
1 35 18
1 35 18
1 35 21
1 35 22
1 35 24
1 35 25
1 35 25
1 35 25
1 35 28
1 35 28
1 35 30
1 35 30
1 35 35
1 35 35
1 35 37
1 35 37
1 35 37
1 35 39
1 35 41
1 35 43
1 35 43
1 35 43
1 35 44
1 35 46
1 35 46
1 35 48
1 35 49
1 36 7
1 36 7
1 36 7
1 36 22
1 36 22
1 36 22
1 36 24
1 36 24
1 36 24
1 36 25
1 36 28
1 36 28
1 36 30
1 36 30
1 36 32
1 36 32
1 36 34
1 36 34
1 36 34
1 36 36
1 36 41
1 36 41
1 36 46
1 36 48
1 37 0
1 37 0
1 37 4
1 37 4
1 37 4
1 37 8
1 37 8
1 37 8
1 37 9
1 37 17
1 37 17
1 37 18
1 37 19
1 37 19
1 37 22
1 37 24
1 37 26
1 37 27
1 37 28
1 37 28
1 37 28
1 37 37
1 37 38
1 37 38
1 37 39
1 37 39
1 37 39
1 37 44
1 37 44
1 37 45
1 37 45
1 37 46
1 37 46
1 37 46
1 37 48
1 38 0
1 38 3
1 38 3
1 38 3
1 38 5
1 38 8
1 38 8
1 38 9
1 38 9
1 38 9
1 38 11
1 38 13
1 38 23
1 38 26
1 38 27
1 38 27
1 38 27
1 38 29
1 38 29
1 38 31
1 38 31
1 38 31
1 38 35
1 38 35
1 38 35
1 38 43
1 38 46
1 38 46
1 38 47
1 38 49
1 38 49
1 38 49
1 39 2
1 39 2
1 39 2
1 39 5
1 39 5
1 39 5
1 39 10
1 39 13
1 39 13
1 39 13
1 39 14
1 39 15
1 39 15
1 39 19
1 39 19
1 39 19
1 39 21
1 39 21
1 39 21
1 39 25
1 39 26
1 39 30
1 39 30
1 39 38
1 39 38
1 39 38
1 39 41
1 39 43
1 39 43
1 39 46
1 39 46
1 39 46
1 39 47
1 39 47
1 40 2
1 40 2
1 40 3
1 40 4
1 40 8
1 40 9
1 40 9
1 40 11
1 40 11
1 40 16
1 40 16
1 40 18
1 40 18
1 40 19
1 40 23
1 40 23
1 40 23
1 40 27
1 40 27
1 40 27
1 40 28
1 40 30
1 40 30
1 40 31
1 40 31
1 40 33
1 40 33
1 40 35
1 40 35
1 40 36
1 40 36
1 40 38
1 40 38
1 40 38
1 40 43
1 40 43
1 40 44
1 40 44
1 40 46
1 40 46
1 40 46
1 40 49
1 40 49
1 41 2
1 41 2
1 41 4
1 41 4
1 41 4
1 41 5
1 41 7
1 41 7
1 41 8
1 41 8
1 41 8
1 41 9
1 41 9
1 41 14
1 41 16
1 41 17
1 41 17
1 41 17
1 41 20
1 41 23
1 41 23
1 41 23
1 41 26
1 41 26
1 41 26
1 41 29
1 41 33
1 41 35
1 41 35
1 41 38
1 41 38
1 41 40
1 41 40
1 41 40
1 41 46
1 42 0
1 42 0
1 42 0
1 42 1
1 42 1
1 42 1
1 42 4
1 42 5
1 42 8
1 42 9
1 42 9
1 42 9
1 42 10
1 42 11
1 42 11
1 42 11
1 42 19
1 42 20
1 42 20
1 42 21
1 42 21
1 42 22
1 42 22
1 42 23
1 42 23
1 42 28
1 42 29
1 42 29
1 42 30
1 42 30
1 42 30
1 42 32
1 42 35
1 42 36
1 42 37
1 42 39
1 42 39
1 42 40
1 42 40
1 42 48
1 42 48
1 43 8
1 43 8
1 43 14
1 43 14
1 43 14
1 43 15
1 43 15
1 43 16
1 43 16
1 43 20
1 43 20
1 43 22
1 43 22
1 43 26
1 43 27
1 43 27
1 43 30
1 43 30
1 43 30
1 43 31
1 43 31
1 43 31
1 43 35
1 43 35
1 43 37
1 43 38
1 43 38
1 43 39
1 43 39
1 43 47
1 43 47
1 44 1
1 44 1
1 44 1
1 44 2
1 44 4
1 44 4
1 44 4
1 44 9
1 44 10
1 44 11
1 44 11
1 44 11
1 44 23
1 44 23
1 44 23
1 44 25
1 44 27
1 44 27
1 44 30
1 44 30
1 44 31
1 44 31
1 44 32
1 44 32
1 44 33
1 44 36
1 44 36
1 44 39
1 44 39
1 44 39
1 44 40
1 44 42
1 44 43
1 44 43
1 44 43
1 44 45
1 44 46
1 44 46
1 44 47
1 44 47
1 44 47
1 44 48
1 45 1
1 45 1
1 45 3
1 45 5
1 45 5
1 45 8
1 45 8
1 45 8
1 45 12
1 45 15
1 45 15
1 45 16
1 45 25
1 45 29
1 45 29
1 45 29
1 45 30
1 45 30
1 45 35
1 45 37
1 45 40
1 45 41
1 45 41
1 45 44
1 45 44
1 45 45
1 45 45
1 45 46
1 45 46
1 45 46
1 46 2
1 46 3
1 46 3
1 46 3
1 46 8
1 46 8
1 46 8
1 46 14
1 46 14
1 46 15
1 46 15
1 46 18
1 46 19
1 46 21
1 46 21
1 46 21
1 46 24
1 46 25
1 46 25
1 46 26
1 46 26
1 46 37
1 46 43
1 46 43
1 46 43
1 46 45
1 46 45
1 46 46
1 46 46
1 46 47
1 46 47
1 46 48
1 46 48
1 47 3
1 47 3
1 47 3
1 47 6
1 47 6
1 47 6
1 47 7
1 47 7
1 47 12
1 47 12
1 47 12
1 47 14
1 47 14
1 47 20
1 47 20
1 47 20
1 47 22
1 47 26
1 47 28
1 47 28
1 47 30
1 47 32
1 47 32
1 47 32
1 47 33
1 47 33
1 47 34
1 47 34
1 47 34
1 47 37
1 47 37
1 47 37
1 47 38
1 47 38
1 47 38
1 47 39
1 47 41
1 47 41
1 47 41
1 47 42
1 47 42
1 47 42
1 47 44
1 47 44
1 47 46
1 47 46
1 47 46
1 47 48
1 47 48
1 47 48
1 48 1
1 48 1
1 48 1
1 48 8
1 48 19
1 48 19
1 48 20
1 48 20
1 48 23
1 48 23
1 48 25
1 48 29
1 48 29
1 48 29
1 48 31
1 48 32
1 48 33
1 48 33
1 48 35
1 48 35
1 48 35
1 48 36
1 48 36
1 48 37
1 48 38
1 48 39
1 48 39
1 48 39
1 48 42
1 48 49
1 48 49
1 48 49
1 49 1
1 49 1
1 49 3
1 49 3
1 49 3
1 49 5
1 49 5
1 49 6
1 49 6
1 49 6
1 49 11
1 49 11
1 49 11
1 49 12
1 49 12
1 49 17
1 49 17
1 49 17
1 49 18
1 49 19
1 49 19
1 49 23
1 49 23
1 49 23
1 49 26
1 49 27
1 49 27
1 49 32
1 49 40
1 49 44
1 49 44
2 0 4
2 0 8
2 0 19
2 0 26
2 0 34
2 0 44
2 1 22
2 1 39
2 2 30
2 4 26
2 5 1
2 5 7
2 5 28
2 5 34
2 6 10
2 6 16
2 6 20
2 8 35
2 9 8
2 10 31
2 12 4
2 12 7
2 15 21
2 19 23
2 19 48
2 20 15
2 20 28
2 21 42
2 22 20
2 22 23
2 22 32
2 22 48
2 23 0
2 23 6
2 25 10
2 25 27
2 25 39
2 25 43
2 26 4
2 26 47
2 27 14
2 27 18
2 28 1
2 28 6
2 29 4
2 29 48
2 30 32
2 31 10
2 33 38
2 33 42
2 34 3
2 34 29
2 34 42
2 35 18
2 35 48
2 36 45
2 37 4
2 37 8
2 38 13
2 39 2
2 40 35
2 41 14
2 41 20
2 41 29
2 43 42
2 44 25
2 45 15
2 45 20
2 45 37
2 47 30
2 48 0
