1 0 1
1 0 1
1 0 1
1 0 8
1 0 8
1 0 8
1 0 9
1 0 10
1 0 12
1 0 12
1 0 12
1 0 16
1 0 17
1 0 17
1 0 20
1 0 20
1 0 20
1 0 25
1 0 28
1 0 28
1 0 28
1 0 36
1 0 36
1 0 39
1 0 39
1 0 40
1 0 41
1 0 45
1 0 46
1 0 47
1 0 47
1 0 49
1 0 49
1 0 49
1 1 3
1 1 12
1 1 12
1 1 16
1 1 16
1 1 16
1 1 17
1 1 17
1 1 17
1 1 18
1 1 21
1 1 21
1 1 21
1 1 25
1 1 25
1 1 29
1 1 29
1 1 31
1 1 37
1 1 37
1 1 37
1 1 42
1 1 42
1 1 42
1 1 43
1 1 43
1 1 44
1 1 44
1 1 44
1 1 49
1 2 2
1 2 2
1 2 5
1 2 5
1 2 6
1 2 6
1 2 6
1 2 10
1 2 10
1 2 20
1 2 23
1 2 23
1 2 23
1 2 24
1 2 24
1 2 32
1 2 33
1 2 33
1 2 34
1 2 39
1 2 41
1 2 41
1 2 42
1 2 45
1 3 2
1 3 2
1 3 6
1 3 6
1 3 10
1 3 10
1 3 12
1 3 12
1 3 20
1 3 20
1 3 22
1 3 29
1 3 29
1 3 30
1 3 32
1 3 36
1 3 36
1 3 43
1 3 43
1 3 43
1 3 44
1 3 44
1 3 45
1 3 46
1 3 46
1 3 46
1 3 47
1 3 47
1 3 47
1 3 48
1 4 0
1 4 0
1 4 0
1 4 1
1 4 1
1 4 3
1 4 3
1 4 6
1 4 6
1 4 6
1 4 8
1 4 10
1 4 10
1 4 11
1 4 12
1 4 12
1 4 15
1 4 19
1 4 21
1 4 21
1 4 21
1 4 24
1 4 24
1 4 27
1 4 27
1 4 27
1 4 30
1 4 30
1 4 31
1 4 32
1 4 32
1 4 35
1 4 35
1 4 35
1 4 36
1 4 38
1 4 46
1 4 46
1 5 3
1 5 3
1 5 6
1 5 6
1 5 6
1 5 16
1 5 19
1 5 19
1 5 19
1 5 28
1 5 28
1 5 30
1 5 30
1 5 31
1 5 31
1 5 31
1 5 48
1 5 48
1 5 48
1 6 1
1 6 1
1 6 3
1 6 3
1 6 3
1 6 14
1 6 17
1 6 17
1 6 18
1 6 18
1 6 18
1 6 21
1 6 21
1 6 21
1 6 24
1 6 32
1 6 32
1 6 33
1 6 33
1 6 33
1 6 35
1 6 35
1 6 35
1 6 36
1 6 36
1 6 36
1 6 37
1 6 37
1 6 41
1 6 41
1 6 41
1 6 43
1 6 43
1 6 44
1 6 44
1 6 44
1 6 46
1 6 46
1 6 46
1 6 47
1 6 48
1 7 6
1 7 6
1 7 8
1 7 12
1 7 14
1 7 14
1 7 19
1 7 23
1 7 26
1 7 27
1 7 31
1 7 38
1 7 38
1 7 38
1 7 44
1 7 44
1 7 49
1 7 49
1 8 3
1 8 7
1 8 10
1 8 10
1 8 14
1 8 14
1 8 16
1 8 16
1 8 17
1 8 18
1 8 18
1 8 18
1 8 28
1 8 28
1 8 29
1 8 29
1 8 29
1 8 30
1 8 30
1 8 36
1 8 39
1 8 39
1 8 39
1 8 40
1 8 40
1 8 41
1 8 41
1 8 41
1 8 49
1 9 5
1 9 13
1 9 13
1 9 14
1 9 18
1 9 18
1 9 20
1 9 39
1 9 39
1 9 39
1 9 48
1 9 48
1 9 48
1 10 0
1 10 3
1 10 4
1 10 4
1 10 5
1 10 5
1 10 14
1 10 20
1 10 22
1 10 25
1 10 26
1 10 27
1 10 27
1 10 28
1 10 30
1 10 30
1 10 32
1 10 32
1 10 39
1 10 39
1 10 40
1 10 40
1 10 40
1 10 43
1 10 43
1 10 43
1 11 1
1 11 1
1 11 3
1 11 5
1 11 5
1 11 5
1 11 7
1 11 7
1 11 7
1 11 12
1 11 15
1 11 15
1 11 25
1 11 25
1 11 25
1 11 26
1 11 26
1 11 27
1 11 27
1 11 27
1 11 30
1 11 31
1 11 31
1 11 31
1 11 32
1 11 32
1 11 32
1 11 37
1 11 40
1 11 40
1 11 47
1 11 47
1 11 48
1 11 48
1 12 2
1 12 3
1 12 3
1 12 4
1 12 7
1 12 8
1 12 8
1 12 8
1 12 9
1 12 9
1 12 9
1 12 10
1 12 11
1 12 11
1 12 11
1 12 14
1 12 14
1 12 14
1 12 18
1 12 22
1 12 25
1 12 29
1 12 29
1 12 30
1 12 31
1 12 31
1 12 31
1 12 33
1 12 34
1 12 42
1 12 45
1 12 47
1 12 48
1 12 48
1 13 0
1 13 0
1 13 0
1 13 2
1 13 6
1 13 6
1 13 6
1 13 7
1 13 8
1 13 8
1 13 8
1 13 11
1 13 11
1 13 11
1 13 18
1 13 18
1 13 18
1 13 20
1 13 20
1 13 20
1 13 23
1 13 23
1 13 23
1 13 24
1 13 24
1 13 24
1 13 26
1 13 26
1 13 26
1 13 27
1 13 30
1 13 30
1 13 30
1 13 32
1 13 32
1 13 32
1 13 34
1 13 35
1 13 37
1 13 37
1 13 37
1 13 43
1 13 44
1 13 46
1 13 46
1 13 47
1 13 47
1 13 47
1 13 49
1 13 49
1 13 49
1 14 0
1 14 0
1 14 0
1 14 2
1 14 2
1 14 2
1 14 3
1 14 3
1 14 5
1 14 8
1 14 8
1 14 8
1 14 14
1 14 17
1 14 17
1 14 18
1 14 18
1 14 18
1 14 20
1 14 20
1 14 21
1 14 21
1 14 22
1 14 24
1 14 30
1 14 30
1 14 31
1 14 31
1 14 39
1 14 39
1 14 39
1 14 41
1 14 45
1 14 45
1 14 45
1 15 6
1 15 6
1 15 6
1 15 11
1 15 11
1 15 14
1 15 15
1 15 20
1 15 28
1 15 28
1 15 33
1 15 37
1 15 43
1 15 43
1 15 43
1 15 44
1 15 44
1 15 44
1 15 46
1 15 48
1 15 48
1 15 49
1 15 49
1 16 8
1 16 8
1 16 8
1 16 10
1 16 10
1 16 11
1 16 15
1 16 15
1 16 15
1 16 19
1 16 19
1 16 21
1 16 23
1 16 27
1 16 27
1 16 30
1 16 30
1 16 30
1 16 35
1 16 36
1 16 37
1 16 37
1 16 38
1 16 38
1 16 39
1 16 39
1 16 42
1 16 42
1 16 42
1 16 44
1 16 44
1 16 45
1 16 47
1 16 47
1 16 47
1 16 48
1 17 0
1 17 0
1 17 0
1 17 8
1 17 9
1 17 9
1 17 10
1 17 10
1 17 10
1 17 13
1 17 13
1 17 13
1 17 16
1 17 16
1 17 18
1 17 20
1 17 23
1 17 23
1 17 23
1 17 24
1 17 24
1 17 24
1 17 30
1 17 30
1 17 30
1 17 31
1 17 36
1 17 36
1 17 36
1 17 37
1 17 37
1 17 38
1 17 38
1 17 38
1 17 41
1 17 43
1 17 43
1 17 45
1 17 46
1 17 46
1 17 47
1 18 0
1 18 1
1 18 2
1 18 2
1 18 3
1 18 5
1 18 5
1 18 5
1 18 7
1 18 9
1 18 9
1 18 9
1 18 15
1 18 15
1 18 24
1 18 31
1 18 38
1 18 38
1 18 39
1 18 39
1 18 39
1 18 42
1 18 42
1 18 42
1 18 44
1 18 44
1 18 46
1 18 46
1 18 46
1 18 47
1 18 49
1 18 49
1 18 49
1 19 2
1 19 2
1 19 5
1 19 9
1 19 9
1 19 11
1 19 14
1 19 14
1 19 14
1 19 16
1 19 16
1 19 17
1 19 17
1 19 18
1 19 19
1 19 19
1 19 19
1 19 22
1 19 23
1 19 23
1 19 26
1 19 26
1 19 26
1 19 28
1 19 28
1 19 28
1 19 29
1 19 29
1 19 32
1 19 32
1 19 32
1 19 36
1 19 36
1 19 41
1 19 45
1 19 45
1 20 1
1 20 1
1 20 4
1 20 4
1 20 10
1 20 10
1 20 10
1 20 13
1 20 13
1 20 13
1 20 18
1 20 18
1 20 23
1 20 23
1 20 23
1 20 28
1 20 28
1 20 28
1 20 29
1 20 29
1 20 29
1 20 31
1 20 31
1 20 31
1 20 39
1 20 39
1 20 39
1 20 43
1 20 43
1 20 45
1 20 45
1 20 46
1 20 46
1 20 46
1 20 49
1 20 49
1 20 49
1 21 2
1 21 5
1 21 5
1 21 5
1 21 10
1 21 12
1 21 12
1 21 16
1 21 16
1 21 19
1 21 23
1 21 25
1 21 26
1 21 27
1 21 27
1 21 36
1 21 36
1 21 36
1 21 38
1 21 38
1 21 41
1 21 41
1 21 41
1 21 42
1 21 42
1 21 46
1 21 46
1 21 48
1 21 49
1 22 0
1 22 0
1 22 0
1 22 3
1 22 3
1 22 4
1 22 4
1 22 4
1 22 6
1 22 6
1 22 8
1 22 9
1 22 9
1 22 11
1 22 11
1 22 16
1 22 17
1 22 17
1 22 17
1 22 19
1 22 20
1 22 22
1 22 27
1 22 27
1 22 27
1 22 28
1 22 28
1 22 30
1 22 30
1 22 30
1 22 31
1 22 35
1 22 35
1 22 43
1 22 45
1 22 48
1 23 2
1 23 6
1 23 6
1 23 12
1 23 13
1 23 13
1 23 23
1 23 28
1 23 29
1 23 29
1 23 29
1 23 32
1 23 34
1 23 35
1 23 35
1 23 38
1 23 38
1 23 38
1 23 39
1 23 42
1 23 42
1 23 42
1 23 43
1 23 43
1 23 44
1 23 47
1 23 47
1 23 47
1 23 49
1 23 49
1 24 2
1 24 2
1 24 2
1 24 5
1 24 5
1 24 7
1 24 7
1 24 9
1 24 9
1 24 10
1 24 10
1 24 10
1 24 11
1 24 11
1 24 16
1 24 18
1 24 19
1 24 19
1 24 20
1 24 20
1 24 23
1 24 23
1 24 25
1 24 25
1 24 25
1 24 26
1 24 26
1 24 26
1 24 33
1 24 33
1 24 39
1 24 39
1 24 39
1 24 41
1 24 41
1 24 41
1 24 45
1 24 48
1 24 48
1 25 0
1 25 2
1 25 2
1 25 2
1 25 4
1 25 4
1 25 4
1 25 7
1 25 7
1 25 9
1 25 10
1 25 10
1 25 10
1 25 17
1 25 17
1 25 17
1 25 22
1 25 23
1 25 26
1 25 26
1 25 28
1 25 28
1 25 29
1 25 29
1 25 33
1 25 33
1 25 35
1 25 37
1 25 41
1 25 41
1 25 41
1 25 42
1 25 42
1 25 42
1 25 44
1 25 47
1 25 47
1 25 47
1 26 0
1 26 0
1 26 0
1 26 4
1 26 5
1 26 5
1 26 8
1 26 8
1 26 12
1 26 12
1 26 12
1 26 14
1 26 14
1 26 17
1 26 17
1 26 17
1 26 19
1 26 19
1 26 19
1 26 20
1 26 20
1 26 26
1 26 26
1 26 26
1 26 35
1 26 36
1 26 36
1 26 38
1 26 38
1 26 40
1 26 42
1 26 43
1 26 43
1 26 43
1 26 44
1 26 45
1 26 47
1 26 48
1 26 48
1 26 49
1 26 49
1 27 3
1 27 3
1 27 4
1 27 4
1 27 4
1 27 5
1 27 5
1 27 5
1 27 6
1 27 6
1 27 16
1 27 16
1 27 16
1 27 17
1 27 17
1 27 18
1 27 18
1 27 18
1 27 20
1 27 23
1 27 23
1 27 23
1 27 25
1 27 26
1 27 31
1 27 31
1 27 31
1 27 37
1 27 37
1 27 37
1 27 40
1 27 40
1 27 40
1 27 41
1 27 46
1 27 48
1 27 49
1 27 49
1 28 2
1 28 7
1 28 7
1 28 7
1 28 10
1 28 10
1 28 13
1 28 13
1 28 13
1 28 14
1 28 14
1 28 15
1 28 22
1 28 27
1 28 33
1 28 38
1 28 38
1 28 40
1 28 43
1 28 44
1 28 44
1 28 46
1 28 46
1 28 48
1 28 48
1 28 49
1 29 2
1 29 5
1 29 5
1 29 5
1 29 9
1 29 9
1 29 9
1 29 13
1 29 13
1 29 14
1 29 14
1 29 14
1 29 15
1 29 15
1 29 15
1 29 17
1 29 18
1 29 22
1 29 22
1 29 22
1 29 26
1 29 28
1 29 31
1 29 32
1 29 32
1 29 32
1 29 44
1 29 47
1 29 47
1 29 49
1 30 0
1 30 0
1 30 4
1 30 5
1 30 5
1 30 9
1 30 11
1 30 13
1 30 13
1 30 20
1 30 20
1 30 20
1 30 21
1 30 21
1 30 22
1 30 23
1 30 23
1 30 23
1 30 25
1 30 25
1 30 27
1 30 27
1 30 28
1 30 32
1 30 35
1 30 37
1 30 37
1 30 37
1 30 39
1 30 44
1 30 44
1 30 48
1 30 48
1 30 48
1 31 0
1 31 0
1 31 0
1 31 1
1 31 1
1 31 1
1 31 3
1 31 3
1 31 5
1 31 7
1 31 7
1 31 11
1 31 11
1 31 14
1 31 16
1 31 16
1 31 20
1 31 20
1 31 21
1 31 22
1 31 22
1 31 30
1 31 33
1 31 33
1 31 36
1 31 36
1 31 36
1 31 39
1 31 39
1 31 41
1 31 47
1 31 47
1 31 48
1 31 48
1 32 0
1 32 0
1 32 0
1 32 1
1 32 2
1 32 2
1 32 2
1 32 7
1 32 7
1 32 7
1 32 10
1 32 10
1 32 12
1 32 12
1 32 12
1 32 13
1 32 13
1 32 13
1 32 14
1 32 14
1 32 14
1 32 16
1 32 16
1 32 17
1 32 17
1 32 17
1 32 18
1 32 29
1 32 30
1 32 30
1 32 30
1 32 34
1 32 34
1 32 37
1 32 37
1 32 39
1 32 39
1 32 39
1 32 45
1 32 46
1 32 46
1 32 49
1 32 49
1 32 49
1 33 1
1 33 1
1 33 1
1 33 5
1 33 5
1 33 5
1 33 7
1 33 7
1 33 7
1 33 8
1 33 8
1 33 8
1 33 13
1 33 16
1 33 18
1 33 18
1 33 19
1 33 19
1 33 20
1 33 20
1 33 21
1 33 22
1 33 22
1 33 22
1 33 23
1 33 23
1 33 25
1 33 25
1 33 26
1 33 26
1 33 26
1 33 28
1 33 28
1 33 28
1 33 30
1 33 30
1 33 32
1 33 32
1 33 32
1 33 35
1 33 35
1 33 35
1 33 36
1 33 38
1 33 39
1 33 39
1 33 39
1 33 43
1 33 43
1 33 45
1 33 45
1 33 45
1 33 48
1 33 48
1 33 48
1 33 49
1 33 49
1 34 4
1 34 4
1 34 4
1 34 6
1 34 9
1 34 9
1 34 11
1 34 15
1 34 19
1 34 23
1 34 26
1 34 28
1 34 28
1 34 28
1 34 33
1 34 36
1 34 36
1 34 36
1 34 41
1 34 41
1 34 42
1 34 44
1 34 44
1 34 44
1 34 47
1 35 0
1 35 0
1 35 0
1 35 2
1 35 5
1 35 5
1 35 7
1 35 13
1 35 13
1 35 13
1 35 14
1 35 20
1 35 24
1 35 24
1 35 27
1 35 29
1 35 29
1 35 32
1 35 36
1 35 36
1 35 37
1 35 37
1 35 41
1 35 42
1 35 43
1 35 43
1 35 44
1 35 44
1 35 47
1 36 1
1 36 3
1 36 3
1 36 3
1 36 5
1 36 5
1 36 5
1 36 7
1 36 7
1 36 7
1 36 10
1 36 13
1 36 19
1 36 20
1 36 22
1 36 22
1 36 22
1 36 26
1 36 27
1 36 31
1 36 31
1 36 33
1 36 33
1 36 35
1 36 38
1 36 38
1 36 38
1 36 39
1 36 44
1 36 44
1 36 48
1 36 48
1 36 48
1 37 0
1 37 0
1 37 3
1 37 3
1 37 5
1 37 5
1 37 8
1 37 8
1 37 10
1 37 17
1 37 17
1 37 17
1 37 19
1 37 21
1 37 21
1 37 21
1 37 26
1 37 26
1 37 27
1 37 27
1 37 28
1 37 28
1 37 28
1 37 31
1 37 31
1 37 31
1 37 32
1 37 32
1 37 32
1 37 33
1 37 33
1 37 34
1 37 34
1 37 34
1 37 36
1 37 41
1 37 41
1 37 41
1 37 44
1 37 44
1 37 44
1 38 2
1 38 2
1 38 2
1 38 3
1 38 3
1 38 3
1 38 4
1 38 5
1 38 5
1 38 8
1 38 11
1 38 11
1 38 11
1 38 12
1 38 12
1 38 12
1 38 13
1 38 17
1 38 21
1 38 21
1 38 21
1 38 26
1 38 26
1 38 27
1 38 27
1 38 27
1 38 28
1 38 29
1 38 29
1 38 29
1 38 32
1 38 32
1 38 32
1 38 33
1 38 33
1 38 35
1 38 36
1 38 38
1 38 43
1 38 43
1 38 49
1 38 49
1 39 1
1 39 1
1 39 1
1 39 8
1 39 8
1 39 9
1 39 9
1 39 12
1 39 12
1 39 12
1 39 14
1 39 15
1 39 15
1 39 15
1 39 18
1 39 18
1 39 18
1 39 22
1 39 23
1 39 23
1 39 24
1 39 25
1 39 26
1 39 29
1 39 29
1 39 29
1 39 30
1 39 30
1 39 30
1 39 31
1 39 31
1 39 31
1 39 42
1 39 48
1 39 48
1 39 48
1 40 4
1 40 4
1 40 4
1 40 5
1 40 5
1 40 5
1 40 7
1 40 7
1 40 7
1 40 9
1 40 9
1 40 15
1 40 19
1 40 19
1 40 21
1 40 21
1 40 21
1 40 23
1 40 25
1 40 25
1 40 26
1 40 26
1 40 27
1 40 27
1 40 34
1 40 34
1 40 35
1 40 36
1 40 36
1 40 37
1 40 37
1 40 37
1 40 39
1 40 39
1 40 46
1 40 46
1 40 46
1 40 47
1 40 47
1 40 48
1 40 48
1 40 49
1 40 49
1 41 0
1 41 0
1 41 0
1 41 1
1 41 1
1 41 1
1 41 3
1 41 3
1 41 3
1 41 4
1 41 5
1 41 6
1 41 9
1 41 12
1 41 12
1 41 15
1 41 17
1 41 23
1 41 24
1 41 24
1 41 24
1 41 28
1 41 36
1 41 39
1 41 39
1 41 39
1 41 42
1 41 43
1 41 43
1 41 43
1 41 45
1 41 45
1 41 45
1 41 47
1 42 2
1 42 7
1 42 7
1 42 11
1 42 11
1 42 12
1 42 18
1 42 18
1 42 22
1 42 25
1 42 25
1 42 40
1 42 42
1 42 44
1 42 44
1 42 49
1 42 49
1 42 49
1 43 2
1 43 2
1 43 6
1 43 6
1 43 8
1 43 11
1 43 11
1 43 12
1 43 12
1 43 14
1 43 14
1 43 14
1 43 16
1 43 16
1 43 16
1 43 18
1 43 18
1 43 18
1 43 22
1 43 22
1 43 26
1 43 27
1 43 27
1 43 27
1 43 29
1 43 32
1 43 32
1 43 32
1 43 34
1 43 37
1 43 37
1 43 38
1 43 38
1 43 38
1 43 40
1 43 41
1 43 41
1 43 41
1 43 43
1 43 43
1 43 43
1 43 46
1 43 48
1 43 49
1 43 49
1 43 49
1 44 0
1 44 0
1 44 0
1 44 8
1 44 8
1 44 8
1 44 9
1 44 9
1 44 9
1 44 12
1 44 14
1 44 14
1 44 14
1 44 15
1 44 15
1 44 15
1 44 18
1 44 18
1 44 18
1 44 21
1 44 23
1 44 23
1 44 24
1 44 26
1 44 26
1 44 27
1 44 27
1 44 27
1 44 34
1 44 34
1 44 34
1 44 37
1 44 41
1 44 41
1 44 41
1 44 43
1 44 43
1 44 44
1 44 45
1 44 45
1 44 45
1 44 46
1 44 47
1 44 47
1 44 47
1 45 1
1 45 4
1 45 5
1 45 12
1 45 12
1 45 12
1 45 15
1 45 15
1 45 15
1 45 17
1 45 24
1 45 28
1 45 28
1 45 28
1 45 29
1 45 31
1 45 36
1 45 44
1 45 45
1 45 47
1 46 2
1 46 4
1 46 7
1 46 7
1 46 10
1 46 10
1 46 11
1 46 12
1 46 14
1 46 17
1 46 17
1 46 17
1 46 20
1 46 20
1 46 20
1 46 21
1 46 21
1 46 26
1 46 26
1 46 28
1 46 28
1 46 28
1 46 29
1 46 33
1 46 33
1 46 39
1 46 39
1 46 45
1 46 45
1 46 45
1 46 49
1 46 49
1 46 49
1 47 0
1 47 0
1 47 0
1 47 2
1 47 6
1 47 6
1 47 6
1 47 7
1 47 7
1 47 10
1 47 12
1 47 17
1 47 18
1 47 18
1 47 19
1 47 19
1 47 19
1 47 20
1 47 20
1 47 21
1 47 22
1 47 22
1 47 22
1 47 25
1 47 25
1 47 28
1 47 28
1 47 28
1 47 29
1 47 31
1 47 32
1 47 32
1 47 34
1 47 34
1 47 35
1 47 35
1 47 35
1 47 36
1 47 37
1 47 40
1 47 41
1 47 47
1 47 47
1 47 48
1 47 49
1 48 12
1 48 12
1 48 19
1 48 21
1 48 21
1 48 22
1 48 22
1 48 24
1 48 24
1 48 24
1 48 30
1 48 30
1 48 30
1 48 31
1 48 31
1 48 32
1 48 32
1 48 32
1 48 33
1 48 33
1 48 33
1 48 34
1 48 34
1 48 40
1 48 40
1 48 46
1 48 48
1 48 49
1 48 49
1 48 49
1 49 1
1 49 2
1 49 5
1 49 5
1 49 5
1 49 6
1 49 13
1 49 13
1 49 15
1 49 15
1 49 17
1 49 17
1 49 21
1 49 21
1 49 24
1 49 24
1 49 28
1 49 32
1 49 32
1 49 39
1 49 39
1 49 43
1 49 48
1 49 49
1 49 49
1 49 49
2 0 6
2 0 8
2 0 16
2 1 2
2 1 31
2 1 42
2 2 10
2 2 23
2 3 43
2 4 0
2 4 3
2 6 14
2 6 17
2 6 35
2 6 43
2 6 46
2 7 5
2 7 19
2 7 25
2 9 44
2 10 25
2 12 18
2 12 33
2 12 44
2 13 20
2 14 14
2 15 33
2 15 43
2 16 4
2 16 23
2 16 30
2 17 0
2 19 16
2 19 22
2 19 28
2 21 0
2 21 25
2 22 35
2 22 43
2 23 25
2 23 38
2 24 9
2 24 18
2 24 41
2 25 4
2 25 17
2 25 28
2 25 47
2 26 12
2 28 13
2 28 43
2 29 5
2 29 31
2 30 0
2 30 39
2 30 48
2 32 34
2 32 45
2 35 5
2 35 20
2 35 40
2 36 31
2 38 11
2 39 18
2 40 34
2 42 25
2 42 37
2 43 8
2 44 4
2 44 23
2 45 1
2 45 28
2 47 6
2 47 47
