1 0 1
1 0 5
1 0 5
1 0 8
1 0 8
1 0 10
1 0 10
1 0 12
1 0 12
1 0 19
1 0 19
1 0 24
1 0 24
1 0 24
1 0 25
1 0 25
1 0 25
1 0 27
1 0 27
1 0 29
1 0 30
1 0 31
1 0 32
1 0 32
1 0 32
1 0 36
1 0 36
1 0 36
1 0 37
1 0 37
1 0 37
1 0 45
1 0 45
1 0 45
1 0 46
1 0 46
1 0 46
1 1 3
1 1 3
1 1 3
1 1 5
1 1 6
1 1 6
1 1 6
1 1 8
1 1 8
1 1 8
1 1 16
1 1 17
1 1 17
1 1 17
1 1 21
1 1 25
1 1 25
1 1 29
1 1 31
1 1 31
1 1 31
1 1 32
1 1 32
1 1 32
1 1 41
1 1 43
1 1 43
1 1 47
1 1 47
1 1 47
1 1 48
1 1 48
1 1 49
1 2 2
1 2 4
1 2 4
1 2 4
1 2 7
1 2 7
1 2 10
1 2 10
1 2 13
1 2 13
1 2 13
1 2 14
1 2 18
1 2 18
1 2 30
1 2 30
1 2 31
1 2 34
1 2 34
1 2 34
1 2 35
1 2 37
1 2 37
1 2 41
1 2 41
1 2 42
1 2 43
1 2 43
1 2 43
1 2 47
1 2 49
1 3 0
1 3 0
1 3 1
1 3 1
1 3 1
1 3 3
1 3 3
1 3 5
1 3 6
1 3 6
1 3 13
1 3 14
1 3 14
1 3 14
1 3 17
1 3 17
1 3 17
1 3 21
1 3 21
1 3 23
1 3 23
1 3 23
1 3 25
1 3 28
1 3 28
1 3 29
1 3 29
1 3 29
1 3 30
1 3 30
1 3 30
1 3 32
1 3 32
1 3 34
1 3 38
1 3 38
1 3 38
1 3 40
1 3 40
1 3 40
1 3 46
1 3 46
1 3 46
1 4 2
1 4 2
1 4 2
1 4 5
1 4 12
1 4 12
1 4 12
1 4 14
1 4 14
1 4 14
1 4 15
1 4 16
1 4 19
1 4 19
1 4 19
1 4 20
1 4 20
1 4 20
1 4 28
1 4 29
1 4 29
1 4 30
1 4 30
1 4 31
1 4 31
1 4 31
1 4 34
1 4 37
1 4 38
1 4 40
1 4 40
1 4 43
1 4 43
1 4 43
1 4 44
1 4 44
1 4 45
1 4 45
1 4 45
1 4 48
1 4 48
1 4 48
1 5 5
1 5 5
1 5 9
1 5 13
1 5 13
1 5 17
1 5 18
1 5 18
1 5 18
1 5 19
1 5 20
1 5 28
1 5 28
1 5 28
1 5 29
1 5 31
1 5 34
1 5 34
1 5 35
1 5 36
1 5 38
1 5 43
1 5 43
1 5 43
1 5 44
1 5 47
1 5 47
1 6 7
1 6 7
1 6 12
1 6 12
1 6 12
1 6 14
1 6 15
1 6 16
1 6 16
1 6 16
1 6 17
1 6 17
1 6 26
1 6 26
1 6 27
1 6 27
1 6 27
1 6 28
1 6 30
1 6 34
1 6 34
1 6 34
1 6 36
1 6 36
1 6 36
1 6 37
1 6 37
1 6 37
1 6 38
1 6 38
1 6 40
1 6 48
1 6 48
1 7 0
1 7 3
1 7 3
1 7 6
1 7 9
1 7 9
1 7 10
1 7 10
1 7 11
1 7 14
1 7 16
1 7 16
1 7 26
1 7 26
1 7 29
1 7 29
1 7 37
1 7 41
1 7 43
1 7 45
1 7 45
1 7 45
1 7 46
1 7 48
1 7 48
1 7 48
1 8 0
1 8 0
1 8 0
1 8 1
1 8 1
1 8 5
1 8 9
1 8 9
1 8 15
1 8 16
1 8 16
1 8 17
1 8 17
1 8 19
1 8 20
1 8 23
1 8 26
1 8 26
1 8 27
1 8 27
1 8 29
1 8 29
1 8 31
1 8 31
1 8 31
1 8 37
1 8 37
1 8 46
1 9 0
1 9 0
1 9 1
1 9 1
1 9 3
1 9 3
1 9 4
1 9 4
1 9 4
1 9 6
1 9 6
1 9 8
1 9 8
1 9 16
1 9 16
1 9 17
1 9 20
1 9 20
1 9 21
1 9 21
1 9 23
1 9 23
1 9 24
1 9 24
1 9 24
1 9 25
1 9 25
1 9 26
1 9 26
1 9 26
1 9 27
1 9 31
1 9 31
1 9 33
1 9 36
1 9 37
1 9 39
1 9 39
1 9 39
1 9 40
1 9 40
1 9 40
1 9 41
1 9 42
1 9 42
1 9 42
1 9 44
1 9 44
1 9 48
1 9 48
1 9 49
1 9 49
1 9 49
1 10 0
1 10 0
1 10 0
1 10 12
1 10 13
1 10 13
1 10 13
1 10 22
1 10 24
1 10 24
1 10 24
1 10 26
1 10 26
1 10 27
1 10 28
1 10 28
1 10 33
1 10 33
1 10 33
1 10 37
1 10 37
1 10 37
1 10 44
1 10 45
1 10 45
1 10 48
1 10 49
1 10 49
1 10 49
1 11 1
1 11 1
1 11 1
1 11 3
1 11 3
1 11 4
1 11 4
1 11 4
1 11 10
1 11 10
1 11 10
1 11 20
1 11 20
1 11 24
1 11 25
1 11 25
1 11 26
1 11 27
1 11 27
1 11 27
1 11 29
1 11 29
1 11 30
1 11 30
1 11 33
1 11 33
1 11 35
1 11 35
1 11 38
1 11 38
1 11 38
1 11 42
1 11 43
1 11 43
1 11 43
1 12 0
1 12 0
1 12 0
1 12 3
1 12 7
1 12 7
1 12 7
1 12 15
1 12 15
1 12 15
1 12 23
1 12 23
1 12 24
1 12 24
1 12 26
1 12 28
1 12 30
1 12 30
1 12 36
1 12 37
1 12 38
1 12 38
1 12 38
1 12 39
1 12 39
1 12 40
1 12 40
1 12 44
1 12 44
1 13 2
1 13 2
1 13 7
1 13 7
1 13 9
1 13 10
1 13 12
1 13 12
1 13 12
1 13 14
1 13 14
1 13 14
1 13 16
1 13 16
1 13 21
1 13 21
1 13 21
1 13 25
1 13 25
1 13 25
1 13 27
1 13 27
1 13 29
1 13 29
1 13 30
1 13 30
1 13 35
1 13 35
1 13 35
1 13 37
1 13 38
1 13 38
1 13 38
1 13 43
1 13 43
1 13 43
1 13 45
1 13 45
1 13 45
1 13 46
1 13 48
1 13 48
1 14 0
1 14 2
1 14 4
1 14 8
1 14 8
1 14 8
1 14 10
1 14 10
1 14 10
1 14 14
1 14 14
1 14 16
1 14 16
1 14 16
1 14 20
1 14 22
1 14 22
1 14 27
1 14 27
1 14 30
1 14 34
1 14 35
1 14 35
1 14 38
1 14 38
1 14 38
1 14 43
1 14 43
1 14 43
1 14 46
1 15 5
1 15 5
1 15 6
1 15 6
1 15 6
1 15 18
1 15 18
1 15 20
1 15 20
1 15 20
1 15 22
1 15 22
1 15 30
1 15 31
1 15 31
1 15 31
1 15 33
1 15 34
1 15 34
1 15 34
1 15 36
1 15 36
1 15 36
1 15 37
1 15 37
1 15 38
1 15 39
1 15 40
1 15 40
1 15 40
1 15 42
1 15 42
1 15 42
1 15 48
1 15 48
1 15 48
1 16 3
1 16 3
1 16 4
1 16 4
1 16 7
1 16 10
1 16 10
1 16 13
1 16 13
1 16 13
1 16 18
1 16 18
1 16 21
1 16 21
1 16 22
1 16 25
1 16 25
1 16 26
1 16 33
1 16 33
1 16 33
1 16 34
1 16 36
1 16 36
1 16 36
1 16 38
1 16 41
1 16 41
1 16 41
1 16 44
1 16 44
1 16 44
1 16 45
1 16 45
1 16 48
1 16 48
1 17 1
1 17 1
1 17 5
1 17 5
1 17 6
1 17 6
1 17 9
1 17 10
1 17 11
1 17 11
1 17 11
1 17 12
1 17 12
1 17 12
1 17 14
1 17 14
1 17 14
1 17 15
1 17 15
1 17 16
1 17 19
1 17 19
1 17 20
1 17 20
1 17 23
1 17 26
1 17 26
1 17 31
1 17 31
1 17 31
1 17 39
1 17 39
1 17 45
1 17 48
1 17 48
1 17 48
1 17 49
1 18 2
1 18 2
1 18 2
1 18 4
1 18 5
1 18 5
1 18 5
1 18 8
1 18 8
1 18 8
1 18 10
1 18 10
1 18 11
1 18 11
1 18 11
1 18 15
1 18 15
1 18 15
1 18 17
1 18 17
1 18 24
1 18 24
1 18 26
1 18 26
1 18 27
1 18 28
1 18 29
1 18 29
1 18 29
1 18 31
1 18 31
1 18 32
1 18 32
1 18 32
1 18 33
1 18 33
1 18 35
1 18 36
1 18 42
1 18 42
1 18 43
1 18 43
1 18 44
1 18 46
1 19 0
1 19 0
1 19 0
1 19 3
1 19 5
1 19 13
1 19 13
1 19 13
1 19 20
1 19 20
1 19 20
1 19 25
1 19 27
1 19 27
1 19 32
1 19 32
1 19 32
1 19 36
1 19 36
1 19 42
1 19 42
1 19 42
1 19 45
1 19 48
1 19 48
1 19 48
1 20 1
1 20 1
1 20 7
1 20 7
1 20 7
1 20 9
1 20 10
1 20 10
1 20 10
1 20 15
1 20 15
1 20 18
1 20 18
1 20 18
1 20 19
1 20 19
1 20 21
1 20 26
1 20 30
1 20 32
1 20 32
1 20 32
1 20 34
1 20 34
1 20 35
1 20 35
1 20 35
1 20 37
1 20 37
1 20 38
1 20 42
1 20 42
1 20 42
1 20 43
1 20 43
1 20 43
1 20 44
1 21 1
1 21 1
1 21 1
1 21 3
1 21 3
1 21 8
1 21 11
1 21 15
1 21 15
1 21 17
1 21 17
1 21 17
1 21 20
1 21 20
1 21 20
1 21 21
1 21 21
1 21 21
1 21 29
1 21 32
1 21 32
1 21 33
1 21 33
1 21 37
1 21 40
1 21 40
1 21 40
1 21 41
1 21 41
1 21 41
1 21 45
1 21 45
1 21 45
1 21 47
1 21 47
1 21 48
1 21 49
1 21 49
1 21 49
1 22 0
1 22 1
1 22 1
1 22 1
1 22 2
1 22 2
1 22 2
1 22 5
1 22 5
1 22 5
1 22 11
1 22 11
1 22 15
1 22 15
1 22 17
1 22 24
1 22 26
1 22 30
1 22 30
1 22 30
1 22 32
1 22 33
1 22 33
1 22 33
1 22 35
1 22 36
1 22 36
1 22 36
1 22 40
1 22 40
1 22 44
1 22 44
1 22 46
1 22 46
1 22 49
1 22 49
1 22 49
1 23 0
1 23 0
1 23 0
1 23 2
1 23 2
1 23 2
1 23 3
1 23 3
1 23 4
1 23 8
1 23 8
1 23 8
1 23 10
1 23 10
1 23 10
1 23 11
1 23 11
1 23 11
1 23 12
1 23 12
1 23 14
1 23 14
1 23 15
1 23 15
1 23 17
1 23 17
1 23 17
1 23 18
1 23 26
1 23 26
1 23 28
1 23 28
1 23 28
1 23 30
1 23 31
1 23 34
1 23 34
1 23 34
1 23 35
1 23 35
1 23 36
1 23 36
1 23 36
1 23 37
1 23 37
1 23 38
1 23 38
1 23 38
1 23 42
1 23 44
1 23 44
1 23 45
1 23 45
1 23 45
1 23 47
1 23 47
1 23 49
1 23 49
1 24 0
1 24 0
1 24 1
1 24 1
1 24 2
1 24 2
1 24 9
1 24 9
1 24 10
1 24 10
1 24 10
1 24 17
1 24 17
1 24 17
1 24 20
1 24 20
1 24 21
1 24 21
1 24 23
1 24 23
1 24 28
1 24 28
1 24 28
1 24 29
1 24 29
1 24 29
1 24 31
1 24 32
1 24 36
1 24 36
1 24 37
1 24 37
1 24 37
1 24 38
1 24 38
1 24 43
1 24 44
1 24 45
1 24 48
1 24 48
1 25 0
1 25 0
1 25 0
1 25 4
1 25 4
1 25 7
1 25 15
1 25 15
1 25 15
1 25 16
1 25 16
1 25 17
1 25 17
1 25 17
1 25 19
1 25 23
1 25 24
1 25 25
1 25 25
1 25 25
1 25 28
1 25 28
1 25 28
1 25 29
1 25 29
1 25 29
1 25 30
1 25 30
1 25 35
1 25 35
1 25 35
1 25 38
1 25 38
1 25 38
1 25 39
1 25 39
1 25 39
1 25 42
1 25 42
1 25 42
1 25 48
1 25 48
1 26 1
1 26 1
1 26 4
1 26 4
1 26 8
1 26 8
1 26 8
1 26 10
1 26 11
1 26 11
1 26 13
1 26 17
1 26 17
1 26 21
1 26 21
1 26 21
1 26 22
1 26 22
1 26 22
1 26 25
1 26 27
1 26 27
1 26 30
1 26 30
1 26 30
1 26 31
1 26 36
1 26 37
1 26 37
1 26 38
1 26 41
1 26 47
1 26 47
1 26 47
1 26 48
1 26 49
1 27 0
1 27 0
1 27 0
1 27 2
1 27 2
1 27 2
1 27 4
1 27 4
1 27 4
1 27 7
1 27 7
1 27 10
1 27 10
1 27 10
1 27 19
1 27 19
1 27 24
1 27 30
1 27 30
1 27 32
1 27 34
1 27 37
1 27 38
1 27 38
1 27 39
1 27 39
1 27 39
1 27 41
1 27 41
1 27 41
1 28 3
1 28 5
1 28 5
1 28 6
1 28 6
1 28 6
1 28 8
1 28 13
1 28 13
1 28 14
1 28 14
1 28 14
1 28 18
1 28 18
1 28 18
1 28 21
1 28 21
1 28 22
1 28 22
1 28 25
1 28 36
1 28 37
1 28 37
1 28 37
1 28 38
1 28 38
1 28 42
1 28 42
1 28 42
1 28 45
1 28 46
1 28 46
1 28 47
1 28 49
1 29 1
1 29 1
1 29 2
1 29 8
1 29 8
1 29 11
1 29 11
1 29 11
1 29 18
1 29 19
1 29 20
1 29 21
1 29 29
1 29 29
1 29 38
1 29 38
1 29 38
1 29 42
1 29 44
1 29 45
1 29 45
1 29 45
1 29 47
1 29 47
1 29 47
1 29 48
1 29 48
1 30 7
1 30 7
1 30 8
1 30 8
1 30 11
1 30 16
1 30 18
1 30 20
1 30 20
1 30 21
1 30 21
1 30 21
1 30 28
1 30 31
1 30 31
1 30 31
1 30 32
1 30 33
1 30 33
1 30 33
1 30 34
1 30 35
1 30 35
1 30 38
1 30 38
1 30 38
1 30 41
1 30 44
1 30 44
1 30 44
1 30 45
1 30 45
1 30 48
1 30 48
1 30 48
1 31 0
1 31 2
1 31 2
1 31 2
1 31 3
1 31 3
1 31 10
1 31 11
1 31 11
1 31 11
1 31 13
1 31 13
1 31 17
1 31 17
1 31 19
1 31 19
1 31 19
1 31 20
1 31 21
1 31 21
1 31 22
1 31 22
1 31 22
1 31 24
1 31 24
1 31 25
1 31 25
1 31 25
1 31 26
1 31 26
1 31 27
1 31 28
1 31 28
1 31 29
1 31 29
1 31 29
1 31 32
1 31 35
1 31 35
1 31 35
1 31 36
1 31 43
1 31 43
1 31 48
1 31 48
1 31 49
1 31 49
1 32 0
1 32 0
1 32 0
1 32 1
1 32 2
1 32 3
1 32 4
1 32 4
1 32 4
1 32 5
1 32 6
1 32 6
1 32 7
1 32 7
1 32 11
1 32 16
1 32 16
1 32 16
1 32 17
1 32 17
1 32 19
1 32 19
1 32 19
1 32 20
1 32 20
1 32 20
1 32 23
1 32 23
1 32 29
1 32 29
1 32 31
1 32 31
1 32 39
1 32 39
1 32 41
1 32 44
1 32 47
1 32 49
1 32 49
1 33 0
1 33 0
1 33 2
1 33 2
1 33 3
1 33 3
1 33 3
1 33 7
1 33 7
1 33 8
1 33 8
1 33 8
1 33 12
1 33 12
1 33 12
1 33 14
1 33 14
1 33 14
1 33 17
1 33 17
1 33 19
1 33 19
1 33 21
1 33 27
1 33 27
1 33 27
1 33 28
1 33 28
1 33 29
1 33 39
1 33 39
1 33 43
1 33 43
1 33 43
1 33 46
1 33 46
1 33 46
1 33 48
1 33 48
1 33 48
1 34 5
1 34 7
1 34 7
1 34 7
1 34 13
1 34 13
1 34 13
1 34 15
1 34 15
1 34 15
1 34 16
1 34 18
1 34 18
1 34 25
1 34 25
1 34 28
1 34 33
1 34 34
1 34 34
1 34 37
1 34 41
1 34 44
1 34 46
1 34 46
1 34 47
1 34 47
1 34 47
1 34 48
1 34 48
1 34 48
1 34 49
1 35 1
1 35 11
1 35 11
1 35 14
1 35 14
1 35 16
1 35 27
1 35 27
1 35 28
1 35 28
1 35 28
1 35 30
1 35 30
1 35 30
1 35 35
1 35 35
1 35 37
1 35 37
1 35 38
1 35 39
1 35 39
1 35 39
1 35 44
1 36 1
1 36 1
1 36 3
1 36 13
1 36 13
1 36 13
1 36 14
1 36 14
1 36 14
1 36 17
1 36 17
1 36 18
1 36 18
1 36 22
1 36 22
1 36 23
1 36 24
1 36 24
1 36 24
1 36 28
1 36 29
1 36 29
1 36 31
1 36 31
1 36 31
1 36 32
1 36 32
1 36 33
1 36 33
1 36 34
1 36 39
1 36 39
1 36 39
1 36 43
1 36 48
1 36 48
1 37 0
1 37 0
1 37 0
1 37 2
1 37 2
1 37 2
1 37 4
1 37 4
1 37 4
1 37 8
1 37 9
1 37 11
1 37 11
1 37 15
1 37 22
1 37 22
1 37 24
1 37 24
1 37 25
1 37 26
1 37 28
1 37 28
1 37 30
1 37 30
1 37 30
1 37 31
1 37 32
1 37 33
1 37 33
1 37 36
1 37 36
1 37 38
1 37 39
1 37 41
1 37 41
1 37 43
1 37 44
1 37 44
1 37 44
1 38 1
1 38 1
1 38 2
1 38 2
1 38 3
1 38 3
1 38 7
1 38 7
1 38 7
1 38 8
1 38 9
1 38 9
1 38 9
1 38 10
1 38 10
1 38 12
1 38 12
1 38 12
1 38 15
1 38 15
1 38 19
1 38 19
1 38 19
1 38 22
1 38 22
1 38 22
1 38 28
1 38 28
1 38 34
1 38 34
1 38 36
1 38 37
1 38 37
1 38 37
1 38 40
1 38 44
1 38 44
1 38 44
1 38 45
1 38 45
1 38 45
1 38 47
1 38 47
1 38 47
1 39 4
1 39 9
1 39 9
1 39 9
1 39 10
1 39 12
1 39 12
1 39 16
1 39 16
1 39 17
1 39 17
1 39 18
1 39 18
1 39 18
1 39 23
1 39 23
1 39 23
1 39 33
1 39 35
1 39 35
1 39 37
1 39 37
1 39 37
1 39 43
1 39 44
1 39 44
1 39 44
1 39 45
1 39 45
1 40 2
1 40 2
1 40 6
1 40 6
1 40 8
1 40 8
1 40 8
1 40 14
1 40 14
1 40 19
1 40 24
1 40 24
1 40 29
1 40 29
1 40 33
1 40 33
1 40 39
1 40 39
1 40 39
1 40 40
1 40 40
1 41 2
1 41 7
1 41 13
1 41 13
1 41 13
1 41 14
1 41 15
1 41 15
1 41 15
1 41 17
1 41 17
1 41 22
1 41 23
1 41 24
1 41 25
1 41 25
1 41 25
1 41 27
1 41 27
1 41 34
1 41 34
1 41 36
1 41 36
1 41 36
1 41 39
1 41 39
1 41 39
1 41 42
1 41 48
1 41 48
1 42 2
1 42 6
1 42 6
1 42 6
1 42 7
1 42 7
1 42 8
1 42 11
1 42 15
1 42 15
1 42 15
1 42 17
1 42 17
1 42 19
1 42 19
1 42 20
1 42 20
1 42 22
1 42 23
1 42 23
1 42 23
1 42 26
1 42 26
1 42 26
1 42 27
1 42 27
1 42 29
1 42 31
1 42 31
1 42 31
1 42 38
1 42 38
1 42 38
1 42 39
1 42 40
1 42 40
1 42 40
1 42 45
1 43 4
1 43 7
1 43 9
1 43 9
1 43 13
1 43 13
1 43 15
1 43 20
1 43 21
1 43 22
1 43 22
1 43 26
1 43 26
1 43 29
1 43 30
1 43 30
1 43 32
1 43 32
1 43 34
1 43 35
1 43 37
1 43 38
1 43 38
1 43 40
1 43 40
1 43 40
1 43 44
1 43 46
1 43 46
1 43 47
1 43 47
1 43 47
1 43 48
1 43 48
1 43 48
1 43 49
1 43 49
1 43 49
1 44 2
1 44 2
1 44 2
1 44 3
1 44 3
1 44 4
1 44 7
1 44 7
1 44 8
1 44 8
1 44 8
1 44 12
1 44 12
1 44 13
1 44 13
1 44 13
1 44 16
1 44 16
1 44 18
1 44 18
1 44 23
1 44 23
1 44 34
1 44 38
1 44 38
1 44 38
1 44 47
1 44 47
1 44 49
1 45 2
1 45 2
1 45 3
1 45 3
1 45 3
1 45 5
1 45 5
1 45 6
1 45 6
1 45 6
1 45 15
1 45 16
1 45 16
1 45 16
1 45 17
1 45 28
1 45 29
1 45 32
1 45 32
1 45 33
1 45 33
1 45 35
1 45 35
1 45 35
1 45 40
1 45 40
1 45 40
1 45 43
1 45 43
1 45 45
1 45 47
1 45 48
1 46 0
1 46 1
1 46 1
1 46 1
1 46 6
1 46 6
1 46 9
1 46 9
1 46 18
1 46 18
1 46 21
1 46 21
1 46 27
1 46 27
1 46 30
1 46 35
1 46 37
1 46 38
1 46 41
1 46 41
1 46 43
1 46 44
1 46 47
1 46 47
1 47 6
1 47 6
1 47 8
1 47 8
1 47 14
1 47 15
1 47 15
1 47 15
1 47 16
1 47 18
1 47 18
1 47 18
1 47 19
1 47 21
1 47 21
1 47 21
1 47 25
1 47 25
1 47 26
1 47 26
1 47 26
1 47 27
1 47 27
1 47 27
1 47 32
1 47 32
1 47 37
1 47 41
1 47 43
1 47 46
1 47 48
1 48 0
1 48 3
1 48 3
1 48 4
1 48 4
1 48 4
1 48 8
1 48 8
1 48 9
1 48 9
1 48 9
1 48 11
1 48 11
1 48 12
1 48 12
1 48 12
1 48 14
1 48 14
1 48 21
1 48 21
1 48 21
1 48 22
1 48 26
1 48 26
1 48 29
1 48 30
1 48 30
1 48 32
1 48 37
1 48 39
1 48 39
1 48 41
1 48 41
1 48 41
1 48 43
1 48 44
1 48 44
1 48 44
1 48 48
1 48 48
1 49 0
1 49 0
1 49 5
1 49 5
1 49 7
1 49 7
1 49 8
1 49 8
1 49 8
1 49 9
1 49 10
1 49 10
1 49 14
1 49 14
1 49 19
1 49 19
1 49 19
1 49 23
1 49 23
1 49 24
1 49 27
1 49 27
1 49 28
1 49 28
1 49 29
1 49 33
1 49 33
1 49 33
1 49 34
1 49 34
1 49 43
1 49 47
1 49 47
1 49 47
1 49 48
1 49 48
1 49 49
1 49 49
2 0 0
2 0 23
2 0 29
2 1 34
2 1 41
2 1 47
2 2 13
2 3 5
2 7 0
2 7 3
2 7 9
2 7 18
2 7 45
2 9 12
2 11 1
2 11 35
2 12 7
2 13 21
2 13 27
2 13 45
2 14 34
2 15 48
2 16 3
2 16 10
2 16 15
2 16 25
2 17 39
2 18 42
2 20 1
2 20 14
2 21 17
2 21 20
2 21 47
2 22 23
2 23 7
2 23 28
2 24 48
2 26 10
2 28 5
2 29 11
2 29 31
2 31 2
2 31 17
2 31 24
2 31 39
2 33 46
2 34 37
2 35 3
2 36 22
2 36 31
2 36 43
2 37 2
2 37 8
2 37 36
2 39 16
2 39 33
2 40 2
2 40 14
2 40 27
2 40 39
2 43 32
2 43 46
2 44 2
2 44 16
2 45 32
2 45 43
2 46 18
2 46 41
2 47 14
2 47 48
