1 0 0
1 0 0
1 0 0
1 0 3
1 0 4
1 0 4
1 0 5
1 0 5
1 0 7
1 0 7
1 0 7
1 0 10
1 0 10
1 0 10
1 0 11
1 0 14
1 0 14
1 0 15
1 0 15
1 0 15
1 0 16
1 0 16
1 0 16
1 0 19
1 0 19
1 0 19
1 0 20
1 0 23
1 0 28
1 0 28
1 0 28
1 0 30
1 0 33
1 0 34
1 0 40
1 0 40
1 0 43
1 0 43
1 0 46
1 0 48
1 0 48
1 0 48
1 1 1
1 1 1
1 1 4
1 1 4
1 1 4
1 1 5
1 1 7
1 1 7
1 1 11
1 1 15
1 1 15
1 1 17
1 1 18
1 1 18
1 1 20
1 1 27
1 1 34
1 1 40
1 1 40
1 1 41
1 1 41
1 1 41
1 1 43
1 1 43
1 1 46
1 2 2
1 2 4
1 2 7
1 2 7
1 2 10
1 2 10
1 2 14
1 2 14
1 2 17
1 2 18
1 2 18
1 2 20
1 2 20
1 2 23
1 2 23
1 2 23
1 2 27
1 2 27
1 2 28
1 2 28
1 2 28
1 2 29
1 2 37
1 2 37
1 2 37
1 2 38
1 2 38
1 2 41
1 2 41
1 2 42
1 2 42
1 2 42
1 2 43
1 2 43
1 2 44
1 2 44
1 2 44
1 3 0
1 3 3
1 3 3
1 3 8
1 3 8
1 3 8
1 3 17
1 3 24
1 3 25
1 3 27
1 3 27
1 3 27
1 3 28
1 3 28
1 3 28
1 3 30
1 3 30
1 3 32
1 3 32
1 3 32
1 3 34
1 3 34
1 3 34
1 3 35
1 3 35
1 3 37
1 3 37
1 3 42
1 3 42
1 3 45
1 3 45
1 3 47
1 3 47
1 3 49
1 3 49
1 3 49
1 4 1
1 4 2
1 4 3
1 4 4
1 4 7
1 4 11
1 4 11
1 4 11
1 4 12
1 4 12
1 4 16
1 4 16
1 4 16
1 4 18
1 4 18
1 4 18
1 4 19
1 4 19
1 4 19
1 4 20
1 4 22
1 4 22
1 4 22
1 4 28
1 4 28
1 4 31
1 4 31
1 4 34
1 4 34
1 4 36
1 4 36
1 4 37
1 4 39
1 4 39
1 4 43
1 4 48
1 4 48
1 5 3
1 5 8
1 5 8
1 5 9
1 5 14
1 5 14
1 5 14
1 5 15
1 5 17
1 5 17
1 5 17
1 5 18
1 5 22
1 5 22
1 5 24
1 5 24
1 5 24
1 5 26
1 5 26
1 5 26
1 5 29
1 5 32
1 5 32
1 5 32
1 5 35
1 5 37
1 5 37
1 5 38
1 5 38
1 5 38
1 5 43
1 5 43
1 5 43
1 5 48
1 5 49
1 5 49
1 6 0
1 6 0
1 6 0
1 6 4
1 6 4
1 6 4
1 6 5
1 6 5
1 6 5
1 6 6
1 6 6
1 6 6
1 6 9
1 6 9
1 6 9
1 6 10
1 6 10
1 6 15
1 6 15
1 6 15
1 6 17
1 6 25
1 6 25
1 6 25
1 6 34
1 6 34
1 6 34
1 6 38
1 6 38
1 6 38
1 6 39
1 6 42
1 6 44
1 7 1
1 7 3
1 7 3
1 7 3
1 7 4
1 7 4
1 7 8
1 7 8
1 7 8
1 7 12
1 7 12
1 7 12
1 7 28
1 7 28
1 7 28
1 7 34
1 7 35
1 7 35
1 7 37
1 7 48
1 8 2
1 8 2
1 8 2
1 8 3
1 8 3
1 8 5
1 8 10
1 8 10
1 8 11
1 8 13
1 8 15
1 8 16
1 8 16
1 8 16
1 8 17
1 8 17
1 8 17
1 8 18
1 8 18
1 8 19
1 8 20
1 8 20
1 8 21
1 8 21
1 8 21
1 8 23
1 8 23
1 8 23
1 8 27
1 8 28
1 8 28
1 8 28
1 8 29
1 8 30
1 8 30
1 8 30
1 8 35
1 8 35
1 8 38
1 8 38
1 8 40
1 8 40
1 8 40
1 8 41
1 8 42
1 8 43
1 8 43
1 8 48
1 8 48
1 8 48
1 9 5
1 9 5
1 9 5
1 9 6
1 9 6
1 9 6
1 9 11
1 9 15
1 9 15
1 9 19
1 9 19
1 9 19
1 9 23
1 9 23
1 9 23
1 9 30
1 9 30
1 9 31
1 9 31
1 9 31
1 9 34
1 9 37
1 9 37
1 9 39
1 9 41
1 9 41
1 9 41
1 9 43
1 9 46
1 9 46
1 9 46
1 9 48
1 10 1
1 10 1
1 10 1
1 10 2
1 10 2
1 10 2
1 10 4
1 10 4
1 10 8
1 10 8
1 10 14
1 10 14
1 10 15
1 10 17
1 10 17
1 10 17
1 10 27
1 10 29
1 10 29
1 10 30
1 10 30
1 10 30
1 10 33
1 10 41
1 10 42
1 10 42
1 10 42
1 10 43
1 10 43
1 10 43
1 10 45
1 10 45
1 11 2
1 11 9
1 11 9
1 11 11
1 11 11
1 11 15
1 11 19
1 11 19
1 11 21
1 11 21
1 11 21
1 11 25
1 11 25
1 11 26
1 11 26
1 11 26
1 11 28
1 11 28
1 11 28
1 11 29
1 11 29
1 11 32
1 11 32
1 11 38
1 11 38
1 11 38
1 11 47
1 11 47
1 11 49
1 12 1
1 12 3
1 12 4
1 12 6
1 12 6
1 12 14
1 12 15
1 12 15
1 12 27
1 12 27
1 12 29
1 12 34
1 12 37
1 12 37
1 12 37
1 12 41
1 12 41
1 12 42
1 12 42
1 12 42
1 12 46
1 12 47
1 12 47
1 13 0
1 13 2
1 13 2
1 13 3
1 13 3
1 13 3
1 13 9
1 13 9
1 13 10
1 13 10
1 13 12
1 13 12
1 13 17
1 13 18
1 13 18
1 13 19
1 13 20
1 13 20
1 13 24
1 13 24
1 13 28
1 13 28
1 13 28
1 13 29
1 13 29
1 13 29
1 13 37
1 13 39
1 13 39
1 13 42
1 13 42
1 13 42
1 13 43
1 13 44
1 13 44
1 13 44
1 14 3
1 14 9
1 14 9
1 14 11
1 14 11
1 14 17
1 14 17
1 14 21
1 14 21
1 14 22
1 14 22
1 14 30
1 14 30
1 14 32
1 14 32
1 14 32
1 14 36
1 14 36
1 14 38
1 14 38
1 14 40
1 14 40
1 14 40
1 14 41
1 14 41
1 14 41
1 14 44
1 14 44
1 14 48
1 14 48
1 14 48
1 15 2
1 15 7
1 15 10
1 15 13
1 15 13
1 15 17
1 15 20
1 15 20
1 15 20
1 15 21
1 15 21
1 15 21
1 15 22
1 15 22
1 15 23
1 15 23
1 15 25
1 15 30
1 15 30
1 15 30
1 15 35
1 15 35
1 15 35
1 15 38
1 15 39
1 15 40
1 15 40
1 15 41
1 15 41
1 15 41
1 15 43
1 15 47
1 15 47
1 15 49
1 16 2
1 16 2
1 16 4
1 16 4
1 16 8
1 16 8
1 16 8
1 16 14
1 16 14
1 16 14
1 16 16
1 16 16
1 16 16
1 16 21
1 16 23
1 16 23
1 16 24
1 16 24
1 16 24
1 16 27
1 16 27
1 16 27
1 16 30
1 16 30
1 16 30
1 16 31
1 16 32
1 16 32
1 16 33
1 16 33
1 16 33
1 16 35
1 16 35
1 16 37
1 16 39
1 16 39
1 16 39
1 16 40
1 16 40
1 16 44
1 16 44
1 16 45
1 16 45
1 16 46
1 16 48
1 16 48
1 17 2
1 17 2
1 17 2
1 17 3
1 17 6
1 17 7
1 17 7
1 17 9
1 17 9
1 17 13
1 17 13
1 17 13
1 17 17
1 17 20
1 17 20
1 17 28
1 17 28
1 17 30
1 17 31
1 17 31
1 17 33
1 17 33
1 17 33
1 17 34
1 17 34
1 17 34
1 17 37
1 17 37
1 17 37
1 17 42
1 17 42
1 17 45
1 17 46
1 17 46
1 17 47
1 17 47
1 17 47
1 17 48
1 17 49
1 17 49
1 18 4
1 18 4
1 18 6
1 18 6
1 18 7
1 18 7
1 18 7
1 18 8
1 18 8
1 18 8
1 18 11
1 18 11
1 18 11
1 18 15
1 18 17
1 18 18
1 18 18
1 18 22
1 18 22
1 18 22
1 18 23
1 18 23
1 18 23
1 18 27
1 18 27
1 18 32
1 18 34
1 18 34
1 18 37
1 18 40
1 18 43
1 18 43
1 18 43
1 19 5
1 19 6
1 19 6
1 19 6
1 19 7
1 19 7
1 19 7
1 19 11
1 19 11
1 19 12
1 19 12
1 19 12
1 19 16
1 19 16
1 19 19
1 19 19
1 19 20
1 19 20
1 19 21
1 19 23
1 19 24
1 19 30
1 19 30
1 19 31
1 19 33
1 19 43
1 19 44
1 19 44
1 19 48
1 20 0
1 20 0
1 20 0
1 20 4
1 20 7
1 20 7
1 20 7
1 20 8
1 20 8
1 20 11
1 20 11
1 20 12
1 20 12
1 20 16
1 20 16
1 20 16
1 20 20
1 20 21
1 20 21
1 20 21
1 20 22
1 20 22
1 20 27
1 20 27
1 20 27
1 20 28
1 20 29
1 20 29
1 20 32
1 20 34
1 20 34
1 20 34
1 20 35
1 20 36
1 20 38
1 20 42
1 20 42
1 20 45
1 21 2
1 21 4
1 21 5
1 21 6
1 21 6
1 21 6
1 21 16
1 21 16
1 21 19
1 21 19
1 21 20
1 21 20
1 21 20
1 21 33
1 21 33
1 21 33
1 21 37
1 21 43
1 21 43
1 21 43
1 21 45
1 21 45
1 21 45
1 21 46
1 21 46
1 21 46
1 21 47
1 21 47
1 22 2
1 22 2
1 22 6
1 22 13
1 22 13
1 22 17
1 22 23
1 22 23
1 22 24
1 22 30
1 22 31
1 22 31
1 22 32
1 22 32
1 22 32
1 22 35
1 22 35
1 22 35
1 22 41
1 22 41
1 22 41
1 22 42
1 22 45
1 22 45
1 22 45
1 22 46
1 22 49
1 22 49
1 23 5
1 23 5
1 23 5
1 23 7
1 23 7
1 23 10
1 23 10
1 23 12
1 23 12
1 23 13
1 23 13
1 23 13
1 23 16
1 23 17
1 23 17
1 23 20
1 23 22
1 23 22
1 23 22
1 23 23
1 23 23
1 23 23
1 23 24
1 23 24
1 23 25
1 23 25
1 23 25
1 23 27
1 23 27
1 23 28
1 23 28
1 23 28
1 23 31
1 23 31
1 23 31
1 23 32
1 23 32
1 23 37
1 23 37
1 23 37
1 23 39
1 23 39
1 23 42
1 23 42
1 23 42
1 23 43
1 23 43
1 24 1
1 24 1
1 24 2
1 24 2
1 24 5
1 24 5
1 24 6
1 24 6
1 24 6
1 24 10
1 24 10
1 24 10
1 24 20
1 24 23
1 24 25
1 24 25
1 24 38
1 24 38
1 24 40
1 24 40
1 24 40
1 24 42
1 24 44
1 24 45
1 24 45
1 25 0
1 25 6
1 25 6
1 25 7
1 25 7
1 25 9
1 25 9
1 25 10
1 25 13
1 25 13
1 25 13
1 25 18
1 25 20
1 25 20
1 25 24
1 25 24
1 25 25
1 25 25
1 25 27
1 25 29
1 25 29
1 25 29
1 25 35
1 25 36
1 25 36
1 25 36
1 25 40
1 25 40
1 25 40
1 25 41
1 25 41
1 25 42
1 25 42
1 25 43
1 25 43
1 25 47
1 25 47
1 25 47
1 26 1
1 26 1
1 26 6
1 26 10
1 26 10
1 26 11
1 26 11
1 26 14
1 26 15
1 26 15
1 26 15
1 26 20
1 26 20
1 26 20
1 26 24
1 26 28
1 26 28
1 26 30
1 26 30
1 26 34
1 26 34
1 26 42
1 26 45
1 26 46
1 26 46
1 26 46
1 26 48
1 26 49
1 27 0
1 27 0
1 27 2
1 27 2
1 27 6
1 27 8
1 27 8
1 27 8
1 27 10
1 27 10
1 27 10
1 27 20
1 27 20
1 27 24
1 27 25
1 27 25
1 27 25
1 27 27
1 27 27
1 27 27
1 27 28
1 27 30
1 27 30
1 27 30
1 27 32
1 27 33
1 27 39
1 27 39
1 27 41
1 27 43
1 27 43
1 27 44
1 27 44
1 27 46
1 27 46
1 27 46
1 28 4
1 28 5
1 28 5
1 28 5
1 28 8
1 28 8
1 28 8
1 28 9
1 28 9
1 28 11
1 28 11
1 28 16
1 28 16
1 28 16
1 28 26
1 28 28
1 28 28
1 28 28
1 28 29
1 28 29
1 28 29
1 28 31
1 28 31
1 28 34
1 28 47
1 28 48
1 28 48
1 29 5
1 29 5
1 29 5
1 29 6
1 29 9
1 29 9
1 29 9
1 29 10
1 29 10
1 29 11
1 29 15
1 29 15
1 29 15
1 29 16
1 29 16
1 29 18
1 29 18
1 29 18
1 29 19
1 29 19
1 29 19
1 29 25
1 29 25
1 29 29
1 29 29
1 29 29
1 29 31
1 29 31
1 29 33
1 29 33
1 29 36
1 29 41
1 29 41
1 29 48
1 29 48
1 29 48
1 29 49
1 29 49
1 30 0
1 30 0
1 30 2
1 30 4
1 30 4
1 30 5
1 30 5
1 30 8
1 30 11
1 30 11
1 30 11
1 30 16
1 30 18
1 30 18
1 30 18
1 30 20
1 30 23
1 30 23
1 30 25
1 30 25
1 30 30
1 30 30
1 30 37
1 30 38
1 30 38
1 30 38
1 30 41
1 30 43
1 30 43
1 30 45
1 30 46
1 31 0
1 31 2
1 31 2
1 31 3
1 31 3
1 31 7
1 31 7
1 31 15
1 31 15
1 31 15
1 31 19
1 31 19
1 31 19
1 31 23
1 31 23
1 31 23
1 31 24
1 31 25
1 31 25
1 31 25
1 31 31
1 31 33
1 31 40
1 31 48
1 31 49
1 31 49
1 31 49
1 32 0
1 32 0
1 32 2
1 32 3
1 32 3
1 32 3
1 32 5
1 32 9
1 32 9
1 32 17
1 32 18
1 32 18
1 32 24
1 32 24
1 32 26
1 32 29
1 32 29
1 32 30
1 32 30
1 32 35
1 32 38
1 32 38
1 32 41
1 32 43
1 32 43
1 32 44
1 32 44
1 32 45
1 32 45
1 32 48
1 32 48
1 33 2
1 33 3
1 33 8
1 33 8
1 33 8
1 33 9
1 33 15
1 33 15
1 33 17
1 33 19
1 33 19
1 33 20
1 33 24
1 33 24
1 33 28
1 33 31
1 33 32
1 33 32
1 33 32
1 33 34
1 33 34
1 33 38
1 33 38
1 33 38
1 33 40
1 33 40
1 33 45
1 33 49
1 34 0
1 34 1
1 34 1
1 34 4
1 34 4
1 34 4
1 34 8
1 34 8
1 34 8
1 34 9
1 34 9
1 34 13
1 34 22
1 34 22
1 34 23
1 34 23
1 34 24
1 34 24
1 34 24
1 34 25
1 34 25
1 34 27
1 34 27
1 34 27
1 34 34
1 34 34
1 34 36
1 34 38
1 34 42
1 34 42
1 34 42
1 34 43
1 34 49
1 34 49
1 34 49
1 35 1
1 35 1
1 35 1
1 35 5
1 35 9
1 35 13
1 35 13
1 35 18
1 35 18
1 35 23
1 35 31
1 35 31
1 35 31
1 35 37
1 35 37
1 35 37
1 35 39
1 35 42
1 35 42
1 35 42
1 35 45
1 35 46
1 35 46
1 35 47
1 35 47
1 35 49
1 36 1
1 36 1
1 36 1
1 36 2
1 36 2
1 36 2
1 36 18
1 36 18
1 36 19
1 36 19
1 36 23
1 36 23
1 36 23
1 36 25
1 36 46
1 36 46
1 36 46
1 37 0
1 37 1
1 37 1
1 37 4
1 37 4
1 37 9
1 37 9
1 37 10
1 37 10
1 37 10
1 37 16
1 37 16
1 37 22
1 37 23
1 37 25
1 37 28
1 37 28
1 37 30
1 37 30
1 37 30
1 37 35
1 37 35
1 37 36
1 37 36
1 37 36
1 37 38
1 37 38
1 37 40
1 37 40
1 37 44
1 37 44
1 37 45
1 37 45
1 37 47
1 38 0
1 38 0
1 38 5
1 38 7
1 38 9
1 38 9
1 38 9
1 38 15
1 38 15
1 38 16
1 38 16
1 38 16
1 38 22
1 38 22
1 38 22
1 38 24
1 38 24
1 38 29
1 38 29
1 38 29
1 38 32
1 38 32
1 38 32
1 38 42
1 38 43
1 38 44
1 38 44
1 38 45
1 38 46
1 38 46
1 38 46
1 39 1
1 39 2
1 39 2
1 39 2
1 39 3
1 39 4
1 39 6
1 39 6
1 39 10
1 39 10
1 39 12
1 39 20
1 39 20
1 39 20
1 39 25
1 39 25
1 39 25
1 39 29
1 39 29
1 39 29
1 39 33
1 39 33
1 39 33
1 39 35
1 39 35
1 39 35
1 39 36
1 39 36
1 39 38
1 39 38
1 39 39
1 39 43
1 39 45
1 39 45
1 39 45
1 39 48
1 39 48
1 40 1
1 40 1
1 40 1
1 40 2
1 40 2
1 40 3
1 40 3
1 40 5
1 40 5
1 40 5
1 40 6
1 40 6
1 40 6
1 40 9
1 40 9
1 40 9
1 40 14
1 40 14
1 40 15
1 40 15
1 40 19
1 40 20
1 40 22
1 40 22
1 40 24
1 40 24
1 40 24
1 40 26
1 40 26
1 40 32
1 40 32
1 40 32
1 40 34
1 40 34
1 40 34
1 40 38
1 40 38
1 40 38
1 40 41
1 40 41
1 40 42
1 40 42
1 40 46
1 40 47
1 40 47
1 41 0
1 41 0
1 41 3
1 41 3
1 41 5
1 41 6
1 41 8
1 41 13
1 41 13
1 41 13
1 41 14
1 41 14
1 41 14
1 41 16
1 41 16
1 41 19
1 41 22
1 41 22
1 41 23
1 41 27
1 41 27
1 41 27
1 41 28
1 41 29
1 41 33
1 41 37
1 41 37
1 41 39
1 41 40
1 41 41
1 41 41
1 41 41
1 41 47
1 42 3
1 42 5
1 42 5
1 42 5
1 42 7
1 42 7
1 42 10
1 42 10
1 42 10
1 42 13
1 42 13
1 42 14
1 42 14
1 42 14
1 42 15
1 42 15
1 42 19
1 42 19
1 42 20
1 42 20
1 42 22
1 42 22
1 42 22
1 42 23
1 42 26
1 42 26
1 42 26
1 42 27
1 42 27
1 42 27
1 42 28
1 42 30
1 42 30
1 42 36
1 42 36
1 42 37
1 42 37
1 42 38
1 42 38
1 42 38
1 42 40
1 42 41
1 42 43
1 42 47
1 42 47
1 42 47
1 43 0
1 43 0
1 43 1
1 43 7
1 43 7
1 43 9
1 43 9
1 43 9
1 43 11
1 43 11
1 43 13
1 43 13
1 43 21
1 43 25
1 43 25
1 43 27
1 43 27
1 43 28
1 43 28
1 43 34
1 43 34
1 43 34
1 43 38
1 43 38
1 43 40
1 43 42
1 43 42
1 43 46
1 43 49
1 44 1
1 44 1
1 44 2
1 44 3
1 44 6
1 44 6
1 44 6
1 44 7
1 44 8
1 44 11
1 44 11
1 44 11
1 44 12
1 44 12
1 44 12
1 44 18
1 44 18
1 44 22
1 44 24
1 44 24
1 44 24
1 44 27
1 44 27
1 44 29
1 44 29
1 44 29
1 44 31
1 44 33
1 44 33
1 44 36
1 44 43
1 44 43
1 44 46
1 45 3
1 45 17
1 45 18
1 45 23
1 45 23
1 45 23
1 45 27
1 45 29
1 45 29
1 45 30
1 45 30
1 45 31
1 45 31
1 45 33
1 45 33
1 45 36
1 45 38
1 45 38
1 45 39
1 45 41
1 45 41
1 45 44
1 45 44
1 45 44
1 45 48
1 45 48
1 45 48
1 45 49
1 45 49
1 45 49
1 46 2
1 46 2
1 46 2
1 46 8
1 46 10
1 46 10
1 46 10
1 46 11
1 46 12
1 46 12
1 46 13
1 46 13
1 46 14
1 46 14
1 46 14
1 46 16
1 46 16
1 46 16
1 46 17
1 46 17
1 46 18
1 46 18
1 46 18
1 46 21
1 46 21
1 46 21
1 46 23
1 46 23
1 46 23
1 46 32
1 46 33
1 46 33
1 46 33
1 46 34
1 46 34
1 46 34
1 46 35
1 46 37
1 46 37
1 46 38
1 46 38
1 46 38
1 46 39
1 46 39
1 46 39
1 46 42
1 46 42
1 46 44
1 46 44
1 46 44
1 46 47
1 47 2
1 47 3
1 47 12
1 47 12
1 47 15
1 47 15
1 47 20
1 47 20
1 47 20
1 47 22
1 47 22
1 47 22
1 47 25
1 47 25
1 47 30
1 47 30
1 47 31
1 47 31
1 47 33
1 47 33
1 47 36
1 47 36
1 47 36
1 47 37
1 47 37
1 47 38
1 47 39
1 47 39
1 47 41
1 47 41
1 47 41
1 47 44
1 47 44
1 47 44
1 47 45
1 47 45
1 47 45
1 48 0
1 48 0
1 48 1
1 48 1
1 48 1
1 48 2
1 48 2
1 48 13
1 48 13
1 48 16
1 48 18
1 48 18
1 48 18
1 48 20
1 48 22
1 48 23
1 48 24
1 48 29
1 48 29
1 48 29
1 48 31
1 48 31
1 48 31
1 48 38
1 48 38
1 48 39
1 48 42
1 48 43
1 48 43
1 48 44
1 48 44
1 48 45
1 48 45
1 48 48
1 48 49
1 48 49
1 48 49
1 49 0
1 49 0
1 49 1
1 49 1
1 49 2
1 49 2
1 49 2
1 49 3
1 49 3
1 49 3
1 49 5
1 49 5
1 49 5
1 49 7
1 49 7
1 49 14
1 49 14
1 49 22
1 49 22
1 49 23
1 49 30
1 49 32
1 49 33
1 49 33
1 49 34
1 49 34
1 49 35
1 49 41
1 49 41
1 49 41
1 49 44
1 49 45
1 49 45
1 49 46
1 49 46
2 0 3
2 0 10
2 0 14
2 0 18
2 0 27
2 0 33
2 0 40
2 2 37
2 3 30
2 3 34
2 3 40
2 3 47
2 4 11
2 4 18
2 5 8
2 7 47
2 8 9
2 8 15
2 8 25
2 8 38
2 10 7
2 10 26
2 11 9
2 11 37
2 11 47
2 12 3
2 13 17
2 14 21
2 14 38
2 15 2
2 16 44
2 17 6
2 18 10
2 18 22
2 19 19
2 19 33
2 20 3
2 20 38
2 21 43
2 22 13
2 22 23
2 22 30
2 22 41
2 23 5
2 23 10
2 23 37
2 25 27
2 27 8
2 28 4
2 28 34
2 28 47
2 30 2
2 30 22
2 30 31
2 30 43
2 31 9
2 32 16
2 32 34
2 32 38
2 32 41
2 33 13
2 34 0
2 34 41
2 34 48
2 35 18
2 37 7
2 37 35
2 38 32
2 38 42
2 40 14
2 40 19
2 40 22
2 40 46
2 41 10
2 41 27
2 44 31
2 45 17
2 45 44
2 47 20
