1 0 2
1 0 2
1 0 4
1 0 4
1 0 4
1 0 6
1 0 10
1 0 10
1 0 10
1 0 11
1 0 11
1 0 13
1 0 14
1 0 14
1 0 18
1 0 18
1 0 18
1 0 20
1 0 20
1 0 20
1 0 21
1 0 26
1 0 29
1 0 30
1 0 30
1 0 30
1 0 33
1 0 33
1 0 33
1 0 40
1 0 40
1 0 43
1 0 44
1 0 46
1 1 1
1 1 3
1 1 3
1 1 3
1 1 7
1 1 10
1 1 10
1 1 13
1 1 13
1 1 15
1 1 15
1 1 18
1 1 18
1 1 20
1 1 20
1 1 21
1 1 21
1 1 21
1 1 23
1 1 23
1 1 23
1 1 25
1 1 25
1 1 27
1 1 28
1 1 28
1 1 28
1 1 32
1 1 42
1 1 42
1 1 42
1 1 43
1 1 43
1 1 45
1 1 45
1 1 45
1 1 46
1 1 46
1 1 46
1 1 47
1 1 47
1 1 47
1 2 4
1 2 6
1 2 6
1 2 8
1 2 9
1 2 9
1 2 11
1 2 12
1 2 13
1 2 15
1 2 17
1 2 17
1 2 17
1 2 18
1 2 18
1 2 22
1 2 26
1 2 26
1 2 26
1 2 29
1 2 30
1 2 33
1 2 33
1 2 33
1 2 34
1 2 34
1 2 37
1 2 46
1 2 46
1 2 46
1 3 1
1 3 1
1 3 1
1 3 3
1 3 3
1 3 3
1 3 4
1 3 4
1 3 4
1 3 7
1 3 10
1 3 10
1 3 14
1 3 14
1 3 24
1 3 24
1 3 24
1 3 25
1 3 25
1 3 25
1 3 29
1 3 29
1 3 29
1 3 30
1 3 33
1 3 33
1 3 35
1 3 44
1 3 44
1 3 47
1 3 47
1 3 49
1 3 49
1 3 49
1 4 5
1 4 5
1 4 8
1 4 8
1 4 9
1 4 15
1 4 15
1 4 15
1 4 18
1 4 18
1 4 22
1 4 22
1 4 24
1 4 28
1 4 28
1 4 32
1 4 32
1 4 37
1 4 40
1 4 40
1 4 42
1 4 42
1 4 45
1 4 49
1 4 49
1 5 0
1 5 0
1 5 0
1 5 2
1 5 8
1 5 8
1 5 9
1 5 9
1 5 9
1 5 10
1 5 10
1 5 12
1 5 13
1 5 13
1 5 13
1 5 14
1 5 14
1 5 14
1 5 17
1 5 20
1 5 20
1 5 20
1 5 22
1 5 22
1 5 22
1 5 26
1 5 26
1 5 28
1 5 31
1 5 34
1 5 34
1 5 34
1 5 35
1 5 35
1 5 35
1 5 46
1 5 49
1 5 49
1 6 0
1 6 0
1 6 0
1 6 2
1 6 2
1 6 2
1 6 3
1 6 3
1 6 3
1 6 7
1 6 14
1 6 14
1 6 15
1 6 17
1 6 17
1 6 18
1 6 18
1 6 26
1 6 29
1 6 29
1 6 29
1 6 31
1 6 31
1 6 33
1 6 33
1 6 34
1 6 34
1 6 35
1 6 40
1 6 40
1 6 40
1 6 42
1 6 42
1 6 43
1 6 49
1 6 49
1 7 4
1 7 10
1 7 10
1 7 10
1 7 12
1 7 13
1 7 13
1 7 13
1 7 15
1 7 16
1 7 18
1 7 18
1 7 25
1 7 25
1 7 25
1 7 48
1 7 49
1 7 49
1 7 49
1 8 2
1 8 2
1 8 2
1 8 14
1 8 18
1 8 18
1 8 18
1 8 19
1 8 19
1 8 21
1 8 24
1 8 24
1 8 24
1 8 25
1 8 25
1 8 25
1 8 26
1 8 26
1 8 29
1 8 29
1 8 30
1 8 30
1 8 30
1 8 31
1 8 32
1 8 32
1 8 35
1 8 36
1 8 36
1 8 41
1 8 41
1 8 47
1 8 47
1 8 47
1 9 8
1 9 11
1 9 16
1 9 16
1 9 17
1 9 18
1 9 20
1 9 21
1 9 23
1 9 23
1 9 23
1 9 26
1 9 26
1 9 26
1 9 27
1 9 27
1 9 27
1 9 30
1 9 30
1 9 33
1 9 33
1 9 33
1 9 36
1 9 36
1 9 36
1 9 40
1 9 43
1 9 43
1 9 43
1 9 46
1 9 46
1 9 47
1 9 47
1 9 47
1 9 49
1 10 3
1 10 5
1 10 9
1 10 17
1 10 17
1 10 27
1 10 27
1 10 30
1 10 32
1 10 35
1 10 35
1 10 36
1 10 37
1 10 37
1 10 37
1 10 42
1 10 42
1 10 42
1 10 44
1 11 1
1 11 1
1 11 2
1 11 2
1 11 4
1 11 4
1 11 4
1 11 7
1 11 7
1 11 7
1 11 11
1 11 12
1 11 12
1 11 12
1 11 14
1 11 14
1 11 15
1 11 15
1 11 15
1 11 20
1 11 20
1 11 22
1 11 23
1 11 24
1 11 24
1 11 27
1 11 30
1 11 30
1 11 32
1 11 32
1 11 34
1 11 36
1 11 42
1 11 43
1 11 47
1 11 49
1 12 1
1 12 1
1 12 4
1 12 10
1 12 10
1 12 10
1 12 11
1 12 11
1 12 16
1 12 16
1 12 17
1 12 18
1 12 18
1 12 18
1 12 21
1 12 21
1 12 21
1 12 22
1 12 22
1 12 22
1 12 28
1 12 32
1 12 33
1 12 33
1 12 35
1 12 35
1 12 35
1 12 36
1 12 36
1 12 36
1 12 37
1 12 41
1 12 41
1 12 41
1 12 46
1 12 46
1 12 46
1 13 0
1 13 1
1 13 1
1 13 1
1 13 3
1 13 3
1 13 5
1 13 6
1 13 6
1 13 8
1 13 8
1 13 8
1 13 12
1 13 13
1 13 15
1 13 18
1 13 18
1 13 18
1 13 21
1 13 23
1 13 23
1 13 23
1 13 24
1 13 28
1 13 28
1 13 28
1 13 31
1 13 31
1 13 35
1 13 35
1 13 48
1 14 0
1 14 0
1 14 0
1 14 4
1 14 4
1 14 5
1 14 5
1 14 5
1 14 6
1 14 6
1 14 8
1 14 9
1 14 10
1 14 13
1 14 14
1 14 14
1 14 21
1 14 21
1 14 25
1 14 25
1 14 25
1 14 27
1 14 30
1 14 30
1 14 30
1 14 37
1 14 37
1 14 37
1 14 44
1 14 44
1 14 44
1 14 45
1 14 48
1 15 4
1 15 4
1 15 5
1 15 5
1 15 5
1 15 6
1 15 6
1 15 8
1 15 12
1 15 12
1 15 15
1 15 15
1 15 24
1 15 24
1 15 24
1 15 27
1 15 27
1 15 35
1 15 38
1 15 38
1 15 38
1 15 41
1 15 43
1 15 47
1 15 47
1 16 3
1 16 7
1 16 13
1 16 13
1 16 14
1 16 14
1 16 17
1 16 17
1 16 20
1 16 23
1 16 23
1 16 23
1 16 24
1 16 24
1 16 24
1 16 25
1 16 25
1 16 26
1 16 27
1 16 27
1 16 28
1 16 28
1 16 28
1 16 29
1 16 33
1 16 35
1 16 44
1 16 46
1 16 48
1 16 48
1 16 48
1 17 0
1 17 2
1 17 2
1 17 3
1 17 3
1 17 4
1 17 9
1 17 9
1 17 11
1 17 12
1 17 12
1 17 15
1 17 15
1 17 16
1 17 16
1 17 18
1 17 20
1 17 23
1 17 23
1 17 23
1 17 24
1 17 24
1 17 24
1 17 25
1 17 25
1 17 25
1 17 26
1 17 26
1 17 27
1 17 27
1 17 28
1 17 30
1 17 31
1 17 34
1 17 43
1 17 43
1 17 43
1 17 44
1 17 47
1 17 49
1 17 49
1 17 49
1 18 2
1 18 2
1 18 2
1 18 3
1 18 4
1 18 4
1 18 4
1 18 7
1 18 7
1 18 7
1 18 8
1 18 14
1 18 14
1 18 14
1 18 15
1 18 18
1 18 18
1 18 20
1 18 26
1 18 26
1 18 26
1 18 29
1 18 29
1 18 33
1 18 33
1 18 42
1 18 42
1 18 48
1 18 48
1 18 48
1 19 1
1 19 3
1 19 3
1 19 3
1 19 6
1 19 6
1 19 6
1 19 9
1 19 9
1 19 11
1 19 12
1 19 12
1 19 12
1 19 18
1 19 18
1 19 18
1 19 19
1 19 19
1 19 19
1 19 23
1 19 23
1 19 23
1 19 24
1 19 24
1 19 24
1 19 28
1 19 28
1 19 32
1 19 32
1 19 32
1 19 33
1 19 33
1 19 36
1 19 37
1 19 37
1 19 37
1 19 38
1 20 0
1 20 1
1 20 1
1 20 4
1 20 6
1 20 7
1 20 7
1 20 7
1 20 8
1 20 9
1 20 9
1 20 10
1 20 11
1 20 11
1 20 11
1 20 12
1 20 12
1 20 12
1 20 13
1 20 13
1 20 14
1 20 14
1 20 14
1 20 16
1 20 20
1 20 20
1 20 21
1 20 22
1 20 22
1 20 22
1 20 25
1 20 25
1 20 27
1 20 27
1 20 28
1 20 28
1 20 28
1 20 29
1 20 33
1 20 33
1 20 33
1 20 35
1 20 39
1 20 39
1 20 40
1 20 40
1 20 40
1 20 48
1 20 48
1 21 1
1 21 1
1 21 1
1 21 2
1 21 11
1 21 15
1 21 17
1 21 17
1 21 23
1 21 25
1 21 25
1 21 27
1 21 27
1 21 29
1 21 29
1 21 29
1 21 32
1 21 32
1 21 32
1 21 36
1 21 37
1 21 37
1 21 37
1 21 39
1 21 39
1 21 44
1 21 45
1 21 45
1 21 45
1 22 1
1 22 1
1 22 5
1 22 5
1 22 5
1 22 7
1 22 7
1 22 7
1 22 8
1 22 13
1 22 13
1 22 16
1 22 18
1 22 18
1 22 18
1 22 25
1 22 25
1 22 29
1 22 29
1 22 31
1 22 32
1 22 32
1 22 32
1 22 34
1 22 34
1 22 34
1 22 35
1 22 35
1 22 37
1 22 40
1 22 41
1 22 41
1 22 41
1 22 42
1 22 42
1 22 42
1 22 43
1 22 45
1 23 1
1 23 2
1 23 4
1 23 4
1 23 5
1 23 5
1 23 6
1 23 7
1 23 7
1 23 8
1 23 9
1 23 9
1 23 9
1 23 10
1 23 10
1 23 10
1 23 15
1 23 15
1 23 15
1 23 16
1 23 20
1 23 23
1 23 23
1 23 23
1 23 30
1 23 34
1 23 38
1 23 38
1 23 38
1 23 39
1 23 40
1 23 43
1 23 43
1 23 43
1 23 45
1 23 46
1 23 46
1 23 49
1 23 49
1 24 0
1 24 0
1 24 0
1 24 1
1 24 1
1 24 1
1 24 2
1 24 2
1 24 2
1 24 4
1 24 5
1 24 5
1 24 7
1 24 7
1 24 7
1 24 10
1 24 10
1 24 10
1 24 12
1 24 12
1 24 12
1 24 14
1 24 14
1 24 15
1 24 15
1 24 15
1 24 17
1 24 17
1 24 17
1 24 21
1 24 22
1 24 22
1 24 22
1 24 23
1 24 23
1 24 23
1 24 30
1 24 34
1 24 35
1 24 39
1 24 47
1 24 47
1 24 49
1 24 49
1 24 49
1 25 1
1 25 1
1 25 3
1 25 7
1 25 7
1 25 13
1 25 13
1 25 14
1 25 14
1 25 18
1 25 18
1 25 18
1 25 20
1 25 21
1 25 21
1 25 23
1 25 24
1 25 24
1 25 31
1 25 31
1 25 31
1 25 34
1 25 34
1 25 34
1 25 36
1 25 44
1 25 44
1 25 44
1 26 4
1 26 4
1 26 4
1 26 5
1 26 5
1 26 9
1 26 9
1 26 9
1 26 11
1 26 11
1 26 11
1 26 18
1 26 18
1 26 22
1 26 24
1 26 24
1 26 24
1 26 25
1 26 27
1 26 27
1 26 28
1 26 28
1 26 28
1 26 31
1 26 31
1 26 32
1 26 32
1 26 32
1 26 36
1 26 36
1 26 36
1 26 40
1 26 40
1 26 44
1 26 44
1 26 46
1 26 47
1 27 2
1 27 2
1 27 2
1 27 8
1 27 8
1 27 12
1 27 16
1 27 16
1 27 21
1 27 22
1 27 22
1 27 22
1 27 27
1 27 27
1 27 34
1 27 34
1 27 35
1 27 35
1 27 35
1 27 38
1 27 41
1 27 41
1 27 41
1 27 42
1 27 46
1 27 46
1 27 46
1 27 47
1 28 1
1 28 1
1 28 6
1 28 6
1 28 6
1 28 8
1 28 8
1 28 8
1 28 11
1 28 11
1 28 14
1 28 15
1 28 15
1 28 17
1 28 20
1 28 22
1 28 22
1 28 22
1 28 24
1 28 24
1 28 25
1 28 25
1 28 28
1 28 28
1 28 28
1 28 29
1 28 29
1 28 30
1 28 33
1 28 33
1 28 38
1 28 38
1 28 39
1 28 39
1 28 39
1 28 43
1 28 43
1 28 46
1 28 47
1 28 49
1 28 49
1 29 4
1 29 4
1 29 4
1 29 5
1 29 5
1 29 5
1 29 7
1 29 7
1 29 7
1 29 9
1 29 11
1 29 13
1 29 22
1 29 22
1 29 25
1 29 26
1 29 26
1 29 28
1 29 28
1 29 28
1 29 31
1 29 36
1 29 36
1 29 36
1 29 37
1 29 37
1 29 37
1 29 38
1 29 39
1 29 39
1 29 40
1 29 45
1 29 45
1 29 45
1 29 48
1 29 48
1 30 2
1 30 2
1 30 2
1 30 4
1 30 4
1 30 4
1 30 6
1 30 6
1 30 6
1 30 11
1 30 11
1 30 11
1 30 13
1 30 13
1 30 13
1 30 16
1 30 16
1 30 16
1 30 17
1 30 17
1 30 17
1 30 20
1 30 20
1 30 20
1 30 21
1 30 23
1 30 25
1 30 25
1 30 25
1 30 43
1 30 43
1 30 48
1 30 48
1 30 48
1 31 1
1 31 2
1 31 2
1 31 2
1 31 4
1 31 6
1 31 6
1 31 6
1 31 7
1 31 7
1 31 8
1 31 8
1 31 8
1 31 12
1 31 12
1 31 13
1 31 13
1 31 14
1 31 14
1 31 14
1 31 15
1 31 15
1 31 20
1 31 20
1 31 20
1 31 25
1 31 25
1 31 25
1 31 28
1 31 28
1 31 28
1 31 29
1 31 29
1 31 29
1 31 30
1 31 36
1 31 38
1 31 38
1 31 38
1 31 39
1 31 46
1 31 46
1 32 1
1 32 2
1 32 2
1 32 2
1 32 11
1 32 11
1 32 11
1 32 13
1 32 14
1 32 14
1 32 14
1 32 15
1 32 15
1 32 18
1 32 18
1 32 22
1 32 23
1 32 23
1 32 26
1 32 26
1 32 28
1 32 28
1 32 28
1 32 29
1 32 29
1 32 31
1 32 34
1 32 35
1 32 35
1 32 36
1 32 39
1 32 39
1 32 39
1 32 40
1 32 45
1 32 45
1 32 46
1 32 46
1 32 48
1 33 1
1 33 6
1 33 6
1 33 6
1 33 13
1 33 13
1 33 17
1 33 21
1 33 26
1 33 27
1 33 27
1 33 28
1 33 28
1 33 30
1 33 30
1 33 30
1 33 31
1 33 31
1 33 32
1 33 32
1 33 32
1 33 34
1 33 34
1 33 34
1 33 37
1 33 37
1 33 38
1 33 40
1 33 40
1 33 41
1 33 46
1 34 5
1 34 5
1 34 5
1 34 7
1 34 7
1 34 7
1 34 10
1 34 10
1 34 10
1 34 16
1 34 16
1 34 17
1 34 19
1 34 19
1 34 20
1 34 20
1 34 26
1 34 35
1 34 35
1 34 36
1 34 36
1 34 37
1 34 37
1 34 37
1 34 38
1 34 38
1 34 39
1 34 39
1 34 39
1 34 40
1 34 42
1 34 42
1 34 42
1 34 43
1 34 43
1 34 43
1 35 0
1 35 0
1 35 2
1 35 6
1 35 8
1 35 8
1 35 11
1 35 11
1 35 12
1 35 13
1 35 14
1 35 14
1 35 15
1 35 15
1 35 15
1 35 16
1 35 16
1 35 16
1 35 17
1 35 17
1 35 17
1 35 20
1 35 20
1 35 21
1 35 23
1 35 25
1 35 25
1 35 28
1 35 29
1 35 39
1 35 44
1 35 44
1 35 45
1 35 47
1 35 47
1 36 0
1 36 0
1 36 0
1 36 5
1 36 7
1 36 7
1 36 17
1 36 19
1 36 26
1 36 30
1 36 31
1 36 31
1 36 31
1 36 34
1 36 34
1 36 34
1 36 35
1 36 37
1 36 41
1 36 41
1 36 44
1 36 44
1 36 44
1 36 49
1 37 9
1 37 9
1 37 10
1 37 12
1 37 12
1 37 14
1 37 14
1 37 18
1 37 18
1 37 20
1 37 20
1 37 21
1 37 21
1 37 21
1 37 22
1 37 22
1 37 25
1 37 25
1 37 25
1 37 30
1 37 30
1 37 30
1 37 31
1 37 31
1 37 33
1 37 38
1 37 38
1 37 39
1 37 49
1 37 49
1 37 49
1 38 2
1 38 9
1 38 9
1 38 9
1 38 19
1 38 20
1 38 20
1 38 21
1 38 21
1 38 23
1 38 23
1 38 23
1 38 24
1 38 28
1 38 37
1 38 40
1 38 40
1 38 47
1 38 47
1 39 0
1 39 0
1 39 3
1 39 3
1 39 4
1 39 4
1 39 5
1 39 7
1 39 7
1 39 7
1 39 8
1 39 8
1 39 10
1 39 10
1 39 10
1 39 15
1 39 17
1 39 17
1 39 17
1 39 22
1 39 22
1 39 22
1 39 31
1 39 31
1 39 34
1 39 35
1 39 43
1 39 43
1 39 45
1 39 47
1 39 47
1 39 49
1 39 49
1 39 49
1 40 2
1 40 5
1 40 7
1 40 8
1 40 13
1 40 28
1 40 36
1 40 41
1 40 41
1 40 43
1 40 43
1 40 43
1 40 44
1 40 44
1 41 1
1 41 1
1 41 1
1 41 13
1 41 13
1 41 14
1 41 14
1 41 18
1 41 19
1 41 19
1 41 19
1 41 20
1 41 22
1 41 25
1 41 27
1 41 27
1 41 28
1 41 28
1 41 31
1 41 31
1 41 41
1 41 41
1 41 44
1 41 44
1 41 44
1 41 46
1 41 46
1 41 46
1 41 48
1 41 48
1 41 48
1 42 3
1 42 3
1 42 3
1 42 5
1 42 6
1 42 6
1 42 6
1 42 7
1 42 7
1 42 7
1 42 8
1 42 8
1 42 18
1 42 18
1 42 18
1 42 20
1 42 20
1 42 20
1 42 23
1 42 23
1 42 23
1 42 24
1 42 24
1 42 24
1 42 25
1 42 25
1 42 25
1 42 31
1 42 31
1 42 31
1 42 35
1 42 35
1 42 35
1 42 38
1 42 40
1 42 42
1 42 42
1 42 42
1 43 0
1 43 0
1 43 0
1 43 1
1 43 1
1 43 3
1 43 3
1 43 3
1 43 4
1 43 5
1 43 5
1 43 5
1 43 7
1 43 7
1 43 7
1 43 8
1 43 11
1 43 11
1 43 11
1 43 15
1 43 15
1 43 15
1 43 18
1 43 18
1 43 18
1 43 19
1 43 19
1 43 19
1 43 21
1 43 21
1 43 27
1 43 29
1 43 29
1 43 29
1 43 33
1 43 35
1 43 35
1 43 36
1 43 40
1 43 40
1 43 40
1 43 41
1 43 48
1 44 3
1 44 8
1 44 8
1 44 8
1 44 12
1 44 12
1 44 12
1 44 13
1 44 20
1 44 20
1 44 22
1 44 25
1 44 25
1 44 25
1 44 26
1 44 27
1 44 29
1 44 31
1 44 32
1 44 32
1 44 32
1 44 33
1 44 33
1 44 33
1 44 39
1 44 39
1 44 39
1 44 42
1 44 43
1 44 43
1 45 1
1 45 1
1 45 1
1 45 8
1 45 8
1 45 8
1 45 9
1 45 9
1 45 11
1 45 11
1 45 12
1 45 12
1 45 14
1 45 14
1 45 15
1 45 15
1 45 18
1 45 18
1 45 30
1 45 30
1 45 30
1 45 31
1 45 31
1 45 31
1 45 36
1 45 36
1 45 41
1 45 46
1 45 49
1 45 49
1 46 1
1 46 5
1 46 12
1 46 13
1 46 14
1 46 15
1 46 15
1 46 15
1 46 22
1 46 22
1 46 22
1 46 25
1 46 26
1 46 27
1 46 27
1 46 27
1 46 29
1 46 29
1 46 29
1 46 30
1 46 30
1 46 30
1 46 32
1 46 32
1 46 35
1 46 35
1 46 36
1 46 36
1 46 37
1 46 38
1 46 38
1 46 39
1 46 39
1 46 45
1 46 45
1 46 45
1 46 47
1 47 4
1 47 5
1 47 10
1 47 11
1 47 11
1 47 15
1 47 16
1 47 16
1 47 20
1 47 20
1 47 21
1 47 21
1 47 24
1 47 24
1 47 26
1 47 26
1 47 26
1 47 29
1 47 29
1 47 30
1 47 30
1 47 31
1 47 36
1 47 36
1 47 36
1 47 39
1 48 2
1 48 2
1 48 3
1 48 3
1 48 3
1 48 4
1 48 4
1 48 8
1 48 11
1 48 11
1 48 11
1 48 14
1 48 14
1 48 16
1 48 16
1 48 21
1 48 21
1 48 28
1 48 28
1 48 28
1 48 30
1 48 31
1 48 31
1 48 31
1 48 32
1 48 33
1 48 36
1 48 36
1 48 36
1 48 39
1 48 39
1 48 39
1 48 40
1 48 40
1 48 40
1 48 44
1 48 45
1 48 46
1 48 46
1 49 0
1 49 0
1 49 14
1 49 14
1 49 17
1 49 17
1 49 17
1 49 18
1 49 28
1 49 28
1 49 29
1 49 29
1 49 29
1 49 45
1 49 45
2 0 6
2 0 10
2 0 18
2 0 20
2 0 43
2 1 32
2 1 37
2 2 8
2 2 29
2 2 49
2 4 27
2 4 40
2 5 12
2 5 31
2 5 34
2 7 10
2 7 25
2 7 38
2 8 35
2 9 11
2 9 23
2 11 0
2 12 16
2 13 5
2 13 43
2 13 48
2 15 20
2 15 22
2 16 33
2 16 46
2 17 15
2 17 18
2 18 22
2 19 0
2 19 35
2 20 27
2 20 48
2 21 23
2 21 42
2 22 34
2 23 15
2 24 17
2 24 21
2 26 40
2 27 7
2 27 34
2 27 38
2 28 24
2 29 3
2 30 6
2 30 33
2 31 1
2 31 27
2 31 45
2 34 19
2 35 11
2 35 25
2 35 28
2 36 19
2 36 34
2 37 8
2 38 47
2 39 3
2 39 7
2 39 33
2 39 43
2 40 13
2 40 28
2 40 33
2 41 10
2 41 18
2 42 5
2 42 30
2 44 12
2 45 34
2 46 4
2 46 10
2 46 25
2 47 19
2 48 44
