1 0 2
1 0 2
1 0 2
1 0 6
1 0 6
1 0 7
1 0 8
1 0 8
1 0 8
1 0 12
1 0 19
1 0 19
1 0 20
1 0 20
1 0 20
1 0 22
1 0 22
1 0 24
1 0 24
1 0 24
1 0 25
1 0 26
1 0 26
1 0 26
1 0 28
1 0 28
1 0 30
1 0 31
1 0 31
1 0 35
1 0 35
1 0 37
1 0 37
1 0 44
1 0 44
1 0 44
1 0 47
1 0 48
1 0 48
1 1 2
1 1 2
1 1 2
1 1 4
1 1 4
1 1 7
1 1 9
1 1 12
1 1 12
1 1 12
1 1 18
1 1 18
1 1 18
1 1 22
1 1 24
1 1 24
1 1 27
1 1 27
1 1 27
1 1 29
1 1 29
1 1 30
1 1 30
1 1 31
1 1 35
1 1 43
1 1 43
1 1 44
1 1 44
1 1 44
1 1 47
1 1 47
1 1 48
1 1 48
1 2 3
1 2 3
1 2 6
1 2 6
1 2 7
1 2 7
1 2 8
1 2 8
1 2 9
1 2 9
1 2 9
1 2 12
1 2 13
1 2 13
1 2 13
1 2 15
1 2 15
1 2 23
1 2 23
1 2 23
1 2 28
1 2 28
1 2 30
1 2 30
1 2 30
1 2 35
1 2 35
1 2 35
1 2 36
1 2 36
1 2 36
1 2 38
1 2 38
1 2 45
1 2 45
1 3 0
1 3 1
1 3 9
1 3 9
1 3 13
1 3 13
1 3 16
1 3 18
1 3 18
1 3 21
1 3 21
1 3 21
1 3 29
1 3 32
1 3 32
1 3 33
1 3 33
1 3 34
1 3 35
1 3 35
1 3 35
1 3 36
1 3 36
1 3 36
1 3 39
1 3 39
1 3 39
1 3 45
1 3 45
1 3 45
1 3 46
1 3 47
1 4 4
1 4 4
1 4 4
1 4 5
1 4 5
1 4 6
1 4 6
1 4 8
1 4 8
1 4 9
1 4 9
1 4 11
1 4 11
1 4 11
1 4 14
1 4 17
1 4 17
1 4 18
1 4 18
1 4 23
1 4 24
1 4 24
1 4 28
1 4 28
1 4 28
1 4 29
1 4 29
1 4 29
1 4 30
1 4 30
1 4 30
1 4 36
1 4 36
1 4 36
1 4 38
1 4 40
1 4 40
1 4 42
1 4 42
1 4 46
1 5 0
1 5 0
1 5 0
1 5 4
1 5 4
1 5 5
1 5 12
1 5 23
1 5 23
1 5 23
1 5 24
1 5 24
1 5 24
1 5 28
1 5 28
1 5 29
1 5 29
1 5 29
1 5 31
1 5 31
1 5 31
1 5 33
1 5 33
1 5 33
1 5 34
1 5 34
1 5 37
1 5 37
1 5 37
1 5 38
1 5 42
1 5 43
1 5 43
1 5 43
1 5 44
1 5 44
1 5 44
1 5 47
1 5 47
1 5 47
1 6 1
1 6 4
1 6 13
1 6 14
1 6 14
1 6 14
1 6 15
1 6 17
1 6 19
1 6 19
1 6 25
1 6 26
1 6 26
1 6 33
1 6 34
1 6 42
1 6 48
1 6 48
1 6 48
1 7 3
1 7 3
1 7 15
1 7 15
1 7 16
1 7 16
1 7 16
1 7 17
1 7 21
1 7 21
1 7 21
1 7 27
1 7 32
1 7 32
1 7 32
1 7 33
1 7 33
1 7 33
1 7 34
1 7 34
1 7 34
1 7 37
1 7 38
1 7 47
1 7 47
1 7 47
1 8 0
1 8 0
1 8 3
1 8 8
1 8 8
1 8 11
1 8 11
1 8 11
1 8 13
1 8 13
1 8 14
1 8 20
1 8 22
1 8 26
1 8 33
1 8 33
1 8 36
1 8 36
1 8 38
1 8 42
1 8 43
1 8 43
1 8 44
1 9 0
1 9 0
1 9 1
1 9 3
1 9 3
1 9 3
1 9 6
1 9 6
1 9 6
1 9 8
1 9 8
1 9 9
1 9 9
1 9 10
1 9 17
1 9 17
1 9 17
1 9 18
1 9 20
1 9 21
1 9 21
1 9 21
1 9 24
1 9 30
1 9 30
1 9 31
1 9 31
1 9 40
1 9 40
1 9 40
1 9 48
1 9 48
1 10 0
1 10 0
1 10 1
1 10 1
1 10 2
1 10 10
1 10 10
1 10 10
1 10 12
1 10 12
1 10 14
1 10 14
1 10 18
1 10 18
1 10 18
1 10 20
1 10 20
1 10 25
1 10 25
1 10 26
1 10 28
1 10 28
1 10 31
1 10 31
1 10 31
1 10 33
1 10 33
1 10 33
1 10 46
1 10 46
1 11 3
1 11 4
1 11 5
1 11 5
1 11 5
1 11 6
1 11 9
1 11 11
1 11 11
1 11 12
1 11 12
1 11 12
1 11 15
1 11 15
1 11 17
1 11 17
1 11 17
1 11 19
1 11 21
1 11 26
1 11 27
1 11 27
1 11 28
1 11 31
1 11 31
1 11 31
1 11 45
1 11 45
1 11 48
1 11 48
1 11 48
1 11 49
1 11 49
1 11 49
1 12 3
1 12 3
1 12 4
1 12 4
1 12 4
1 12 5
1 12 5
1 12 5
1 12 12
1 12 12
1 12 15
1 12 15
1 12 17
1 12 17
1 12 17
1 12 20
1 12 20
1 12 20
1 12 24
1 12 24
1 12 24
1 12 25
1 12 25
1 12 29
1 12 32
1 12 32
1 12 42
1 12 47
1 12 47
1 12 49
1 12 49
1 13 0
1 13 7
1 13 7
1 13 7
1 13 8
1 13 8
1 13 12
1 13 12
1 13 12
1 13 14
1 13 14
1 13 21
1 13 22
1 13 22
1 13 22
1 13 23
1 13 23
1 13 26
1 13 26
1 13 28
1 13 28
1 13 31
1 13 32
1 13 33
1 13 33
1 13 34
1 13 35
1 13 35
1 13 36
1 13 36
1 13 36
1 13 41
1 13 41
1 13 41
1 13 47
1 13 47
1 13 48
1 13 48
1 13 49
1 13 49
1 14 0
1 14 3
1 14 3
1 14 12
1 14 12
1 14 17
1 14 17
1 14 19
1 14 19
1 14 19
1 14 21
1 14 21
1 14 21
1 14 23
1 14 27
1 14 28
1 14 28
1 14 29
1 14 29
1 14 29
1 14 30
1 14 34
1 14 34
1 14 37
1 14 37
1 14 37
1 14 38
1 14 38
1 14 40
1 14 40
1 14 40
1 14 41
1 14 44
1 14 44
1 14 49
1 14 49
1 15 2
1 15 5
1 15 5
1 15 5
1 15 7
1 15 7
1 15 8
1 15 9
1 15 10
1 15 10
1 15 20
1 15 20
1 15 20
1 15 23
1 15 25
1 15 25
1 15 25
1 15 27
1 15 28
1 15 29
1 15 29
1 15 35
1 15 35
1 15 35
1 15 37
1 15 38
1 15 39
1 16 4
1 16 4
1 16 4
1 16 6
1 16 6
1 16 6
1 16 7
1 16 7
1 16 9
1 16 14
1 16 14
1 16 14
1 16 17
1 16 17
1 16 17
1 16 18
1 16 19
1 16 21
1 16 25
1 16 26
1 16 31
1 16 31
1 16 36
1 16 36
1 16 36
1 16 37
1 16 45
1 16 45
1 16 46
1 17 7
1 17 7
1 17 9
1 17 9
1 17 9
1 17 11
1 17 11
1 17 12
1 17 12
1 17 12
1 17 14
1 17 15
1 17 16
1 17 19
1 17 20
1 17 20
1 17 20
1 17 21
1 17 21
1 17 22
1 17 23
1 17 23
1 17 34
1 17 34
1 17 37
1 17 37
1 17 38
1 17 40
1 17 40
1 17 42
1 17 42
1 17 47
1 17 47
1 17 49
1 18 0
1 18 3
1 18 3
1 18 3
1 18 6
1 18 6
1 18 7
1 18 7
1 18 7
1 18 10
1 18 11
1 18 11
1 18 15
1 18 15
1 18 15
1 18 20
1 18 20
1 18 20
1 18 24
1 18 27
1 18 27
1 18 29
1 18 31
1 18 31
1 18 33
1 18 33
1 18 33
1 18 36
1 18 36
1 18 36
1 18 37
1 18 37
1 18 39
1 18 39
1 18 42
1 18 42
1 18 42
1 18 47
1 19 3
1 19 5
1 19 5
1 19 5
1 19 7
1 19 7
1 19 7
1 19 9
1 19 9
1 19 12
1 19 12
1 19 12
1 19 16
1 19 16
1 19 16
1 19 17
1 19 17
1 19 17
1 19 22
1 19 22
1 19 23
1 19 23
1 19 31
1 19 31
1 19 32
1 19 32
1 19 32
1 19 35
1 19 35
1 19 35
1 19 39
1 19 39
1 19 39
1 19 40
1 19 40
1 19 41
1 20 1
1 20 1
1 20 1
1 20 2
1 20 2
1 20 2
1 20 3
1 20 3
1 20 3
1 20 5
1 20 5
1 20 6
1 20 7
1 20 7
1 20 9
1 20 10
1 20 10
1 20 10
1 20 17
1 20 17
1 20 18
1 20 18
1 20 18
1 20 19
1 20 23
1 20 23
1 20 23
1 20 26
1 20 26
1 20 30
1 20 30
1 20 33
1 20 33
1 20 33
1 20 37
1 20 39
1 20 39
1 20 42
1 20 42
1 20 42
1 20 46
1 20 46
1 20 46
1 21 3
1 21 3
1 21 3
1 21 4
1 21 5
1 21 5
1 21 8
1 21 12
1 21 15
1 21 20
1 21 29
1 21 29
1 21 31
1 21 31
1 21 31
1 21 32
1 21 32
1 21 35
1 21 35
1 21 35
1 21 36
1 21 38
1 21 38
1 21 43
1 21 47
1 21 47
1 21 47
1 22 5
1 22 5
1 22 5
1 22 6
1 22 6
1 22 6
1 22 11
1 22 11
1 22 13
1 22 17
1 22 17
1 22 21
1 22 21
1 22 22
1 22 25
1 22 25
1 22 25
1 22 28
1 22 28
1 22 28
1 22 30
1 22 30
1 22 37
1 22 37
1 22 37
1 23 3
1 23 3
1 23 3
1 23 4
1 23 4
1 23 4
1 23 12
1 23 12
1 23 12
1 23 13
1 23 13
1 23 13
1 23 14
1 23 14
1 23 18
1 23 18
1 23 20
1 23 20
1 23 20
1 23 22
1 23 28
1 23 31
1 23 31
1 23 45
1 23 45
1 23 47
1 23 47
1 23 48
1 23 48
1 24 4
1 24 5
1 24 5
1 24 5
1 24 11
1 24 13
1 24 16
1 24 16
1 24 16
1 24 17
1 24 22
1 24 24
1 24 25
1 24 25
1 24 28
1 24 28
1 24 28
1 24 32
1 24 32
1 24 33
1 24 33
1 24 34
1 24 34
1 24 35
1 24 35
1 24 35
1 24 38
1 24 38
1 24 38
1 24 39
1 24 42
1 24 42
1 24 44
1 24 44
1 24 44
1 24 46
1 24 47
1 24 47
1 24 47
1 24 49
1 24 49
1 24 49
1 25 0
1 25 5
1 25 5
1 25 5
1 25 8
1 25 8
1 25 10
1 25 10
1 25 10
1 25 11
1 25 11
1 25 11
1 25 13
1 25 13
1 25 16
1 25 16
1 25 16
1 25 19
1 25 19
1 25 19
1 25 21
1 25 22
1 25 22
1 25 35
1 25 35
1 25 35
1 25 41
1 25 43
1 25 45
1 25 48
1 25 48
1 26 2
1 26 2
1 26 6
1 26 6
1 26 6
1 26 8
1 26 10
1 26 10
1 26 10
1 26 11
1 26 12
1 26 12
1 26 12
1 26 17
1 26 21
1 26 21
1 26 23
1 26 23
1 26 23
1 26 25
1 26 25
1 26 26
1 26 28
1 26 28
1 26 28
1 26 30
1 26 34
1 26 34
1 26 34
1 26 35
1 26 37
1 26 42
1 26 43
1 26 45
1 26 46
1 26 49
1 27 0
1 27 3
1 27 3
1 27 9
1 27 9
1 27 10
1 27 10
1 27 10
1 27 13
1 27 14
1 27 14
1 27 20
1 27 30
1 27 30
1 27 33
1 27 33
1 27 39
1 27 39
1 27 40
1 27 43
1 27 43
1 27 43
1 27 44
1 27 45
1 27 46
1 27 46
1 27 49
1 27 49
1 27 49
1 28 2
1 28 3
1 28 3
1 28 3
1 28 4
1 28 9
1 28 9
1 28 10
1 28 10
1 28 10
1 28 12
1 28 12
1 28 13
1 28 14
1 28 14
1 28 17
1 28 17
1 28 17
1 28 18
1 28 18
1 28 18
1 28 21
1 28 21
1 28 22
1 28 23
1 28 23
1 28 23
1 28 26
1 28 26
1 28 26
1 28 27
1 28 30
1 28 30
1 28 31
1 28 34
1 28 37
1 28 38
1 28 39
1 28 39
1 28 39
1 28 41
1 28 41
1 28 41
1 28 42
1 28 42
1 28 44
1 29 2
1 29 4
1 29 6
1 29 6
1 29 6
1 29 12
1 29 12
1 29 12
1 29 13
1 29 15
1 29 16
1 29 17
1 29 17
1 29 17
1 29 18
1 29 26
1 29 26
1 29 29
1 29 29
1 29 29
1 29 30
1 29 30
1 29 30
1 29 31
1 29 31
1 29 31
1 29 35
1 29 35
1 29 38
1 29 38
1 29 38
1 29 40
1 29 40
1 29 40
1 29 46
1 29 46
1 30 2
1 30 2
1 30 11
1 30 11
1 30 11
1 30 14
1 30 15
1 30 19
1 30 19
1 30 20
1 30 20
1 30 20
1 30 23
1 30 23
1 30 31
1 30 37
1 30 37
1 30 39
1 30 43
1 30 43
1 30 48
1 30 48
1 30 48
1 30 49
1 30 49
1 31 0
1 31 6
1 31 6
1 31 6
1 31 7
1 31 12
1 31 12
1 31 12
1 31 13
1 31 21
1 31 21
1 31 21
1 31 22
1 31 23
1 31 23
1 31 33
1 31 37
1 31 37
1 31 38
1 31 38
1 31 40
1 31 40
1 31 41
1 31 41
1 31 42
1 31 44
1 31 44
1 31 44
1 31 46
1 31 46
1 32 2
1 32 2
1 32 2
1 32 5
1 32 6
1 32 8
1 32 9
1 32 9
1 32 11
1 32 17
1 32 17
1 32 18
1 32 18
1 32 23
1 32 25
1 32 26
1 32 28
1 32 32
1 32 32
1 32 32
1 32 33
1 32 33
1 32 33
1 32 39
1 32 42
1 32 42
1 32 45
1 32 48
1 32 48
1 32 48
1 33 1
1 33 1
1 33 2
1 33 7
1 33 7
1 33 8
1 33 8
1 33 8
1 33 12
1 33 12
1 33 12
1 33 17
1 33 23
1 33 23
1 33 25
1 33 25
1 33 31
1 33 31
1 33 31
1 33 37
1 33 37
1 33 38
1 33 38
1 33 38
1 33 39
1 33 39
1 33 40
1 33 40
1 33 43
1 33 44
1 33 44
1 33 44
1 33 46
1 34 4
1 34 4
1 34 4
1 34 5
1 34 7
1 34 7
1 34 7
1 34 10
1 34 11
1 34 11
1 34 13
1 34 13
1 34 14
1 34 14
1 34 15
1 34 15
1 34 17
1 34 17
1 34 21
1 34 21
1 34 22
1 34 22
1 34 22
1 34 24
1 34 24
1 34 26
1 34 27
1 34 27
1 34 29
1 34 29
1 34 29
1 34 30
1 34 30
1 34 31
1 34 31
1 34 32
1 34 33
1 34 33
1 34 35
1 34 37
1 34 37
1 34 38
1 34 38
1 34 40
1 34 40
1 34 40
1 34 42
1 34 42
1 34 42
1 34 43
1 34 43
1 34 43
1 34 46
1 34 46
1 34 46
1 34 47
1 34 47
1 35 11
1 35 11
1 35 14
1 35 14
1 35 14
1 35 15
1 35 18
1 35 24
1 35 25
1 35 25
1 35 35
1 35 39
1 35 39
1 35 39
1 35 40
1 35 40
1 35 41
1 35 43
1 35 43
1 35 48
1 35 48
1 35 48
1 35 49
1 35 49
1 36 1
1 36 1
1 36 1
1 36 4
1 36 6
1 36 6
1 36 6
1 36 9
1 36 9
1 36 11
1 36 11
1 36 11
1 36 13
1 36 13
1 36 19
1 36 19
1 36 20
1 36 20
1 36 23
1 36 30
1 36 30
1 36 30
1 36 34
1 36 34
1 36 34
1 36 35
1 36 35
1 36 35
1 36 39
1 36 39
1 36 41
1 36 41
1 36 42
1 36 45
1 36 45
1 36 46
1 36 46
1 36 48
1 37 3
1 37 4
1 37 4
1 37 11
1 37 11
1 37 14
1 37 14
1 37 14
1 37 17
1 37 17
1 37 17
1 37 21
1 37 23
1 37 26
1 37 28
1 37 28
1 37 32
1 37 37
1 37 37
1 37 40
1 37 40
1 37 40
1 37 42
1 37 42
1 37 43
1 37 46
1 37 46
1 37 46
1 37 49
1 38 0
1 38 4
1 38 5
1 38 6
1 38 6
1 38 8
1 38 8
1 38 10
1 38 10
1 38 11
1 38 12
1 38 12
1 38 13
1 38 13
1 38 14
1 38 14
1 38 15
1 38 15
1 38 15
1 38 16
1 38 16
1 38 16
1 38 17
1 38 17
1 38 19
1 38 24
1 38 28
1 38 28
1 38 28
1 38 30
1 38 30
1 38 31
1 38 31
1 38 31
1 38 33
1 38 33
1 38 33
1 38 37
1 38 37
1 38 39
1 38 39
1 38 39
1 38 44
1 38 44
1 38 44
1 38 46
1 38 46
1 38 49
1 39 0
1 39 6
1 39 6
1 39 11
1 39 11
1 39 11
1 39 12
1 39 12
1 39 13
1 39 13
1 39 13
1 39 14
1 39 14
1 39 16
1 39 16
1 39 16
1 39 17
1 39 17
1 39 18
1 39 18
1 39 18
1 39 19
1 39 19
1 39 23
1 39 23
1 39 24
1 39 24
1 39 26
1 39 30
1 39 30
1 39 33
1 39 33
1 39 36
1 39 36
1 39 36
1 39 40
1 39 42
1 39 42
1 39 42
1 39 47
1 39 47
1 40 2
1 40 2
1 40 2
1 40 4
1 40 4
1 40 5
1 40 5
1 40 5
1 40 8
1 40 17
1 40 19
1 40 19
1 40 20
1 40 27
1 40 27
1 40 29
1 40 30
1 40 30
1 40 33
1 40 33
1 40 35
1 40 35
1 40 35
1 40 38
1 40 40
1 40 40
1 40 40
1 40 41
1 40 41
1 40 42
1 40 42
1 40 43
1 40 43
1 40 44
1 40 44
1 40 44
1 40 45
1 41 0
1 41 0
1 41 1
1 41 5
1 41 10
1 41 13
1 41 23
1 41 24
1 41 24
1 41 25
1 41 26
1 41 26
1 41 26
1 41 30
1 41 30
1 41 30
1 41 33
1 41 33
1 41 33
1 41 35
1 41 35
1 41 35
1 41 37
1 41 37
1 41 37
1 41 38
1 41 38
1 41 38
1 41 39
1 41 39
1 41 39
1 41 41
1 41 41
1 41 43
1 41 43
1 41 46
1 42 3
1 42 3
1 42 4
1 42 9
1 42 9
1 42 13
1 42 13
1 42 14
1 42 14
1 42 16
1 42 17
1 42 17
1 42 17
1 42 18
1 42 18
1 42 21
1 42 21
1 42 21
1 42 23
1 42 23
1 42 23
1 42 24
1 42 24
1 42 24
1 42 27
1 42 27
1 42 31
1 42 32
1 42 33
1 42 33
1 42 33
1 42 38
1 42 41
1 42 43
1 42 43
1 42 43
1 42 47
1 42 47
1 42 47
1 43 2
1 43 5
1 43 9
1 43 12
1 43 12
1 43 17
1 43 18
1 43 18
1 43 22
1 43 22
1 43 22
1 43 23
1 43 23
1 43 23
1 43 26
1 43 27
1 43 27
1 43 31
1 43 31
1 43 31
1 43 36
1 43 36
1 43 37
1 43 37
1 43 41
1 43 41
1 43 41
1 43 44
1 43 44
1 43 44
1 43 47
1 44 2
1 44 6
1 44 6
1 44 6
1 44 11
1 44 17
1 44 17
1 44 21
1 44 22
1 44 27
1 44 27
1 44 29
1 44 29
1 44 31
1 44 31
1 44 35
1 44 35
1 44 35
1 44 37
1 44 49
1 44 49
1 45 4
1 45 4
1 45 4
1 45 6
1 45 6
1 45 6
1 45 8
1 45 8
1 45 8
1 45 10
1 45 10
1 45 11
1 45 14
1 45 14
1 45 17
1 45 17
1 45 17
1 45 24
1 45 24
1 45 29
1 45 29
1 45 29
1 45 33
1 45 35
1 45 40
1 45 40
1 46 0
1 46 0
1 46 0
1 46 4
1 46 6
1 46 6
1 46 6
1 46 15
1 46 15
1 46 22
1 46 26
1 46 27
1 46 31
1 46 34
1 46 34
1 46 34
1 46 36
1 46 36
1 46 36
1 46 42
1 46 46
1 46 46
1 46 46
1 46 49
1 46 49
1 47 0
1 47 0
1 47 3
1 47 3
1 47 3
1 47 4
1 47 7
1 47 7
1 47 7
1 47 10
1 47 10
1 47 13
1 47 20
1 47 20
1 47 20
1 47 21
1 47 25
1 47 28
1 47 29
1 47 34
1 47 34
1 47 35
1 47 35
1 47 37
1 47 37
1 47 44
1 47 46
1 47 46
1 47 46
1 47 49
1 47 49
1 48 0
1 48 0
1 48 0
1 48 3
1 48 3
1 48 11
1 48 11
1 48 12
1 48 12
1 48 13
1 48 19
1 48 19
1 48 25
1 48 32
1 48 35
1 48 35
1 48 35
1 48 36
1 48 36
1 48 36
1 48 39
1 48 39
1 48 39
1 48 45
1 48 45
1 48 46
1 48 46
1 48 48
1 48 48
1 49 0
1 49 1
1 49 1
1 49 1
1 49 5
1 49 5
1 49 7
1 49 7
1 49 8
1 49 8
1 49 8
1 49 12
1 49 12
1 49 14
1 49 14
1 49 14
1 49 17
1 49 17
1 49 17
1 49 18
1 49 20
1 49 21
1 49 21
1 49 23
1 49 23
1 49 23
1 49 25
1 49 25
1 49 26
1 49 26
1 49 29
1 49 29
1 49 33
1 49 33
1 49 40
1 49 40
1 49 40
1 49 43
1 49 43
1 49 43
1 49 44
1 49 46
1 49 46
1 49 46
1 49 48
1 49 49
2 0 6
2 0 11
2 0 24
2 0 30
2 0 35
2 0 47
2 2 3
2 2 45
2 4 23
2 4 28
2 5 12
2 5 33
2 5 41
2 6 19
2 7 3
2 7 37
2 8 0
2 8 8
2 8 13
2 8 31
2 8 41
2 9 17
2 11 3
2 11 11
2 12 20
2 12 32
2 12 47
2 13 7
2 13 26
2 16 14
2 17 11
2 17 40
2 18 31
2 20 30
2 21 11
2 21 47
2 22 21
2 22 27
2 22 42
2 23 24
2 23 31
2 24 0
2 24 9
2 25 43
2 27 13
2 28 2
2 28 21
2 28 37
2 29 43
2 31 40
2 32 25
2 32 35
2 33 37
2 33 43
2 34 29
2 36 4
2 36 19
2 38 33
2 39 27
2 40 38
2 41 23
2 42 3
2 42 16
2 42 47
2 43 36
2 44 11
2 45 4
2 45 40
2 46 0
2 46 26
2 46 34
2 46 44
2 47 7
2 47 20
2 49 20
