1 0 2
1 0 5
1 0 7
1 0 7
1 0 7
1 0 8
1 0 8
1 0 9
1 0 9
1 0 10
1 0 10
1 0 11
1 0 11
1 0 11
1 0 17
1 0 18
1 0 18
1 0 24
1 0 27
1 0 27
1 0 27
1 0 30
1 0 32
1 0 35
1 0 35
1 0 35
1 0 36
1 0 36
1 0 44
1 0 48
1 0 49
1 0 49
1 1 1
1 1 3
1 1 3
1 1 3
1 1 5
1 1 7
1 1 7
1 1 8
1 1 8
1 1 8
1 1 10
1 1 12
1 1 12
1 1 19
1 1 19
1 1 19
1 1 20
1 1 20
1 1 23
1 1 23
1 1 26
1 1 26
1 1 28
1 1 28
1 1 28
1 1 33
1 1 33
1 1 33
1 1 36
1 1 36
1 1 37
1 1 37
1 1 37
1 1 40
1 1 40
1 1 40
1 1 42
1 1 42
1 1 42
1 1 44
1 1 44
1 1 44
1 1 45
1 1 45
1 1 45
1 1 48
1 1 48
1 1 48
1 2 0
1 2 0
1 2 0
1 2 5
1 2 5
1 2 5
1 2 9
1 2 9
1 2 12
1 2 12
1 2 12
1 2 15
1 2 15
1 2 18
1 2 23
1 2 28
1 2 30
1 2 32
1 2 32
1 2 32
1 2 33
1 2 36
1 2 36
1 2 36
1 2 37
1 2 37
1 2 40
1 2 40
1 2 40
1 2 46
1 2 46
1 2 46
1 3 0
1 3 0
1 3 1
1 3 2
1 3 7
1 3 7
1 3 7
1 3 8
1 3 9
1 3 9
1 3 11
1 3 11
1 3 11
1 3 12
1 3 12
1 3 16
1 3 16
1 3 16
1 3 25
1 3 28
1 3 29
1 3 29
1 3 29
1 3 33
1 3 38
1 3 41
1 3 45
1 3 45
1 3 49
1 4 2
1 4 2
1 4 6
1 4 6
1 4 7
1 4 7
1 4 7
1 4 9
1 4 14
1 4 16
1 4 16
1 4 16
1 4 18
1 4 18
1 4 27
1 4 27
1 4 27
1 4 28
1 4 28
1 4 28
1 4 29
1 4 29
1 4 39
1 4 39
1 4 43
1 5 0
1 5 1
1 5 2
1 5 2
1 5 2
1 5 5
1 5 5
1 5 9
1 5 13
1 5 16
1 5 16
1 5 17
1 5 17
1 5 17
1 5 34
1 5 34
1 5 34
1 5 35
1 5 35
1 5 35
1 5 37
1 5 39
1 5 39
1 5 41
1 5 47
1 5 47
1 5 47
1 5 49
1 6 0
1 6 0
1 6 2
1 6 2
1 6 2
1 6 16
1 6 16
1 6 19
1 6 19
1 6 26
1 6 26
1 6 26
1 6 28
1 6 29
1 6 29
1 6 30
1 6 30
1 6 32
1 6 37
1 6 42
1 6 44
1 6 46
1 6 48
1 6 49
1 6 49
1 6 49
1 7 0
1 7 3
1 7 8
1 7 8
1 7 8
1 7 12
1 7 12
1 7 12
1 7 13
1 7 13
1 7 21
1 7 21
1 7 22
1 7 22
1 7 22
1 7 23
1 7 23
1 7 23
1 7 25
1 7 25
1 7 28
1 7 28
1 7 28
1 7 33
1 7 33
1 7 33
1 7 35
1 7 35
1 7 37
1 7 39
1 7 39
1 7 43
1 7 44
1 7 44
1 7 45
1 7 45
1 7 45
1 7 47
1 7 47
1 7 47
1 8 0
1 8 0
1 8 1
1 8 2
1 8 4
1 8 4
1 8 5
1 8 6
1 8 11
1 8 15
1 8 15
1 8 15
1 8 18
1 8 18
1 8 19
1 8 21
1 8 21
1 8 21
1 8 23
1 8 23
1 8 23
1 8 24
1 8 24
1 8 35
1 8 35
1 8 42
1 8 42
1 8 42
1 8 43
1 8 44
1 8 47
1 8 47
1 8 47
1 9 7
1 9 7
1 9 7
1 9 8
1 9 13
1 9 13
1 9 13
1 9 17
1 9 17
1 9 19
1 9 19
1 9 20
1 9 20
1 9 20
1 9 24
1 9 24
1 9 27
1 9 27
1 9 27
1 9 28
1 9 29
1 9 29
1 9 29
1 9 32
1 9 32
1 9 38
1 9 45
1 9 47
1 9 47
1 9 49
1 10 2
1 10 2
1 10 2
1 10 3
1 10 3
1 10 3
1 10 7
1 10 7
1 10 10
1 10 12
1 10 12
1 10 14
1 10 17
1 10 17
1 10 17
1 10 19
1 10 20
1 10 20
1 10 21
1 10 21
1 10 21
1 10 29
1 10 31
1 10 31
1 10 33
1 10 33
1 10 33
1 10 35
1 10 35
1 10 35
1 10 38
1 10 38
1 10 38
1 10 39
1 10 39
1 10 41
1 10 42
1 10 42
1 10 43
1 10 43
1 10 43
1 10 45
1 10 45
1 10 45
1 10 46
1 10 48
1 10 48
1 10 49
1 10 49
1 11 1
1 11 1
1 11 1
1 11 4
1 11 4
1 11 7
1 11 10
1 11 10
1 11 20
1 11 20
1 11 30
1 11 31
1 11 31
1 11 31
1 11 32
1 11 32
1 11 33
1 11 40
1 11 40
1 11 40
1 11 43
1 11 43
1 11 44
1 11 49
1 11 49
1 11 49
1 12 8
1 12 8
1 12 8
1 12 9
1 12 9
1 12 14
1 12 14
1 12 21
1 12 21
1 12 21
1 12 22
1 12 23
1 12 23
1 12 23
1 12 25
1 12 28
1 12 28
1 12 28
1 12 33
1 12 37
1 12 40
1 12 44
1 12 44
1 12 44
1 13 0
1 13 1
1 13 1
1 13 2
1 13 3
1 13 3
1 13 3
1 13 6
1 13 6
1 13 7
1 13 7
1 13 8
1 13 9
1 13 9
1 13 9
1 13 10
1 13 10
1 13 11
1 13 13
1 13 14
1 13 14
1 13 14
1 13 17
1 13 17
1 13 17
1 13 23
1 13 23
1 13 24
1 13 25
1 13 31
1 13 31
1 13 34
1 13 34
1 13 36
1 13 39
1 13 40
1 13 42
1 13 42
1 13 46
1 13 46
1 13 46
1 14 0
1 14 0
1 14 4
1 14 5
1 14 5
1 14 7
1 14 10
1 14 10
1 14 12
1 14 15
1 14 15
1 14 15
1 14 17
1 14 17
1 14 18
1 14 18
1 14 18
1 14 20
1 14 20
1 14 22
1 14 22
1 14 24
1 14 24
1 14 30
1 14 30
1 14 30
1 14 32
1 14 32
1 14 32
1 14 35
1 14 38
1 14 38
1 14 38
1 14 44
1 14 44
1 14 44
1 14 45
1 14 45
1 14 46
1 14 46
1 14 46
1 14 47
1 15 0
1 15 0
1 15 7
1 15 7
1 15 9
1 15 9
1 15 10
1 15 10
1 15 17
1 15 17
1 15 17
1 15 20
1 15 20
1 15 20
1 15 21
1 15 21
1 15 21
1 15 22
1 15 25
1 15 25
1 15 27
1 15 41
1 15 41
1 15 41
1 15 42
1 15 45
1 16 1
1 16 14
1 16 16
1 16 16
1 16 16
1 16 17
1 16 18
1 16 18
1 16 21
1 16 21
1 16 21
1 16 24
1 16 24
1 16 27
1 16 27
1 16 27
1 16 32
1 16 32
1 16 35
1 16 37
1 16 39
1 16 41
1 16 41
1 16 41
1 16 42
1 16 42
1 16 42
1 16 45
1 16 45
1 16 45
1 16 47
1 16 47
1 16 47
1 16 49
1 16 49
1 16 49
1 17 9
1 17 9
1 17 11
1 17 11
1 17 11
1 17 14
1 17 14
1 17 14
1 17 16
1 17 16
1 17 16
1 17 17
1 17 18
1 17 18
1 17 22
1 17 22
1 17 22
1 17 29
1 17 29
1 17 29
1 17 30
1 17 30
1 17 30
1 17 31
1 17 31
1 17 35
1 17 39
1 17 39
1 17 40
1 17 40
1 17 40
1 17 45
1 17 49
1 17 49
1 18 3
1 18 7
1 18 7
1 18 7
1 18 8
1 18 14
1 18 18
1 18 22
1 18 23
1 18 23
1 18 27
1 18 29
1 18 29
1 18 30
1 18 30
1 18 32
1 18 32
1 18 32
1 18 35
1 18 35
1 18 35
1 18 36
1 18 40
1 18 40
1 18 40
1 18 46
1 18 46
1 18 47
1 18 49
1 18 49
1 19 5
1 19 5
1 19 5
1 19 8
1 19 8
1 19 10
1 19 10
1 19 10
1 19 16
1 19 17
1 19 17
1 19 17
1 19 19
1 19 19
1 19 20
1 19 20
1 19 20
1 19 21
1 19 21
1 19 28
1 19 28
1 19 28
1 19 29
1 19 29
1 19 33
1 19 35
1 19 35
1 19 35
1 19 36
1 19 36
1 19 36
1 19 37
1 19 37
1 19 37
1 19 40
1 19 40
1 19 41
1 19 41
1 19 41
1 19 43
1 19 43
1 19 44
1 19 49
1 19 49
1 20 1
1 20 1
1 20 4
1 20 8
1 20 8
1 20 8
1 20 9
1 20 10
1 20 10
1 20 18
1 20 24
1 20 24
1 20 30
1 20 30
1 20 33
1 20 33
1 20 37
1 20 37
1 20 37
1 20 38
1 20 38
1 20 38
1 20 39
1 20 41
1 20 41
1 20 43
1 20 43
1 20 43
1 20 44
1 20 44
1 20 48
1 20 49
1 20 49
1 20 49
1 21 0
1 21 3
1 21 3
1 21 3
1 21 8
1 21 8
1 21 11
1 21 14
1 21 14
1 21 16
1 21 26
1 21 26
1 21 26
1 21 29
1 21 30
1 21 30
1 21 30
1 21 31
1 21 42
1 21 42
1 21 42
1 21 43
1 21 49
1 21 49
1 21 49
1 22 1
1 22 3
1 22 3
1 22 6
1 22 6
1 22 10
1 22 10
1 22 11
1 22 11
1 22 11
1 22 13
1 22 13
1 22 14
1 22 15
1 22 15
1 22 15
1 22 19
1 22 19
1 22 19
1 22 22
1 22 22
1 22 22
1 22 25
1 22 25
1 22 25
1 22 26
1 22 27
1 22 27
1 22 27
1 22 31
1 22 36
1 22 36
1 22 38
1 22 38
1 22 38
1 22 39
1 22 44
1 22 44
1 22 48
1 22 48
1 23 10
1 23 10
1 23 14
1 23 14
1 23 14
1 23 16
1 23 16
1 23 18
1 23 23
1 23 24
1 23 24
1 23 24
1 23 25
1 23 25
1 23 34
1 23 34
1 23 35
1 23 35
1 23 35
1 23 38
1 23 40
1 23 41
1 23 42
1 23 49
1 23 49
1 24 0
1 24 1
1 24 4
1 24 7
1 24 7
1 24 7
1 24 15
1 24 15
1 24 15
1 24 17
1 24 21
1 24 24
1 24 24
1 24 24
1 24 31
1 24 33
1 24 33
1 24 33
1 24 34
1 24 36
1 24 36
1 24 37
1 24 37
1 24 37
1 24 38
1 24 38
1 24 38
1 24 39
1 24 40
1 25 0
1 25 0
1 25 0
1 25 2
1 25 6
1 25 11
1 25 11
1 25 12
1 25 12
1 25 12
1 25 13
1 25 13
1 25 13
1 25 14
1 25 17
1 25 17
1 25 17
1 25 24
1 25 24
1 25 24
1 25 27
1 25 27
1 25 27
1 25 28
1 25 28
1 25 28
1 25 30
1 25 30
1 25 30
1 25 34
1 25 34
1 25 34
1 25 43
1 25 48
1 26 0
1 26 0
1 26 0
1 26 2
1 26 2
1 26 2
1 26 8
1 26 8
1 26 13
1 26 13
1 26 19
1 26 23
1 26 23
1 26 23
1 26 28
1 26 30
1 26 30
1 26 31
1 26 31
1 26 33
1 26 33
1 26 33
1 26 36
1 26 37
1 26 37
1 26 38
1 26 40
1 26 43
1 26 43
1 26 47
1 26 47
1 26 47
1 27 0
1 27 3
1 27 3
1 27 3
1 27 4
1 27 4
1 27 4
1 27 5
1 27 6
1 27 6
1 27 6
1 27 8
1 27 8
1 27 8
1 27 10
1 27 12
1 27 12
1 27 13
1 27 13
1 27 13
1 27 14
1 27 14
1 27 19
1 27 19
1 27 19
1 27 26
1 27 26
1 27 27
1 27 28
1 27 32
1 27 35
1 27 35
1 27 36
1 27 36
1 27 36
1 27 38
1 27 38
1 27 39
1 27 43
1 27 43
1 27 43
1 27 49
1 27 49
1 27 49
1 28 6
1 28 6
1 28 6
1 28 10
1 28 10
1 28 10
1 28 14
1 28 14
1 28 15
1 28 15
1 28 15
1 28 16
1 28 17
1 28 17
1 28 18
1 28 18
1 28 19
1 28 21
1 28 21
1 28 21
1 28 27
1 28 28
1 28 28
1 28 32
1 28 32
1 28 33
1 28 33
1 28 33
1 28 36
1 28 36
1 28 38
1 28 38
1 28 41
1 28 41
1 28 41
1 28 42
1 28 42
1 28 47
1 28 48
1 28 48
1 29 0
1 29 1
1 29 1
1 29 3
1 29 3
1 29 3
1 29 4
1 29 4
1 29 5
1 29 7
1 29 7
1 29 7
1 29 9
1 29 12
1 29 13
1 29 13
1 29 14
1 29 19
1 29 20
1 29 20
1 29 20
1 29 21
1 29 24
1 29 27
1 29 27
1 29 27
1 29 31
1 29 31
1 29 36
1 29 36
1 29 36
1 29 37
1 29 40
1 29 44
1 29 48
1 29 48
1 29 48
1 30 0
1 30 0
1 30 0
1 30 2
1 30 2
1 30 2
1 30 4
1 30 5
1 30 5
1 30 5
1 30 7
1 30 8
1 30 8
1 30 8
1 30 9
1 30 9
1 30 9
1 30 13
1 30 13
1 30 17
1 30 17
1 30 17
1 30 21
1 30 21
1 30 23
1 30 23
1 30 23
1 30 29
1 30 29
1 30 29
1 30 33
1 30 33
1 30 33
1 30 34
1 30 34
1 30 34
1 30 35
1 30 35
1 30 35
1 30 41
1 30 42
1 30 43
1 30 43
1 30 43
1 30 48
1 30 49
1 30 49
1 30 49
1 31 2
1 31 2
1 31 2
1 31 4
1 31 6
1 31 6
1 31 7
1 31 7
1 31 7
1 31 11
1 31 11
1 31 11
1 31 12
1 31 12
1 31 13
1 31 13
1 31 14
1 31 14
1 31 15
1 31 15
1 31 17
1 31 17
1 31 17
1 31 20
1 31 24
1 31 24
1 31 29
1 31 29
1 31 29
1 31 30
1 31 30
1 31 30
1 31 31
1 31 31
1 31 31
1 31 32
1 31 32
1 31 34
1 31 38
1 31 39
1 31 39
1 31 39
1 32 1
1 32 5
1 32 6
1 32 6
1 32 9
1 32 12
1 32 13
1 32 13
1 32 13
1 32 16
1 32 16
1 32 16
1 32 17
1 32 22
1 32 23
1 32 23
1 32 23
1 32 27
1 32 27
1 32 27
1 32 29
1 32 29
1 32 29
1 32 32
1 32 32
1 32 32
1 32 33
1 32 34
1 32 34
1 32 34
1 32 35
1 32 40
1 32 41
1 32 41
1 32 44
1 33 4
1 33 4
1 33 6
1 33 8
1 33 8
1 33 10
1 33 10
1 33 12
1 33 12
1 33 17
1 33 17
1 33 19
1 33 19
1 33 20
1 33 20
1 33 20
1 33 21
1 33 26
1 33 26
1 33 26
1 33 28
1 33 28
1 33 28
1 33 33
1 33 33
1 33 35
1 33 49
1 34 1
1 34 1
1 34 1
1 34 4
1 34 4
1 34 4
1 34 6
1 34 7
1 34 7
1 34 11
1 34 11
1 34 12
1 34 12
1 34 12
1 34 13
1 34 16
1 34 22
1 34 22
1 34 22
1 34 25
1 34 31
1 34 31
1 34 31
1 34 35
1 34 35
1 34 35
1 34 38
1 34 39
1 34 39
1 34 40
1 34 40
1 34 40
1 34 41
1 34 43
1 34 43
1 34 44
1 34 46
1 34 48
1 34 48
1 35 2
1 35 2
1 35 2
1 35 3
1 35 4
1 35 9
1 35 10
1 35 10
1 35 10
1 35 11
1 35 11
1 35 11
1 35 13
1 35 14
1 35 14
1 35 14
1 35 19
1 35 19
1 35 19
1 35 20
1 35 21
1 35 21
1 35 21
1 35 22
1 35 22
1 35 22
1 35 23
1 35 23
1 35 23
1 35 25
1 35 25
1 35 31
1 35 31
1 35 32
1 35 32
1 35 32
1 35 36
1 35 36
1 35 38
1 35 38
1 35 39
1 35 39
1 35 46
1 36 1
1 36 1
1 36 4
1 36 8
1 36 8
1 36 10
1 36 10
1 36 10
1 36 12
1 36 12
1 36 12
1 36 14
1 36 16
1 36 24
1 36 24
1 36 24
1 36 27
1 36 27
1 36 30
1 36 32
1 36 32
1 36 35
1 36 36
1 36 36
1 36 40
1 36 40
1 36 42
1 36 42
1 36 42
1 36 44
1 36 44
1 36 46
1 37 0
1 37 6
1 37 6
1 37 6
1 37 7
1 37 11
1 37 13
1 37 13
1 37 18
1 37 18
1 37 18
1 37 20
1 37 20
1 37 21
1 37 21
1 37 21
1 37 23
1 37 23
1 37 24
1 37 24
1 37 24
1 37 26
1 37 39
1 37 47
1 37 49
1 37 49
1 37 49
1 38 0
1 38 0
1 38 0
1 38 1
1 38 1
1 38 1
1 38 2
1 38 2
1 38 7
1 38 7
1 38 7
1 38 8
1 38 8
1 38 8
1 38 10
1 38 12
1 38 12
1 38 13
1 38 13
1 38 13
1 38 15
1 38 16
1 38 25
1 38 25
1 38 26
1 38 26
1 38 27
1 38 27
1 38 27
1 38 31
1 38 34
1 38 36
1 38 36
1 38 36
1 38 43
1 38 43
1 38 44
1 38 44
1 38 44
1 38 45
1 38 48
1 38 49
1 38 49
1 38 49
1 39 0
1 39 0
1 39 1
1 39 3
1 39 12
1 39 17
1 39 18
1 39 20
1 39 20
1 39 20
1 39 22
1 39 22
1 39 26
1 39 26
1 39 28
1 39 30
1 39 30
1 39 30
1 39 31
1 39 31
1 39 32
1 39 32
1 39 34
1 39 34
1 39 36
1 39 37
1 39 39
1 39 39
1 39 47
1 39 47
1 39 47
1 40 0
1 40 0
1 40 0
1 40 1
1 40 1
1 40 2
1 40 3
1 40 6
1 40 6
1 40 6
1 40 10
1 40 14
1 40 14
1 40 14
1 40 17
1 40 17
1 40 17
1 40 21
1 40 21
1 40 22
1 40 22
1 40 22
1 40 23
1 40 29
1 40 30
1 40 37
1 40 37
1 40 37
1 40 38
1 40 40
1 40 41
1 40 41
1 40 41
1 40 45
1 40 45
1 40 45
1 40 46
1 40 46
1 41 2
1 41 2
1 41 2
1 41 4
1 41 4
1 41 4
1 41 5
1 41 5
1 41 6
1 41 7
1 41 7
1 41 9
1 41 9
1 41 9
1 41 16
1 41 16
1 41 17
1 41 17
1 41 17
1 41 21
1 41 21
1 41 22
1 41 25
1 41 28
1 41 28
1 41 28
1 41 30
1 41 30
1 41 33
1 41 33
1 41 42
1 41 42
1 41 45
1 41 47
1 41 47
1 41 49
1 42 2
1 42 5
1 42 5
1 42 5
1 42 7
1 42 7
1 42 7
1 42 8
1 42 8
1 42 14
1 42 14
1 42 15
1 42 15
1 42 15
1 42 17
1 42 19
1 42 19
1 42 19
1 42 29
1 42 34
1 42 41
1 43 0
1 43 1
1 43 1
1 43 1
1 43 3
1 43 6
1 43 6
1 43 6
1 43 7
1 43 7
1 43 16
1 43 18
1 43 19
1 43 19
1 43 25
1 43 25
1 43 25
1 43 29
1 43 29
1 43 29
1 43 33
1 43 38
1 43 41
1 43 44
1 43 45
1 43 45
1 43 45
1 44 4
1 44 8
1 44 8
1 44 8
1 44 9
1 44 9
1 44 11
1 44 11
1 44 11
1 44 12
1 44 13
1 44 13
1 44 13
1 44 16
1 44 19
1 44 19
1 44 23
1 44 23
1 44 24
1 44 24
1 44 24
1 44 25
1 44 25
1 44 25
1 44 28
1 44 28
1 44 28
1 44 29
1 44 31
1 44 31
1 44 33
1 44 34
1 44 35
1 44 35
1 44 36
1 44 39
1 44 39
1 44 43
1 44 43
1 44 44
1 44 44
1 44 44
1 44 47
1 44 48
1 45 4
1 45 13
1 45 16
1 45 18
1 45 40
1 45 40
1 45 40
1 45 44
1 45 44
1 46 9
1 46 9
1 46 12
1 46 13
1 46 13
1 46 17
1 46 17
1 46 17
1 46 18
1 46 19
1 46 20
1 46 20
1 46 20
1 46 26
1 46 26
1 46 28
1 46 29
1 46 29
1 46 31
1 46 31
1 46 31
1 46 33
1 46 33
1 46 33
1 46 38
1 46 38
1 47 1
1 47 3
1 47 3
1 47 4
1 47 4
1 47 5
1 47 5
1 47 5
1 47 8
1 47 9
1 47 9
1 47 9
1 47 11
1 47 12
1 47 12
1 47 12
1 47 15
1 47 15
1 47 24
1 47 24
1 47 29
1 47 29
1 47 30
1 47 31
1 47 31
1 47 31
1 47 32
1 47 32
1 47 32
1 47 35
1 47 35
1 47 35
1 47 38
1 47 39
1 47 39
1 47 39
1 47 42
1 47 42
1 47 42
1 47 45
1 47 47
1 48 0
1 48 8
1 48 12
1 48 12
1 48 18
1 48 18
1 48 24
1 48 24
1 48 25
1 48 28
1 48 28
1 48 33
1 48 33
1 48 34
1 48 34
1 48 39
1 48 41
1 48 41
1 48 43
1 48 43
1 48 48
1 48 48
1 48 48
1 48 49
1 48 49
1 49 2
1 49 2
1 49 2
1 49 3
1 49 3
1 49 8
1 49 8
1 49 8
1 49 9
1 49 9
1 49 9
1 49 10
1 49 10
1 49 13
1 49 13
1 49 13
1 49 14
1 49 16
1 49 22
1 49 22
1 49 22
1 49 23
1 49 24
1 49 24
1 49 25
1 49 26
1 49 26
1 49 26
1 49 27
1 49 27
1 49 28
1 49 29
1 49 29
1 49 32
1 49 32
1 49 32
1 49 35
1 49 35
1 49 43
1 49 43
1 49 44
1 49 44
1 49 45
1 49 45
1 49 45
2 0 0
2 0 2
2 0 7
2 0 17
2 0 32
2 0 35
2 0 43
2 0 47
2 1 28
2 3 16
2 3 20
2 5 47
2 6 18
2 6 28
2 7 12
2 7 21
2 7 33
2 7 43
2 8 38
2 9 7
2 9 27
2 9 49
2 10 41
2 11 40
2 12 8
2 12 14
2 12 21
2 13 0
2 14 44
2 15 41
2 16 14
2 16 35
2 17 6
2 17 29
2 18 43
2 20 30
2 21 14
2 21 26
2 22 21
2 22 38
2 23 34
2 24 0
2 25 2
2 25 11
2 25 27
2 28 47
2 29 40
2 31 27
2 33 47
2 34 30
2 34 37
2 35 19
2 36 34
2 37 0
2 37 6
2 37 26
2 38 10
2 38 12
2 38 15
2 39 20
2 40 25
2 42 14
2 42 29
2 43 37
2 43 44
2 44 11
2 45 18
2 46 28
2 46 38
2 47 3
2 49 13
