1 0 1
1 0 3
1 0 6
1 0 6
1 0 6
1 0 10
1 0 10
1 0 25
1 0 25
1 0 31
1 0 31
1 0 31
1 0 33
1 0 33
1 0 37
1 0 37
1 0 38
1 0 41
1 0 41
1 0 41
1 0 44
1 0 44
1 0 44
1 0 45
1 0 47
1 0 47
1 1 1
1 1 5
1 1 5
1 1 5
1 1 8
1 1 10
1 1 10
1 1 12
1 1 14
1 1 14
1 1 17
1 1 19
1 1 19
1 1 21
1 1 22
1 1 22
1 1 22
1 1 23
1 1 25
1 1 25
1 1 25
1 1 26
1 1 37
1 1 37
1 1 37
1 1 46
1 1 48
1 2 1
1 2 1
1 2 2
1 2 2
1 2 2
1 2 3
1 2 6
1 2 11
1 2 15
1 2 18
1 2 18
1 2 20
1 2 20
1 2 21
1 2 21
1 2 21
1 2 23
1 2 25
1 2 25
1 2 25
1 2 29
1 2 29
1 2 29
1 2 31
1 2 31
1 2 31
1 2 33
1 2 33
1 2 34
1 2 35
1 2 35
1 2 35
1 2 36
1 2 36
1 2 36
1 2 37
1 2 37
1 2 37
1 2 38
1 2 42
1 2 42
1 2 43
1 2 44
1 2 44
1 2 46
1 2 46
1 2 46
1 3 0
1 3 0
1 3 0
1 3 3
1 3 3
1 3 3
1 3 4
1 3 4
1 3 4
1 3 7
1 3 7
1 3 8
1 3 8
1 3 9
1 3 11
1 3 14
1 3 14
1 3 14
1 3 21
1 3 21
1 3 23
1 3 23
1 3 23
1 3 24
1 3 24
1 3 27
1 3 27
1 3 27
1 3 29
1 3 29
1 3 32
1 3 33
1 3 33
1 3 35
1 3 35
1 3 36
1 3 36
1 3 37
1 3 38
1 3 39
1 3 41
1 3 41
1 3 41
1 3 45
1 3 45
1 3 45
1 3 46
1 3 46
1 4 0
1 4 0
1 4 2
1 4 5
1 4 5
1 4 7
1 4 7
1 4 7
1 4 8
1 4 8
1 4 8
1 4 10
1 4 10
1 4 10
1 4 12
1 4 12
1 4 16
1 4 16
1 4 19
1 4 19
1 4 19
1 4 25
1 4 25
1 4 28
1 4 28
1 4 28
1 4 29
1 4 34
1 5 0
1 5 0
1 5 1
1 5 3
1 5 10
1 5 10
1 5 12
1 5 12
1 5 14
1 5 14
1 5 14
1 5 16
1 5 16
1 5 16
1 5 21
1 5 21
1 5 21
1 5 27
1 5 27
1 5 27
1 5 30
1 5 30
1 5 30
1 5 32
1 5 32
1 5 34
1 5 34
1 5 36
1 5 37
1 5 40
1 5 40
1 5 41
1 5 41
1 5 41
1 5 46
1 5 46
1 5 49
1 6 3
1 6 5
1 6 5
1 6 5
1 6 8
1 6 8
1 6 8
1 6 10
1 6 10
1 6 10
1 6 11
1 6 11
1 6 11
1 6 12
1 6 12
1 6 14
1 6 16
1 6 16
1 6 18
1 6 18
1 6 18
1 6 28
1 6 28
1 6 28
1 6 30
1 6 30
1 6 30
1 6 38
1 6 38
1 6 38
1 6 41
1 6 41
1 6 48
1 6 49
1 6 49
1 7 3
1 7 4
1 7 6
1 7 15
1 7 15
1 7 15
1 7 16
1 7 16
1 7 18
1 7 20
1 7 20
1 7 20
1 7 21
1 7 21
1 7 22
1 7 22
1 7 23
1 7 23
1 7 29
1 7 29
1 7 34
1 7 34
1 7 34
1 7 35
1 7 35
1 7 38
1 7 38
1 7 39
1 7 42
1 7 42
1 7 42
1 7 47
1 7 47
1 8 0
1 8 0
1 8 0
1 8 5
1 8 5
1 8 9
1 8 9
1 8 13
1 8 16
1 8 19
1 8 19
1 8 19
1 8 20
1 8 20
1 8 20
1 8 21
1 8 21
1 8 21
1 8 22
1 8 22
1 8 24
1 8 25
1 8 28
1 8 31
1 8 31
1 8 32
1 8 32
1 8 35
1 8 35
1 8 35
1 8 36
1 8 36
1 8 37
1 8 37
1 8 37
1 8 38
1 8 38
1 8 38
1 8 40
1 8 41
1 8 43
1 8 45
1 8 45
1 8 45
1 8 48
1 8 48
1 9 0
1 9 0
1 9 0
1 9 7
1 9 7
1 9 7
1 9 9
1 9 9
1 9 11
1 9 11
1 9 11
1 9 14
1 9 14
1 9 14
1 9 16
1 9 16
1 9 17
1 9 17
1 9 17
1 9 19
1 9 20
1 9 23
1 9 23
1 9 24
1 9 30
1 9 30
1 9 30
1 9 34
1 9 35
1 9 35
1 9 35
1 9 37
1 9 38
1 9 38
1 9 38
1 9 41
1 9 41
1 9 41
1 9 44
1 9 46
1 9 46
1 9 46
1 9 47
1 9 49
1 10 4
1 10 4
1 10 4
1 10 6
1 10 6
1 10 6
1 10 7
1 10 12
1 10 20
1 10 21
1 10 22
1 10 26
1 10 29
1 10 30
1 10 30
1 10 32
1 10 35
1 10 35
1 10 39
1 10 39
1 10 39
1 10 45
1 10 47
1 11 7
1 11 7
1 11 10
1 11 15
1 11 15
1 11 15
1 11 21
1 11 22
1 11 22
1 11 22
1 11 24
1 11 24
1 11 24
1 11 26
1 11 27
1 11 32
1 11 33
1 11 33
1 11 33
1 11 36
1 11 36
1 11 36
1 11 38
1 11 38
1 11 39
1 11 39
1 11 39
1 11 41
1 11 43
1 11 43
1 11 44
1 11 44
1 11 44
1 11 47
1 11 47
1 12 1
1 12 1
1 12 1
1 12 2
1 12 2
1 12 3
1 12 3
1 12 10
1 12 12
1 12 12
1 12 12
1 12 17
1 12 17
1 12 17
1 12 18
1 12 18
1 12 18
1 12 19
1 12 19
1 12 19
1 12 21
1 12 22
1 12 22
1 12 22
1 12 23
1 12 23
1 12 23
1 12 25
1 12 26
1 12 26
1 12 26
1 12 27
1 12 27
1 12 27
1 12 29
1 12 32
1 12 35
1 12 35
1 12 38
1 12 38
1 12 40
1 12 49
1 13 1
1 13 1
1 13 1
1 13 4
1 13 4
1 13 4
1 13 5
1 13 5
1 13 5
1 13 7
1 13 7
1 13 14
1 13 16
1 13 17
1 13 18
1 13 18
1 13 18
1 13 20
1 13 20
1 13 20
1 13 24
1 13 24
1 13 26
1 13 26
1 13 27
1 13 27
1 13 30
1 13 30
1 13 30
1 13 32
1 13 32
1 13 32
1 13 36
1 13 46
1 13 46
1 14 0
1 14 4
1 14 4
1 14 7
1 14 7
1 14 15
1 14 23
1 14 26
1 14 26
1 14 26
1 14 28
1 14 29
1 14 29
1 14 29
1 14 30
1 14 30
1 14 30
1 14 31
1 14 31
1 14 31
1 14 32
1 14 32
1 14 32
1 14 33
1 14 34
1 14 34
1 14 38
1 14 38
1 14 39
1 14 39
1 14 41
1 14 42
1 14 48
1 14 48
1 14 48
1 15 8
1 15 12
1 15 12
1 15 12
1 15 18
1 15 18
1 15 18
1 15 19
1 15 19
1 15 20
1 15 20
1 15 23
1 15 23
1 15 26
1 15 27
1 15 27
1 15 27
1 15 32
1 15 36
1 15 38
1 15 39
1 15 40
1 15 40
1 15 40
1 15 43
1 16 2
1 16 2
1 16 5
1 16 5
1 16 8
1 16 8
1 16 12
1 16 19
1 16 19
1 16 19
1 16 20
1 16 20
1 16 28
1 16 30
1 16 31
1 16 31
1 16 37
1 16 38
1 16 38
1 16 40
1 16 43
1 16 43
1 16 49
1 16 49
1 16 49
1 17 2
1 17 2
1 17 9
1 17 11
1 17 11
1 17 11
1 17 15
1 17 23
1 17 24
1 17 24
1 17 27
1 17 27
1 17 31
1 17 31
1 17 33
1 17 33
1 17 38
1 17 38
1 17 42
1 17 42
1 17 42
1 17 46
1 17 46
1 18 0
1 18 0
1 18 4
1 18 4
1 18 4
1 18 7
1 18 7
1 18 7
1 18 8
1 18 8
1 18 10
1 18 11
1 18 11
1 18 13
1 18 13
1 18 19
1 18 19
1 18 19
1 18 20
1 18 21
1 18 21
1 18 21
1 18 27
1 18 30
1 18 30
1 18 31
1 18 31
1 18 31
1 18 36
1 18 42
1 18 42
1 18 42
1 18 45
1 18 48
1 19 2
1 19 2
1 19 3
1 19 3
1 19 4
1 19 8
1 19 12
1 19 16
1 19 16
1 19 18
1 19 18
1 19 19
1 19 19
1 19 19
1 19 26
1 19 26
1 19 30
1 19 30
1 19 40
1 19 40
1 19 40
1 19 43
1 19 43
1 19 44
1 19 44
1 19 47
1 19 47
1 19 47
1 19 49
1 19 49
1 20 0
1 20 1
1 20 1
1 20 1
1 20 3
1 20 3
1 20 3
1 20 4
1 20 4
1 20 6
1 20 6
1 20 6
1 20 9
1 20 9
1 20 10
1 20 10
1 20 12
1 20 12
1 20 16
1 20 20
1 20 20
1 20 21
1 20 21
1 20 27
1 20 31
1 20 31
1 20 38
1 20 38
1 20 41
1 20 41
1 20 41
1 20 43
1 20 43
1 20 45
1 21 2
1 21 2
1 21 2
1 21 9
1 21 9
1 21 10
1 21 10
1 21 11
1 21 15
1 21 19
1 21 19
1 21 19
1 21 22
1 21 22
1 21 22
1 21 23
1 21 23
1 21 24
1 21 24
1 21 25
1 21 25
1 21 25
1 21 31
1 21 31
1 21 35
1 21 38
1 21 38
1 21 39
1 21 39
1 21 39
1 21 42
1 21 42
1 21 42
1 21 43
1 21 43
1 21 44
1 21 44
1 21 46
1 21 46
1 22 0
1 22 0
1 22 0
1 22 4
1 22 4
1 22 5
1 22 5
1 22 6
1 22 6
1 22 11
1 22 11
1 22 11
1 22 14
1 22 14
1 22 14
1 22 15
1 22 17
1 22 19
1 22 19
1 22 19
1 22 21
1 22 21
1 22 21
1 22 31
1 22 31
1 22 31
1 22 32
1 22 33
1 22 33
1 22 34
1 22 34
1 22 36
1 22 36
1 22 36
1 22 37
1 22 37
1 22 39
1 22 39
1 22 40
1 22 40
1 22 41
1 22 41
1 22 41
1 22 44
1 22 46
1 22 46
1 23 0
1 23 0
1 23 9
1 23 9
1 23 9
1 23 12
1 23 12
1 23 12
1 23 15
1 23 15
1 23 18
1 23 18
1 23 20
1 23 20
1 23 23
1 23 23
1 23 28
1 23 29
1 23 29
1 23 31
1 23 31
1 23 44
1 23 44
1 23 47
1 23 47
1 23 47
1 24 7
1 24 15
1 24 15
1 24 16
1 24 16
1 24 16
1 24 20
1 24 22
1 24 22
1 24 22
1 24 23
1 24 23
1 24 24
1 24 24
1 24 24
1 24 25
1 24 27
1 24 28
1 24 28
1 24 33
1 24 34
1 24 34
1 24 34
1 24 37
1 24 38
1 24 38
1 24 41
1 24 42
1 24 43
1 24 43
1 24 44
1 24 44
1 24 48
1 24 48
1 24 48
1 25 2
1 25 2
1 25 4
1 25 4
1 25 6
1 25 8
1 25 8
1 25 9
1 25 9
1 25 10
1 25 10
1 25 11
1 25 12
1 25 12
1 25 13
1 25 14
1 25 14
1 25 15
1 25 25
1 25 30
1 25 30
1 25 32
1 25 37
1 25 37
1 25 37
1 25 41
1 25 41
1 25 41
1 25 45
1 25 45
1 25 45
1 25 46
1 25 48
1 25 48
1 26 0
1 26 0
1 26 1
1 26 1
1 26 10
1 26 12
1 26 12
1 26 12
1 26 13
1 26 14
1 26 15
1 26 15
1 26 15
1 26 18
1 26 18
1 26 21
1 26 24
1 26 24
1 26 24
1 26 25
1 26 25
1 26 25
1 26 29
1 26 29
1 26 32
1 26 32
1 26 33
1 26 33
1 26 33
1 26 34
1 26 38
1 26 38
1 26 38
1 26 43
1 26 43
1 27 0
1 27 1
1 27 1
1 27 1
1 27 5
1 27 5
1 27 5
1 27 6
1 27 7
1 27 8
1 27 9
1 27 10
1 27 12
1 27 12
1 27 13
1 27 13
1 27 14
1 27 18
1 27 19
1 27 24
1 27 24
1 27 24
1 27 25
1 27 25
1 27 25
1 27 27
1 27 27
1 27 27
1 27 28
1 27 28
1 27 28
1 27 31
1 27 31
1 27 31
1 27 32
1 27 32
1 27 32
1 27 34
1 27 34
1 27 34
1 27 41
1 27 41
1 27 42
1 27 46
1 27 46
1 27 46
1 27 47
1 28 0
1 28 0
1 28 2
1 28 2
1 28 6
1 28 6
1 28 7
1 28 7
1 28 12
1 28 13
1 28 13
1 28 14
1 28 14
1 28 15
1 28 15
1 28 17
1 28 18
1 28 23
1 28 24
1 28 24
1 28 25
1 28 25
1 28 32
1 28 32
1 28 32
1 28 34
1 28 35
1 28 35
1 28 36
1 28 36
1 28 36
1 28 37
1 28 37
1 28 39
1 28 39
1 28 42
1 28 42
1 28 42
1 28 48
1 28 48
1 28 48
1 29 1
1 29 1
1 29 1
1 29 8
1 29 11
1 29 11
1 29 11
1 29 19
1 29 19
1 29 19
1 29 21
1 29 21
1 29 21
1 29 26
1 29 28
1 29 29
1 29 31
1 29 31
1 29 32
1 29 32
1 29 32
1 29 35
1 29 35
1 29 35
1 29 39
1 29 39
1 29 39
1 29 44
1 29 44
1 29 44
1 29 45
1 29 47
1 29 49
1 29 49
1 29 49
1 30 5
1 30 5
1 30 5
1 30 17
1 30 17
1 30 19
1 30 24
1 30 28
1 30 28
1 30 28
1 30 33
1 30 33
1 30 33
1 30 42
1 30 42
1 30 44
1 30 48
1 30 48
1 30 48
1 31 0
1 31 0
1 31 0
1 31 1
1 31 1
1 31 10
1 31 10
1 31 11
1 31 11
1 31 11
1 31 13
1 31 14
1 31 16
1 31 16
1 31 16
1 31 17
1 31 17
1 31 18
1 31 18
1 31 20
1 31 21
1 31 21
1 31 29
1 31 31
1 31 31
1 31 31
1 31 34
1 31 34
1 31 34
1 31 36
1 31 39
1 31 39
1 31 41
1 31 41
1 31 43
1 31 43
1 31 49
1 31 49
1 31 49
1 32 1
1 32 2
1 32 9
1 32 9
1 32 9
1 32 11
1 32 11
1 32 11
1 32 12
1 32 12
1 32 14
1 32 14
1 32 15
1 32 21
1 32 21
1 32 22
1 32 22
1 32 22
1 32 27
1 32 27
1 32 27
1 32 29
1 32 29
1 32 29
1 32 30
1 32 30
1 32 32
1 32 32
1 32 34
1 32 40
1 32 42
1 32 43
1 32 48
1 32 48
1 32 48
1 33 0
1 33 0
1 33 1
1 33 1
1 33 5
1 33 5
1 33 5
1 33 6
1 33 8
1 33 8
1 33 13
1 33 13
1 33 14
1 33 14
1 33 14
1 33 21
1 33 21
1 33 32
1 33 32
1 33 36
1 33 36
1 33 37
1 33 37
1 33 37
1 33 38
1 33 38
1 33 38
1 33 40
1 33 40
1 33 40
1 33 42
1 33 42
1 33 46
1 33 47
1 33 47
1 33 47
1 33 49
1 33 49
1 34 3
1 34 5
1 34 5
1 34 5
1 34 6
1 34 6
1 34 6
1 34 7
1 34 7
1 34 7
1 34 13
1 34 14
1 34 23
1 34 23
1 34 23
1 34 34
1 34 34
1 34 34
1 34 36
1 34 36
1 34 37
1 34 39
1 34 39
1 34 41
1 34 41
1 34 43
1 34 44
1 34 44
1 34 44
1 34 45
1 34 45
1 34 45
1 34 47
1 34 47
1 34 47
1 35 1
1 35 6
1 35 7
1 35 7
1 35 7
1 35 8
1 35 8
1 35 11
1 35 11
1 35 17
1 35 17
1 35 20
1 35 20
1 35 23
1 35 34
1 35 41
1 35 41
1 35 41
1 35 48
1 35 48
1 35 49
1 35 49
1 36 2
1 36 2
1 36 2
1 36 3
1 36 6
1 36 7
1 36 7
1 36 8
1 36 12
1 36 12
1 36 12
1 36 14
1 36 15
1 36 19
1 36 20
1 36 25
1 36 25
1 36 25
1 36 28
1 36 29
1 36 29
1 36 33
1 36 33
1 36 33
1 36 35
1 36 35
1 36 35
1 36 36
1 36 36
1 36 40
1 36 40
1 36 42
1 36 42
1 36 43
1 36 45
1 36 45
1 36 45
1 36 46
1 36 46
1 36 46
1 37 3
1 37 7
1 37 7
1 37 8
1 37 8
1 37 17
1 37 17
1 37 18
1 37 20
1 37 24
1 37 24
1 37 24
1 37 28
1 37 32
1 37 32
1 37 32
1 37 36
1 37 37
1 37 37
1 37 37
1 37 42
1 37 42
1 37 42
1 37 44
1 37 44
1 38 0
1 38 2
1 38 2
1 38 3
1 38 3
1 38 3
1 38 4
1 38 4
1 38 4
1 38 15
1 38 15
1 38 17
1 38 17
1 38 17
1 38 18
1 38 25
1 38 25
1 38 25
1 38 29
1 38 31
1 38 31
1 38 34
1 38 34
1 38 36
1 38 36
1 38 36
1 39 4
1 39 4
1 39 7
1 39 8
1 39 9
1 39 9
1 39 10
1 39 10
1 39 10
1 39 11
1 39 11
1 39 14
1 39 16
1 39 20
1 39 20
1 39 20
1 39 21
1 39 21
1 39 24
1 39 25
1 39 28
1 39 28
1 39 28
1 39 29
1 39 39
1 39 41
1 39 41
1 39 41
1 39 44
1 39 44
1 39 44
1 39 45
1 39 45
1 39 45
1 39 46
1 39 46
1 39 48
1 39 48
1 40 0
1 40 0
1 40 0
1 40 1
1 40 1
1 40 2
1 40 2
1 40 3
1 40 3
1 40 3
1 40 4
1 40 4
1 40 4
1 40 8
1 40 8
1 40 8
1 40 9
1 40 10
1 40 10
1 40 11
1 40 11
1 40 11
1 40 15
1 40 16
1 40 16
1 40 16
1 40 22
1 40 22
1 40 23
1 40 25
1 40 25
1 40 26
1 40 26
1 40 29
1 40 29
1 40 34
1 40 34
1 40 34
1 40 38
1 40 38
1 40 38
1 40 40
1 40 41
1 40 41
1 40 45
1 40 47
1 40 47
1 40 49
1 40 49
1 41 0
1 41 0
1 41 0
1 41 1
1 41 1
1 41 7
1 41 7
1 41 11
1 41 12
1 41 12
1 41 20
1 41 20
1 41 22
1 41 22
1 41 26
1 41 28
1 41 28
1 41 29
1 41 29
1 41 37
1 41 37
1 41 37
1 41 40
1 41 40
1 41 41
1 41 44
1 41 44
1 41 46
1 41 46
1 41 46
1 41 48
1 41 48
1 41 49
1 41 49
1 41 49
1 42 1
1 42 1
1 42 1
1 42 3
1 42 3
1 42 4
1 42 4
1 42 8
1 42 12
1 42 12
1 42 15
1 42 19
1 42 19
1 42 20
1 42 20
1 42 20
1 42 21
1 42 21
1 42 21
1 42 23
1 42 23
1 42 31
1 42 33
1 42 36
1 42 36
1 42 38
1 42 38
1 42 39
1 42 39
1 42 39
1 42 45
1 42 45
1 42 48
1 42 48
1 43 3
1 43 10
1 43 11
1 43 11
1 43 14
1 43 14
1 43 18
1 43 19
1 43 19
1 43 19
1 43 20
1 43 20
1 43 20
1 43 21
1 43 33
1 43 33
1 43 34
1 43 34
1 43 41
1 43 41
1 43 41
1 43 44
1 43 44
1 43 46
1 43 46
1 43 46
1 43 48
1 43 49
1 44 5
1 44 5
1 44 7
1 44 7
1 44 8
1 44 8
1 44 9
1 44 9
1 44 13
1 44 13
1 44 14
1 44 14
1 44 15
1 44 19
1 44 19
1 44 20
1 44 20
1 44 20
1 44 22
1 44 26
1 44 26
1 44 30
1 44 30
1 44 30
1 44 35
1 44 39
1 44 39
1 44 42
1 44 42
1 44 46
1 44 47
1 45 0
1 45 0
1 45 0
1 45 5
1 45 5
1 45 5
1 45 6
1 45 6
1 45 6
1 45 7
1 45 11
1 45 12
1 45 12
1 45 12
1 45 16
1 45 16
1 45 20
1 45 22
1 45 22
1 45 23
1 45 33
1 45 33
1 45 33
1 45 34
1 45 34
1 45 40
1 45 41
1 45 41
1 45 41
1 46 0
1 46 0
1 46 0
1 46 2
1 46 4
1 46 4
1 46 4
1 46 13
1 46 13
1 46 13
1 46 15
1 46 19
1 46 19
1 46 19
1 46 21
1 46 23
1 46 23
1 46 23
1 46 29
1 46 33
1 46 33
1 46 33
1 46 36
1 46 38
1 46 38
1 46 46
1 46 46
1 47 2
1 47 2
1 47 2
1 47 5
1 47 5
1 47 10
1 47 10
1 47 10
1 47 11
1 47 11
1 47 13
1 47 13
1 47 14
1 47 15
1 47 16
1 47 25
1 47 26
1 47 31
1 47 31
1 47 34
1 47 34
1 47 34
1 47 42
1 47 43
1 47 44
1 47 44
1 47 44
1 47 46
1 47 46
1 47 46
1 47 48
1 47 48
1 48 0
1 48 0
1 48 0
1 48 1
1 48 1
1 48 3
1 48 5
1 48 5
1 48 5
1 48 6
1 48 6
1 48 14
1 48 17
1 48 23
1 48 24
1 48 24
1 48 26
1 48 27
1 48 27
1 48 30
1 48 30
1 48 30
1 48 33
1 48 33
1 48 33
1 48 34
1 48 34
1 48 34
1 48 36
1 48 36
1 48 39
1 48 39
1 48 39
1 48 43
1 48 49
1 48 49
1 49 4
1 49 5
1 49 8
1 49 8
1 49 13
1 49 21
1 49 21
1 49 21
1 49 22
1 49 22
1 49 22
1 49 27
1 49 27
1 49 27
1 49 28
1 49 29
1 49 29
1 49 29
1 49 31
1 49 31
1 49 32
1 49 32
1 49 33
1 49 40
1 49 40
1 49 40
1 49 42
1 49 42
1 49 43
1 49 47
1 49 47
1 49 47
2 0 1
2 0 25
2 0 47
2 1 21
2 1 42
2 1 46
2 2 6
2 2 33
2 3 16
2 3 26
2 4 10
2 4 48
2 5 3
2 6 28
2 7 20
2 7 34
2 7 42
2 8 24
2 9 7
2 9 46
2 12 1
2 12 17
2 12 45
2 14 19
2 14 38
2 16 7
2 16 30
2 16 42
2 17 27
2 17 46
2 18 0
2 19 43
2 20 31
2 20 38
2 21 22
2 22 2
2 22 4
2 22 17
2 22 36
2 23 9
2 23 20
2 23 27
2 23 47
2 25 29
2 25 32
2 26 0
2 26 18
2 28 29
2 30 17
2 31 0
2 31 9
2 31 20
2 31 34
2 32 40
2 33 5
2 33 23
2 33 36
2 35 15
2 35 20
2 35 28
2 36 2
2 37 17
2 38 25
2 38 29
2 39 7
2 39 44
2 40 22
2 40 47
2 42 19
2 42 38
2 42 45
2 43 14
2 44 22
2 44 29
2 46 2
2 46 13
2 47 5
2 47 10
2 47 25
2 47 42
