1 0 6
1 0 8
1 0 8
1 0 24
1 0 25
1 0 25
1 0 25
1 0 27
1 0 33
1 0 38
1 0 38
1 0 39
1 0 40
1 0 41
1 0 42
1 0 42
1 0 42
1 0 45
1 0 45
1 0 48
1 0 48
1 0 48
1 1 0
1 1 8
1 1 8
1 1 8
1 1 9
1 1 9
1 1 9
1 1 10
1 1 15
1 1 17
1 1 17
1 1 17
1 1 21
1 1 21
1 1 21
1 1 26
1 1 27
1 1 27
1 1 31
1 1 31
1 1 35
1 1 35
1 1 35
1 1 37
1 1 44
1 1 49
1 2 0
1 2 0
1 2 1
1 2 1
1 2 2
1 2 3
1 2 3
1 2 6
1 2 6
1 2 6
1 2 9
1 2 10
1 2 10
1 2 14
1 2 14
1 2 14
1 2 17
1 2 17
1 2 18
1 2 18
1 2 22
1 2 22
1 2 22
1 2 23
1 2 23
1 2 23
1 2 26
1 2 26
1 2 26
1 2 27
1 2 27
1 2 33
1 2 33
1 2 33
1 2 36
1 2 36
1 2 36
1 2 49
1 3 1
1 3 1
1 3 3
1 3 5
1 3 5
1 3 10
1 3 12
1 3 12
1 3 15
1 3 15
1 3 15
1 3 16
1 3 16
1 3 16
1 3 17
1 3 17
1 3 25
1 3 25
1 3 25
1 3 29
1 3 29
1 3 31
1 3 31
1 3 33
1 3 34
1 3 41
1 3 41
1 3 42
1 3 42
1 3 45
1 3 46
1 3 46
1 3 49
1 4 1
1 4 1
1 4 6
1 4 6
1 4 8
1 4 8
1 4 8
1 4 10
1 4 10
1 4 12
1 4 12
1 4 12
1 4 15
1 4 17
1 4 18
1 4 18
1 4 18
1 4 19
1 4 23
1 4 23
1 4 23
1 4 25
1 4 29
1 4 29
1 4 29
1 4 31
1 4 34
1 4 34
1 4 34
1 4 35
1 4 42
1 4 42
1 4 44
1 4 44
1 4 45
1 4 45
1 4 47
1 4 47
1 5 1
1 5 2
1 5 4
1 5 4
1 5 4
1 5 14
1 5 17
1 5 17
1 5 17
1 5 19
1 5 21
1 5 21
1 5 21
1 5 22
1 5 22
1 5 31
1 5 31
1 5 34
1 5 34
1 5 37
1 5 37
1 5 37
1 5 41
1 5 41
1 5 46
1 5 47
1 5 47
1 6 9
1 6 9
1 6 9
1 6 16
1 6 16
1 6 16
1 6 17
1 6 17
1 6 24
1 6 24
1 6 24
1 6 36
1 6 37
1 6 37
1 6 38
1 6 38
1 6 39
1 6 39
1 6 40
1 6 40
1 6 46
1 6 46
1 6 46
1 6 47
1 6 47
1 6 47
1 6 48
1 6 48
1 7 0
1 7 0
1 7 0
1 7 1
1 7 1
1 7 1
1 7 15
1 7 16
1 7 16
1 7 27
1 7 27
1 7 27
1 7 28
1 7 29
1 7 29
1 7 38
1 7 39
1 7 39
1 7 39
1 7 41
1 7 41
1 7 42
1 7 42
1 7 44
1 7 44
1 7 44
1 7 45
1 7 45
1 8 4
1 8 4
1 8 5
1 8 5
1 8 5
1 8 8
1 8 8
1 8 8
1 8 14
1 8 16
1 8 21
1 8 29
1 8 29
1 8 32
1 8 32
1 8 33
1 8 33
1 8 33
1 8 40
1 8 43
1 8 44
1 8 44
1 8 45
1 8 45
1 8 47
1 8 47
1 8 47
1 8 48
1 9 1
1 9 1
1 9 3
1 9 3
1 9 6
1 9 6
1 9 6
1 9 10
1 9 12
1 9 12
1 9 17
1 9 17
1 9 18
1 9 21
1 9 21
1 9 21
1 9 25
1 9 25
1 9 25
1 9 33
1 9 33
1 9 33
1 9 36
1 9 36
1 9 36
1 9 40
1 9 40
1 9 42
1 9 46
1 9 46
1 10 3
1 10 5
1 10 5
1 10 7
1 10 8
1 10 8
1 10 8
1 10 14
1 10 14
1 10 14
1 10 20
1 10 20
1 10 24
1 10 26
1 10 27
1 10 33
1 10 33
1 10 33
1 10 36
1 10 36
1 10 36
1 10 39
1 10 39
1 10 46
1 10 47
1 10 47
1 11 0
1 11 0
1 11 1
1 11 1
1 11 1
1 11 2
1 11 2
1 11 2
1 11 3
1 11 11
1 11 14
1 11 14
1 11 15
1 11 15
1 11 16
1 11 16
1 11 24
1 11 24
1 11 26
1 11 26
1 11 29
1 11 29
1 11 32
1 11 44
1 11 44
1 11 45
1 11 48
1 12 2
1 12 6
1 12 6
1 12 7
1 12 7
1 12 12
1 12 14
1 12 14
1 12 14
1 12 17
1 12 17
1 12 18
1 12 19
1 12 19
1 12 19
1 12 23
1 12 24
1 12 24
1 12 24
1 12 29
1 12 33
1 12 33
1 12 33
1 12 38
1 12 38
1 12 39
1 12 39
1 12 40
1 12 40
1 12 40
1 12 45
1 12 45
1 12 47
1 12 49
1 13 5
1 13 6
1 13 6
1 13 10
1 13 13
1 13 15
1 13 15
1 13 17
1 13 25
1 13 25
1 13 25
1 13 27
1 13 27
1 13 27
1 13 29
1 13 29
1 13 30
1 13 30
1 13 30
1 13 31
1 13 31
1 13 32
1 13 32
1 13 32
1 13 33
1 13 36
1 13 36
1 13 36
1 13 37
1 13 38
1 13 44
1 13 45
1 13 45
1 13 45
1 13 47
1 14 2
1 14 3
1 14 8
1 14 11
1 14 12
1 14 12
1 14 12
1 14 14
1 14 15
1 14 16
1 14 16
1 14 16
1 14 20
1 14 20
1 14 20
1 14 22
1 14 22
1 14 22
1 14 23
1 14 27
1 14 28
1 14 28
1 14 28
1 14 32
1 14 32
1 14 32
1 14 34
1 14 35
1 14 35
1 14 35
1 14 38
1 14 38
1 14 38
1 14 39
1 14 39
1 14 43
1 14 47
1 15 2
1 15 4
1 15 4
1 15 4
1 15 7
1 15 8
1 15 14
1 15 32
1 15 32
1 15 38
1 15 38
1 15 40
1 15 40
1 15 40
1 15 44
1 15 44
1 15 44
1 15 45
1 15 46
1 15 46
1 15 46
1 15 49
1 16 1
1 16 1
1 16 2
1 16 2
1 16 2
1 16 4
1 16 9
1 16 9
1 16 9
1 16 13
1 16 13
1 16 13
1 16 16
1 16 16
1 16 16
1 16 18
1 16 18
1 16 22
1 16 22
1 16 22
1 16 23
1 16 23
1 16 23
1 16 29
1 16 31
1 16 31
1 16 31
1 16 34
1 16 34
1 16 37
1 16 37
1 16 38
1 16 38
1 16 42
1 16 42
1 16 48
1 16 48
1 17 1
1 17 2
1 17 2
1 17 2
1 17 4
1 17 9
1 17 10
1 17 15
1 17 15
1 17 19
1 17 19
1 17 19
1 17 21
1 17 21
1 17 21
1 17 22
1 17 22
1 17 26
1 17 26
1 17 31
1 17 31
1 17 31
1 17 44
1 17 47
1 18 2
1 18 2
1 18 2
1 18 3
1 18 3
1 18 7
1 18 8
1 18 8
1 18 13
1 18 14
1 18 16
1 18 16
1 18 19
1 18 24
1 18 24
1 18 25
1 18 29
1 18 33
1 18 33
1 18 37
1 18 37
1 18 39
1 18 39
1 18 40
1 18 40
1 18 41
1 18 47
1 19 1
1 19 1
1 19 5
1 19 10
1 19 10
1 19 10
1 19 15
1 19 15
1 19 24
1 19 25
1 19 27
1 19 27
1 19 27
1 19 28
1 19 28
1 19 28
1 19 35
1 19 36
1 19 36
1 19 38
1 19 38
1 19 45
1 20 2
1 20 2
1 20 5
1 20 5
1 20 8
1 20 9
1 20 10
1 20 10
1 20 12
1 20 12
1 20 15
1 20 15
1 20 19
1 20 23
1 20 23
1 20 23
1 20 29
1 20 33
1 20 33
1 20 33
1 20 34
1 20 35
1 20 35
1 20 35
1 20 39
1 20 39
1 20 42
1 20 42
1 20 44
1 20 48
1 20 49
1 21 1
1 21 1
1 21 3
1 21 3
1 21 3
1 21 5
1 21 5
1 21 9
1 21 18
1 21 18
1 21 18
1 21 19
1 21 22
1 21 22
1 21 22
1 21 23
1 21 23
1 21 23
1 21 24
1 21 24
1 21 25
1 21 27
1 21 28
1 21 28
1 21 29
1 21 31
1 21 31
1 21 31
1 21 32
1 21 32
1 21 32
1 21 38
1 21 39
1 21 40
1 21 40
1 21 42
1 21 43
1 21 43
1 21 43
1 21 44
1 21 49
1 21 49
1 21 49
1 22 2
1 22 2
1 22 3
1 22 3
1 22 3
1 22 5
1 22 8
1 22 8
1 22 10
1 22 14
1 22 14
1 22 14
1 22 19
1 22 19
1 22 20
1 22 20
1 22 21
1 22 28
1 22 28
1 22 29
1 22 29
1 22 31
1 22 32
1 22 32
1 22 32
1 22 33
1 22 33
1 22 37
1 22 37
1 22 40
1 22 40
1 22 41
1 22 41
1 22 41
1 22 43
1 22 47
1 22 47
1 22 48
1 22 48
1 22 49
1 23 2
1 23 2
1 23 2
1 23 7
1 23 7
1 23 8
1 23 8
1 23 8
1 23 13
1 23 13
1 23 13
1 23 14
1 23 17
1 23 17
1 23 19
1 23 19
1 23 19
1 23 21
1 23 21
1 23 21
1 23 26
1 23 37
1 23 38
1 23 42
1 23 42
1 23 42
1 23 44
1 23 44
1 24 0
1 24 1
1 24 1
1 24 2
1 24 2
1 24 4
1 24 4
1 24 4
1 24 5
1 24 7
1 24 7
1 24 11
1 24 12
1 24 12
1 24 15
1 24 15
1 24 17
1 24 17
1 24 17
1 24 19
1 24 19
1 24 19
1 24 22
1 24 22
1 24 22
1 24 23
1 24 23
1 24 23
1 24 30
1 24 31
1 24 31
1 24 31
1 24 32
1 24 32
1 24 32
1 24 34
1 24 34
1 24 36
1 24 36
1 24 36
1 24 38
1 24 38
1 24 39
1 24 41
1 24 41
1 24 41
1 24 42
1 24 47
1 24 47
1 24 48
1 24 48
1 24 48
1 25 2
1 25 2
1 25 3
1 25 3
1 25 3
1 25 5
1 25 7
1 25 8
1 25 12
1 25 12
1 25 12
1 25 13
1 25 13
1 25 16
1 25 18
1 25 30
1 25 30
1 25 30
1 25 33
1 25 37
1 25 37
1 25 43
1 25 43
1 25 43
1 25 44
1 25 44
1 25 44
1 25 49
1 25 49
1 26 0
1 26 0
1 26 0
1 26 1
1 26 1
1 26 1
1 26 3
1 26 5
1 26 5
1 26 9
1 26 9
1 26 10
1 26 10
1 26 10
1 26 15
1 26 15
1 26 15
1 26 16
1 26 16
1 26 16
1 26 18
1 26 23
1 26 23
1 26 23
1 26 28
1 26 28
1 26 28
1 26 29
1 26 29
1 26 29
1 26 30
1 26 30
1 26 30
1 26 31
1 26 33
1 26 35
1 26 35
1 26 35
1 26 43
1 26 43
1 26 45
1 26 45
1 26 45
1 26 49
1 27 3
1 27 3
1 27 4
1 27 4
1 27 4
1 27 6
1 27 6
1 27 6
1 27 7
1 27 7
1 27 9
1 27 9
1 27 10
1 27 12
1 27 12
1 27 14
1 27 14
1 27 16
1 27 20
1 27 20
1 27 22
1 27 22
1 27 22
1 27 26
1 27 30
1 27 30
1 27 30
1 27 35
1 27 35
1 27 35
1 27 41
1 27 41
1 27 44
1 28 0
1 28 3
1 28 3
1 28 8
1 28 8
1 28 9
1 28 12
1 28 17
1 28 17
1 28 17
1 28 21
1 28 21
1 28 25
1 28 25
1 28 27
1 28 27
1 28 31
1 28 34
1 28 34
1 28 35
1 28 39
1 28 39
1 28 39
1 28 41
1 28 41
1 28 42
1 28 42
1 28 44
1 28 46
1 29 5
1 29 5
1 29 6
1 29 6
1 29 6
1 29 8
1 29 9
1 29 9
1 29 9
1 29 13
1 29 13
1 29 17
1 29 18
1 29 18
1 29 22
1 29 22
1 29 22
1 29 25
1 29 27
1 29 30
1 29 37
1 29 38
1 29 38
1 29 40
1 29 40
1 29 40
1 29 42
1 29 42
1 29 42
1 29 47
1 29 49
1 29 49
1 30 0
1 30 0
1 30 0
1 30 2
1 30 11
1 30 11
1 30 13
1 30 13
1 30 13
1 30 15
1 30 15
1 30 17
1 30 18
1 30 18
1 30 18
1 30 19
1 30 19
1 30 20
1 30 20
1 30 22
1 30 23
1 30 23
1 30 29
1 30 29
1 30 31
1 30 32
1 30 32
1 30 32
1 30 35
1 30 35
1 30 35
1 30 39
1 30 39
1 30 41
1 30 41
1 30 43
1 30 46
1 30 46
1 30 46
1 31 0
1 31 0
1 31 5
1 31 5
1 31 5
1 31 6
1 31 6
1 31 6
1 31 7
1 31 15
1 31 15
1 31 16
1 31 16
1 31 23
1 31 23
1 31 23
1 31 25
1 31 27
1 31 27
1 31 29
1 31 29
1 31 29
1 31 30
1 31 31
1 31 31
1 31 31
1 31 32
1 31 36
1 31 37
1 31 37
1 31 37
1 31 39
1 31 39
1 31 39
1 31 42
1 31 44
1 31 44
1 31 48
1 31 48
1 32 1
1 32 2
1 32 2
1 32 2
1 32 5
1 32 9
1 32 10
1 32 10
1 32 10
1 32 14
1 32 14
1 32 14
1 32 15
1 32 15
1 32 22
1 32 22
1 32 22
1 32 26
1 32 26
1 32 28
1 32 28
1 32 28
1 32 30
1 32 30
1 32 33
1 32 33
1 32 33
1 32 34
1 32 35
1 32 36
1 32 40
1 32 41
1 32 41
1 32 41
1 32 46
1 32 46
1 32 46
1 33 4
1 33 4
1 33 4
1 33 6
1 33 6
1 33 7
1 33 7
1 33 7
1 33 10
1 33 10
1 33 10
1 33 12
1 33 12
1 33 12
1 33 15
1 33 15
1 33 16
1 33 20
1 33 20
1 33 21
1 33 21
1 33 30
1 33 33
1 33 33
1 33 34
1 33 35
1 33 35
1 33 35
1 33 38
1 33 38
1 33 41
1 33 41
1 33 43
1 33 43
1 33 43
1 33 45
1 33 47
1 33 47
1 34 1
1 34 2
1 34 3
1 34 9
1 34 9
1 34 9
1 34 15
1 34 15
1 34 15
1 34 18
1 34 18
1 34 29
1 34 29
1 34 29
1 34 34
1 34 34
1 34 34
1 34 37
1 34 38
1 34 45
1 34 45
1 34 45
1 35 3
1 35 8
1 35 8
1 35 12
1 35 14
1 35 14
1 35 22
1 35 30
1 35 31
1 35 32
1 35 32
1 35 34
1 35 34
1 35 35
1 35 35
1 35 45
1 35 47
1 35 47
1 35 49
1 35 49
1 35 49
1 36 14
1 36 14
1 36 14
1 36 15
1 36 18
1 36 18
1 36 19
1 36 22
1 36 22
1 36 22
1 36 28
1 36 29
1 36 29
1 36 34
1 36 35
1 36 35
1 36 42
1 36 47
1 36 47
1 36 47
1 36 48
1 36 48
1 36 48
1 36 49
1 37 1
1 37 1
1 37 3
1 37 3
1 37 3
1 37 5
1 37 8
1 37 8
1 37 8
1 37 9
1 37 11
1 37 18
1 37 20
1 37 21
1 37 21
1 37 21
1 37 24
1 37 24
1 37 25
1 37 26
1 37 26
1 37 27
1 37 28
1 37 28
1 37 28
1 37 29
1 37 29
1 37 34
1 37 34
1 37 39
1 37 39
1 37 40
1 37 40
1 37 43
1 37 45
1 37 46
1 37 46
1 38 3
1 38 3
1 38 3
1 38 7
1 38 8
1 38 8
1 38 10
1 38 10
1 38 10
1 38 12
1 38 17
1 38 17
1 38 17
1 38 24
1 38 24
1 38 24
1 38 25
1 38 25
1 38 27
1 38 27
1 38 29
1 38 29
1 38 30
1 38 45
1 38 46
1 38 48
1 38 48
1 39 0
1 39 2
1 39 2
1 39 3
1 39 6
1 39 9
1 39 9
1 39 10
1 39 13
1 39 18
1 39 18
1 39 18
1 39 22
1 39 23
1 39 26
1 39 26
1 39 26
1 39 28
1 39 29
1 39 29
1 39 29
1 39 33
1 39 33
1 39 33
1 39 36
1 39 36
1 39 36
1 39 37
1 39 37
1 39 44
1 39 44
1 39 46
1 39 46
1 39 48
1 40 0
1 40 1
1 40 1
1 40 1
1 40 3
1 40 5
1 40 5
1 40 5
1 40 6
1 40 6
1 40 6
1 40 7
1 40 10
1 40 10
1 40 10
1 40 11
1 40 11
1 40 11
1 40 12
1 40 12
1 40 12
1 40 14
1 40 14
1 40 14
1 40 15
1 40 15
1 40 15
1 40 17
1 40 17
1 40 20
1 40 21
1 40 21
1 40 21
1 40 22
1 40 24
1 40 24
1 40 29
1 40 32
1 40 32
1 40 32
1 40 33
1 40 33
1 40 39
1 40 39
1 40 39
1 40 41
1 40 42
1 40 42
1 41 0
1 41 0
1 41 1
1 41 1
1 41 4
1 41 4
1 41 4
1 41 5
1 41 9
1 41 11
1 41 11
1 41 11
1 41 12
1 41 17
1 41 18
1 41 18
1 41 18
1 41 19
1 41 19
1 41 19
1 41 20
1 41 20
1 41 22
1 41 22
1 41 25
1 41 25
1 41 27
1 41 27
1 41 28
1 41 28
1 41 28
1 41 31
1 41 31
1 41 31
1 41 32
1 41 32
1 41 32
1 41 37
1 41 37
1 41 37
1 41 39
1 41 39
1 41 39
1 41 44
1 41 44
1 41 44
1 41 45
1 41 45
1 41 46
1 41 46
1 41 46
1 41 49
1 41 49
1 42 1
1 42 1
1 42 2
1 42 2
1 42 11
1 42 11
1 42 17
1 42 24
1 42 24
1 42 24
1 42 25
1 42 26
1 42 26
1 42 26
1 42 43
1 42 46
1 43 3
1 43 3
1 43 3
1 43 4
1 43 4
1 43 4
1 43 5
1 43 5
1 43 8
1 43 8
1 43 8
1 43 10
1 43 10
1 43 10
1 43 19
1 43 19
1 43 19
1 43 22
1 43 22
1 43 25
1 43 25
1 43 29
1 43 29
1 43 34
1 43 36
1 43 36
1 43 39
1 43 39
1 43 40
1 43 45
1 43 45
1 43 47
1 43 47
1 43 47
1 43 48
1 43 48
1 44 6
1 44 9
1 44 16
1 44 16
1 44 17
1 44 17
1 44 20
1 44 20
1 44 20
1 44 23
1 44 23
1 44 25
1 44 25
1 44 25
1 44 28
1 44 32
1 44 32
1 44 32
1 44 37
1 44 44
1 44 44
1 44 45
1 44 45
1 44 45
1 44 46
1 45 1
1 45 1
1 45 16
1 45 16
1 45 17
1 45 17
1 45 18
1 45 19
1 45 29
1 45 32
1 45 41
1 45 41
1 45 48
1 46 3
1 46 3
1 46 11
1 46 11
1 46 11
1 46 17
1 46 17
1 46 21
1 46 21
1 46 32
1 46 32
1 46 32
1 46 35
1 46 38
1 46 38
1 46 38
1 46 39
1 46 48
1 47 1
1 47 5
1 47 5
1 47 7
1 47 7
1 47 7
1 47 12
1 47 12
1 47 12
1 47 13
1 47 13
1 47 16
1 47 16
1 47 16
1 47 17
1 47 17
1 47 17
1 47 20
1 47 20
1 47 20
1 47 25
1 47 25
1 47 30
1 47 32
1 47 32
1 47 39
1 47 39
1 47 39
1 47 42
1 47 42
1 47 48
1 47 48
1 47 48
1 48 2
1 48 2
1 48 2
1 48 3
1 48 3
1 48 3
1 48 8
1 48 8
1 48 9
1 48 11
1 48 11
1 48 11
1 48 12
1 48 12
1 48 12
1 48 14
1 48 14
1 48 15
1 48 17
1 48 19
1 48 19
1 48 19
1 48 20
1 48 20
1 48 22
1 48 24
1 48 24
1 48 27
1 48 28
1 48 28
1 48 28
1 48 35
1 48 35
1 48 35
1 48 41
1 48 41
1 48 41
1 48 45
1 48 45
1 49 9
1 49 9
1 49 17
1 49 17
1 49 20
1 49 20
1 49 22
1 49 22
1 49 28
1 49 32
1 49 32
1 49 32
1 49 36
1 49 36
1 49 36
1 49 44
1 49 44
2 0 8
2 0 21
2 0 24
2 0 38
2 0 45
2 1 0
2 1 15
2 1 31
2 1 35
2 2 33
2 5 24
2 5 37
2 5 46
2 6 26
2 8 20
2 8 32
2 9 1
2 9 17
2 9 25
2 10 13
2 10 37
2 10 45
2 11 5
2 11 28
2 12 6
2 12 17
2 12 38
2 13 8
2 16 9
2 16 22
2 18 24
2 19 1
2 19 5
2 19 48
2 20 41
2 21 37
2 22 2
2 22 13
2 23 7
2 23 24
2 23 30
2 23 42
2 24 11
2 25 16
2 26 35
2 27 44
2 28 0
2 28 17
2 28 25
2 28 37
2 28 39
2 29 5
2 29 22
2 29 29
2 30 15
2 30 41
2 31 9
2 33 6
2 33 37
2 34 29
2 35 47
2 36 18
2 36 42
2 37 20
2 37 45
2 38 10
2 39 0
2 39 15
2 39 36
2 39 39
2 40 5
2 40 20
2 40 31
2 41 25
2 41 44
2 42 34
2 43 29
2 43 45
2 44 16
2 44 32
2 46 20
2 47 1
2 47 12
2 48 8
