1 0 1
1 0 5
1 0 5
1 0 5
1 0 7
1 0 8
1 0 8
1 0 11
1 0 11
1 0 11
1 0 12
1 0 12
1 0 12
1 0 13
1 0 15
1 0 15
1 0 21
1 0 21
1 0 21
1 0 27
1 0 27
1 0 27
1 0 29
1 0 29
1 0 29
1 0 32
1 0 34
1 0 36
1 0 36
1 0 41
1 0 41
1 0 41
1 0 42
1 0 43
1 0 43
1 0 47
1 0 47
1 0 47
1 0 48
1 0 48
1 0 48
1 1 0
1 1 4
1 1 4
1 1 8
1 1 8
1 1 14
1 1 14
1 1 15
1 1 16
1 1 17
1 1 17
1 1 17
1 1 18
1 1 18
1 1 18
1 1 23
1 1 30
1 1 35
1 1 35
1 1 35
1 1 36
1 1 36
1 1 37
1 1 37
1 1 37
1 1 45
1 1 45
1 1 48
1 1 48
1 1 48
1 2 0
1 2 1
1 2 1
1 2 1
1 2 2
1 2 5
1 2 5
1 2 5
1 2 8
1 2 8
1 2 11
1 2 11
1 2 11
1 2 12
1 2 12
1 2 12
1 2 15
1 2 15
1 2 23
1 2 23
1 2 24
1 2 24
1 2 24
1 2 26
1 2 33
1 2 33
1 2 37
1 2 37
1 2 39
1 2 39
1 2 39
1 2 48
1 3 2
1 3 2
1 3 2
1 3 6
1 3 6
1 3 7
1 3 7
1 3 7
1 3 8
1 3 8
1 3 8
1 3 18
1 3 20
1 3 23
1 3 23
1 3 23
1 3 25
1 3 29
1 3 29
1 3 29
1 3 30
1 3 33
1 3 33
1 3 33
1 3 34
1 3 36
1 3 36
1 3 37
1 3 41
1 3 41
1 3 41
1 3 43
1 3 43
1 3 43
1 3 45
1 3 49
1 4 3
1 4 3
1 4 3
1 4 5
1 4 5
1 4 6
1 4 9
1 4 9
1 4 14
1 4 14
1 4 16
1 4 17
1 4 18
1 4 21
1 4 21
1 4 21
1 4 26
1 4 28
1 4 28
1 4 29
1 4 29
1 4 33
1 4 33
1 4 38
1 4 39
1 4 40
1 4 40
1 4 40
1 4 47
1 4 47
1 4 47
1 5 3
1 5 5
1 5 6
1 5 6
1 5 8
1 5 8
1 5 12
1 5 15
1 5 15
1 5 16
1 5 16
1 5 19
1 5 22
1 5 22
1 5 25
1 5 28
1 5 34
1 5 37
1 5 37
1 5 37
1 5 40
1 5 43
1 5 46
1 5 47
1 5 47
1 5 47
1 5 49
1 5 49
1 6 0
1 6 0
1 6 1
1 6 1
1 6 11
1 6 13
1 6 13
1 6 13
1 6 15
1 6 15
1 6 18
1 6 18
1 6 18
1 6 26
1 6 26
1 6 28
1 6 28
1 6 28
1 6 29
1 6 36
1 6 36
1 6 40
1 6 41
1 6 41
1 6 45
1 6 45
1 7 0
1 7 0
1 7 0
1 7 1
1 7 1
1 7 5
1 7 6
1 7 6
1 7 6
1 7 7
1 7 7
1 7 7
1 7 8
1 7 8
1 7 8
1 7 10
1 7 10
1 7 11
1 7 11
1 7 12
1 7 12
1 7 19
1 7 19
1 7 19
1 7 20
1 7 20
1 7 22
1 7 22
1 7 22
1 7 23
1 7 25
1 7 25
1 7 25
1 7 27
1 7 27
1 7 27
1 7 28
1 7 28
1 7 34
1 7 34
1 7 34
1 8 1
1 8 5
1 8 5
1 8 5
1 8 6
1 8 7
1 8 7
1 8 9
1 8 11
1 8 11
1 8 13
1 8 13
1 8 13
1 8 18
1 8 23
1 8 23
1 8 24
1 8 24
1 8 33
1 8 33
1 8 34
1 8 34
1 8 39
1 8 39
1 8 43
1 8 44
1 8 44
1 8 48
1 8 48
1 8 49
1 8 49
1 8 49
1 9 1
1 9 2
1 9 2
1 9 3
1 9 7
1 9 8
1 9 8
1 9 13
1 9 21
1 9 21
1 9 21
1 9 23
1 9 23
1 9 23
1 9 26
1 9 26
1 9 27
1 9 32
1 9 32
1 9 32
1 9 41
1 9 41
1 9 44
1 9 44
1 9 44
1 9 45
1 9 46
1 9 46
1 9 47
1 9 49
1 9 49
1 10 3
1 10 3
1 10 13
1 10 13
1 10 13
1 10 20
1 10 22
1 10 22
1 10 29
1 10 29
1 10 32
1 10 33
1 10 33
1 10 34
1 10 34
1 10 37
1 10 37
1 10 41
1 10 42
1 10 44
1 10 46
1 10 48
1 11 0
1 11 0
1 11 5
1 11 6
1 11 7
1 11 7
1 11 13
1 11 13
1 11 14
1 11 14
1 11 14
1 11 17
1 11 17
1 11 17
1 11 20
1 11 22
1 11 22
1 11 24
1 11 24
1 11 26
1 11 26
1 11 26
1 11 33
1 11 33
1 11 33
1 11 35
1 11 36
1 11 36
1 11 36
1 11 40
1 11 40
1 11 40
1 11 41
1 11 41
1 11 45
1 11 46
1 12 3
1 12 4
1 12 6
1 12 6
1 12 6
1 12 11
1 12 11
1 12 11
1 12 18
1 12 19
1 12 19
1 12 19
1 12 20
1 12 26
1 12 28
1 12 28
1 12 33
1 12 33
1 12 33
1 12 35
1 12 35
1 12 35
1 12 44
1 12 44
1 12 49
1 13 1
1 13 8
1 13 8
1 13 8
1 13 9
1 13 9
1 13 9
1 13 10
1 13 11
1 13 12
1 13 12
1 13 12
1 13 14
1 13 15
1 13 15
1 13 17
1 13 17
1 13 17
1 13 19
1 13 19
1 13 21
1 13 21
1 13 21
1 13 25
1 13 25
1 13 25
1 13 26
1 13 28
1 13 28
1 13 37
1 13 37
1 13 41
1 13 41
1 13 41
1 13 42
1 13 42
1 13 45
1 13 46
1 13 46
1 13 46
1 13 47
1 13 47
1 14 3
1 14 3
1 14 3
1 14 9
1 14 9
1 14 9
1 14 10
1 14 10
1 14 14
1 14 14
1 14 14
1 14 17
1 14 17
1 14 18
1 14 18
1 14 18
1 14 34
1 14 34
1 14 34
1 14 35
1 14 35
1 14 39
1 14 39
1 14 41
1 14 47
1 14 47
1 14 47
1 15 1
1 15 3
1 15 3
1 15 3
1 15 4
1 15 4
1 15 4
1 15 7
1 15 7
1 15 12
1 15 13
1 15 13
1 15 16
1 15 16
1 15 16
1 15 17
1 15 17
1 15 19
1 15 19
1 15 19
1 15 21
1 15 22
1 15 22
1 15 23
1 15 26
1 15 26
1 15 26
1 15 30
1 15 31
1 15 31
1 15 31
1 15 33
1 15 33
1 15 33
1 15 34
1 15 34
1 15 36
1 15 36
1 15 37
1 15 43
1 15 44
1 15 44
1 15 44
1 15 45
1 15 45
1 15 45
1 15 46
1 15 46
1 15 46
1 15 47
1 15 47
1 15 48
1 16 2
1 16 2
1 16 3
1 16 3
1 16 5
1 16 7
1 16 9
1 16 9
1 16 11
1 16 11
1 16 11
1 16 19
1 16 19
1 16 19
1 16 20
1 16 20
1 16 21
1 16 21
1 16 23
1 16 23
1 16 23
1 16 29
1 16 29
1 16 47
1 16 47
1 16 47
1 16 48
1 16 48
1 16 49
1 16 49
1 17 0
1 17 0
1 17 3
1 17 3
1 17 13
1 17 13
1 17 15
1 17 17
1 17 18
1 17 18
1 17 24
1 17 24
1 17 28
1 17 28
1 17 29
1 17 29
1 17 29
1 17 35
1 17 37
1 17 37
1 17 39
1 17 39
1 17 39
1 17 46
1 17 46
1 17 46
1 17 48
1 18 0
1 18 3
1 18 3
1 18 3
1 18 4
1 18 4
1 18 4
1 18 7
1 18 7
1 18 12
1 18 16
1 18 16
1 18 16
1 18 18
1 18 18
1 18 18
1 18 20
1 18 20
1 18 20
1 18 25
1 18 25
1 18 34
1 18 34
1 18 35
1 18 40
1 18 40
1 18 40
1 18 42
1 18 42
1 18 43
1 18 43
1 18 43
1 18 44
1 18 44
1 18 44
1 18 47
1 18 47
1 19 1
1 19 1
1 19 1
1 19 2
1 19 6
1 19 14
1 19 14
1 19 14
1 19 16
1 19 17
1 19 17
1 19 18
1 19 18
1 19 21
1 19 22
1 19 22
1 19 32
1 19 32
1 19 32
1 19 36
1 19 36
1 19 36
1 19 38
1 19 38
1 19 38
1 19 40
1 19 40
1 19 43
1 19 43
1 19 44
1 19 45
1 19 45
1 19 46
1 19 46
1 19 46
1 19 49
1 20 0
1 20 0
1 20 0
1 20 1
1 20 1
1 20 3
1 20 3
1 20 3
1 20 5
1 20 5
1 20 5
1 20 10
1 20 10
1 20 10
1 20 11
1 20 11
1 20 11
1 20 12
1 20 12
1 20 12
1 20 13
1 20 14
1 20 14
1 20 17
1 20 17
1 20 17
1 20 18
1 20 18
1 20 23
1 20 23
1 20 23
1 20 24
1 20 24
1 20 24
1 20 27
1 20 27
1 20 28
1 20 31
1 20 31
1 20 33
1 20 33
1 20 33
1 20 34
1 20 34
1 20 34
1 20 39
1 20 39
1 20 43
1 20 43
1 20 48
1 20 48
1 21 0
1 21 1
1 21 1
1 21 3
1 21 3
1 21 6
1 21 6
1 21 14
1 21 14
1 21 15
1 21 25
1 21 29
1 21 29
1 21 31
1 21 31
1 21 31
1 21 32
1 21 32
1 21 32
1 21 33
1 21 33
1 21 37
1 21 37
1 21 37
1 21 38
1 21 38
1 21 38
1 21 39
1 21 41
1 21 41
1 21 41
1 21 46
1 22 4
1 22 6
1 22 6
1 22 11
1 22 11
1 22 11
1 22 18
1 22 19
1 22 21
1 22 22
1 22 22
1 22 23
1 22 23
1 22 26
1 22 26
1 22 28
1 22 28
1 22 29
1 22 29
1 22 29
1 22 42
1 22 42
1 23 3
1 23 3
1 23 4
1 23 4
1 23 7
1 23 7
1 23 7
1 23 8
1 23 8
1 23 8
1 23 9
1 23 9
1 23 9
1 23 10
1 23 10
1 23 10
1 23 19
1 23 23
1 23 24
1 23 24
1 23 24
1 23 26
1 23 29
1 23 30
1 23 34
1 23 34
1 23 34
1 23 38
1 23 38
1 23 40
1 23 40
1 23 40
1 23 41
1 23 41
1 23 43
1 23 43
1 23 45
1 23 48
1 23 49
1 23 49
1 24 0
1 24 2
1 24 2
1 24 6
1 24 7
1 24 7
1 24 9
1 24 10
1 24 10
1 24 12
1 24 12
1 24 12
1 24 15
1 24 15
1 24 15
1 24 20
1 24 23
1 24 23
1 24 30
1 24 30
1 24 30
1 24 31
1 24 31
1 24 31
1 24 35
1 24 35
1 24 41
1 24 41
1 24 41
1 24 45
1 24 47
1 24 47
1 25 1
1 25 3
1 25 3
1 25 6
1 25 6
1 25 6
1 25 7
1 25 7
1 25 8
1 25 9
1 25 12
1 25 13
1 25 13
1 25 13
1 25 14
1 25 15
1 25 18
1 25 18
1 25 19
1 25 19
1 25 19
1 25 20
1 25 21
1 25 22
1 25 23
1 25 23
1 25 28
1 25 28
1 25 28
1 25 29
1 25 29
1 25 29
1 25 33
1 25 33
1 25 34
1 25 34
1 25 37
1 25 38
1 25 38
1 25 43
1 25 43
1 25 43
1 25 44
1 25 44
1 25 45
1 25 45
1 25 46
1 25 46
1 25 47
1 25 47
1 26 0
1 26 2
1 26 2
1 26 3
1 26 3
1 26 5
1 26 5
1 26 5
1 26 6
1 26 6
1 26 6
1 26 8
1 26 8
1 26 22
1 26 22
1 26 24
1 26 24
1 26 24
1 26 26
1 26 26
1 26 26
1 26 27
1 26 34
1 26 34
1 26 34
1 26 38
1 26 38
1 26 38
1 26 39
1 26 39
1 26 39
1 26 40
1 26 41
1 26 45
1 26 46
1 26 46
1 26 46
1 27 1
1 27 3
1 27 4
1 27 4
1 27 7
1 27 13
1 27 13
1 27 17
1 27 17
1 27 21
1 27 27
1 27 27
1 27 36
1 27 36
1 27 41
1 27 41
1 27 42
1 27 42
1 27 42
1 27 43
1 27 43
1 27 43
1 27 44
1 27 44
1 27 44
1 27 45
1 28 2
1 28 2
1 28 9
1 28 9
1 28 9
1 28 10
1 28 13
1 28 13
1 28 13
1 28 15
1 28 15
1 28 15
1 28 17
1 28 17
1 28 17
1 28 19
1 28 19
1 28 28
1 28 28
1 28 28
1 28 30
1 28 30
1 28 30
1 28 31
1 28 32
1 28 32
1 28 34
1 28 34
1 28 34
1 28 37
1 28 42
1 28 42
1 28 44
1 29 1
1 29 6
1 29 6
1 29 7
1 29 7
1 29 7
1 29 8
1 29 8
1 29 8
1 29 15
1 29 15
1 29 16
1 29 19
1 29 19
1 29 19
1 29 20
1 29 20
1 29 20
1 29 25
1 29 25
1 29 25
1 29 26
1 29 27
1 29 27
1 29 28
1 29 28
1 29 28
1 29 30
1 29 30
1 29 30
1 29 33
1 29 33
1 29 34
1 29 34
1 29 34
1 29 35
1 29 37
1 29 38
1 29 38
1 29 40
1 29 40
1 29 40
1 29 44
1 29 44
1 29 44
1 29 49
1 30 8
1 30 8
1 30 8
1 30 9
1 30 9
1 30 9
1 30 11
1 30 11
1 30 14
1 30 14
1 30 16
1 30 16
1 30 16
1 30 18
1 30 18
1 30 21
1 30 21
1 30 28
1 30 30
1 30 30
1 30 31
1 30 31
1 30 31
1 30 34
1 30 38
1 30 48
1 31 3
1 31 3
1 31 4
1 31 4
1 31 10
1 31 12
1 31 12
1 31 14
1 31 29
1 31 29
1 31 29
1 31 32
1 31 35
1 31 35
1 31 38
1 31 39
1 31 39
1 31 39
1 31 41
1 31 43
1 31 47
1 31 47
1 32 0
1 32 5
1 32 7
1 32 9
1 32 11
1 32 11
1 32 11
1 32 13
1 32 13
1 32 13
1 32 14
1 32 14
1 32 15
1 32 15
1 32 15
1 32 18
1 32 19
1 32 19
1 32 19
1 32 20
1 32 20
1 32 20
1 32 21
1 32 21
1 32 23
1 32 23
1 32 23
1 32 30
1 32 40
1 32 41
1 32 41
1 32 42
1 32 44
1 32 44
1 32 44
1 32 45
1 32 45
1 32 49
1 32 49
1 33 6
1 33 6
1 33 8
1 33 8
1 33 8
1 33 11
1 33 11
1 33 11
1 33 12
1 33 14
1 33 14
1 33 14
1 33 15
1 33 15
1 33 16
1 33 17
1 33 17
1 33 17
1 33 18
1 33 18
1 33 19
1 33 19
1 33 19
1 33 29
1 33 29
1 33 30
1 33 30
1 33 33
1 33 33
1 33 33
1 33 34
1 33 34
1 33 34
1 33 38
1 33 38
1 33 38
1 33 39
1 33 39
1 33 40
1 33 40
1 33 45
1 33 48
1 33 48
1 33 48
1 34 3
1 34 3
1 34 6
1 34 6
1 34 6
1 34 7
1 34 14
1 34 14
1 34 18
1 34 18
1 34 22
1 34 25
1 34 25
1 34 25
1 34 32
1 34 36
1 34 36
1 34 36
1 34 37
1 34 37
1 34 40
1 34 41
1 34 41
1 34 42
1 34 42
1 34 42
1 34 44
1 34 44
1 34 47
1 34 47
1 35 0
1 35 7
1 35 7
1 35 7
1 35 14
1 35 19
1 35 23
1 35 26
1 35 26
1 35 26
1 35 30
1 35 30
1 35 30
1 35 31
1 35 31
1 35 31
1 35 48
1 36 1
1 36 1
1 36 2
1 36 3
1 36 3
1 36 3
1 36 6
1 36 8
1 36 8
1 36 8
1 36 11
1 36 11
1 36 11
1 36 14
1 36 14
1 36 14
1 36 19
1 36 21
1 36 25
1 36 28
1 36 33
1 36 39
1 36 48
1 37 0
1 37 0
1 37 0
1 37 2
1 37 6
1 37 6
1 37 6
1 37 7
1 37 7
1 37 8
1 37 8
1 37 9
1 37 15
1 37 15
1 37 20
1 37 20
1 37 23
1 37 23
1 37 23
1 37 29
1 37 29
1 37 29
1 37 30
1 37 30
1 37 31
1 37 31
1 37 34
1 37 35
1 37 35
1 37 45
1 37 45
1 37 45
1 37 49
1 38 1
1 38 5
1 38 10
1 38 10
1 38 10
1 38 16
1 38 17
1 38 17
1 38 17
1 38 20
1 38 20
1 38 22
1 38 22
1 38 22
1 38 26
1 38 26
1 38 26
1 38 28
1 38 28
1 38 35
1 38 35
1 38 38
1 38 40
1 38 40
1 38 41
1 38 42
1 38 42
1 38 44
1 38 44
1 38 45
1 38 45
1 39 5
1 39 6
1 39 6
1 39 6
1 39 7
1 39 7
1 39 7
1 39 9
1 39 10
1 39 10
1 39 16
1 39 21
1 39 21
1 39 21
1 39 23
1 39 23
1 39 23
1 39 24
1 39 24
1 39 24
1 39 26
1 39 26
1 39 26
1 39 30
1 39 30
1 39 30
1 39 31
1 39 31
1 39 31
1 39 37
1 39 38
1 39 39
1 39 39
1 39 39
1 39 40
1 39 40
1 39 41
1 39 47
1 40 4
1 40 5
1 40 5
1 40 5
1 40 6
1 40 6
1 40 6
1 40 7
1 40 7
1 40 7
1 40 10
1 40 10
1 40 12
1 40 12
1 40 15
1 40 25
1 40 25
1 40 25
1 40 27
1 40 27
1 40 27
1 40 28
1 40 31
1 40 31
1 40 31
1 40 41
1 40 41
1 40 41
1 40 43
1 40 43
1 40 44
1 40 44
1 40 45
1 41 5
1 41 5
1 41 10
1 41 10
1 41 12
1 41 12
1 41 14
1 41 14
1 41 16
1 41 16
1 41 16
1 41 17
1 41 17
1 41 18
1 41 22
1 41 22
1 41 22
1 41 24
1 41 27
1 41 31
1 41 31
1 41 31
1 41 39
1 41 39
1 41 39
1 41 40
1 41 40
1 41 42
1 42 1
1 42 2
1 42 2
1 42 18
1 42 18
1 42 18
1 42 19
1 42 19
1 42 19
1 42 21
1 42 22
1 42 22
1 42 24
1 42 27
1 42 27
1 42 30
1 42 30
1 42 30
1 42 31
1 42 32
1 42 33
1 42 36
1 42 36
1 42 36
1 42 40
1 42 40
1 42 42
1 42 42
1 42 48
1 42 48
1 42 48
1 43 3
1 43 3
1 43 3
1 43 10
1 43 14
1 43 23
1 43 23
1 43 27
1 43 27
1 43 27
1 43 29
1 43 31
1 43 33
1 43 37
1 43 37
1 43 37
1 43 38
1 43 40
1 43 40
1 43 45
1 43 46
1 43 48
1 43 48
1 43 48
1 43 49
1 43 49
1 44 2
1 44 2
1 44 4
1 44 4
1 44 9
1 44 9
1 44 10
1 44 10
1 44 19
1 44 19
1 44 19
1 44 28
1 44 28
1 44 28
1 44 29
1 44 31
1 44 33
1 44 33
1 44 34
1 44 40
1 44 40
1 44 43
1 44 47
1 44 47
1 44 49
1 44 49
1 45 6
1 45 6
1 45 6
1 45 7
1 45 7
1 45 12
1 45 12
1 45 12
1 45 14
1 45 14
1 45 14
1 45 16
1 45 17
1 45 17
1 45 17
1 45 18
1 45 18
1 45 18
1 45 20
1 45 25
1 45 25
1 45 25
1 45 29
1 45 29
1 45 29
1 45 32
1 45 36
1 45 37
1 45 39
1 45 41
1 45 41
1 45 47
1 45 49
1 46 0
1 46 4
1 46 6
1 46 6
1 46 7
1 46 7
1 46 8
1 46 8
1 46 9
1 46 9
1 46 9
1 46 11
1 46 11
1 46 12
1 46 12
1 46 12
1 46 14
1 46 14
1 46 19
1 46 20
1 46 34
1 46 34
1 46 35
1 46 35
1 46 35
1 46 36
1 46 36
1 46 37
1 46 38
1 46 38
1 46 40
1 46 40
1 46 42
1 46 43
1 46 43
1 46 43
1 46 45
1 46 45
1 46 48
1 47 4
1 47 4
1 47 6
1 47 7
1 47 8
1 47 8
1 47 11
1 47 11
1 47 11
1 47 18
1 47 18
1 47 22
1 47 23
1 47 23
1 47 23
1 47 26
1 47 26
1 47 26
1 47 35
1 47 36
1 47 36
1 47 36
1 47 37
1 47 38
1 47 39
1 47 39
1 47 42
1 47 42
1 47 42
1 47 45
1 47 45
1 47 46
1 47 46
1 47 46
1 47 47
1 47 47
1 47 47
1 47 48
1 47 48
1 47 48
1 48 3
1 48 11
1 48 11
1 48 13
1 48 13
1 48 18
1 48 18
1 48 19
1 48 24
1 48 27
1 48 30
1 48 30
1 48 30
1 48 34
1 48 34
1 48 34
1 48 38
1 48 38
1 48 48
1 49 0
1 49 0
1 49 2
1 49 2
1 49 2
1 49 3
1 49 3
1 49 5
1 49 5
1 49 7
1 49 7
1 49 11
1 49 11
1 49 11
1 49 12
1 49 18
1 49 22
1 49 22
1 49 23
1 49 23
1 49 30
1 49 31
1 49 31
1 49 31
1 49 34
1 49 34
1 49 35
1 49 35
1 49 36
1 49 36
1 49 36
1 49 37
1 49 37
1 49 37
1 49 38
1 49 38
1 49 38
1 49 40
1 49 40
1 49 40
1 49 41
1 49 45
1 49 47
1 49 47
1 49 48
1 49 48
2 0 4
2 0 15
2 0 32
2 0 36
2 0 38
2 0 41
2 0 47
2 1 0
2 1 23
2 2 29
2 3 43
2 4 11
2 4 16
2 4 38
2 5 38
2 6 0
2 6 11
2 7 5
2 7 22
2 7 46
2 8 13
2 9 32
2 9 41
2 11 5
2 11 19
2 11 26
2 11 35
2 12 43
2 14 3
2 16 28
2 17 0
2 18 42
2 19 9
2 20 3
2 20 31
2 20 37
2 20 48
2 21 21
2 21 41
2 22 26
2 23 7
2 23 12
2 23 34
2 23 45
2 27 10
2 28 15
2 28 46
2 29 6
2 30 14
2 31 3
2 32 40
2 32 48
2 33 6
2 33 28
2 33 33
2 34 3
2 34 9
2 34 36
2 36 6
2 36 21
2 36 41
2 37 29
2 38 5
2 38 10
2 38 16
2 39 23
2 39 30
2 40 27
2 40 43
2 41 37
2 43 14
2 43 16
2 44 8
2 44 47
2 45 6
2 45 11
2 45 20
2 45 36
2 46 22
2 47 17
2 47 30
