1 0 1
1 0 7
1 0 9
1 0 9
1 0 9
1 0 10
1 0 10
1 0 10
1 0 12
1 0 12
1 0 14
1 0 14
1 0 19
1 0 19
1 0 20
1 0 22
1 0 23
1 0 23
1 0 30
1 0 31
1 0 31
1 0 31
1 0 34
1 0 34
1 0 34
1 0 35
1 0 42
1 0 42
1 0 42
1 0 45
1 0 45
1 0 45
1 0 49
1 1 2
1 1 2
1 1 3
1 1 3
1 1 3
1 1 5
1 1 5
1 1 5
1 1 10
1 1 10
1 1 11
1 1 11
1 1 14
1 1 14
1 1 16
1 1 16
1 1 16
1 1 18
1 1 18
1 1 18
1 1 20
1 1 21
1 1 24
1 1 25
1 1 25
1 1 25
1 1 30
1 1 30
1 1 30
1 1 41
1 1 45
1 1 45
1 1 45
1 1 46
1 1 46
1 1 46
1 2 7
1 2 7
1 2 11
1 2 11
1 2 14
1 2 14
1 2 17
1 2 22
1 2 22
1 2 22
1 2 23
1 2 23
1 2 23
1 2 27
1 2 30
1 2 30
1 2 32
1 2 32
1 2 37
1 2 38
1 2 40
1 2 41
1 2 43
1 2 43
1 2 47
1 2 47
1 2 47
1 3 5
1 3 5
1 3 5
1 3 11
1 3 11
1 3 13
1 3 13
1 3 13
1 3 18
1 3 18
1 3 20
1 3 20
1 3 20
1 3 22
1 3 23
1 3 23
1 3 23
1 3 25
1 3 25
1 3 26
1 3 26
1 3 26
1 3 31
1 3 33
1 3 34
1 3 40
1 3 46
1 3 46
1 3 46
1 3 47
1 3 47
1 3 47
1 3 49
1 3 49
1 3 49
1 4 9
1 4 9
1 4 9
1 4 11
1 4 11
1 4 13
1 4 18
1 4 19
1 4 20
1 4 20
1 4 20
1 4 22
1 4 22
1 4 22
1 4 23
1 4 23
1 4 25
1 4 28
1 4 28
1 4 29
1 4 33
1 4 33
1 4 33
1 4 41
1 4 41
1 4 41
1 4 42
1 4 44
1 4 44
1 4 44
1 4 45
1 4 48
1 4 48
1 4 48
1 4 49
1 5 1
1 5 1
1 5 1
1 5 2
1 5 2
1 5 6
1 5 6
1 5 7
1 5 7
1 5 11
1 5 11
1 5 11
1 5 14
1 5 14
1 5 16
1 5 25
1 5 25
1 5 25
1 5 28
1 5 28
1 5 29
1 5 29
1 5 29
1 5 35
1 5 35
1 5 35
1 5 36
1 5 36
1 5 38
1 5 38
1 5 42
1 5 42
1 5 42
1 5 46
1 5 49
1 5 49
1 5 49
1 6 0
1 6 2
1 6 2
1 6 2
1 6 5
1 6 6
1 6 6
1 6 7
1 6 7
1 6 10
1 6 10
1 6 12
1 6 12
1 6 17
1 6 17
1 6 17
1 6 20
1 6 20
1 6 22
1 6 22
1 6 22
1 6 27
1 6 27
1 6 32
1 6 36
1 6 36
1 6 38
1 6 38
1 6 42
1 6 42
1 6 45
1 6 45
1 6 45
1 7 3
1 7 3
1 7 3
1 7 4
1 7 4
1 7 9
1 7 10
1 7 12
1 7 15
1 7 15
1 7 15
1 7 16
1 7 17
1 7 19
1 7 19
1 7 19
1 7 20
1 7 20
1 7 22
1 7 25
1 7 25
1 7 27
1 7 28
1 7 28
1 7 32
1 7 32
1 7 34
1 7 35
1 7 35
1 7 36
1 7 36
1 7 43
1 7 43
1 7 47
1 7 47
1 8 3
1 8 3
1 8 3
1 8 4
1 8 4
1 8 6
1 8 6
1 8 6
1 8 7
1 8 9
1 8 12
1 8 16
1 8 16
1 8 20
1 8 26
1 8 26
1 8 26
1 8 30
1 8 32
1 8 35
1 8 35
1 9 1
1 9 4
1 9 5
1 9 6
1 9 6
1 9 7
1 9 12
1 9 12
1 9 12
1 9 14
1 9 16
1 9 16
1 9 18
1 9 19
1 9 19
1 9 19
1 9 20
1 9 22
1 9 23
1 9 23
1 9 23
1 9 25
1 9 26
1 9 26
1 9 30
1 9 30
1 9 32
1 9 36
1 9 36
1 9 38
1 9 43
1 9 43
1 9 44
1 10 0
1 10 0
1 10 2
1 10 3
1 10 3
1 10 4
1 10 4
1 10 4
1 10 6
1 10 7
1 10 8
1 10 11
1 10 11
1 10 13
1 10 15
1 10 15
1 10 17
1 10 17
1 10 23
1 10 25
1 10 28
1 10 29
1 10 29
1 10 31
1 10 31
1 10 35
1 10 35
1 10 36
1 10 36
1 10 36
1 10 40
1 10 40
1 10 40
1 10 41
1 10 41
1 10 44
1 10 44
1 10 44
1 11 7
1 11 9
1 11 9
1 11 9
1 11 13
1 11 14
1 11 14
1 11 14
1 11 15
1 11 16
1 11 16
1 11 22
1 11 22
1 11 25
1 11 28
1 11 28
1 11 30
1 11 30
1 11 30
1 11 31
1 11 31
1 11 31
1 11 36
1 11 36
1 11 36
1 11 45
1 12 9
1 12 9
1 12 9
1 12 14
1 12 14
1 12 14
1 12 16
1 12 16
1 12 16
1 12 24
1 12 24
1 12 24
1 12 32
1 12 32
1 12 34
1 12 34
1 12 35
1 12 35
1 12 35
1 12 39
1 12 39
1 12 39
1 12 40
1 12 40
1 12 40
1 12 43
1 12 45
1 12 47
1 12 49
1 13 2
1 13 2
1 13 12
1 13 13
1 13 13
1 13 13
1 13 17
1 13 18
1 13 19
1 13 28
1 13 28
1 13 29
1 13 29
1 13 30
1 13 31
1 13 31
1 13 34
1 13 34
1 13 39
1 13 40
1 13 40
1 13 40
1 13 47
1 13 47
1 14 0
1 14 0
1 14 0
1 14 2
1 14 2
1 14 5
1 14 5
1 14 5
1 14 13
1 14 13
1 14 17
1 14 17
1 14 18
1 14 19
1 14 19
1 14 19
1 14 20
1 14 24
1 14 25
1 14 27
1 14 27
1 14 27
1 14 30
1 14 32
1 14 32
1 14 39
1 14 41
1 14 42
1 14 46
1 14 47
1 14 47
1 14 49
1 15 2
1 15 2
1 15 2
1 15 3
1 15 4
1 15 4
1 15 8
1 15 12
1 15 12
1 15 12
1 15 14
1 15 14
1 15 14
1 15 16
1 15 16
1 15 18
1 15 18
1 15 19
1 15 19
1 15 19
1 15 23
1 15 23
1 15 23
1 15 26
1 15 26
1 15 27
1 15 28
1 15 28
1 15 30
1 15 34
1 15 34
1 15 35
1 15 36
1 15 37
1 15 38
1 15 38
1 15 38
1 15 40
1 15 44
1 15 44
1 15 48
1 15 48
1 16 4
1 16 4
1 16 5
1 16 5
1 16 6
1 16 6
1 16 9
1 16 10
1 16 10
1 16 15
1 16 15
1 16 16
1 16 16
1 16 16
1 16 17
1 16 18
1 16 18
1 16 18
1 16 30
1 16 30
1 16 31
1 16 34
1 16 34
1 16 34
1 16 36
1 16 36
1 16 37
1 16 38
1 16 38
1 16 40
1 16 40
1 16 40
1 16 47
1 17 1
1 17 2
1 17 2
1 17 2
1 17 3
1 17 3
1 17 3
1 17 5
1 17 5
1 17 5
1 17 6
1 17 6
1 17 10
1 17 10
1 17 13
1 17 13
1 17 16
1 17 18
1 17 18
1 17 25
1 17 25
1 17 25
1 17 28
1 17 28
1 17 28
1 17 30
1 17 30
1 17 32
1 17 36
1 17 36
1 17 36
1 17 37
1 17 37
1 17 39
1 17 40
1 17 40
1 17 40
1 17 48
1 17 48
1 17 48
1 18 10
1 18 14
1 18 14
1 18 14
1 18 18
1 18 21
1 18 21
1 18 22
1 18 24
1 18 24
1 18 24
1 18 26
1 18 27
1 18 27
1 18 28
1 18 28
1 18 29
1 18 29
1 18 29
1 18 31
1 18 32
1 18 32
1 18 32
1 18 38
1 18 40
1 18 40
1 18 48
1 18 48
1 19 6
1 19 6
1 19 16
1 19 16
1 19 18
1 19 18
1 19 21
1 19 21
1 19 26
1 19 28
1 19 28
1 19 30
1 19 30
1 19 30
1 19 31
1 19 31
1 19 36
1 19 36
1 19 36
1 19 37
1 19 38
1 19 44
1 19 44
1 19 47
1 19 48
1 20 6
1 20 7
1 20 7
1 20 10
1 20 10
1 20 10
1 20 11
1 20 13
1 20 13
1 20 14
1 20 15
1 20 15
1 20 15
1 20 21
1 20 21
1 20 21
1 20 22
1 20 22
1 20 22
1 20 25
1 20 31
1 20 31
1 20 31
1 20 35
1 20 35
1 20 36
1 20 36
1 20 37
1 20 37
1 20 37
1 20 39
1 20 39
1 20 44
1 20 47
1 20 47
1 20 49
1 20 49
1 20 49
1 21 0
1 21 9
1 21 14
1 21 14
1 21 19
1 21 20
1 21 22
1 21 22
1 21 22
1 21 23
1 21 23
1 21 31
1 21 34
1 21 34
1 21 37
1 21 38
1 21 38
1 21 38
1 21 39
1 21 41
1 21 41
1 21 41
1 22 0
1 22 1
1 22 1
1 22 8
1 22 9
1 22 9
1 22 11
1 22 15
1 22 15
1 22 22
1 22 28
1 22 28
1 22 28
1 22 33
1 22 33
1 22 39
1 22 39
1 22 42
1 22 45
1 22 45
1 22 45
1 22 49
1 22 49
1 23 3
1 23 3
1 23 3
1 23 10
1 23 10
1 23 15
1 23 15
1 23 17
1 23 18
1 23 21
1 23 22
1 23 29
1 23 29
1 23 30
1 23 30
1 23 35
1 23 35
1 23 35
1 23 36
1 23 36
1 23 39
1 23 47
1 24 2
1 24 2
1 24 2
1 24 3
1 24 3
1 24 5
1 24 5
1 24 12
1 24 13
1 24 13
1 24 14
1 24 14
1 24 14
1 24 17
1 24 17
1 24 23
1 24 23
1 24 23
1 24 26
1 24 26
1 24 26
1 24 29
1 24 29
1 24 29
1 24 30
1 24 33
1 24 38
1 24 38
1 24 41
1 24 41
1 24 43
1 24 48
1 24 48
1 25 1
1 25 1
1 25 1
1 25 3
1 25 3
1 25 3
1 25 7
1 25 7
1 25 10
1 25 10
1 25 10
1 25 11
1 25 11
1 25 11
1 25 13
1 25 13
1 25 13
1 25 14
1 25 14
1 25 15
1 25 15
1 25 17
1 25 21
1 25 21
1 25 21
1 25 22
1 25 24
1 25 24
1 25 24
1 25 25
1 25 34
1 25 36
1 25 36
1 25 38
1 25 39
1 25 39
1 25 41
1 25 41
1 25 41
1 25 44
1 25 44
1 25 44
1 25 46
1 25 46
1 25 47
1 26 5
1 26 5
1 26 5
1 26 6
1 26 6
1 26 6
1 26 7
1 26 7
1 26 7
1 26 9
1 26 9
1 26 10
1 26 10
1 26 12
1 26 15
1 26 15
1 26 16
1 26 16
1 26 22
1 26 22
1 26 22
1 26 28
1 26 28
1 26 35
1 26 38
1 26 44
1 26 44
1 26 46
1 26 46
1 26 46
1 26 49
1 26 49
1 27 2
1 27 2
1 27 5
1 27 5
1 27 9
1 27 9
1 27 9
1 27 11
1 27 12
1 27 15
1 27 15
1 27 18
1 27 18
1 27 18
1 27 20
1 27 20
1 27 23
1 27 23
1 27 23
1 27 27
1 27 27
1 27 28
1 27 33
1 27 33
1 27 33
1 27 38
1 27 38
1 27 45
1 27 45
1 27 47
1 27 48
1 27 48
1 27 49
1 27 49
1 28 0
1 28 2
1 28 6
1 28 6
1 28 10
1 28 10
1 28 16
1 28 18
1 28 18
1 28 19
1 28 19
1 28 19
1 28 20
1 28 21
1 28 23
1 28 23
1 28 23
1 28 28
1 28 28
1 28 28
1 28 30
1 28 35
1 28 35
1 28 36
1 28 37
1 28 41
1 28 45
1 28 45
1 28 45
1 28 46
1 28 46
1 29 1
1 29 3
1 29 3
1 29 6
1 29 6
1 29 6
1 29 8
1 29 10
1 29 10
1 29 10
1 29 12
1 29 12
1 29 12
1 29 14
1 29 14
1 29 14
1 29 18
1 29 18
1 29 19
1 29 19
1 29 20
1 29 21
1 29 21
1 29 21
1 29 23
1 29 23
1 29 24
1 29 24
1 29 24
1 29 29
1 29 29
1 29 30
1 29 30
1 29 31
1 29 31
1 29 34
1 29 34
1 29 35
1 29 35
1 29 36
1 29 36
1 29 40
1 29 40
1 29 40
1 29 49
1 30 7
1 30 7
1 30 8
1 30 9
1 30 10
1 30 14
1 30 26
1 30 26
1 30 26
1 30 27
1 30 30
1 30 31
1 30 31
1 30 34
1 30 34
1 30 34
1 30 36
1 30 36
1 30 37
1 30 39
1 30 43
1 30 47
1 30 47
1 30 47
1 31 6
1 31 6
1 31 6
1 31 7
1 31 7
1 31 9
1 31 9
1 31 11
1 31 11
1 31 12
1 31 14
1 31 14
1 31 16
1 31 18
1 31 18
1 31 19
1 31 19
1 31 19
1 31 20
1 31 20
1 31 20
1 31 22
1 31 24
1 31 24
1 31 24
1 31 26
1 31 30
1 31 35
1 31 35
1 31 40
1 31 45
1 31 48
1 31 49
1 32 0
1 32 0
1 32 0
1 32 2
1 32 3
1 32 4
1 32 4
1 32 4
1 32 5
1 32 22
1 32 23
1 32 23
1 32 23
1 32 25
1 32 25
1 32 31
1 32 32
1 32 32
1 32 32
1 32 33
1 32 33
1 32 36
1 32 40
1 32 40
1 32 46
1 32 48
1 32 48
1 32 49
1 32 49
1 33 6
1 33 6
1 33 7
1 33 7
1 33 7
1 33 8
1 33 10
1 33 10
1 33 10
1 33 11
1 33 11
1 33 12
1 33 14
1 33 14
1 33 15
1 33 15
1 33 15
1 33 16
1 33 16
1 33 16
1 33 19
1 33 20
1 33 23
1 33 23
1 33 23
1 33 26
1 33 26
1 33 28
1 33 30
1 33 30
1 33 30
1 33 31
1 33 34
1 33 36
1 33 36
1 33 40
1 33 42
1 33 44
1 33 45
1 33 45
1 33 45
1 33 48
1 34 1
1 34 6
1 34 10
1 34 10
1 34 11
1 34 11
1 34 11
1 34 15
1 34 15
1 34 15
1 34 20
1 34 21
1 34 28
1 34 28
1 34 34
1 34 34
1 34 34
1 34 36
1 34 36
1 34 36
1 34 37
1 34 37
1 34 37
1 34 46
1 34 46
1 35 1
1 35 1
1 35 4
1 35 9
1 35 9
1 35 17
1 35 17
1 35 17
1 35 18
1 35 18
1 35 18
1 35 20
1 35 20
1 35 21
1 35 25
1 35 25
1 35 25
1 35 27
1 35 27
1 35 27
1 35 30
1 35 30
1 35 31
1 35 31
1 35 34
1 35 34
1 35 34
1 35 36
1 35 36
1 35 36
1 35 38
1 35 38
1 35 41
1 35 41
1 35 45
1 35 47
1 36 8
1 36 8
1 36 8
1 36 13
1 36 14
1 36 14
1 36 15
1 36 15
1 36 18
1 36 21
1 36 23
1 36 23
1 36 24
1 36 24
1 36 24
1 36 27
1 36 27
1 36 27
1 36 33
1 36 36
1 36 36
1 36 37
1 36 39
1 36 40
1 36 40
1 36 43
1 36 44
1 36 45
1 36 46
1 36 46
1 36 46
1 36 47
1 36 47
1 36 48
1 36 48
1 36 49
1 36 49
1 37 6
1 37 6
1 37 7
1 37 13
1 37 13
1 37 17
1 37 17
1 37 18
1 37 19
1 37 19
1 37 20
1 37 20
1 37 20
1 37 24
1 37 24
1 37 35
1 37 37
1 37 37
1 37 44
1 37 46
1 37 46
1 37 49
1 38 1
1 38 6
1 38 6
1 38 7
1 38 11
1 38 11
1 38 13
1 38 14
1 38 18
1 38 18
1 38 19
1 38 19
1 38 20
1 38 25
1 38 26
1 38 26
1 38 26
1 38 27
1 38 27
1 38 30
1 38 30
1 38 31
1 38 32
1 38 32
1 38 32
1 38 39
1 38 39
1 38 39
1 38 40
1 38 43
1 38 43
1 38 43
1 38 48
1 38 48
1 38 48
1 39 4
1 39 4
1 39 4
1 39 13
1 39 13
1 39 14
1 39 14
1 39 19
1 39 19
1 39 19
1 39 21
1 39 21
1 39 24
1 39 24
1 39 27
1 39 29
1 39 30
1 39 30
1 39 30
1 39 33
1 39 34
1 39 35
1 39 42
1 39 42
1 39 42
1 39 44
1 39 44
1 39 44
1 40 1
1 40 2
1 40 2
1 40 3
1 40 6
1 40 7
1 40 8
1 40 8
1 40 8
1 40 10
1 40 10
1 40 16
1 40 16
1 40 16
1 40 19
1 40 19
1 40 25
1 40 25
1 40 25
1 40 30
1 40 30
1 40 30
1 40 38
1 40 40
1 40 43
1 40 46
1 41 4
1 41 4
1 41 4
1 41 14
1 41 14
1 41 14
1 41 17
1 41 23
1 41 23
1 41 23
1 41 30
1 41 30
1 41 30
1 41 33
1 41 35
1 41 35
1 41 35
1 41 40
1 41 41
1 41 41
1 41 41
1 41 45
1 41 45
1 41 47
1 41 47
1 41 47
1 42 0
1 42 0
1 42 0
1 42 6
1 42 10
1 42 10
1 42 12
1 42 14
1 42 14
1 42 21
1 42 21
1 42 28
1 42 28
1 42 30
1 42 31
1 42 31
1 42 31
1 42 36
1 42 40
1 42 40
1 42 47
1 43 6
1 43 7
1 43 7
1 43 7
1 43 8
1 43 15
1 43 16
1 43 16
1 43 16
1 43 18
1 43 21
1 43 23
1 43 23
1 43 23
1 43 25
1 43 25
1 43 26
1 43 26
1 43 26
1 43 32
1 43 32
1 43 33
1 43 36
1 43 37
1 43 48
1 43 48
1 44 0
1 44 3
1 44 14
1 44 18
1 44 18
1 44 18
1 44 20
1 44 20
1 44 20
1 44 24
1 44 24
1 44 25
1 44 25
1 44 28
1 44 28
1 44 28
1 44 29
1 44 29
1 44 29
1 44 37
1 44 37
1 44 43
1 44 43
1 44 46
1 44 46
1 44 46
1 44 49
1 45 0
1 45 0
1 45 0
1 45 1
1 45 1
1 45 1
1 45 3
1 45 3
1 45 3
1 45 4
1 45 4
1 45 6
1 45 9
1 45 9
1 45 11
1 45 11
1 45 13
1 45 13
1 45 13
1 45 14
1 45 16
1 45 16
1 45 26
1 45 26
1 45 26
1 45 32
1 45 32
1 45 32
1 45 34
1 45 34
1 45 34
1 45 36
1 45 38
1 45 38
1 45 38
1 45 40
1 45 40
1 45 42
1 45 46
1 46 0
1 46 0
1 46 1
1 46 1
1 46 1
1 46 6
1 46 6
1 46 8
1 46 10
1 46 10
1 46 17
1 46 19
1 46 20
1 46 20
1 46 20
1 46 23
1 46 25
1 46 27
1 46 27
1 46 27
1 46 28
1 46 29
1 46 29
1 46 29
1 46 32
1 46 32
1 46 33
1 46 37
1 46 37
1 46 38
1 46 38
1 46 39
1 46 39
1 46 39
1 46 40
1 46 40
1 46 40
1 46 41
1 46 41
1 46 41
1 46 45
1 46 45
1 46 45
1 46 46
1 46 46
1 46 46
1 46 49
1 47 3
1 47 3
1 47 7
1 47 8
1 47 8
1 47 17
1 47 20
1 47 21
1 47 22
1 47 22
1 47 22
1 47 23
1 47 25
1 47 30
1 47 41
1 47 41
1 47 41
1 47 44
1 47 44
1 47 46
1 47 46
1 47 47
1 47 47
1 48 0
1 48 2
1 48 2
1 48 3
1 48 3
1 48 8
1 48 10
1 48 14
1 48 14
1 48 14
1 48 15
1 48 15
1 48 15
1 48 16
1 48 16
1 48 16
1 48 19
1 48 19
1 48 30
1 48 31
1 48 32
1 48 32
1 48 34
1 48 34
1 48 35
1 48 35
1 48 35
1 48 37
1 48 37
1 48 37
1 48 38
1 48 38
1 48 38
1 48 39
1 48 45
1 48 47
1 49 0
1 49 0
1 49 0
1 49 3
1 49 3
1 49 3
1 49 7
1 49 7
1 49 8
1 49 8
1 49 8
1 49 10
1 49 10
1 49 12
1 49 12
1 49 12
1 49 13
1 49 16
1 49 19
1 49 19
1 49 19
1 49 21
1 49 21
1 49 21
1 49 24
1 49 24
1 49 25
1 49 30
1 49 30
1 49 32
1 49 32
1 49 33
1 49 33
1 49 34
1 49 34
1 49 35
1 49 35
1 49 35
1 49 38
1 49 38
1 49 38
1 49 39
1 49 39
1 49 40
1 49 44
1 49 44
1 49 44
1 49 45
1 49 48
2 0 9
2 0 12
2 0 19
2 0 30
2 0 34
2 2 22
2 2 32
2 2 37
2 3 18
2 3 25
2 4 41
2 4 44
2 4 48
2 5 0
2 5 6
2 5 35
2 6 12
2 6 26
2 6 32
2 7 9
2 7 25
2 9 28
2 9 36
2 9 40
2 12 34
2 12 39
2 12 47
2 13 2
2 14 24
2 16 9
2 17 48
2 18 21
2 18 42
2 19 0
2 19 4
2 22 7
2 23 3
2 23 29
2 23 41
2 24 23
2 25 10
2 26 5
2 26 25
2 26 28
2 27 30
2 28 34
2 30 7
2 30 25
2 31 18
2 31 22
2 31 40
2 31 48
2 32 2
2 32 31
2 32 44
2 33 10
2 33 14
2 33 34
2 35 17
2 35 40
2 36 5
2 36 7
2 37 26
2 38 1
2 38 39
2 40 10
2 40 40
2 40 43
2 41 47
2 42 6
2 42 28
2 42 36
2 43 25
2 44 0
2 44 3
2 44 46
2 45 13
2 45 38
2 46 8
2 46 17
2 47 3
2 47 14
2 47 30
