1 0 0
1 0 0
1 0 0
1 0 1
1 0 1
1 0 2
1 0 2
1 0 2
1 0 3
1 0 3
1 0 9
1 0 9
1 0 10
1 0 10
1 0 10
1 0 18
1 0 18
1 0 18
1 0 19
1 0 19
1 0 22
1 0 22
1 0 26
1 0 26
1 0 28
1 0 30
1 0 34
1 0 34
1 0 35
1 0 35
1 0 37
1 0 37
1 0 38
1 0 40
1 0 40
1 0 41
1 0 41
1 0 42
1 0 43
1 0 43
1 0 43
1 0 49
1 1 3
1 1 3
1 1 5
1 1 5
1 1 10
1 1 14
1 1 22
1 1 22
1 1 24
1 1 24
1 1 26
1 1 26
1 1 26
1 1 28
1 1 28
1 1 28
1 1 29
1 1 29
1 1 35
1 1 35
1 1 35
1 1 36
1 1 36
1 1 41
1 1 43
1 1 43
1 1 44
1 1 45
1 1 45
1 1 46
1 1 46
1 1 46
1 2 1
1 2 1
1 2 1
1 2 6
1 2 6
1 2 8
1 2 8
1 2 8
1 2 9
1 2 9
1 2 9
1 2 11
1 2 11
1 2 12
1 2 15
1 2 16
1 2 20
1 2 20
1 2 20
1 2 21
1 2 21
1 2 22
1 2 22
1 2 22
1 2 23
1 2 24
1 2 24
1 2 25
1 2 29
1 2 29
1 2 29
1 2 31
1 2 33
1 2 33
1 2 34
1 2 34
1 2 34
1 2 39
1 2 39
1 2 39
1 2 40
1 2 40
1 2 40
1 2 43
1 2 43
1 2 43
1 2 45
1 2 45
1 2 45
1 2 48
1 2 48
1 2 49
1 2 49
1 3 0
1 3 3
1 3 3
1 3 5
1 3 5
1 3 5
1 3 7
1 3 7
1 3 19
1 3 19
1 3 19
1 3 20
1 3 20
1 3 22
1 3 22
1 3 29
1 3 29
1 3 29
1 3 30
1 3 30
1 3 32
1 3 43
1 4 0
1 4 0
1 4 1
1 4 1
1 4 5
1 4 6
1 4 6
1 4 10
1 4 10
1 4 10
1 4 11
1 4 11
1 4 11
1 4 12
1 4 12
1 4 15
1 4 18
1 4 23
1 4 23
1 4 23
1 4 26
1 4 26
1 4 26
1 4 28
1 4 28
1 4 28
1 4 29
1 4 30
1 4 30
1 4 30
1 4 31
1 4 32
1 4 32
1 4 32
1 4 33
1 4 33
1 4 33
1 4 35
1 4 35
1 4 35
1 4 36
1 4 36
1 4 39
1 4 45
1 4 46
1 4 48
1 4 49
1 4 49
1 5 0
1 5 2
1 5 2
1 5 2
1 5 15
1 5 15
1 5 15
1 5 19
1 5 19
1 5 21
1 5 21
1 5 21
1 5 24
1 5 28
1 5 28
1 5 28
1 5 29
1 5 29
1 5 32
1 5 37
1 5 37
1 5 39
1 5 39
1 5 39
1 5 40
1 5 40
1 5 45
1 5 49
1 6 1
1 6 1
1 6 1
1 6 3
1 6 3
1 6 3
1 6 6
1 6 6
1 6 10
1 6 11
1 6 11
1 6 15
1 6 15
1 6 16
1 6 16
1 6 20
1 6 21
1 6 21
1 6 21
1 6 25
1 6 25
1 6 25
1 6 27
1 6 27
1 6 28
1 6 28
1 6 28
1 6 31
1 6 33
1 6 37
1 6 37
1 6 37
1 6 47
1 6 49
1 6 49
1 6 49
1 7 9
1 7 9
1 7 10
1 7 12
1 7 12
1 7 13
1 7 13
1 7 14
1 7 14
1 7 14
1 7 16
1 7 16
1 7 16
1 7 22
1 7 22
1 7 22
1 7 29
1 7 29
1 7 33
1 7 35
1 7 35
1 7 35
1 7 37
1 7 37
1 7 37
1 7 40
1 7 40
1 7 40
1 7 42
1 7 42
1 7 42
1 7 47
1 7 47
1 7 48
1 8 0
1 8 0
1 8 2
1 8 3
1 8 3
1 8 3
1 8 4
1 8 4
1 8 4
1 8 11
1 8 12
1 8 13
1 8 13
1 8 15
1 8 15
1 8 15
1 8 17
1 8 17
1 8 17
1 8 18
1 8 23
1 8 29
1 8 31
1 8 32
1 8 32
1 8 33
1 8 34
1 8 34
1 8 34
1 8 38
1 8 38
1 8 38
1 8 41
1 8 41
1 8 42
1 8 44
1 8 44
1 8 46
1 8 46
1 9 1
1 9 1
1 9 1
1 9 2
1 9 3
1 9 3
1 9 3
1 9 4
1 9 4
1 9 9
1 9 9
1 9 12
1 9 17
1 9 17
1 9 17
1 9 18
1 9 18
1 9 18
1 9 24
1 9 24
1 9 24
1 9 28
1 9 28
1 9 28
1 9 34
1 9 38
1 9 41
1 9 41
1 9 41
1 9 42
1 9 42
1 9 42
1 9 44
1 9 44
1 9 45
1 9 46
1 9 47
1 10 0
1 10 0
1 10 0
1 10 3
1 10 6
1 10 6
1 10 8
1 10 15
1 10 16
1 10 26
1 10 33
1 10 33
1 10 33
1 10 35
1 10 35
1 10 35
1 10 39
1 10 39
1 10 39
1 10 40
1 10 40
1 10 40
1 10 42
1 10 43
1 10 43
1 10 46
1 10 47
1 10 47
1 10 47
1 11 0
1 11 12
1 11 12
1 11 12
1 11 17
1 11 17
1 11 19
1 11 19
1 11 20
1 11 20
1 11 22
1 11 22
1 11 22
1 11 25
1 11 25
1 11 26
1 11 26
1 11 27
1 11 27
1 11 32
1 11 34
1 11 40
1 11 46
1 11 46
1 11 49
1 11 49
1 12 0
1 12 0
1 12 0
1 12 7
1 12 7
1 12 7
1 12 8
1 12 8
1 12 8
1 12 9
1 12 9
1 12 10
1 12 10
1 12 10
1 12 18
1 12 20
1 12 20
1 12 20
1 12 26
1 12 37
1 12 37
1 12 37
1 12 41
1 12 41
1 13 2
1 13 2
1 13 12
1 13 12
1 13 14
1 13 14
1 13 15
1 13 15
1 13 21
1 13 22
1 13 23
1 13 23
1 13 23
1 13 27
1 13 27
1 13 27
1 13 28
1 13 28
1 13 29
1 13 29
1 13 34
1 13 34
1 13 39
1 13 39
1 13 39
1 13 41
1 13 41
1 13 41
1 13 44
1 13 45
1 13 45
1 13 48
1 13 49
1 13 49
1 13 49
1 14 5
1 14 5
1 14 5
1 14 6
1 14 8
1 14 10
1 14 10
1 14 12
1 14 12
1 14 23
1 14 23
1 14 23
1 14 31
1 14 31
1 14 37
1 14 38
1 14 38
1 14 44
1 14 44
1 14 48
1 15 0
1 15 7
1 15 17
1 15 17
1 15 17
1 15 19
1 15 19
1 15 19
1 15 21
1 15 22
1 15 22
1 15 22
1 15 24
1 15 24
1 15 24
1 15 26
1 15 26
1 15 28
1 15 28
1 15 29
1 15 36
1 15 36
1 15 37
1 15 37
1 15 37
1 15 39
1 15 39
1 15 43
1 15 45
1 15 45
1 15 45
1 16 1
1 16 1
1 16 1
1 16 3
1 16 3
1 16 4
1 16 4
1 16 10
1 16 10
1 16 10
1 16 12
1 16 12
1 16 12
1 16 13
1 16 13
1 16 13
1 16 22
1 16 23
1 16 23
1 16 26
1 16 26
1 16 27
1 16 27
1 16 28
1 16 30
1 16 30
1 16 34
1 16 38
1 16 38
1 16 41
1 16 41
1 16 41
1 16 45
1 16 45
1 16 45
1 16 46
1 16 46
1 16 47
1 17 8
1 17 8
1 17 8
1 17 11
1 17 11
1 17 12
1 17 12
1 17 17
1 17 17
1 17 21
1 17 21
1 17 21
1 17 22
1 17 22
1 17 22
1 17 25
1 17 25
1 17 25
1 17 27
1 17 27
1 17 27
1 17 28
1 17 33
1 17 33
1 17 33
1 17 40
1 17 40
1 17 41
1 17 41
1 17 41
1 17 43
1 17 43
1 17 49
1 17 49
1 18 1
1 18 1
1 18 1
1 18 2
1 18 2
1 18 4
1 18 4
1 18 9
1 18 9
1 18 9
1 18 11
1 18 12
1 18 12
1 18 12
1 18 14
1 18 14
1 18 14
1 18 24
1 18 24
1 18 25
1 18 25
1 18 25
1 18 26
1 18 26
1 18 27
1 18 27
1 18 28
1 18 28
1 18 28
1 18 33
1 18 33
1 18 33
1 18 34
1 18 35
1 18 37
1 18 37
1 18 37
1 18 41
1 18 41
1 18 43
1 18 43
1 18 43
1 18 44
1 18 47
1 18 48
1 18 48
1 19 2
1 19 2
1 19 2
1 19 5
1 19 15
1 19 15
1 19 15
1 19 19
1 19 19
1 19 19
1 19 20
1 19 20
1 19 20
1 19 23
1 19 23
1 19 26
1 19 26
1 19 29
1 19 29
1 19 30
1 19 30
1 19 30
1 19 35
1 19 35
1 19 35
1 19 36
1 19 36
1 19 37
1 19 39
1 19 39
1 19 40
1 19 40
1 19 40
1 19 42
1 19 42
1 19 47
1 19 47
1 19 47
1 19 48
1 19 48
1 19 48
1 19 49
1 19 49
1 20 4
1 20 4
1 20 4
1 20 9
1 20 9
1 20 9
1 20 24
1 20 24
1 20 31
1 20 31
1 20 31
1 20 36
1 20 36
1 20 37
1 20 40
1 20 40
1 20 40
1 21 2
1 21 2
1 21 7
1 21 12
1 21 12
1 21 12
1 21 16
1 21 16
1 21 16
1 21 19
1 21 19
1 21 19
1 21 20
1 21 20
1 21 20
1 21 21
1 21 21
1 21 21
1 21 23
1 21 23
1 21 24
1 21 24
1 21 24
1 21 28
1 21 28
1 21 28
1 21 31
1 21 32
1 21 35
1 21 35
1 21 35
1 21 36
1 21 36
1 21 36
1 21 40
1 21 40
1 21 40
1 21 41
1 21 43
1 21 43
1 21 45
1 21 45
1 21 45
1 22 1
1 22 2
1 22 5
1 22 8
1 22 8
1 22 11
1 22 11
1 22 16
1 22 22
1 22 22
1 22 25
1 22 29
1 22 29
1 22 29
1 22 31
1 22 31
1 22 31
1 22 36
1 22 38
1 22 41
1 22 44
1 22 45
1 22 45
1 22 46
1 22 48
1 22 48
1 23 9
1 23 12
1 23 12
1 23 14
1 23 14
1 23 14
1 23 15
1 23 15
1 23 16
1 23 16
1 23 16
1 23 17
1 23 17
1 23 17
1 23 19
1 23 19
1 23 19
1 23 25
1 23 28
1 23 28
1 23 28
1 23 33
1 23 44
1 23 44
1 23 44
1 23 46
1 23 49
1 24 4
1 24 4
1 24 4
1 24 11
1 24 11
1 24 11
1 24 12
1 24 12
1 24 12
1 24 20
1 24 20
1 24 20
1 24 25
1 24 25
1 24 25
1 24 26
1 24 26
1 24 34
1 24 34
1 24 37
1 24 37
1 24 37
1 24 47
1 24 47
1 24 47
1 25 3
1 25 4
1 25 4
1 25 6
1 25 6
1 25 6
1 25 9
1 25 11
1 25 12
1 25 13
1 25 14
1 25 14
1 25 14
1 25 15
1 25 15
1 25 17
1 25 17
1 25 17
1 25 20
1 25 20
1 25 21
1 25 21
1 25 21
1 25 28
1 25 30
1 25 32
1 25 32
1 25 32
1 25 33
1 25 34
1 25 34
1 25 36
1 25 36
1 25 36
1 25 39
1 25 39
1 25 43
1 25 43
1 25 49
1 26 0
1 26 0
1 26 0
1 26 5
1 26 5
1 26 5
1 26 6
1 26 9
1 26 11
1 26 16
1 26 16
1 26 19
1 26 19
1 26 19
1 26 20
1 26 22
1 26 24
1 26 24
1 26 24
1 26 25
1 26 25
1 26 30
1 26 30
1 26 30
1 26 35
1 26 35
1 26 36
1 26 36
1 26 39
1 26 39
1 26 39
1 26 41
1 26 41
1 26 41
1 26 42
1 26 42
1 26 47
1 26 47
1 27 0
1 27 1
1 27 1
1 27 1
1 27 5
1 27 5
1 27 16
1 27 18
1 27 18
1 27 18
1 27 24
1 27 24
1 27 24
1 27 27
1 27 27
1 27 27
1 27 29
1 27 29
1 27 29
1 27 34
1 27 34
1 27 35
1 27 35
1 27 39
1 27 39
1 27 40
1 27 40
1 27 45
1 27 46
1 27 46
1 27 47
1 27 47
1 27 47
1 28 1
1 28 3
1 28 3
1 28 5
1 28 6
1 28 6
1 28 6
1 28 7
1 28 7
1 28 7
1 28 10
1 28 12
1 28 12
1 28 14
1 28 14
1 28 15
1 28 15
1 28 15
1 28 22
1 28 22
1 28 22
1 28 24
1 28 26
1 28 26
1 28 26
1 28 32
1 28 32
1 28 32
1 28 35
1 28 35
1 28 35
1 28 37
1 28 37
1 28 37
1 28 38
1 28 38
1 28 38
1 28 39
1 28 39
1 28 39
1 28 41
1 28 46
1 28 46
1 28 46
1 28 47
1 28 47
1 28 47
1 28 49
1 29 4
1 29 4
1 29 4
1 29 7
1 29 10
1 29 10
1 29 10
1 29 14
1 29 14
1 29 19
1 29 19
1 29 23
1 29 26
1 29 26
1 29 26
1 29 28
1 29 28
1 29 28
1 29 32
1 29 32
1 29 32
1 29 34
1 29 34
1 29 36
1 29 36
1 29 37
1 29 39
1 30 3
1 30 6
1 30 9
1 30 9
1 30 14
1 30 17
1 30 21
1 30 21
1 30 21
1 30 22
1 30 23
1 30 24
1 30 24
1 30 24
1 30 27
1 30 30
1 30 30
1 30 30
1 30 31
1 30 31
1 30 32
1 30 32
1 30 32
1 30 36
1 30 36
1 30 36
1 30 37
1 30 37
1 30 37
1 30 38
1 30 38
1 30 38
1 30 40
1 30 40
1 30 40
1 30 42
1 30 42
1 30 46
1 30 46
1 30 46
1 30 48
1 30 48
1 31 0
1 31 0
1 31 3
1 31 7
1 31 7
1 31 16
1 31 16
1 31 20
1 31 20
1 31 24
1 31 24
1 31 27
1 31 27
1 31 28
1 31 28
1 31 33
1 31 33
1 31 35
1 31 35
1 31 36
1 31 37
1 31 48
1 32 0
1 32 0
1 32 0
1 32 1
1 32 1
1 32 5
1 32 5
1 32 13
1 32 15
1 32 18
1 32 18
1 32 18
1 32 20
1 32 20
1 32 20
1 32 22
1 32 22
1 32 24
1 32 26
1 32 26
1 32 32
1 32 33
1 32 34
1 32 34
1 32 38
1 32 38
1 32 41
1 32 41
1 32 41
1 32 42
1 32 42
1 32 42
1 32 43
1 32 43
1 33 0
1 33 3
1 33 3
1 33 3
1 33 9
1 33 9
1 33 9
1 33 13
1 33 13
1 33 13
1 33 14
1 33 14
1 33 15
1 33 15
1 33 16
1 33 17
1 33 17
1 33 21
1 33 21
1 33 21
1 33 22
1 33 22
1 33 30
1 33 32
1 33 34
1 33 40
1 33 40
1 33 40
1 33 42
1 33 43
1 33 43
1 33 43
1 33 48
1 34 2
1 34 2
1 34 2
1 34 5
1 34 5
1 34 5
1 34 6
1 34 6
1 34 8
1 34 9
1 34 9
1 34 9
1 34 13
1 34 24
1 34 26
1 34 26
1 34 27
1 34 27
1 34 29
1 34 29
1 34 30
1 34 36
1 34 36
1 34 38
1 34 38
1 34 39
1 34 42
1 34 42
1 34 44
1 34 44
1 34 44
1 35 3
1 35 4
1 35 6
1 35 6
1 35 14
1 35 20
1 35 21
1 35 21
1 35 21
1 35 27
1 35 32
1 35 34
1 35 34
1 35 34
1 35 39
1 35 39
1 35 44
1 36 2
1 36 5
1 36 5
1 36 5
1 36 10
1 36 10
1 36 10
1 36 14
1 36 14
1 36 14
1 36 16
1 36 22
1 36 22
1 36 22
1 36 24
1 36 27
1 36 27
1 36 27
1 36 28
1 36 28
1 36 30
1 36 34
1 36 34
1 36 35
1 36 35
1 36 35
1 36 36
1 36 39
1 36 39
1 36 39
1 36 40
1 36 40
1 36 40
1 36 48
1 36 49
1 36 49
1 36 49
1 37 1
1 37 1
1 37 6
1 37 10
1 37 10
1 37 10
1 37 12
1 37 13
1 37 13
1 37 15
1 37 15
1 37 18
1 37 18
1 37 19
1 37 22
1 37 22
1 37 24
1 37 24
1 37 26
1 37 26
1 37 27
1 37 27
1 37 27
1 37 30
1 37 30
1 37 30
1 37 34
1 37 34
1 37 37
1 37 37
1 37 38
1 37 38
1 37 38
1 37 42
1 37 42
1 37 47
1 37 48
1 38 7
1 38 7
1 38 12
1 38 12
1 38 18
1 38 22
1 38 22
1 38 26
1 38 26
1 38 26
1 38 28
1 38 28
1 38 28
1 38 32
1 38 32
1 38 32
1 38 37
1 38 38
1 38 38
1 38 43
1 38 43
1 38 43
1 38 44
1 38 44
1 38 46
1 38 46
1 38 46
1 38 48
1 38 48
1 38 48
1 38 49
1 38 49
1 38 49
1 39 0
1 39 0
1 39 0
1 39 1
1 39 1
1 39 1
1 39 4
1 39 4
1 39 4
1 39 6
1 39 6
1 39 11
1 39 11
1 39 11
1 39 18
1 39 21
1 39 22
1 39 22
1 39 22
1 39 23
1 39 23
1 39 29
1 39 29
1 39 30
1 39 31
1 39 31
1 39 34
1 39 34
1 39 34
1 39 38
1 39 41
1 39 41
1 39 42
1 39 42
1 39 45
1 39 45
1 39 45
1 39 47
1 39 47
1 39 49
1 40 0
1 40 0
1 40 2
1 40 2
1 40 3
1 40 4
1 40 4
1 40 6
1 40 7
1 40 7
1 40 10
1 40 11
1 40 11
1 40 12
1 40 12
1 40 12
1 40 16
1 40 16
1 40 16
1 40 23
1 40 23
1 40 23
1 40 27
1 40 30
1 40 30
1 40 30
1 40 33
1 40 33
1 40 37
1 40 37
1 40 37
1 40 40
1 40 41
1 40 41
1 40 42
1 40 42
1 40 42
1 40 44
1 40 44
1 40 48
1 40 48
1 40 48
1 40 49
1 40 49
1 41 0
1 41 3
1 41 5
1 41 6
1 41 8
1 41 8
1 41 8
1 41 10
1 41 10
1 41 10
1 41 12
1 41 12
1 41 17
1 41 17
1 41 23
1 41 23
1 41 23
1 41 28
1 41 28
1 41 28
1 41 30
1 41 30
1 41 30
1 41 35
1 41 36
1 41 36
1 41 36
1 41 39
1 41 39
1 41 39
1 41 43
1 41 48
1 41 48
1 41 48
1 42 6
1 42 9
1 42 9
1 42 10
1 42 11
1 42 16
1 42 16
1 42 16
1 42 18
1 42 20
1 42 20
1 42 24
1 42 24
1 42 24
1 42 25
1 42 25
1 42 25
1 42 30
1 42 32
1 42 32
1 42 33
1 42 34
1 42 34
1 42 34
1 42 36
1 42 36
1 42 36
1 42 40
1 42 40
1 42 40
1 42 43
1 42 43
1 42 44
1 42 44
1 42 44
1 43 3
1 43 3
1 43 3
1 43 25
1 43 25
1 43 28
1 43 28
1 43 28
1 43 30
1 43 30
1 43 30
1 43 32
1 43 32
1 43 32
1 43 35
1 43 35
1 43 35
1 43 40
1 43 40
1 43 41
1 43 41
1 43 41
1 43 42
1 43 42
1 43 46
1 43 46
1 43 46
1 43 47
1 44 3
1 44 3
1 44 3
1 44 8
1 44 8
1 44 8
1 44 9
1 44 9
1 44 9
1 44 11
1 44 11
1 44 11
1 44 12
1 44 12
1 44 12
1 44 13
1 44 18
1 44 18
1 44 21
1 44 21
1 44 23
1 44 23
1 44 25
1 44 25
1 44 26
1 44 26
1 44 26
1 44 28
1 44 31
1 44 33
1 44 35
1 44 39
1 44 39
1 44 39
1 45 0
1 45 0
1 45 0
1 45 6
1 45 7
1 45 7
1 45 7
1 45 8
1 45 10
1 45 11
1 45 11
1 45 21
1 45 21
1 45 24
1 45 38
1 45 38
1 45 41
1 45 45
1 45 48
1 45 48
1 46 0
1 46 0
1 46 2
1 46 3
1 46 3
1 46 6
1 46 6
1 46 6
1 46 12
1 46 23
1 46 23
1 46 28
1 46 28
1 46 28
1 46 30
1 46 30
1 46 30
1 46 34
1 46 34
1 46 35
1 46 35
1 46 35
1 46 37
1 46 37
1 46 37
1 46 40
1 46 40
1 46 40
1 46 42
1 46 44
1 46 46
1 46 46
1 46 46
1 46 47
1 46 47
1 46 48
1 46 48
1 47 1
1 47 5
1 47 5
1 47 5
1 47 8
1 47 14
1 47 16
1 47 16
1 47 17
1 47 17
1 47 20
1 47 21
1 47 21
1 47 24
1 47 24
1 47 24
1 47 27
1 47 27
1 47 29
1 47 33
1 47 38
1 47 39
1 47 42
1 47 42
1 47 42
1 48 0
1 48 0
1 48 0
1 48 5
1 48 5
1 48 7
1 48 8
1 48 9
1 48 9
1 48 11
1 48 19
1 48 25
1 48 25
1 48 30
1 48 30
1 48 31
1 48 31
1 48 34
1 48 37
1 48 37
1 48 37
1 48 39
1 48 39
1 48 41
1 48 42
1 48 42
1 48 42
1 48 43
1 48 43
1 48 47
1 48 47
1 48 47
1 48 49
1 48 49
1 48 49
1 49 2
1 49 2
1 49 10
1 49 10
1 49 12
1 49 12
1 49 14
1 49 24
1 49 24
1 49 24
1 49 25
1 49 25
1 49 25
1 49 29
1 49 29
1 49 29
1 49 32
1 49 38
1 49 38
1 49 38
1 49 40
1 49 43
1 49 43
1 49 48
1 49 49
1 49 49
1 49 49
2 0 0
2 0 26
2 0 30
2 0 33
2 0 40
2 2 11
2 2 15
2 2 19
2 2 48
2 4 18
2 4 45
2 6 8
2 6 47
2 8 2
2 8 17
2 8 41
2 10 6
2 10 14
2 11 19
2 11 25
2 12 37
2 13 14
2 15 21
2 15 43
2 15 45
2 16 1
2 16 12
2 16 41
2 17 32
2 18 47
2 19 39
2 20 21
2 20 31
2 21 16
2 22 25
2 22 44
2 24 4
2 24 11
2 25 19
2 25 39
2 26 0
2 26 35
2 26 46
2 28 14
2 28 26
2 29 31
2 30 21
2 30 40
2 30 44
2 31 0
2 31 5
2 31 20
2 32 12
2 32 30
2 32 32
2 33 6
2 34 26
2 35 3
2 35 14
2 35 34
2 36 22
2 36 48
2 37 1
2 37 18
2 39 6
2 39 29
2 39 41
2 41 17
2 41 35
2 42 24
2 42 40
2 42 46
2 43 27
2 44 7
2 46 42
2 47 8
2 47 16
2 47 24
2 47 29
