1 0 2
1 0 2
1 0 5
1 0 6
1 0 7
1 0 7
1 0 8
1 0 8
1 0 8
1 0 12
1 0 12
1 0 14
1 0 14
1 0 14
1 0 15
1 0 15
1 0 22
1 0 22
1 0 22
1 0 27
1 0 27
1 0 27
1 0 30
1 0 30
1 0 30
1 0 33
1 0 33
1 0 33
1 0 35
1 0 35
1 0 35
1 0 36
1 0 38
1 0 38
1 0 39
1 0 39
1 0 43
1 0 44
1 0 44
1 0 44
1 0 48
1 0 48
1 1 0
1 1 0
1 1 0
1 1 6
1 1 6
1 1 6
1 1 7
1 1 9
1 1 9
1 1 9
1 1 10
1 1 10
1 1 14
1 1 14
1 1 21
1 1 21
1 1 21
1 1 24
1 1 25
1 1 27
1 1 27
1 1 28
1 1 30
1 1 30
1 1 30
1 1 32
1 1 32
1 1 33
1 1 36
1 1 38
1 1 38
1 1 38
1 1 39
1 1 39
1 1 43
1 1 43
1 1 45
1 1 45
1 1 45
1 1 46
1 1 46
1 2 2
1 2 2
1 2 2
1 2 4
1 2 4
1 2 4
1 2 7
1 2 7
1 2 7
1 2 10
1 2 11
1 2 11
1 2 11
1 2 14
1 2 14
1 2 14
1 2 17
1 2 20
1 2 20
1 2 22
1 2 22
1 2 27
1 2 28
1 2 28
1 2 32
1 2 32
1 2 34
1 2 34
1 2 35
1 2 35
1 2 35
1 2 39
1 2 39
1 2 39
1 2 40
1 2 49
1 2 49
1 3 0
1 3 0
1 3 0
1 3 4
1 3 4
1 3 4
1 3 6
1 3 7
1 3 9
1 3 9
1 3 9
1 3 12
1 3 13
1 3 13
1 3 16
1 3 16
1 3 16
1 3 17
1 3 18
1 3 20
1 3 20
1 3 21
1 3 21
1 3 31
1 3 31
1 3 31
1 3 34
1 3 34
1 3 34
1 3 37
1 3 37
1 3 37
1 3 38
1 3 38
1 3 38
1 3 39
1 3 40
1 3 43
1 3 43
1 3 48
1 3 48
1 3 48
1 4 1
1 4 2
1 4 2
1 4 3
1 4 3
1 4 5
1 4 5
1 4 10
1 4 10
1 4 11
1 4 11
1 4 11
1 4 13
1 4 15
1 4 16
1 4 16
1 4 16
1 4 17
1 4 17
1 4 19
1 4 19
1 4 20
1 4 20
1 4 21
1 4 25
1 4 25
1 4 27
1 4 27
1 4 28
1 4 28
1 4 28
1 4 30
1 4 30
1 4 30
1 4 32
1 4 32
1 4 34
1 4 35
1 4 35
1 4 35
1 4 36
1 4 36
1 4 36
1 4 38
1 4 39
1 4 39
1 4 43
1 4 43
1 4 44
1 4 44
1 4 44
1 5 1
1 5 1
1 5 5
1 5 5
1 5 7
1 5 7
1 5 8
1 5 8
1 5 8
1 5 12
1 5 12
1 5 17
1 5 17
1 5 17
1 5 20
1 5 20
1 5 20
1 5 25
1 5 26
1 5 27
1 5 27
1 5 28
1 5 28
1 5 32
1 5 34
1 5 34
1 5 34
1 5 35
1 5 37
1 5 37
1 5 39
1 5 39
1 5 39
1 5 42
1 5 43
1 5 43
1 5 44
1 5 46
1 5 49
1 5 49
1 5 49
1 6 1
1 6 1
1 6 3
1 6 3
1 6 3
1 6 4
1 6 4
1 6 4
1 6 7
1 6 8
1 6 8
1 6 8
1 6 9
1 6 12
1 6 16
1 6 16
1 6 16
1 6 20
1 6 23
1 6 23
1 6 24
1 6 24
1 6 28
1 6 28
1 6 29
1 6 29
1 6 32
1 6 32
1 6 32
1 6 36
1 6 36
1 6 39
1 6 39
1 6 39
1 6 40
1 6 40
1 6 42
1 6 42
1 6 43
1 6 44
1 6 44
1 6 46
1 6 49
1 6 49
1 7 0
1 7 0
1 7 0
1 7 3
1 7 3
1 7 5
1 7 5
1 7 5
1 7 8
1 7 8
1 7 8
1 7 10
1 7 10
1 7 11
1 7 11
1 7 11
1 7 14
1 7 15
1 7 15
1 7 18
1 7 19
1 7 19
1 7 19
1 7 20
1 7 23
1 7 29
1 7 29
1 7 32
1 7 32
1 7 35
1 7 35
1 7 36
1 7 36
1 7 36
1 7 37
1 7 37
1 7 37
1 7 41
1 7 41
1 7 42
1 7 42
1 7 42
1 7 44
1 7 44
1 7 44
1 8 2
1 8 2
1 8 3
1 8 3
1 8 4
1 8 4
1 8 11
1 8 11
1 8 11
1 8 13
1 8 13
1 8 14
1 8 14
1 8 14
1 8 16
1 8 23
1 8 24
1 8 24
1 8 24
1 8 30
1 8 30
1 8 36
1 8 36
1 8 38
1 8 38
1 8 38
1 8 39
1 8 45
1 8 45
1 8 45
1 8 47
1 8 47
1 8 47
1 9 0
1 9 0
1 9 0
1 9 1
1 9 2
1 9 4
1 9 4
1 9 6
1 9 6
1 9 8
1 9 8
1 9 8
1 9 9
1 9 10
1 9 11
1 9 11
1 9 12
1 9 16
1 9 26
1 9 28
1 9 33
1 9 36
1 9 36
1 9 37
1 9 37
1 9 37
1 9 39
1 9 39
1 9 39
1 9 42
1 9 42
1 9 42
1 9 43
1 9 44
1 9 44
1 9 45
1 10 0
1 10 2
1 10 2
1 10 8
1 10 11
1 10 13
1 10 13
1 10 13
1 10 18
1 10 23
1 10 23
1 10 23
1 10 29
1 10 29
1 10 34
1 10 34
1 10 36
1 10 36
1 10 37
1 10 37
1 10 38
1 10 42
1 10 42
1 10 42
1 10 46
1 10 46
1 10 46
1 10 47
1 10 47
1 11 1
1 11 1
1 11 2
1 11 2
1 11 5
1 11 5
1 11 5
1 11 6
1 11 11
1 11 18
1 11 18
1 11 18
1 11 20
1 11 21
1 11 21
1 11 21
1 11 22
1 11 22
1 11 25
1 11 25
1 11 26
1 11 26
1 11 31
1 11 31
1 11 31
1 11 35
1 11 35
1 11 35
1 11 39
1 11 44
1 11 45
1 11 45
1 11 47
1 11 48
1 12 2
1 12 2
1 12 2
1 12 3
1 12 3
1 12 3
1 12 4
1 12 5
1 12 5
1 12 11
1 12 13
1 12 13
1 12 19
1 12 21
1 12 21
1 12 21
1 12 22
1 12 22
1 12 28
1 12 28
1 12 29
1 12 30
1 12 34
1 12 34
1 12 35
1 12 35
1 12 36
1 12 36
1 12 36
1 12 41
1 12 42
1 12 42
1 12 42
1 12 47
1 12 47
1 12 47
1 12 49
1 12 49
1 12 49
1 13 2
1 13 2
1 13 6
1 13 8
1 13 13
1 13 13
1 13 14
1 13 17
1 13 19
1 13 19
1 13 19
1 13 21
1 13 21
1 13 21
1 13 33
1 13 35
1 13 35
1 13 37
1 13 37
1 13 43
1 13 46
1 13 46
1 14 0
1 14 0
1 14 1
1 14 2
1 14 5
1 14 5
1 14 5
1 14 11
1 14 11
1 14 15
1 14 15
1 14 15
1 14 19
1 14 19
1 14 19
1 14 20
1 14 20
1 14 20
1 14 21
1 14 21
1 14 21
1 14 22
1 14 26
1 14 33
1 14 33
1 14 33
1 14 36
1 14 39
1 14 39
1 14 39
1 14 40
1 14 40
1 14 43
1 14 45
1 14 45
1 14 45
1 14 46
1 14 46
1 14 46
1 15 2
1 15 2
1 15 2
1 15 10
1 15 14
1 15 14
1 15 15
1 15 15
1 15 23
1 15 27
1 15 27
1 15 29
1 15 29
1 15 29
1 15 32
1 15 32
1 15 37
1 15 37
1 15 43
1 15 43
1 15 43
1 15 44
1 15 44
1 15 44
1 16 6
1 16 8
1 16 8
1 16 8
1 16 10
1 16 11
1 16 11
1 16 11
1 16 12
1 16 12
1 16 15
1 16 15
1 16 19
1 16 20
1 16 24
1 16 24
1 16 26
1 16 26
1 16 26
1 16 31
1 16 31
1 16 31
1 16 32
1 16 34
1 16 34
1 16 35
1 16 41
1 16 41
1 16 41
1 16 42
1 16 46
1 16 46
1 17 0
1 17 0
1 17 0
1 17 3
1 17 3
1 17 4
1 17 6
1 17 7
1 17 7
1 17 13
1 17 15
1 17 16
1 17 21
1 17 21
1 17 21
1 17 23
1 17 24
1 17 24
1 17 26
1 17 26
1 17 29
1 17 29
1 17 32
1 17 32
1 17 36
1 17 38
1 17 40
1 17 40
1 17 47
1 17 47
1 17 48
1 17 48
1 18 1
1 18 1
1 18 1
1 18 3
1 18 3
1 18 3
1 18 10
1 18 10
1 18 10
1 18 11
1 18 11
1 18 14
1 18 14
1 18 14
1 18 18
1 18 19
1 18 23
1 18 23
1 18 27
1 18 27
1 18 28
1 18 28
1 18 28
1 18 29
1 18 29
1 18 33
1 18 33
1 18 35
1 18 35
1 18 35
1 18 37
1 18 46
1 18 46
1 18 48
1 19 0
1 19 0
1 19 2
1 19 2
1 19 7
1 19 7
1 19 10
1 19 14
1 19 14
1 19 14
1 19 25
1 19 25
1 19 26
1 19 26
1 19 28
1 19 28
1 19 28
1 19 30
1 19 30
1 19 31
1 19 34
1 19 39
1 19 39
1 19 39
1 19 40
1 19 40
1 19 40
1 19 41
1 19 46
1 19 46
1 19 46
1 19 49
1 20 3
1 20 5
1 20 5
1 20 5
1 20 6
1 20 12
1 20 12
1 20 16
1 20 17
1 20 18
1 20 18
1 20 18
1 20 25
1 20 25
1 20 27
1 20 27
1 20 28
1 20 28
1 20 29
1 20 32
1 20 34
1 20 34
1 20 34
1 20 35
1 20 35
1 20 43
1 20 43
1 20 43
1 20 44
1 20 44
1 20 46
1 20 46
1 20 46
1 20 49
1 20 49
1 21 0
1 21 0
1 21 3
1 21 3
1 21 6
1 21 6
1 21 6
1 21 10
1 21 17
1 21 20
1 21 22
1 21 22
1 21 22
1 21 31
1 21 31
1 21 31
1 21 34
1 21 34
1 21 35
1 21 35
1 21 37
1 21 37
1 21 37
1 21 38
1 21 38
1 21 39
1 21 39
1 21 41
1 21 41
1 21 46
1 21 46
1 21 49
1 21 49
1 22 0
1 22 0
1 22 6
1 22 6
1 22 10
1 22 10
1 22 10
1 22 16
1 22 18
1 22 19
1 22 20
1 22 20
1 22 20
1 22 22
1 22 23
1 22 23
1 22 25
1 22 28
1 22 28
1 22 28
1 22 29
1 22 29
1 22 29
1 22 36
1 22 36
1 22 36
1 22 39
1 22 39
1 22 42
1 22 42
1 22 42
1 22 46
1 22 46
1 22 46
1 22 47
1 23 11
1 23 17
1 23 17
1 23 19
1 23 19
1 23 23
1 23 23
1 23 23
1 23 24
1 23 28
1 23 29
1 23 34
1 23 34
1 23 34
1 23 35
1 23 37
1 23 37
1 23 38
1 23 38
1 23 38
1 23 40
1 23 40
1 23 40
1 23 41
1 23 41
1 23 42
1 23 42
1 24 0
1 24 0
1 24 1
1 24 2
1 24 2
1 24 10
1 24 12
1 24 12
1 24 12
1 24 13
1 24 14
1 24 14
1 24 14
1 24 16
1 24 21
1 24 21
1 24 21
1 24 23
1 24 24
1 24 24
1 24 25
1 24 25
1 24 25
1 24 26
1 24 31
1 24 31
1 24 32
1 24 33
1 24 36
1 24 36
1 24 37
1 24 39
1 24 41
1 24 41
1 24 41
1 24 43
1 24 43
1 24 44
1 24 44
1 25 1
1 25 5
1 25 5
1 25 5
1 25 8
1 25 8
1 25 9
1 25 12
1 25 12
1 25 12
1 25 13
1 25 13
1 25 13
1 25 25
1 25 25
1 25 25
1 25 27
1 25 27
1 25 27
1 25 30
1 25 30
1 25 30
1 25 34
1 25 35
1 25 40
1 25 40
1 25 47
1 25 47
1 25 47
1 26 0
1 26 1
1 26 1
1 26 1
1 26 3
1 26 3
1 26 3
1 26 9
1 26 9
1 26 12
1 26 12
1 26 13
1 26 14
1 26 14
1 26 17
1 26 17
1 26 17
1 26 26
1 26 28
1 26 28
1 26 28
1 26 36
1 26 38
1 26 38
1 26 38
1 26 42
1 26 42
1 26 47
1 26 47
1 26 47
1 27 2
1 27 2
1 27 2
1 27 3
1 27 3
1 27 3
1 27 10
1 27 10
1 27 10
1 27 18
1 27 19
1 27 19
1 27 20
1 27 20
1 27 20
1 27 21
1 27 21
1 27 22
1 27 23
1 27 27
1 27 27
1 27 29
1 27 29
1 27 29
1 27 32
1 27 32
1 27 32
1 27 36
1 27 36
1 27 36
1 27 38
1 27 38
1 27 38
1 27 40
1 27 41
1 27 43
1 27 45
1 27 45
1 27 46
1 27 47
1 28 0
1 28 0
1 28 3
1 28 3
1 28 3
1 28 6
1 28 14
1 28 15
1 28 15
1 28 22
1 28 23
1 28 23
1 28 25
1 28 25
1 28 25
1 28 32
1 28 34
1 28 34
1 28 34
1 28 37
1 28 37
1 28 37
1 28 42
1 28 42
1 28 42
1 28 44
1 28 44
1 28 45
1 28 46
1 28 46
1 28 49
1 28 49
1 28 49
1 29 0
1 29 5
1 29 5
1 29 7
1 29 7
1 29 8
1 29 8
1 29 9
1 29 9
1 29 14
1 29 14
1 29 14
1 29 15
1 29 15
1 29 15
1 29 16
1 29 16
1 29 16
1 29 18
1 29 18
1 29 18
1 29 19
1 29 19
1 29 23
1 29 24
1 29 24
1 29 28
1 29 28
1 29 28
1 29 35
1 29 35
1 29 36
1 29 41
1 29 41
1 29 41
1 29 44
1 29 44
1 29 44
1 29 45
1 29 45
1 29 45
1 30 1
1 30 1
1 30 3
1 30 9
1 30 9
1 30 9
1 30 10
1 30 10
1 30 10
1 30 16
1 30 16
1 30 17
1 30 20
1 30 24
1 30 24
1 30 24
1 30 26
1 30 26
1 30 28
1 30 28
1 30 28
1 30 33
1 30 33
1 30 33
1 30 34
1 30 34
1 30 38
1 30 38
1 30 39
1 30 45
1 30 45
1 30 45
1 30 47
1 30 47
1 30 47
1 30 48
1 30 48
1 31 1
1 31 1
1 31 1
1 31 13
1 31 13
1 31 13
1 31 16
1 31 16
1 31 16
1 31 17
1 31 17
1 31 17
1 31 21
1 31 21
1 31 21
1 31 22
1 31 22
1 31 24
1 31 24
1 31 26
1 31 26
1 31 30
1 31 32
1 31 32
1 31 32
1 31 34
1 31 34
1 31 36
1 31 36
1 31 37
1 31 37
1 31 41
1 31 48
1 31 49
1 31 49
1 32 0
1 32 1
1 32 8
1 32 9
1 32 9
1 32 9
1 32 10
1 32 10
1 32 12
1 32 12
1 32 13
1 32 19
1 32 19
1 32 19
1 32 20
1 32 25
1 32 25
1 32 26
1 32 28
1 32 28
1 32 28
1 32 30
1 32 30
1 32 38
1 32 38
1 32 39
1 32 39
1 32 39
1 32 41
1 32 41
1 32 48
1 32 48
1 33 1
1 33 1
1 33 3
1 33 3
1 33 3
1 33 5
1 33 5
1 33 5
1 33 6
1 33 6
1 33 6
1 33 8
1 33 8
1 33 8
1 33 11
1 33 12
1 33 12
1 33 18
1 33 18
1 33 20
1 33 20
1 33 25
1 33 25
1 33 25
1 33 31
1 33 31
1 33 36
1 33 36
1 33 36
1 33 37
1 33 37
1 33 40
1 33 46
1 33 46
1 33 49
1 33 49
1 33 49
1 34 2
1 34 2
1 34 5
1 34 5
1 34 5
1 34 7
1 34 8
1 34 8
1 34 17
1 34 17
1 34 19
1 34 19
1 34 19
1 34 24
1 34 24
1 34 24
1 34 27
1 34 27
1 34 27
1 34 28
1 34 28
1 34 28
1 34 35
1 34 35
1 34 35
1 34 36
1 34 36
1 34 41
1 34 41
1 34 42
1 34 43
1 34 43
1 34 44
1 34 45
1 34 47
1 34 49
1 34 49
1 35 3
1 35 3
1 35 7
1 35 7
1 35 7
1 35 10
1 35 10
1 35 14
1 35 14
1 35 19
1 35 19
1 35 23
1 35 23
1 35 25
1 35 25
1 35 25
1 35 32
1 35 32
1 35 35
1 35 35
1 35 35
1 35 38
1 35 38
1 35 41
1 35 42
1 35 42
1 35 42
1 35 43
1 35 43
1 35 45
1 35 45
1 35 45
1 35 47
1 35 47
1 35 47
1 36 1
1 36 1
1 36 2
1 36 2
1 36 4
1 36 4
1 36 8
1 36 8
1 36 8
1 36 11
1 36 11
1 36 13
1 36 18
1 36 18
1 36 18
1 36 22
1 36 22
1 36 22
1 36 24
1 36 24
1 36 24
1 36 25
1 36 29
1 36 36
1 36 38
1 36 38
1 36 38
1 36 41
1 36 41
1 36 45
1 36 45
1 36 45
1 36 46
1 36 48
1 36 48
1 37 0
1 37 0
1 37 4
1 37 4
1 37 4
1 37 6
1 37 6
1 37 6
1 37 7
1 37 8
1 37 8
1 37 9
1 37 9
1 37 9
1 37 11
1 37 13
1 37 13
1 37 13
1 37 16
1 37 19
1 37 19
1 37 19
1 37 21
1 37 23
1 37 23
1 37 24
1 37 24
1 37 28
1 37 28
1 37 30
1 37 30
1 37 30
1 37 36
1 37 37
1 37 37
1 37 37
1 37 39
1 37 40
1 37 40
1 37 43
1 37 44
1 37 44
1 37 44
1 37 46
1 37 46
1 37 46
1 38 2
1 38 2
1 38 2
1 38 4
1 38 4
1 38 5
1 38 7
1 38 7
1 38 7
1 38 10
1 38 13
1 38 13
1 38 15
1 38 15
1 38 15
1 38 18
1 38 18
1 38 19
1 38 25
1 38 25
1 38 25
1 38 29
1 38 32
1 38 32
1 38 35
1 38 35
1 38 36
1 38 36
1 38 43
1 38 43
1 38 43
1 38 45
1 38 45
1 38 45
1 39 0
1 39 2
1 39 6
1 39 6
1 39 6
1 39 8
1 39 8
1 39 8
1 39 10
1 39 10
1 39 10
1 39 11
1 39 12
1 39 12
1 39 12
1 39 13
1 39 15
1 39 17
1 39 17
1 39 21
1 39 21
1 39 21
1 39 29
1 39 29
1 39 31
1 39 32
1 40 0
1 40 1
1 40 2
1 40 8
1 40 8
1 40 8
1 40 12
1 40 25
1 40 25
1 40 27
1 40 27
1 40 27
1 40 28
1 40 29
1 40 29
1 40 30
1 40 30
1 40 30
1 40 31
1 40 31
1 40 31
1 40 39
1 40 39
1 40 40
1 40 41
1 40 42
1 40 42
1 40 42
1 40 44
1 40 44
1 40 45
1 41 2
1 41 2
1 41 18
1 41 19
1 41 19
1 41 31
1 41 32
1 41 40
1 41 40
1 41 41
1 41 44
1 41 48
1 41 49
1 41 49
1 41 49
1 42 0
1 42 1
1 42 8
1 42 9
1 42 9
1 42 9
1 42 10
1 42 12
1 42 13
1 42 16
1 42 16
1 42 19
1 42 19
1 42 20
1 42 21
1 42 21
1 42 22
1 42 26
1 42 26
1 42 26
1 42 29
1 42 29
1 42 29
1 42 30
1 42 33
1 42 39
1 42 39
1 42 40
1 42 41
1 42 41
1 42 41
1 42 43
1 42 43
1 42 44
1 42 44
1 42 44
1 42 48
1 42 48
1 42 48
1 43 10
1 43 13
1 43 13
1 43 15
1 43 16
1 43 16
1 43 16
1 43 17
1 43 17
1 43 22
1 43 22
1 43 23
1 43 23
1 43 23
1 43 24
1 43 26
1 43 26
1 43 27
1 43 27
1 43 27
1 43 28
1 43 28
1 43 28
1 43 32
1 43 34
1 43 40
1 43 41
1 43 41
1 43 41
1 43 42
1 43 42
1 43 43
1 43 43
1 43 43
1 43 44
1 43 44
1 43 45
1 43 45
1 44 1
1 44 1
1 44 19
1 44 19
1 44 20
1 44 20
1 44 20
1 44 26
1 44 26
1 44 26
1 44 31
1 44 31
1 44 31
1 44 34
1 44 34
1 44 36
1 44 36
1 44 36
1 44 37
1 44 37
1 44 37
1 44 41
1 44 41
1 44 43
1 44 43
1 44 44
1 44 44
1 44 44
1 44 46
1 44 46
1 44 48
1 44 48
1 44 49
1 44 49
1 45 1
1 45 1
1 45 1
1 45 2
1 45 2
1 45 2
1 45 9
1 45 16
1 45 16
1 45 16
1 45 21
1 45 21
1 45 24
1 45 24
1 45 24
1 45 26
1 45 26
1 45 26
1 45 27
1 45 27
1 45 28
1 45 28
1 45 28
1 45 30
1 45 30
1 45 31
1 45 31
1 45 31
1 45 37
1 45 37
1 45 38
1 45 40
1 45 42
1 45 42
1 46 3
1 46 3
1 46 3
1 46 6
1 46 12
1 46 12
1 46 12
1 46 13
1 46 13
1 46 13
1 46 14
1 46 14
1 46 14
1 46 15
1 46 17
1 46 19
1 46 20
1 46 20
1 46 20
1 46 22
1 46 25
1 46 25
1 46 31
1 46 31
1 46 34
1 46 34
1 46 34
1 46 41
1 47 3
1 47 3
1 47 9
1 47 9
1 47 9
1 47 10
1 47 10
1 47 10
1 47 11
1 47 11
1 47 11
1 47 13
1 47 13
1 47 16
1 47 17
1 47 17
1 47 17
1 47 25
1 47 25
1 47 25
1 47 26
1 47 26
1 47 26
1 47 28
1 47 28
1 47 28
1 47 39
1 47 39
1 47 39
1 47 40
1 47 40
1 47 40
1 47 43
1 47 43
1 47 43
1 47 45
1 47 45
1 47 45
1 48 0
1 48 2
1 48 2
1 48 4
1 48 4
1 48 4
1 48 6
1 48 6
1 48 7
1 48 8
1 48 8
1 48 8
1 48 10
1 48 10
1 48 10
1 48 19
1 48 19
1 48 22
1 48 22
1 48 22
1 48 23
1 48 25
1 48 25
1 48 29
1 48 29
1 48 29
1 48 35
1 48 35
1 48 35
1 48 36
1 48 36
1 48 36
1 48 37
1 48 37
1 48 41
1 48 44
1 48 48
1 48 48
1 49 6
1 49 6
1 49 6
1 49 7
1 49 7
1 49 7
1 49 15
1 49 15
1 49 15
1 49 16
1 49 16
1 49 23
1 49 23
1 49 24
1 49 24
1 49 24
1 49 28
1 49 28
1 49 28
1 49 29
1 49 29
1 49 29
1 49 34
1 49 34
1 49 34
1 49 41
1 49 41
1 49 41
1 49 42
1 49 44
1 49 45
1 49 45
1 49 47
1 49 47
1 49 47
2 0 0
2 0 5
2 0 14
2 0 38
2 0 43
2 1 9
2 1 32
2 3 31
2 3 43
2 4 1
2 6 3
2 6 36
2 7 14
2 9 8
2 9 26
2 11 20
2 11 35
2 12 14
2 12 41
2 13 37
2 14 10
2 14 15
2 15 6
2 15 29
2 15 31
2 16 19
2 17 0
2 17 23
2 18 10
2 18 39
2 18 46
2 19 34
2 20 5
2 20 16
2 23 37
2 23 40
2 24 0
2 24 30
2 24 43
2 25 8
2 26 3
2 26 28
2 26 38
2 27 18
2 28 34
2 29 7
2 29 26
2 30 1
2 30 20
2 32 8
2 33 5
2 33 36
2 34 19
2 34 41
2 35 10
2 36 24
2 36 29
2 37 6
2 37 33
2 37 39
2 38 2
2 38 15
2 40 37
2 40 47
2 41 18
2 42 8
2 42 26
2 43 15
2 44 36
2 45 9
2 45 13
2 45 33
2 46 17
2 46 25
2 47 39
2 48 6
2 48 22
