1 0 5
1 0 5
1 0 5
1 0 7
1 0 7
1 0 8
1 0 8
1 0 8
1 0 9
1 0 9
1 0 12
1 0 12
1 0 12
1 0 15
1 0 22
1 0 22
1 0 24
1 0 24
1 0 24
1 0 26
1 0 26
1 0 26
1 0 29
1 0 29
1 0 33
1 0 35
1 0 35
1 0 35
1 0 39
1 0 39
1 0 40
1 0 41
1 0 41
1 1 2
1 1 3
1 1 3
1 1 3
1 1 5
1 1 5
1 1 5
1 1 8
1 1 8
1 1 8
1 1 15
1 1 15
1 1 15
1 1 17
1 1 17
1 1 31
1 1 31
1 1 32
1 1 32
1 1 34
1 1 35
1 1 35
1 1 35
1 1 36
1 1 44
1 1 44
1 1 44
1 1 45
1 1 46
1 1 46
1 1 47
1 1 47
1 1 48
1 2 8
1 2 8
1 2 16
1 2 16
1 2 16
1 2 18
1 2 18
1 2 21
1 2 21
1 2 24
1 2 27
1 2 27
1 2 27
1 2 33
1 2 34
1 2 34
1 2 38
1 2 38
1 2 38
1 2 46
1 2 46
1 3 3
1 3 3
1 3 4
1 3 4
1 3 6
1 3 6
1 3 10
1 3 10
1 3 11
1 3 11
1 3 11
1 3 15
1 3 15
1 3 15
1 3 16
1 3 16
1 3 23
1 3 23
1 3 24
1 3 24
1 3 29
1 3 29
1 3 29
1 3 30
1 3 31
1 3 31
1 3 36
1 3 36
1 3 37
1 3 37
1 3 39
1 3 46
1 3 46
1 3 46
1 4 2
1 4 4
1 4 4
1 4 16
1 4 18
1 4 18
1 4 18
1 4 24
1 4 26
1 4 26
1 4 27
1 4 27
1 4 27
1 4 35
1 4 35
1 4 35
1 4 39
1 4 39
1 4 40
1 4 41
1 4 42
1 4 42
1 4 42
1 4 44
1 4 44
1 4 44
1 4 45
1 4 45
1 4 45
1 4 47
1 4 47
1 5 2
1 5 2
1 5 8
1 5 10
1 5 10
1 5 10
1 5 13
1 5 13
1 5 13
1 5 14
1 5 14
1 5 16
1 5 21
1 5 26
1 5 26
1 5 38
1 5 38
1 5 38
1 5 39
1 5 44
1 5 44
1 5 44
1 5 47
1 5 47
1 6 3
1 6 5
1 6 5
1 6 6
1 6 6
1 6 8
1 6 10
1 6 15
1 6 15
1 6 17
1 6 17
1 6 17
1 6 18
1 6 22
1 6 22
1 6 29
1 6 29
1 6 34
1 6 34
1 6 44
1 6 44
1 6 44
1 6 47
1 6 47
1 6 47
1 7 9
1 7 13
1 7 13
1 7 14
1 7 14
1 7 20
1 7 20
1 7 28
1 7 31
1 7 31
1 7 31
1 7 36
1 7 40
1 7 40
1 7 42
1 7 42
1 7 45
1 7 45
1 7 45
1 7 46
1 7 46
1 8 1
1 8 1
1 8 4
1 8 4
1 8 7
1 8 7
1 8 7
1 8 8
1 8 8
1 8 12
1 8 12
1 8 12
1 8 14
1 8 14
1 8 15
1 8 15
1 8 15
1 8 17
1 8 17
1 8 19
1 8 23
1 8 23
1 8 23
1 8 24
1 8 24
1 8 27
1 8 27
1 8 27
1 8 32
1 8 32
1 8 36
1 8 36
1 8 36
1 8 39
1 8 39
1 8 40
1 8 48
1 8 48
1 8 48
1 9 0
1 9 1
1 9 1
1 9 1
1 9 3
1 9 3
1 9 3
1 9 9
1 9 10
1 9 10
1 9 22
1 9 26
1 9 26
1 9 26
1 9 35
1 9 35
1 9 35
1 9 40
1 9 40
1 9 42
1 9 42
1 10 2
1 10 2
1 10 2
1 10 10
1 10 19
1 10 19
1 10 22
1 10 22
1 10 23
1 10 23
1 10 24
1 10 26
1 10 27
1 10 28
1 10 28
1 10 28
1 10 40
1 10 40
1 10 40
1 10 41
1 10 41
1 10 46
1 11 2
1 11 3
1 11 5
1 11 5
1 11 5
1 11 8
1 11 8
1 11 8
1 11 13
1 11 13
1 11 13
1 11 14
1 11 14
1 11 14
1 11 18
1 11 18
1 11 18
1 11 23
1 11 23
1 11 27
1 11 27
1 11 27
1 11 28
1 11 28
1 11 30
1 11 30
1 11 30
1 11 34
1 11 34
1 11 37
1 11 37
1 11 40
1 11 40
1 11 41
1 11 41
1 11 41
1 11 42
1 11 42
1 11 42
1 11 47
1 11 47
1 12 5
1 12 5
1 12 5
1 12 11
1 12 12
1 12 12
1 12 12
1 12 15
1 12 18
1 12 19
1 12 21
1 12 21
1 12 22
1 12 22
1 12 23
1 12 23
1 12 23
1 12 27
1 12 27
1 12 32
1 12 32
1 12 35
1 12 35
1 12 35
1 12 36
1 12 36
1 12 36
1 12 38
1 12 38
1 12 38
1 12 39
1 12 39
1 13 3
1 13 3
1 13 4
1 13 4
1 13 4
1 13 7
1 13 7
1 13 7
1 13 8
1 13 9
1 13 9
1 13 9
1 13 16
1 13 16
1 13 17
1 13 20
1 13 20
1 13 20
1 13 25
1 13 31
1 13 31
1 13 32
1 13 32
1 13 33
1 13 38
1 13 38
1 13 38
1 13 42
1 13 42
1 13 43
1 13 43
1 13 45
1 13 46
1 13 47
1 13 47
1 13 47
1 13 49
1 14 0
1 14 0
1 14 4
1 14 5
1 14 12
1 14 14
1 14 14
1 14 14
1 14 22
1 14 22
1 14 26
1 14 27
1 14 28
1 14 28
1 14 28
1 14 32
1 14 33
1 14 33
1 14 33
1 14 38
1 14 38
1 14 38
1 14 39
1 14 39
1 14 39
1 14 43
1 14 46
1 14 46
1 15 3
1 15 4
1 15 4
1 15 5
1 15 8
1 15 9
1 15 10
1 15 10
1 15 10
1 15 11
1 15 11
1 15 17
1 15 21
1 15 21
1 15 21
1 15 23
1 15 23
1 15 23
1 15 24
1 15 24
1 15 26
1 15 26
1 15 26
1 15 28
1 15 28
1 15 28
1 15 33
1 15 33
1 15 33
1 15 34
1 15 36
1 15 36
1 15 37
1 15 37
1 15 43
1 15 43
1 15 43
1 15 48
1 16 3
1 16 3
1 16 3
1 16 8
1 16 8
1 16 10
1 16 14
1 16 14
1 16 14
1 16 19
1 16 20
1 16 21
1 16 22
1 16 23
1 16 24
1 16 24
1 16 24
1 16 26
1 16 26
1 16 27
1 16 27
1 16 27
1 16 29
1 16 33
1 16 33
1 16 34
1 16 34
1 16 34
1 16 35
1 16 40
1 16 40
1 16 41
1 16 41
1 16 41
1 16 47
1 16 47
1 16 47
1 16 49
1 16 49
1 17 5
1 17 12
1 17 12
1 17 12
1 17 13
1 17 17
1 17 17
1 17 17
1 17 18
1 17 18
1 17 18
1 17 24
1 17 24
1 17 24
1 17 26
1 17 26
1 17 31
1 17 31
1 17 31
1 17 36
1 17 36
1 17 37
1 17 46
1 17 46
1 17 46
1 18 1
1 18 8
1 18 8
1 18 11
1 18 12
1 18 13
1 18 13
1 18 13
1 18 16
1 18 16
1 18 16
1 18 20
1 18 20
1 18 20
1 18 21
1 18 21
1 18 26
1 18 28
1 18 28
1 18 29
1 18 29
1 18 30
1 18 31
1 18 31
1 18 39
1 18 42
1 18 43
1 18 43
1 18 43
1 18 45
1 18 45
1 18 45
1 18 46
1 19 10
1 19 10
1 19 23
1 19 23
1 19 24
1 19 24
1 19 24
1 19 26
1 19 28
1 19 31
1 19 32
1 19 32
1 19 32
1 19 33
1 19 34
1 19 34
1 19 36
1 19 37
1 19 37
1 19 39
1 19 40
1 20 1
1 20 1
1 20 1
1 20 5
1 20 5
1 20 5
1 20 12
1 20 14
1 20 14
1 20 14
1 20 17
1 20 22
1 20 24
1 20 24
1 20 31
1 20 39
1 20 39
1 20 39
1 20 41
1 20 41
1 20 41
1 20 46
1 20 49
1 21 5
1 21 15
1 21 17
1 21 17
1 21 17
1 21 19
1 21 19
1 21 20
1 21 20
1 21 21
1 21 21
1 21 27
1 21 27
1 21 28
1 21 28
1 21 28
1 21 29
1 21 29
1 21 29
1 21 31
1 21 34
1 21 34
1 21 34
1 21 35
1 21 37
1 21 38
1 21 40
1 21 40
1 21 45
1 21 45
1 21 45
1 21 49
1 21 49
1 22 0
1 22 0
1 22 0
1 22 7
1 22 7
1 22 7
1 22 9
1 22 13
1 22 13
1 22 17
1 22 17
1 22 17
1 22 18
1 22 18
1 22 18
1 22 25
1 22 42
1 22 42
1 22 43
1 22 44
1 22 45
1 22 45
1 22 47
1 22 47
1 22 47
1 23 2
1 23 2
1 23 2
1 23 4
1 23 4
1 23 5
1 23 5
1 23 5
1 23 8
1 23 12
1 23 14
1 23 14
1 23 15
1 23 15
1 23 15
1 23 19
1 23 19
1 23 19
1 23 23
1 23 23
1 23 23
1 23 24
1 23 24
1 23 28
1 23 33
1 23 40
1 23 40
1 23 40
1 23 43
1 23 43
1 23 44
1 23 44
1 23 45
1 23 45
1 23 45
1 23 46
1 24 2
1 24 3
1 24 7
1 24 7
1 24 8
1 24 8
1 24 10
1 24 13
1 24 14
1 24 14
1 24 19
1 24 19
1 24 20
1 24 20
1 24 20
1 24 24
1 24 24
1 24 26
1 24 26
1 24 31
1 24 31
1 24 42
1 24 45
1 24 45
1 24 45
1 25 0
1 25 3
1 25 7
1 25 7
1 25 7
1 25 8
1 25 9
1 25 15
1 25 20
1 25 20
1 25 20
1 25 26
1 25 26
1 25 26
1 25 30
1 25 30
1 25 31
1 25 35
1 25 35
1 25 35
1 25 37
1 25 37
1 25 42
1 25 42
1 25 42
1 25 44
1 25 47
1 25 47
1 25 47
1 25 48
1 25 48
1 25 48
1 26 0
1 26 2
1 26 3
1 26 3
1 26 3
1 26 4
1 26 5
1 26 5
1 26 8
1 26 8
1 26 8
1 26 23
1 26 23
1 26 23
1 26 26
1 26 26
1 26 28
1 26 31
1 26 32
1 26 32
1 26 32
1 26 33
1 26 33
1 26 37
1 26 43
1 26 43
1 26 43
1 26 47
1 26 47
1 27 1
1 27 1
1 27 1
1 27 9
1 27 9
1 27 9
1 27 10
1 27 13
1 27 14
1 27 14
1 27 14
1 27 15
1 27 17
1 27 18
1 27 18
1 27 18
1 27 21
1 27 21
1 27 21
1 27 22
1 27 22
1 27 24
1 27 24
1 27 25
1 27 25
1 27 25
1 27 28
1 27 34
1 27 34
1 27 34
1 27 35
1 27 40
1 27 47
1 27 47
1 27 47
1 27 49
1 28 1
1 28 4
1 28 4
1 28 4
1 28 5
1 28 8
1 28 8
1 28 8
1 28 11
1 28 15
1 28 15
1 28 16
1 28 16
1 28 20
1 28 23
1 28 23
1 28 23
1 28 27
1 28 27
1 28 29
1 28 29
1 28 33
1 28 33
1 28 33
1 28 34
1 28 34
1 28 35
1 28 35
1 28 35
1 28 37
1 28 37
1 28 46
1 28 46
1 29 0
1 29 0
1 29 0
1 29 2
1 29 4
1 29 5
1 29 6
1 29 6
1 29 11
1 29 11
1 29 12
1 29 12
1 29 14
1 29 14
1 29 14
1 29 15
1 29 17
1 29 17
1 29 17
1 29 18
1 29 22
1 29 22
1 29 22
1 29 23
1 29 23
1 29 27
1 29 32
1 29 33
1 29 35
1 29 39
1 29 39
1 29 39
1 29 41
1 29 41
1 29 45
1 29 45
1 29 46
1 29 46
1 29 47
1 30 2
1 30 2
1 30 3
1 30 3
1 30 3
1 30 6
1 30 6
1 30 8
1 30 11
1 30 17
1 30 17
1 30 27
1 30 28
1 30 30
1 30 32
1 30 33
1 30 37
1 30 37
1 30 38
1 30 41
1 30 41
1 30 42
1 30 43
1 30 47
1 30 47
1 31 2
1 31 2
1 31 10
1 31 10
1 31 19
1 31 19
1 31 25
1 31 25
1 31 38
1 31 40
1 31 40
1 31 40
1 31 44
1 31 44
1 31 47
1 31 47
1 32 1
1 32 1
1 32 1
1 32 2
1 32 2
1 32 2
1 32 7
1 32 7
1 32 7
1 32 8
1 32 8
1 32 9
1 32 9
1 32 13
1 32 13
1 32 14
1 32 14
1 32 14
1 32 18
1 32 18
1 32 18
1 32 19
1 32 19
1 32 19
1 32 25
1 32 25
1 32 25
1 32 26
1 32 26
1 32 28
1 32 28
1 32 34
1 32 34
1 32 35
1 32 36
1 32 36
1 32 37
1 32 37
1 32 41
1 32 41
1 32 44
1 32 45
1 32 46
1 32 46
1 32 46
1 33 4
1 33 4
1 33 6
1 33 6
1 33 7
1 33 7
1 33 8
1 33 12
1 33 13
1 33 13
1 33 18
1 33 18
1 33 18
1 33 20
1 33 20
1 33 21
1 33 21
1 33 21
1 33 24
1 33 24
1 33 24
1 33 28
1 33 28
1 33 28
1 33 29
1 33 29
1 33 29
1 33 33
1 33 33
1 33 33
1 33 36
1 33 36
1 33 36
1 33 37
1 33 41
1 33 41
1 33 41
1 33 42
1 33 43
1 33 43
1 33 43
1 33 46
1 33 46
1 33 46
1 33 47
1 33 49
1 33 49
1 34 8
1 34 8
1 34 8
1 34 10
1 34 10
1 34 11
1 34 11
1 34 14
1 34 16
1 34 16
1 34 19
1 34 19
1 34 19
1 34 22
1 34 22
1 34 22
1 34 25
1 34 25
1 34 26
1 34 28
1 34 28
1 34 29
1 34 30
1 34 30
1 34 31
1 34 37
1 34 42
1 34 42
1 34 42
1 35 1
1 35 5
1 35 5
1 35 5
1 35 7
1 35 7
1 35 9
1 35 9
1 35 9
1 35 10
1 35 16
1 35 16
1 35 18
1 35 18
1 35 18
1 35 20
1 35 20
1 35 22
1 35 22
1 35 22
1 35 29
1 35 29
1 35 30
1 35 30
1 35 30
1 35 37
1 35 39
1 35 41
1 35 41
1 35 47
1 35 47
1 35 47
1 35 49
1 36 0
1 36 0
1 36 7
1 36 7
1 36 9
1 36 10
1 36 10
1 36 10
1 36 13
1 36 13
1 36 16
1 36 16
1 36 19
1 36 19
1 36 21
1 36 21
1 36 21
1 36 22
1 36 23
1 36 23
1 36 25
1 36 30
1 36 30
1 36 34
1 36 34
1 36 36
1 36 39
1 36 39
1 36 39
1 36 46
1 37 0
1 37 0
1 37 4
1 37 5
1 37 7
1 37 7
1 37 8
1 37 8
1 37 8
1 37 13
1 37 13
1 37 14
1 37 14
1 37 14
1 37 16
1 37 19
1 37 21
1 37 21
1 37 21
1 37 26
1 37 26
1 37 31
1 37 35
1 37 38
1 37 38
1 37 39
1 37 39
1 37 39
1 38 3
1 38 3
1 38 7
1 38 7
1 38 7
1 38 8
1 38 8
1 38 8
1 38 12
1 38 27
1 38 29
1 38 30
1 38 30
1 38 31
1 38 31
1 38 31
1 38 37
1 38 38
1 38 38
1 38 40
1 38 40
1 38 43
1 38 43
1 38 43
1 39 4
1 39 4
1 39 4
1 39 8
1 39 9
1 39 9
1 39 10
1 39 10
1 39 10
1 39 11
1 39 11
1 39 11
1 39 13
1 39 13
1 39 16
1 39 16
1 39 18
1 39 18
1 39 20
1 39 20
1 39 20
1 39 22
1 39 22
1 39 33
1 39 34
1 39 34
1 39 34
1 39 37
1 39 37
1 39 37
1 39 40
1 39 40
1 39 41
1 39 41
1 39 41
1 39 42
1 39 45
1 39 45
1 39 45
1 40 12
1 40 14
1 40 15
1 40 15
1 40 16
1 40 16
1 40 22
1 40 22
1 40 22
1 40 24
1 40 25
1 40 25
1 40 27
1 40 29
1 40 30
1 40 33
1 40 33
1 40 33
1 40 35
1 40 36
1 40 36
1 40 38
1 40 40
1 40 40
1 40 40
1 40 42
1 40 42
1 40 49
1 41 6
1 41 6
1 41 11
1 41 12
1 41 12
1 41 12
1 41 13
1 41 14
1 41 14
1 41 24
1 41 24
1 41 24
1 41 31
1 41 32
1 41 34
1 41 34
1 41 35
1 41 35
1 41 36
1 41 36
1 41 36
1 41 37
1 41 37
1 41 40
1 41 43
1 41 43
1 41 43
1 42 0
1 42 0
1 42 2
1 42 2
1 42 2
1 42 7
1 42 10
1 42 10
1 42 11
1 42 13
1 42 13
1 42 16
1 42 16
1 42 18
1 42 19
1 42 19
1 42 19
1 42 21
1 42 21
1 42 21
1 42 23
1 42 23
1 42 23
1 42 24
1 42 28
1 42 28
1 42 28
1 42 30
1 42 30
1 42 30
1 42 31
1 42 31
1 42 31
1 42 35
1 42 35
1 42 38
1 42 38
1 42 38
1 42 40
1 42 41
1 42 42
1 42 42
1 42 45
1 42 45
1 42 45
1 43 7
1 43 7
1 43 9
1 43 10
1 43 10
1 43 12
1 43 12
1 43 12
1 43 13
1 43 13
1 43 14
1 43 15
1 43 16
1 43 16
1 43 19
1 43 24
1 43 24
1 43 25
1 43 33
1 43 37
1 43 37
1 43 38
1 43 38
1 44 0
1 44 0
1 44 2
1 44 2
1 44 3
1 44 3
1 44 3
1 44 8
1 44 8
1 44 8
1 44 9
1 44 9
1 44 20
1 44 24
1 44 28
1 44 28
1 44 28
1 44 29
1 44 32
1 44 35
1 44 35
1 44 44
1 44 49
1 44 49
1 44 49
1 45 7
1 45 7
1 45 8
1 45 8
1 45 8
1 45 9
1 45 11
1 45 11
1 45 11
1 45 14
1 45 20
1 45 20
1 45 20
1 45 22
1 45 23
1 45 23
1 45 23
1 45 28
1 45 29
1 45 37
1 45 37
1 45 37
1 45 40
1 45 40
1 45 40
1 45 42
1 45 42
1 45 45
1 45 45
1 45 48
1 45 48
1 45 48
1 46 0
1 46 1
1 46 6
1 46 6
1 46 7
1 46 7
1 46 7
1 46 11
1 46 11
1 46 11
1 46 12
1 46 12
1 46 12
1 46 17
1 46 18
1 46 18
1 46 20
1 46 20
1 46 20
1 46 21
1 46 21
1 46 21
1 46 23
1 46 24
1 46 24
1 46 26
1 46 27
1 46 27
1 46 28
1 46 30
1 46 30
1 46 30
1 46 31
1 46 31
1 46 33
1 46 33
1 46 35
1 46 35
1 46 43
1 46 43
1 46 44
1 46 46
1 46 46
1 47 0
1 47 0
1 47 6
1 47 6
1 47 8
1 47 8
1 47 8
1 47 9
1 47 12
1 47 12
1 47 16
1 47 19
1 47 19
1 47 19
1 47 21
1 47 24
1 47 24
1 47 25
1 47 26
1 47 29
1 47 30
1 47 30
1 47 30
1 47 33
1 47 33
1 47 33
1 47 34
1 47 34
1 47 35
1 47 35
1 47 35
1 47 36
1 47 36
1 47 42
1 47 42
1 47 43
1 48 4
1 48 4
1 48 6
1 48 7
1 48 7
1 48 7
1 48 11
1 48 12
1 48 12
1 48 15
1 48 17
1 48 21
1 48 22
1 48 22
1 48 25
1 48 25
1 48 25
1 48 30
1 48 30
1 48 30
1 48 36
1 48 36
1 48 38
1 48 38
1 48 39
1 48 39
1 48 44
1 48 49
1 48 49
1 49 1
1 49 2
1 49 2
1 49 4
1 49 4
1 49 4
1 49 7
1 49 13
1 49 21
1 49 24
1 49 25
1 49 25
1 49 25
1 49 32
1 49 32
1 49 33
1 49 33
1 49 43
2 0 7
2 0 38
2 1 30
2 1 44
2 2 24
2 3 3
2 3 9
2 3 14
2 4 2
2 4 8
2 4 38
2 6 40
2 7 13
2 7 23
2 7 45
2 8 26
2 9 0
2 10 2
2 11 12
2 11 33
2 11 47
2 12 38
2 13 3
2 13 7
2 13 45
2 15 23
2 17 1
2 17 11
2 17 36
2 17 46
2 18 28
2 18 38
2 18 42
2 20 17
2 22 42
2 23 14
2 23 19
2 24 7
2 24 26
2 24 31
2 25 0
2 25 47
2 27 20
2 27 34
2 27 38
2 28 4
2 28 27
2 29 2
2 29 17
2 29 21
2 29 44
2 30 36
2 30 40
2 31 18
2 31 44
2 32 7
2 32 13
2 32 23
2 32 28
2 32 41
2 34 1
2 34 10
2 34 16
2 34 22
2 35 39
2 36 13
2 37 31
2 38 22
2 38 27
2 40 24
2 40 35
2 41 11
2 42 34
2 44 43
2 44 49
2 45 11
2 46 16
2 46 33
2 46 43
2 47 38
2 49 42
