1 0 4
1 0 4
1 0 11
1 0 13
1 0 13
1 0 13
1 0 15
1 0 16
1 0 16
1 0 16
1 0 19
1 0 19
1 0 22
1 0 22
1 0 22
1 0 32
1 0 32
1 0 32
1 0 36
1 0 38
1 0 43
1 0 43
1 0 48
1 0 49
1 0 49
1 0 49
1 1 1
1 1 1
1 1 4
1 1 4
1 1 6
1 1 8
1 1 8
1 1 12
1 1 12
1 1 12
1 1 13
1 1 13
1 1 13
1 1 16
1 1 16
1 1 16
1 1 21
1 1 21
1 1 21
1 1 24
1 1 24
1 1 27
1 1 28
1 1 28
1 1 28
1 1 30
1 1 30
1 1 30
1 1 31
1 1 31
1 1 31
1 1 35
1 1 35
1 1 39
1 1 39
1 1 39
1 1 47
1 2 2
1 2 2
1 2 9
1 2 9
1 2 9
1 2 12
1 2 13
1 2 13
1 2 14
1 2 14
1 2 15
1 2 17
1 2 17
1 2 22
1 2 22
1 2 22
1 2 28
1 2 30
1 2 30
1 2 33
1 2 33
1 2 34
1 2 34
1 2 34
1 2 35
1 2 35
1 2 35
1 2 36
1 2 36
1 2 38
1 2 39
1 2 39
1 2 39
1 3 0
1 3 0
1 3 2
1 3 2
1 3 4
1 3 6
1 3 6
1 3 6
1 3 11
1 3 11
1 3 13
1 3 13
1 3 15
1 3 15
1 3 17
1 3 17
1 3 17
1 3 21
1 3 24
1 3 24
1 3 30
1 3 32
1 3 32
1 3 33
1 3 36
1 3 39
1 3 39
1 3 41
1 3 42
1 3 42
1 3 43
1 3 43
1 3 46
1 3 46
1 3 46
1 3 48
1 3 48
1 3 49
1 3 49
1 3 49
1 4 2
1 4 2
1 4 6
1 4 6
1 4 8
1 4 8
1 4 8
1 4 9
1 4 12
1 4 12
1 4 21
1 4 21
1 4 21
1 4 22
1 4 24
1 4 27
1 4 27
1 4 28
1 4 28
1 4 28
1 4 29
1 4 29
1 4 33
1 4 33
1 4 37
1 4 37
1 4 38
1 4 40
1 4 40
1 4 48
1 4 48
1 5 3
1 5 3
1 5 3
1 5 12
1 5 12
1 5 12
1 5 14
1 5 19
1 5 19
1 5 22
1 5 22
1 5 25
1 5 25
1 5 26
1 5 26
1 5 28
1 5 28
1 5 33
1 5 35
1 5 35
1 5 35
1 5 37
1 5 38
1 5 38
1 5 38
1 5 39
1 5 39
1 5 39
1 5 40
1 5 40
1 5 41
1 5 41
1 5 43
1 5 43
1 5 46
1 5 46
1 5 46
1 5 49
1 5 49
1 6 1
1 6 5
1 6 10
1 6 10
1 6 12
1 6 15
1 6 15
1 6 17
1 6 17
1 6 18
1 6 21
1 6 23
1 6 23
1 6 24
1 6 26
1 6 26
1 6 26
1 6 27
1 6 27
1 6 29
1 6 29
1 6 29
1 6 33
1 6 33
1 6 36
1 6 36
1 6 37
1 6 37
1 6 42
1 6 44
1 6 44
1 6 46
1 7 1
1 7 1
1 7 1
1 7 4
1 7 4
1 7 4
1 7 9
1 7 9
1 7 9
1 7 10
1 7 10
1 7 12
1 7 12
1 7 15
1 7 15
1 7 15
1 7 18
1 7 18
1 7 19
1 7 19
1 7 24
1 7 24
1 7 24
1 7 29
1 7 29
1 7 32
1 7 32
1 7 32
1 7 40
1 7 40
1 7 41
1 7 41
1 7 42
1 7 42
1 7 45
1 7 46
1 7 46
1 7 46
1 7 48
1 7 48
1 7 49
1 7 49
1 8 1
1 8 4
1 8 4
1 8 4
1 8 5
1 8 5
1 8 5
1 8 7
1 8 7
1 8 13
1 8 14
1 8 14
1 8 14
1 8 23
1 8 23
1 8 26
1 8 26
1 8 27
1 8 27
1 8 28
1 8 28
1 8 28
1 8 32
1 8 34
1 8 34
1 8 38
1 8 38
1 8 46
1 8 48
1 9 1
1 9 1
1 9 5
1 9 5
1 9 5
1 9 14
1 9 14
1 9 14
1 9 19
1 9 24
1 9 24
1 9 33
1 9 33
1 9 33
1 9 41
1 9 42
1 9 43
1 9 44
1 9 44
1 9 49
1 10 0
1 10 2
1 10 2
1 10 2
1 10 4
1 10 4
1 10 5
1 10 9
1 10 9
1 10 9
1 10 15
1 10 15
1 10 21
1 10 23
1 10 29
1 10 31
1 10 32
1 10 36
1 10 42
1 10 43
1 10 44
1 10 44
1 10 45
1 10 48
1 10 48
1 11 0
1 11 0
1 11 0
1 11 2
1 11 3
1 11 8
1 11 8
1 11 10
1 11 10
1 11 10
1 11 11
1 11 11
1 11 11
1 11 13
1 11 13
1 11 13
1 11 14
1 11 14
1 11 14
1 11 16
1 11 16
1 11 18
1 11 18
1 11 21
1 11 21
1 11 22
1 11 25
1 11 25
1 11 27
1 11 27
1 11 27
1 11 30
1 11 30
1 11 31
1 11 31
1 11 32
1 11 36
1 11 36
1 11 38
1 11 39
1 11 40
1 11 42
1 11 42
1 11 42
1 11 43
1 11 46
1 11 49
1 11 49
1 11 49
1 12 4
1 12 4
1 12 4
1 12 5
1 12 6
1 12 9
1 12 9
1 12 11
1 12 11
1 12 11
1 12 12
1 12 12
1 12 12
1 12 15
1 12 15
1 12 15
1 12 19
1 12 19
1 12 19
1 12 20
1 12 21
1 12 22
1 12 30
1 12 39
1 12 39
1 12 39
1 12 41
1 12 41
1 12 41
1 12 47
1 12 47
1 12 47
1 12 48
1 12 49
1 12 49
1 13 6
1 13 6
1 13 6
1 13 13
1 13 13
1 13 13
1 13 19
1 13 26
1 13 29
1 13 29
1 13 29
1 13 31
1 13 33
1 13 33
1 13 33
1 13 34
1 13 34
1 13 35
1 13 40
1 13 40
1 13 44
1 13 47
1 14 0
1 14 0
1 14 0
1 14 3
1 14 3
1 14 4
1 14 15
1 14 15
1 14 15
1 14 19
1 14 19
1 14 21
1 14 21
1 14 21
1 14 22
1 14 22
1 14 22
1 14 24
1 14 30
1 14 30
1 14 30
1 14 32
1 14 34
1 14 35
1 14 35
1 14 36
1 14 36
1 14 38
1 14 38
1 14 40
1 14 40
1 14 41
1 14 45
1 14 45
1 14 45
1 15 3
1 15 4
1 15 4
1 15 4
1 15 6
1 15 6
1 15 6
1 15 8
1 15 16
1 15 20
1 15 20
1 15 23
1 15 23
1 15 23
1 15 24
1 15 24
1 15 24
1 15 25
1 15 25
1 15 25
1 15 31
1 15 31
1 15 31
1 15 37
1 15 38
1 15 38
1 15 38
1 15 39
1 15 39
1 15 39
1 15 48
1 15 48
1 15 48
1 15 49
1 15 49
1 15 49
1 16 4
1 16 4
1 16 8
1 16 8
1 16 10
1 16 16
1 16 17
1 16 17
1 16 17
1 16 19
1 16 19
1 16 20
1 16 22
1 16 22
1 16 24
1 16 24
1 16 26
1 16 26
1 16 27
1 16 27
1 16 30
1 16 30
1 16 30
1 16 32
1 16 41
1 16 42
1 16 42
1 16 43
1 16 45
1 16 45
1 16 47
1 17 10
1 17 10
1 17 10
1 17 11
1 17 11
1 17 13
1 17 15
1 17 15
1 17 15
1 17 20
1 17 20
1 17 25
1 17 25
1 17 27
1 17 28
1 17 28
1 17 29
1 17 30
1 17 36
1 17 36
1 17 36
1 17 37
1 17 37
1 17 42
1 17 47
1 17 48
1 17 48
1 17 49
1 17 49
1 18 2
1 18 2
1 18 4
1 18 4
1 18 4
1 18 12
1 18 12
1 18 22
1 18 22
1 18 22
1 18 25
1 18 25
1 18 25
1 18 28
1 18 31
1 18 31
1 18 33
1 18 33
1 18 36
1 18 37
1 18 37
1 18 37
1 18 38
1 18 38
1 18 39
1 18 39
1 18 40
1 18 40
1 18 40
1 18 41
1 18 41
1 18 41
1 18 42
1 18 42
1 18 42
1 18 43
1 18 43
1 18 46
1 18 47
1 18 47
1 18 48
1 18 48
1 18 48
1 18 49
1 18 49
1 18 49
1 19 0
1 19 0
1 19 1
1 19 1
1 19 4
1 19 7
1 19 8
1 19 8
1 19 8
1 19 9
1 19 13
1 19 13
1 19 13
1 19 15
1 19 15
1 19 15
1 19 16
1 19 16
1 19 22
1 19 22
1 19 23
1 19 24
1 19 28
1 19 28
1 19 28
1 19 32
1 19 32
1 19 37
1 19 39
1 19 39
1 19 42
1 19 42
1 19 44
1 19 44
1 19 44
1 19 45
1 19 45
1 19 45
1 20 3
1 20 3
1 20 4
1 20 6
1 20 9
1 20 9
1 20 16
1 20 17
1 20 17
1 20 17
1 20 25
1 20 25
1 20 32
1 20 32
1 20 32
1 20 38
1 20 38
1 20 43
1 20 43
1 20 43
1 20 44
1 20 44
1 21 4
1 21 4
1 21 4
1 21 6
1 21 12
1 21 13
1 21 13
1 21 13
1 21 14
1 21 14
1 21 14
1 21 20
1 21 20
1 21 23
1 21 30
1 21 30
1 21 30
1 21 32
1 21 32
1 21 32
1 21 34
1 21 34
1 21 34
1 21 39
1 22 0
1 22 0
1 22 2
1 22 3
1 22 5
1 22 5
1 22 8
1 22 8
1 22 8
1 22 10
1 22 10
1 22 11
1 22 11
1 22 11
1 22 12
1 22 24
1 22 24
1 22 24
1 22 25
1 22 25
1 22 29
1 22 34
1 22 37
1 22 38
1 22 38
1 22 38
1 22 46
1 23 8
1 23 8
1 23 8
1 23 11
1 23 15
1 23 15
1 23 16
1 23 16
1 23 16
1 23 18
1 23 18
1 23 18
1 23 25
1 23 26
1 23 30
1 23 33
1 23 33
1 23 36
1 23 38
1 23 41
1 23 41
1 23 42
1 23 42
1 23 43
1 23 43
1 23 48
1 23 48
1 23 48
1 24 6
1 24 6
1 24 7
1 24 7
1 24 8
1 24 8
1 24 10
1 24 10
1 24 10
1 24 15
1 24 16
1 24 16
1 24 22
1 24 27
1 24 32
1 24 35
1 24 36
1 24 36
1 24 39
1 24 39
1 24 39
1 24 42
1 24 42
1 24 42
1 25 9
1 25 9
1 25 9
1 25 11
1 25 11
1 25 11
1 25 15
1 25 15
1 25 15
1 25 17
1 25 17
1 25 17
1 25 19
1 25 19
1 25 20
1 25 22
1 25 22
1 25 22
1 25 24
1 25 24
1 25 26
1 25 26
1 25 28
1 25 29
1 25 31
1 25 36
1 25 37
1 25 37
1 25 37
1 25 40
1 25 40
1 25 40
1 25 42
1 25 42
1 25 43
1 25 43
1 25 45
1 25 45
1 25 46
1 25 46
1 25 46
1 25 47
1 26 3
1 26 3
1 26 7
1 26 7
1 26 10
1 26 10
1 26 10
1 26 11
1 26 11
1 26 11
1 26 20
1 26 20
1 26 20
1 26 21
1 26 21
1 26 22
1 26 24
1 26 28
1 26 28
1 26 31
1 26 31
1 26 32
1 26 32
1 26 32
1 26 34
1 26 34
1 26 35
1 26 37
1 26 37
1 26 46
1 26 46
1 26 46
1 26 47
1 26 48
1 27 0
1 27 0
1 27 0
1 27 2
1 27 7
1 27 8
1 27 8
1 27 8
1 27 10
1 27 10
1 27 10
1 27 16
1 27 16
1 27 16
1 27 18
1 27 25
1 27 28
1 27 28
1 27 32
1 27 32
1 27 41
1 27 43
1 27 43
1 27 44
1 27 44
1 27 47
1 27 47
1 27 47
1 28 0
1 28 3
1 28 3
1 28 3
1 28 5
1 28 5
1 28 5
1 28 9
1 28 12
1 28 12
1 28 12
1 28 14
1 28 25
1 28 25
1 28 27
1 28 27
1 28 28
1 28 28
1 28 28
1 28 30
1 28 30
1 28 30
1 28 38
1 28 40
1 28 40
1 28 42
1 28 43
1 28 43
1 28 45
1 28 45
1 28 46
1 28 46
1 28 49
1 28 49
1 28 49
1 29 3
1 29 3
1 29 3
1 29 6
1 29 6
1 29 7
1 29 7
1 29 12
1 29 14
1 29 14
1 29 14
1 29 20
1 29 24
1 29 24
1 29 24
1 29 26
1 29 26
1 29 26
1 29 28
1 29 29
1 29 31
1 29 39
1 29 40
1 29 40
1 29 42
1 29 42
1 29 42
1 29 43
1 29 47
1 29 47
1 29 48
1 29 49
1 29 49
1 30 0
1 30 0
1 30 1
1 30 1
1 30 2
1 30 3
1 30 3
1 30 3
1 30 4
1 30 4
1 30 7
1 30 10
1 30 10
1 30 10
1 30 13
1 30 13
1 30 13
1 30 14
1 30 14
1 30 14
1 30 19
1 30 19
1 30 19
1 30 22
1 30 22
1 30 24
1 30 24
1 30 24
1 30 28
1 30 28
1 30 29
1 30 29
1 30 29
1 30 33
1 30 33
1 30 33
1 30 36
1 30 36
1 30 36
1 30 40
1 30 40
1 30 44
1 30 44
1 30 44
1 30 46
1 30 46
1 30 49
1 31 5
1 31 6
1 31 6
1 31 8
1 31 9
1 31 9
1 31 11
1 31 11
1 31 11
1 31 12
1 31 12
1 31 13
1 31 13
1 31 21
1 31 21
1 31 24
1 31 24
1 31 25
1 31 25
1 31 25
1 31 29
1 31 29
1 31 34
1 31 35
1 31 46
1 31 46
1 31 46
1 31 49
1 31 49
1 32 1
1 32 4
1 32 6
1 32 6
1 32 6
1 32 8
1 32 11
1 32 11
1 32 14
1 32 14
1 32 14
1 32 15
1 32 16
1 32 16
1 32 19
1 32 22
1 32 23
1 32 23
1 32 32
1 32 35
1 32 35
1 32 37
1 32 39
1 32 39
1 32 39
1 32 43
1 32 43
1 32 43
1 32 45
1 32 45
1 32 45
1 32 46
1 33 1
1 33 1
1 33 3
1 33 3
1 33 6
1 33 8
1 33 10
1 33 10
1 33 12
1 33 12
1 33 13
1 33 13
1 33 15
1 33 15
1 33 15
1 33 17
1 33 17
1 33 17
1 33 19
1 33 19
1 33 20
1 33 20
1 33 20
1 33 24
1 33 29
1 33 29
1 33 29
1 33 30
1 33 30
1 33 31
1 33 31
1 33 34
1 33 34
1 33 34
1 33 38
1 33 38
1 33 38
1 33 44
1 33 46
1 33 46
1 33 46
1 33 49
1 34 2
1 34 3
1 34 3
1 34 3
1 34 5
1 34 5
1 34 8
1 34 10
1 34 10
1 34 14
1 34 14
1 34 19
1 34 19
1 34 19
1 34 23
1 34 23
1 34 34
1 34 35
1 34 35
1 34 35
1 34 36
1 34 39
1 34 39
1 34 48
1 34 48
1 34 48
1 34 49
1 34 49
1 35 5
1 35 5
1 35 8
1 35 14
1 35 14
1 35 14
1 35 15
1 35 16
1 35 26
1 35 26
1 35 26
1 35 27
1 35 27
1 35 27
1 35 28
1 35 28
1 35 28
1 35 30
1 35 30
1 35 30
1 35 39
1 35 40
1 35 40
1 35 41
1 35 41
1 35 42
1 35 43
1 35 43
1 35 43
1 35 45
1 35 45
1 35 45
1 35 48
1 35 48
1 35 49
1 36 4
1 36 8
1 36 8
1 36 10
1 36 10
1 36 14
1 36 15
1 36 15
1 36 17
1 36 20
1 36 28
1 36 28
1 36 29
1 36 30
1 36 39
1 36 39
1 36 44
1 36 44
1 36 46
1 36 46
1 36 48
1 36 48
1 36 48
1 37 2
1 37 4
1 37 4
1 37 4
1 37 8
1 37 8
1 37 8
1 37 15
1 37 17
1 37 21
1 37 22
1 37 24
1 37 24
1 37 24
1 37 26
1 37 28
1 37 28
1 37 31
1 37 32
1 37 35
1 37 42
1 37 44
1 37 45
1 37 45
1 38 1
1 38 1
1 38 1
1 38 2
1 38 2
1 38 7
1 38 7
1 38 8
1 38 8
1 38 8
1 38 12
1 38 12
1 38 14
1 38 19
1 38 19
1 38 19
1 38 24
1 38 26
1 38 26
1 38 27
1 38 27
1 38 31
1 38 31
1 38 36
1 38 36
1 38 36
1 38 39
1 38 39
1 38 39
1 38 40
1 38 42
1 38 42
1 38 45
1 38 45
1 38 45
1 38 47
1 38 47
1 38 47
1 39 1
1 39 1
1 39 1
1 39 3
1 39 4
1 39 4
1 39 6
1 39 6
1 39 13
1 39 13
1 39 14
1 39 14
1 39 14
1 39 16
1 39 16
1 39 17
1 39 18
1 39 18
1 39 21
1 39 21
1 39 23
1 39 23
1 39 24
1 39 24
1 39 26
1 39 28
1 39 28
1 39 28
1 39 32
1 39 33
1 39 33
1 39 35
1 39 39
1 39 40
1 39 40
1 39 40
1 39 43
1 39 43
1 39 46
1 39 48
1 39 48
1 40 2
1 40 2
1 40 4
1 40 6
1 40 7
1 40 7
1 40 17
1 40 19
1 40 19
1 40 24
1 40 24
1 40 26
1 40 26
1 40 26
1 40 30
1 40 31
1 40 33
1 40 33
1 40 33
1 40 35
1 40 35
1 40 36
1 40 36
1 40 39
1 40 39
1 40 41
1 40 45
1 40 45
1 40 45
1 40 47
1 41 5
1 41 5
1 41 6
1 41 9
1 41 9
1 41 9
1 41 11
1 41 11
1 41 12
1 41 16
1 41 16
1 41 16
1 41 17
1 41 17
1 41 19
1 41 19
1 41 27
1 41 29
1 41 29
1 41 29
1 41 30
1 41 30
1 41 30
1 41 37
1 41 37
1 41 43
1 41 43
1 41 45
1 41 45
1 41 45
1 42 0
1 42 3
1 42 3
1 42 3
1 42 5
1 42 6
1 42 6
1 42 6
1 42 7
1 42 7
1 42 11
1 42 11
1 42 11
1 42 13
1 42 13
1 42 14
1 42 14
1 42 15
1 42 15
1 42 16
1 42 16
1 42 16
1 42 17
1 42 18
1 42 18
1 42 21
1 42 21
1 42 21
1 42 23
1 42 24
1 42 24
1 42 27
1 42 27
1 42 30
1 42 30
1 42 32
1 42 34
1 42 36
1 42 41
1 42 41
1 42 45
1 42 45
1 42 45
1 42 48
1 42 48
1 42 49
1 42 49
1 43 0
1 43 0
1 43 0
1 43 19
1 43 19
1 43 19
1 43 20
1 43 20
1 43 20
1 43 21
1 43 21
1 43 24
1 43 24
1 43 24
1 43 25
1 43 28
1 43 28
1 43 31
1 43 31
1 43 34
1 43 34
1 43 36
1 43 36
1 43 37
1 43 37
1 43 40
1 43 41
1 43 41
1 43 41
1 43 48
1 44 1
1 44 1
1 44 2
1 44 5
1 44 11
1 44 14
1 44 14
1 44 14
1 44 16
1 44 16
1 44 16
1 44 24
1 44 30
1 44 30
1 44 30
1 44 32
1 44 32
1 44 32
1 44 34
1 44 34
1 44 35
1 44 35
1 44 36
1 44 37
1 44 37
1 44 37
1 44 38
1 44 38
1 44 39
1 44 41
1 44 41
1 44 43
1 44 44
1 44 44
1 44 45
1 44 45
1 44 48
1 44 48
1 44 48
1 44 49
1 44 49
1 45 1
1 45 5
1 45 8
1 45 8
1 45 8
1 45 10
1 45 10
1 45 10
1 45 12
1 45 12
1 45 12
1 45 13
1 45 14
1 45 14
1 45 15
1 45 15
1 45 22
1 45 22
1 45 22
1 45 25
1 45 26
1 45 32
1 45 32
1 45 36
1 45 36
1 45 43
1 45 43
1 46 3
1 46 3
1 46 5
1 46 5
1 46 9
1 46 9
1 46 11
1 46 13
1 46 18
1 46 18
1 46 19
1 46 21
1 46 27
1 46 29
1 46 29
1 46 29
1 46 31
1 46 33
1 46 40
1 46 42
1 46 44
1 46 49
1 46 49
1 46 49
1 47 2
1 47 2
1 47 8
1 47 9
1 47 9
1 47 9
1 47 12
1 47 13
1 47 13
1 47 13
1 47 16
1 47 16
1 47 17
1 47 17
1 47 17
1 47 22
1 47 22
1 47 26
1 47 26
1 47 27
1 47 27
1 47 35
1 47 35
1 47 35
1 47 40
1 47 40
1 47 42
1 47 42
1 47 44
1 47 44
1 47 46
1 47 48
1 47 48
1 47 48
1 48 1
1 48 2
1 48 2
1 48 2
1 48 5
1 48 6
1 48 11
1 48 11
1 48 16
1 48 16
1 48 20
1 48 20
1 48 22
1 48 22
1 48 25
1 48 28
1 48 28
1 48 34
1 48 34
1 48 42
1 48 45
1 48 49
1 48 49
1 48 49
1 49 0
1 49 0
1 49 0
1 49 2
1 49 4
1 49 4
1 49 4
1 49 5
1 49 5
1 49 5
1 49 7
1 49 12
1 49 12
1 49 13
1 49 13
1 49 13
1 49 15
1 49 16
1 49 17
1 49 17
1 49 19
1 49 19
1 49 19
1 49 20
1 49 20
1 49 21
1 49 21
1 49 21
1 49 22
1 49 23
1 49 25
1 49 25
1 49 25
1 49 27
1 49 27
1 49 32
1 49 32
1 49 47
1 49 47
1 49 49
2 0 3
2 0 31
2 0 47
2 1 12
2 1 39
2 2 33
2 3 21
2 3 48
2 4 8
2 4 27
2 5 1
2 5 25
2 6 15
2 6 23
2 7 4
2 9 41
2 10 11
2 10 21
2 10 31
2 12 4
2 13 2
2 13 33
2 14 8
2 16 26
2 16 47
2 17 36
2 18 4
2 18 7
2 18 21
2 19 15
2 19 32
2 19 44
2 21 30
2 23 15
2 23 41
2 25 11
2 25 19
2 25 24
2 25 28
2 25 31
2 28 5
2 28 14
2 28 30
2 28 40
2 29 24
2 30 0
2 31 8
2 32 1
2 32 14
2 32 18
2 32 22
2 33 34
2 34 14
2 34 39
2 34 48
2 35 26
2 36 44
2 37 24
2 37 26
2 37 40
2 38 1
2 38 33
2 39 3
2 39 13
2 39 16
2 40 29
2 41 9
2 41 48
2 42 0
2 42 20
2 42 36
2 42 41
2 44 4
2 45 12
2 45 22
2 46 44
2 47 7
2 47 16
2 48 0
2 48 5
