1 0 1
1 0 3
1 0 3
1 0 4
1 0 4
1 0 4
1 0 21
1 0 23
1 0 30
1 0 30
1 0 33
1 0 35
1 0 46
1 1 2
1 1 3
1 1 3
1 1 3
1 1 4
1 1 4
1 1 5
1 1 12
1 1 12
1 1 16
1 1 18
1 1 18
1 1 18
1 1 23
1 1 23
1 1 23
1 1 24
1 1 24
1 1 24
1 1 26
1 1 26
1 1 26
1 1 28
1 1 28
1 1 29
1 1 29
1 1 29
1 1 31
1 1 31
1 1 33
1 1 33
1 1 33
1 1 35
1 1 35
1 1 37
1 1 37
1 1 37
1 1 38
1 1 40
1 1 43
1 1 43
1 1 43
1 1 46
1 1 47
1 1 47
1 2 0
1 2 0
1 2 1
1 2 1
1 2 3
1 2 6
1 2 6
1 2 8
1 2 12
1 2 12
1 2 15
1 2 15
1 2 16
1 2 16
1 2 16
1 2 17
1 2 17
1 2 20
1 2 20
1 2 20
1 2 28
1 2 28
1 2 28
1 2 31
1 2 34
1 2 38
1 2 38
1 2 38
1 2 47
1 2 48
1 2 48
1 3 0
1 3 2
1 3 2
1 3 2
1 3 6
1 3 8
1 3 11
1 3 11
1 3 11
1 3 17
1 3 17
1 3 20
1 3 24
1 3 25
1 3 25
1 3 25
1 3 30
1 3 30
1 3 31
1 3 31
1 3 31
1 3 33
1 3 33
1 3 35
1 3 37
1 3 37
1 3 37
1 3 40
1 3 40
1 3 43
1 3 43
1 3 43
1 3 46
1 3 47
1 3 47
1 3 48
1 3 48
1 3 48
1 3 49
1 3 49
1 4 1
1 4 3
1 4 6
1 4 6
1 4 6
1 4 10
1 4 11
1 4 12
1 4 12
1 4 12
1 4 13
1 4 14
1 4 21
1 4 21
1 4 27
1 4 27
1 4 28
1 4 28
1 4 28
1 4 30
1 4 31
1 4 31
1 4 33
1 4 33
1 4 35
1 4 36
1 4 36
1 4 36
1 4 42
1 4 44
1 4 46
1 4 46
1 4 49
1 4 49
1 4 49
1 5 8
1 5 8
1 5 8
1 5 10
1 5 10
1 5 10
1 5 11
1 5 11
1 5 11
1 5 20
1 5 23
1 5 23
1 5 24
1 5 24
1 5 24
1 5 32
1 5 32
1 5 33
1 5 33
1 5 33
1 5 34
1 5 34
1 5 34
1 5 41
1 5 41
1 5 41
1 5 43
1 5 43
1 5 43
1 5 44
1 5 44
1 5 49
1 5 49
1 6 2
1 6 2
1 6 2
1 6 14
1 6 14
1 6 17
1 6 17
1 6 20
1 6 20
1 6 20
1 6 24
1 6 24
1 6 30
1 6 30
1 6 31
1 6 33
1 6 33
1 6 34
1 6 34
1 6 34
1 6 37
1 6 38
1 6 38
1 6 41
1 6 41
1 6 44
1 6 44
1 6 44
1 6 47
1 6 47
1 6 47
1 6 48
1 7 0
1 7 1
1 7 2
1 7 2
1 7 2
1 7 5
1 7 8
1 7 8
1 7 8
1 7 9
1 7 11
1 7 11
1 7 11
1 7 13
1 7 13
1 7 13
1 7 15
1 7 15
1 7 15
1 7 18
1 7 18
1 7 20
1 7 20
1 7 22
1 7 22
1 7 22
1 7 23
1 7 25
1 7 29
1 7 29
1 7 29
1 7 31
1 7 31
1 7 33
1 7 33
1 7 34
1 7 37
1 7 37
1 7 37
1 7 44
1 7 44
1 7 45
1 7 45
1 7 48
1 7 48
1 7 48
1 8 0
1 8 1
1 8 3
1 8 8
1 8 8
1 8 9
1 8 9
1 8 9
1 8 13
1 8 13
1 8 13
1 8 14
1 8 14
1 8 14
1 8 15
1 8 15
1 8 15
1 8 16
1 8 17
1 8 17
1 8 17
1 8 21
1 8 24
1 8 26
1 8 26
1 8 28
1 8 28
1 8 29
1 8 29
1 8 32
1 8 32
1 8 33
1 8 33
1 8 43
1 8 43
1 8 43
1 8 46
1 8 46
1 8 46
1 9 0
1 9 0
1 9 1
1 9 3
1 9 3
1 9 3
1 9 4
1 9 5
1 9 5
1 9 5
1 9 9
1 9 9
1 9 13
1 9 19
1 9 21
1 9 21
1 9 21
1 9 26
1 9 26
1 9 26
1 9 29
1 9 29
1 9 30
1 9 34
1 9 34
1 9 38
1 9 38
1 9 41
1 9 41
1 9 42
1 9 42
1 9 42
1 9 46
1 9 49
1 9 49
1 9 49
1 10 0
1 10 0
1 10 1
1 10 1
1 10 2
1 10 2
1 10 7
1 10 7
1 10 13
1 10 13
1 10 14
1 10 14
1 10 14
1 10 15
1 10 15
1 10 15
1 10 16
1 10 16
1 10 18
1 10 18
1 10 18
1 10 19
1 10 19
1 10 20
1 10 20
1 10 21
1 10 21
1 10 21
1 10 22
1 10 30
1 10 30
1 10 36
1 10 36
1 10 36
1 10 38
1 10 38
1 10 38
1 10 48
1 11 1
1 11 1
1 11 1
1 11 2
1 11 2
1 11 3
1 11 3
1 11 5
1 11 5
1 11 10
1 11 10
1 11 10
1 11 13
1 11 14
1 11 14
1 11 16
1 11 16
1 11 19
1 11 20
1 11 20
1 11 20
1 11 21
1 11 23
1 11 23
1 11 23
1 11 25
1 11 25
1 11 25
1 11 26
1 11 33
1 11 35
1 11 35
1 11 35
1 11 39
1 11 39
1 11 41
1 11 41
1 11 42
1 11 42
1 11 42
1 11 48
1 11 48
1 11 48
1 12 1
1 12 1
1 12 1
1 12 3
1 12 3
1 12 3
1 12 4
1 12 4
1 12 4
1 12 9
1 12 12
1 12 12
1 12 14
1 12 28
1 12 34
1 12 34
1 12 35
1 12 35
1 12 42
1 12 42
1 12 45
1 12 47
1 12 47
1 12 47
1 12 49
1 12 49
1 13 0
1 13 0
1 13 2
1 13 2
1 13 2
1 13 5
1 13 5
1 13 13
1 13 15
1 13 18
1 13 24
1 13 24
1 13 24
1 13 28
1 13 28
1 13 32
1 13 32
1 13 32
1 13 33
1 13 34
1 13 34
1 13 34
1 13 40
1 13 42
1 13 42
1 13 45
1 13 45
1 13 45
1 14 1
1 14 1
1 14 1
1 14 7
1 14 7
1 14 8
1 14 11
1 14 11
1 14 11
1 14 12
1 14 13
1 14 13
1 14 23
1 14 26
1 14 36
1 14 36
1 14 36
1 14 45
1 14 46
1 14 46
1 14 49
1 14 49
1 15 2
1 15 2
1 15 2
1 15 3
1 15 4
1 15 8
1 15 11
1 15 12
1 15 13
1 15 13
1 15 20
1 15 20
1 15 20
1 15 21
1 15 21
1 15 22
1 15 22
1 15 22
1 15 23
1 15 23
1 15 24
1 15 29
1 15 29
1 15 31
1 15 32
1 15 32
1 15 34
1 15 36
1 15 36
1 15 41
1 15 41
1 15 44
1 15 47
1 15 47
1 15 47
1 16 4
1 16 4
1 16 5
1 16 5
1 16 5
1 16 11
1 16 14
1 16 15
1 16 15
1 16 15
1 16 26
1 16 26
1 16 26
1 16 29
1 16 29
1 16 29
1 16 44
1 16 45
1 16 45
1 16 45
1 17 3
1 17 3
1 17 3
1 17 4
1 17 6
1 17 9
1 17 11
1 17 11
1 17 17
1 17 17
1 17 17
1 17 25
1 17 25
1 17 25
1 17 28
1 17 28
1 17 28
1 17 30
1 17 30
1 17 30
1 17 31
1 17 31
1 17 33
1 17 36
1 17 36
1 17 36
1 17 37
1 17 37
1 17 42
1 17 44
1 17 47
1 17 47
1 18 0
1 18 0
1 18 0
1 18 1
1 18 1
1 18 1
1 18 3
1 18 3
1 18 3
1 18 4
1 18 10
1 18 10
1 18 12
1 18 13
1 18 14
1 18 14
1 18 18
1 18 24
1 18 26
1 18 26
1 18 27
1 18 27
1 18 27
1 18 28
1 18 28
1 18 28
1 18 29
1 18 30
1 18 30
1 18 30
1 18 32
1 18 32
1 18 32
1 18 37
1 18 37
1 18 40
1 18 46
1 18 47
1 19 0
1 19 0
1 19 3
1 19 3
1 19 5
1 19 5
1 19 6
1 19 6
1 19 6
1 19 7
1 19 7
1 19 7
1 19 8
1 19 11
1 19 13
1 19 13
1 19 13
1 19 14
1 19 14
1 19 15
1 19 15
1 19 15
1 19 21
1 19 21
1 19 21
1 19 23
1 19 23
1 19 24
1 19 24
1 19 24
1 19 26
1 19 26
1 19 26
1 19 32
1 19 32
1 19 32
1 19 35
1 19 37
1 19 37
1 19 38
1 19 39
1 19 42
1 19 43
1 19 43
1 19 43
1 19 45
1 19 48
1 19 48
1 19 48
1 20 3
1 20 3
1 20 4
1 20 4
1 20 7
1 20 7
1 20 12
1 20 14
1 20 15
1 20 15
1 20 15
1 20 18
1 20 18
1 20 21
1 20 21
1 20 21
1 20 22
1 20 22
1 20 22
1 20 25
1 20 28
1 20 32
1 20 32
1 20 33
1 20 33
1 20 33
1 20 37
1 20 37
1 20 37
1 20 38
1 20 41
1 20 41
1 20 42
1 20 46
1 20 46
1 20 47
1 20 47
1 21 6
1 21 6
1 21 6
1 21 13
1 21 13
1 21 14
1 21 14
1 21 14
1 21 19
1 21 21
1 21 22
1 21 22
1 21 22
1 21 24
1 21 24
1 21 24
1 21 26
1 21 26
1 21 28
1 21 29
1 21 29
1 21 29
1 21 32
1 21 32
1 21 33
1 21 33
1 21 41
1 21 46
1 21 46
1 22 1
1 22 1
1 22 1
1 22 2
1 22 2
1 22 3
1 22 3
1 22 7
1 22 7
1 22 12
1 22 12
1 22 14
1 22 14
1 22 15
1 22 15
1 22 15
1 22 17
1 22 17
1 22 20
1 22 20
1 22 22
1 22 25
1 22 25
1 22 25
1 22 27
1 22 28
1 22 28
1 22 30
1 22 30
1 22 31
1 22 41
1 22 41
1 22 41
1 22 43
1 22 45
1 22 46
1 22 46
1 22 46
1 22 49
1 22 49
1 22 49
1 23 10
1 23 12
1 23 12
1 23 12
1 23 18
1 23 18
1 23 18
1 23 21
1 23 21
1 23 21
1 23 24
1 23 24
1 23 24
1 23 26
1 23 28
1 23 28
1 23 28
1 23 29
1 23 33
1 23 33
1 23 33
1 23 35
1 23 35
1 23 42
1 23 42
1 23 43
1 23 45
1 23 45
1 23 45
1 23 48
1 23 48
1 23 48
1 24 1
1 24 1
1 24 4
1 24 5
1 24 7
1 24 7
1 24 8
1 24 8
1 24 8
1 24 11
1 24 14
1 24 14
1 24 17
1 24 19
1 24 22
1 24 27
1 24 27
1 24 27
1 24 30
1 24 30
1 24 32
1 24 32
1 24 32
1 24 35
1 24 37
1 24 43
1 24 43
1 24 46
1 24 48
1 24 48
1 25 6
1 25 12
1 25 12
1 25 12
1 25 16
1 25 17
1 25 17
1 25 21
1 25 21
1 25 22
1 25 22
1 25 22
1 25 27
1 25 27
1 25 33
1 25 33
1 25 33
1 25 34
1 25 34
1 25 36
1 25 39
1 25 39
1 25 40
1 25 46
1 25 46
1 25 48
1 25 48
1 25 48
1 26 4
1 26 4
1 26 4
1 26 8
1 26 13
1 26 15
1 26 15
1 26 15
1 26 24
1 26 24
1 26 24
1 26 28
1 26 28
1 26 32
1 26 32
1 26 35
1 26 35
1 26 37
1 26 42
1 26 44
1 26 46
1 26 48
1 26 48
1 26 49
1 27 1
1 27 1
1 27 1
1 27 9
1 27 10
1 27 10
1 27 11
1 27 11
1 27 11
1 27 13
1 27 13
1 27 16
1 27 16
1 27 17
1 27 21
1 27 22
1 27 27
1 27 31
1 27 32
1 27 32
1 27 34
1 27 34
1 27 37
1 27 37
1 27 40
1 27 47
1 27 47
1 28 0
1 28 3
1 28 6
1 28 7
1 28 11
1 28 11
1 28 11
1 28 13
1 28 13
1 28 13
1 28 16
1 28 16
1 28 16
1 28 20
1 28 21
1 28 27
1 28 27
1 28 34
1 28 34
1 28 34
1 28 36
1 28 36
1 28 36
1 28 37
1 28 37
1 28 43
1 28 47
1 28 47
1 28 47
1 28 48
1 28 48
1 28 48
1 29 2
1 29 2
1 29 6
1 29 6
1 29 6
1 29 7
1 29 7
1 29 7
1 29 9
1 29 9
1 29 9
1 29 10
1 29 16
1 29 17
1 29 17
1 29 17
1 29 18
1 29 18
1 29 18
1 29 19
1 29 19
1 29 19
1 29 20
1 29 20
1 29 24
1 29 24
1 29 24
1 29 31
1 29 33
1 29 36
1 29 36
1 29 38
1 29 38
1 29 39
1 29 39
1 29 47
1 29 47
1 29 47
1 29 48
1 29 48
1 29 48
1 30 10
1 30 10
1 30 11
1 30 11
1 30 12
1 30 13
1 30 13
1 30 13
1 30 17
1 30 17
1 30 22
1 30 22
1 30 22
1 30 25
1 30 25
1 30 26
1 30 26
1 30 26
1 30 28
1 30 28
1 30 39
1 30 41
1 30 41
1 30 41
1 30 42
1 30 47
1 30 47
1 30 47
1 31 0
1 31 2
1 31 2
1 31 5
1 31 7
1 31 7
1 31 7
1 31 8
1 31 9
1 31 9
1 31 9
1 31 10
1 31 10
1 31 10
1 31 14
1 31 14
1 31 18
1 31 18
1 31 19
1 31 19
1 31 20
1 31 20
1 31 20
1 31 21
1 31 21
1 31 27
1 31 30
1 31 35
1 31 35
1 31 40
1 31 40
1 31 45
1 31 45
1 31 46
1 31 46
1 31 46
1 31 47
1 32 0
1 32 0
1 32 0
1 32 4
1 32 4
1 32 4
1 32 5
1 32 5
1 32 7
1 32 13
1 32 13
1 32 21
1 32 23
1 32 24
1 32 24
1 32 26
1 32 26
1 32 29
1 32 30
1 32 30
1 32 31
1 32 33
1 32 33
1 32 33
1 32 34
1 32 36
1 32 38
1 32 38
1 32 40
1 32 40
1 32 40
1 33 0
1 33 0
1 33 0
1 33 1
1 33 1
1 33 8
1 33 8
1 33 8
1 33 9
1 33 9
1 33 9
1 33 10
1 33 10
1 33 10
1 33 15
1 33 18
1 33 18
1 33 18
1 33 20
1 33 20
1 33 22
1 33 22
1 33 23
1 33 23
1 33 23
1 33 24
1 33 26
1 33 26
1 33 31
1 33 31
1 33 31
1 33 33
1 33 33
1 33 33
1 33 35
1 33 35
1 33 35
1 33 36
1 33 36
1 33 37
1 33 37
1 33 39
1 33 39
1 33 39
1 33 40
1 33 43
1 33 43
1 33 46
1 33 46
1 33 46
1 33 49
1 34 1
1 34 2
1 34 2
1 34 2
1 34 3
1 34 3
1 34 3
1 34 5
1 34 5
1 34 5
1 34 6
1 34 6
1 34 7
1 34 8
1 34 8
1 34 9
1 34 11
1 34 11
1 34 13
1 34 13
1 34 13
1 34 17
1 34 18
1 34 18
1 34 18
1 34 20
1 34 21
1 34 26
1 34 26
1 34 37
1 34 37
1 34 37
1 34 44
1 34 44
1 35 0
1 35 0
1 35 2
1 35 2
1 35 9
1 35 9
1 35 17
1 35 26
1 35 26
1 35 26
1 35 27
1 35 27
1 35 28
1 35 31
1 35 40
1 35 41
1 35 42
1 35 42
1 35 42
1 35 47
1 35 47
1 35 49
1 35 49
1 36 3
1 36 3
1 36 3
1 36 8
1 36 9
1 36 9
1 36 9
1 36 10
1 36 10
1 36 17
1 36 19
1 36 19
1 36 19
1 36 20
1 36 20
1 36 23
1 36 23
1 36 25
1 36 26
1 36 27
1 36 27
1 36 33
1 36 33
1 36 33
1 36 37
1 36 37
1 36 37
1 36 41
1 36 41
1 36 41
1 36 43
1 36 43
1 36 44
1 36 44
1 36 44
1 36 48
1 36 48
1 37 0
1 37 0
1 37 1
1 37 3
1 37 3
1 37 4
1 37 4
1 37 4
1 37 5
1 37 13
1 37 16
1 37 16
1 37 16
1 37 17
1 37 17
1 37 23
1 37 24
1 37 24
1 37 25
1 37 25
1 37 25
1 37 27
1 37 28
1 37 28
1 37 28
1 37 35
1 37 36
1 37 36
1 37 37
1 37 39
1 37 39
1 37 39
1 37 44
1 37 44
1 37 44
1 37 46
1 37 48
1 38 1
1 38 1
1 38 1
1 38 2
1 38 2
1 38 4
1 38 4
1 38 5
1 38 6
1 38 7
1 38 7
1 38 9
1 38 9
1 38 10
1 38 11
1 38 12
1 38 12
1 38 12
1 38 13
1 38 16
1 38 16
1 38 16
1 38 17
1 38 17
1 38 18
1 38 18
1 38 22
1 38 22
1 38 29
1 38 30
1 38 32
1 38 36
1 38 36
1 38 36
1 38 38
1 38 40
1 38 40
1 38 43
1 38 43
1 38 43
1 38 46
1 39 1
1 39 4
1 39 4
1 39 4
1 39 5
1 39 5
1 39 8
1 39 8
1 39 8
1 39 9
1 39 15
1 39 15
1 39 16
1 39 16
1 39 16
1 39 17
1 39 19
1 39 19
1 39 20
1 39 20
1 39 20
1 39 24
1 39 24
1 39 24
1 39 25
1 39 25
1 39 25
1 39 29
1 39 29
1 39 29
1 39 32
1 39 32
1 39 32
1 39 35
1 39 35
1 39 36
1 39 36
1 39 36
1 39 38
1 39 38
1 39 40
1 39 40
1 39 40
1 39 44
1 39 44
1 39 44
1 39 47
1 39 49
1 40 0
1 40 0
1 40 2
1 40 2
1 40 3
1 40 3
1 40 3
1 40 8
1 40 10
1 40 18
1 40 18
1 40 18
1 40 23
1 40 28
1 40 28
1 40 32
1 40 32
1 40 32
1 40 33
1 40 33
1 40 34
1 40 34
1 40 37
1 40 39
1 40 39
1 40 41
1 40 41
1 40 44
1 40 47
1 40 47
1 40 47
1 40 48
1 40 48
1 40 48
1 41 1
1 41 10
1 41 10
1 41 11
1 41 11
1 41 12
1 41 12
1 41 12
1 41 14
1 41 19
1 41 19
1 41 22
1 41 22
1 41 28
1 41 28
1 41 28
1 41 29
1 41 29
1 41 30
1 41 30
1 41 36
1 41 36
1 41 36
1 41 37
1 41 38
1 41 38
1 41 39
1 41 41
1 41 41
1 41 42
1 41 45
1 41 48
1 41 49
1 42 1
1 42 1
1 42 1
1 42 5
1 42 11
1 42 11
1 42 11
1 42 12
1 42 12
1 42 12
1 42 13
1 42 13
1 42 13
1 42 20
1 42 20
1 42 20
1 42 26
1 42 26
1 42 26
1 42 27
1 42 27
1 42 27
1 42 36
1 42 43
1 43 1
1 43 1
1 43 6
1 43 6
1 43 13
1 43 13
1 43 13
1 43 15
1 43 15
1 43 15
1 43 23
1 43 23
1 43 23
1 43 29
1 43 29
1 43 30
1 43 30
1 43 30
1 43 45
1 43 47
1 43 47
1 43 47
1 44 1
1 44 1
1 44 1
1 44 11
1 44 11
1 44 19
1 44 22
1 44 22
1 44 22
1 44 29
1 44 34
1 44 34
1 44 42
1 44 42
1 44 42
1 44 48
1 45 3
1 45 4
1 45 4
1 45 5
1 45 5
1 45 5
1 45 8
1 45 8
1 45 8
1 45 13
1 45 15
1 45 15
1 45 15
1 45 16
1 45 20
1 45 20
1 45 20
1 45 21
1 45 21
1 45 21
1 45 23
1 45 23
1 45 23
1 45 24
1 45 24
1 45 24
1 45 25
1 45 25
1 45 27
1 45 28
1 45 28
1 45 28
1 45 29
1 45 29
1 45 31
1 45 33
1 45 33
1 45 33
1 45 34
1 45 37
1 45 37
1 45 38
1 45 38
1 45 41
1 45 42
1 45 43
1 46 0
1 46 0
1 46 0
1 46 10
1 46 10
1 46 13
1 46 13
1 46 13
1 46 15
1 46 15
1 46 17
1 46 17
1 46 19
1 46 19
1 46 21
1 46 21
1 46 21
1 46 23
1 46 23
1 46 24
1 46 25
1 46 27
1 46 28
1 46 28
1 46 29
1 46 29
1 46 29
1 46 32
1 46 32
1 46 33
1 46 37
1 46 41
1 46 41
1 46 42
1 46 42
1 46 42
1 46 44
1 46 44
1 46 44
1 47 4
1 47 5
1 47 10
1 47 10
1 47 10
1 47 16
1 47 16
1 47 16
1 47 21
1 47 21
1 47 21
1 47 22
1 47 28
1 47 31
1 47 31
1 47 32
1 47 32
1 47 32
1 47 37
1 47 37
1 47 37
1 47 39
1 47 39
1 47 39
1 47 40
1 47 40
1 47 40
1 47 42
1 47 44
1 47 44
1 48 0
1 48 2
1 48 4
1 48 4
1 48 5
1 48 6
1 48 7
1 48 7
1 48 8
1 48 13
1 48 13
1 48 13
1 48 15
1 48 17
1 48 20
1 48 20
1 48 26
1 48 29
1 48 29
1 48 30
1 48 30
1 48 30
1 48 33
1 48 33
1 48 33
1 48 38
1 48 38
1 48 39
1 48 40
1 48 40
1 48 45
1 48 45
1 48 45
1 48 49
1 48 49
1 49 3
1 49 4
1 49 6
1 49 6
1 49 6
1 49 7
1 49 7
1 49 7
1 49 13
1 49 16
1 49 21
1 49 21
1 49 22
1 49 22
1 49 25
1 49 25
1 49 32
1 49 32
1 49 38
1 49 41
1 49 41
1 49 41
1 49 42
1 49 42
1 49 43
1 49 43
1 49 43
1 49 44
1 49 44
1 49 44
1 49 45
1 49 46
2 0 3
2 0 37
2 0 39
2 0 46
2 1 16
2 1 28
2 1 43
2 2 11
2 5 23
2 5 47
2 6 1
2 7 8
2 7 13
2 8 3
2 8 26
2 9 38
2 11 33
2 12 45
2 14 7
2 14 11
2 14 23
2 15 15
2 15 29
2 15 44
2 17 36
2 17 39
2 18 0
2 18 12
2 18 24
2 19 5
2 19 21
2 19 42
2 20 46
2 22 1
2 22 7
2 22 12
2 22 43
2 23 48
2 24 16
2 24 27
2 26 8
2 26 13
2 27 6
2 27 16
2 27 31
2 27 47
2 28 33
2 29 9
2 30 25
2 30 34
2 31 0
2 31 18
2 31 30
2 31 40
2 32 3
2 32 14
2 33 8
2 35 32
2 35 40
2 36 1
2 36 33
2 37 35
2 38 40
2 39 19
2 39 44
2 39 47
2 40 28
2 41 1
2 42 24
2 44 33
2 45 13
2 45 20
2 45 27
2 45 37
2 45 41
2 46 9
2 47 4
2 48 20
