1 0 1
1 0 1
1 0 1
1 0 5
1 0 5
1 0 5
1 0 7
1 0 7
1 0 10
1 0 16
1 0 22
1 0 22
1 0 26
1 0 27
1 0 28
1 0 33
1 0 33
1 0 33
1 0 35
1 0 44
1 0 46
1 0 49
1 0 49
1 1 1
1 1 1
1 1 1
1 1 2
1 1 2
1 1 2
1 1 3
1 1 4
1 1 5
1 1 5
1 1 5
1 1 8
1 1 12
1 1 12
1 1 12
1 1 16
1 1 16
1 1 19
1 1 19
1 1 21
1 1 23
1 1 23
1 1 23
1 1 24
1 1 24
1 1 24
1 1 29
1 1 29
1 1 30
1 1 35
1 1 35
1 1 35
1 1 39
1 1 42
1 1 42
1 1 48
1 1 49
1 1 49
1 2 1
1 2 1
1 2 1
1 2 2
1 2 2
1 2 4
1 2 4
1 2 4
1 2 5
1 2 5
1 2 6
1 2 6
1 2 6
1 2 7
1 2 7
1 2 7
1 2 11
1 2 15
1 2 15
1 2 15
1 2 16
1 2 16
1 2 16
1 2 18
1 2 18
1 2 19
1 2 19
1 2 24
1 2 25
1 2 25
1 2 25
1 2 26
1 2 28
1 2 28
1 2 41
1 2 41
1 2 41
1 2 43
1 2 45
1 2 48
1 2 48
1 3 3
1 3 3
1 3 3
1 3 5
1 3 5
1 3 6
1 3 6
1 3 6
1 3 7
1 3 7
1 3 17
1 3 18
1 3 21
1 3 21
1 3 21
1 3 22
1 3 22
1 3 24
1 3 24
1 3 26
1 3 26
1 3 26
1 3 27
1 3 27
1 3 27
1 3 30
1 3 31
1 3 31
1 3 31
1 3 36
1 3 38
1 3 38
1 3 38
1 3 40
1 3 40
1 3 41
1 3 41
1 3 42
1 3 42
1 3 43
1 3 43
1 3 43
1 3 45
1 3 45
1 3 46
1 3 46
1 3 47
1 3 47
1 4 0
1 4 0
1 4 3
1 4 3
1 4 5
1 4 12
1 4 12
1 4 14
1 4 20
1 4 20
1 4 20
1 4 25
1 4 25
1 4 25
1 4 27
1 4 27
1 4 28
1 4 28
1 4 31
1 4 31
1 4 33
1 4 34
1 4 34
1 4 34
1 4 38
1 4 43
1 4 43
1 4 45
1 4 45
1 5 11
1 5 11
1 5 14
1 5 14
1 5 16
1 5 19
1 5 20
1 5 23
1 5 26
1 5 26
1 5 27
1 5 27
1 5 34
1 5 34
1 5 39
1 5 41
1 5 41
1 5 41
1 5 42
1 5 42
1 5 42
1 5 45
1 5 45
1 5 45
1 5 48
1 5 48
1 5 49
1 5 49
1 5 49
1 6 0
1 6 0
1 6 1
1 6 2
1 6 2
1 6 2
1 6 4
1 6 7
1 6 8
1 6 8
1 6 11
1 6 11
1 6 11
1 6 20
1 6 20
1 6 24
1 6 24
1 6 25
1 6 27
1 6 27
1 6 27
1 6 29
1 6 29
1 6 31
1 6 31
1 6 31
1 6 37
1 6 39
1 6 39
1 6 41
1 6 41
1 6 43
1 6 43
1 6 44
1 6 45
1 6 45
1 6 49
1 7 0
1 7 5
1 7 5
1 7 5
1 7 7
1 7 9
1 7 9
1 7 11
1 7 19
1 7 19
1 7 19
1 7 20
1 7 20
1 7 20
1 7 21
1 7 21
1 7 27
1 7 27
1 7 31
1 7 34
1 7 36
1 7 36
1 7 40
1 7 40
1 7 43
1 7 47
1 7 47
1 7 49
1 8 2
1 8 2
1 8 5
1 8 8
1 8 10
1 8 10
1 8 12
1 8 13
1 8 15
1 8 15
1 8 15
1 8 17
1 8 17
1 8 17
1 8 18
1 8 24
1 8 25
1 8 25
1 8 27
1 8 27
1 8 29
1 8 30
1 8 30
1 8 32
1 8 32
1 8 32
1 8 35
1 8 35
1 8 35
1 8 37
1 8 38
1 8 38
1 8 38
1 8 42
1 8 42
1 8 42
1 8 45
1 8 45
1 8 47
1 8 47
1 8 48
1 9 0
1 9 0
1 9 0
1 9 2
1 9 2
1 9 2
1 9 16
1 9 18
1 9 18
1 9 20
1 9 20
1 9 26
1 9 30
1 9 30
1 9 35
1 9 36
1 9 46
1 9 47
1 9 47
1 10 2
1 10 2
1 10 6
1 10 23
1 10 23
1 10 23
1 10 25
1 10 25
1 10 29
1 10 29
1 10 29
1 10 30
1 10 30
1 10 31
1 10 31
1 10 31
1 10 33
1 10 34
1 10 34
1 10 34
1 10 36
1 10 36
1 10 38
1 10 38
1 10 42
1 10 42
1 10 43
1 10 45
1 10 45
1 10 45
1 10 47
1 10 47
1 10 48
1 11 3
1 11 8
1 11 8
1 11 8
1 11 13
1 11 17
1 11 17
1 11 19
1 11 19
1 11 20
1 11 20
1 11 21
1 11 23
1 11 23
1 11 23
1 11 32
1 11 35
1 11 35
1 11 39
1 11 41
1 11 42
1 11 46
1 11 46
1 11 46
1 11 47
1 11 49
1 11 49
1 12 0
1 12 0
1 12 6
1 12 6
1 12 6
1 12 9
1 12 9
1 12 15
1 12 15
1 12 16
1 12 16
1 12 16
1 12 17
1 12 17
1 12 17
1 12 19
1 12 19
1 12 24
1 12 24
1 12 24
1 12 28
1 12 31
1 12 31
1 12 33
1 12 34
1 12 34
1 12 34
1 12 37
1 12 41
1 12 43
1 12 43
1 12 45
1 12 48
1 13 0
1 13 0
1 13 0
1 13 1
1 13 1
1 13 1
1 13 5
1 13 5
1 13 5
1 13 9
1 13 9
1 13 20
1 13 22
1 13 24
1 13 29
1 13 29
1 13 29
1 13 30
1 13 30
1 13 39
1 13 39
1 13 39
1 13 40
1 13 40
1 13 44
1 13 44
1 13 44
1 14 11
1 14 11
1 14 11
1 14 13
1 14 13
1 14 13
1 14 14
1 14 14
1 14 16
1 14 17
1 14 17
1 14 18
1 14 25
1 14 25
1 14 25
1 14 29
1 14 29
1 14 29
1 14 35
1 14 35
1 14 38
1 14 38
1 14 38
1 14 39
1 14 39
1 14 39
1 14 41
1 14 41
1 14 45
1 14 45
1 14 45
1 14 49
1 14 49
1 14 49
1 15 4
1 15 4
1 15 4
1 15 5
1 15 6
1 15 7
1 15 7
1 15 10
1 15 10
1 15 10
1 15 12
1 15 14
1 15 14
1 15 14
1 15 15
1 15 19
1 15 19
1 15 19
1 15 21
1 15 26
1 15 26
1 15 26
1 15 28
1 15 28
1 15 28
1 15 29
1 15 29
1 15 29
1 15 30
1 15 30
1 15 30
1 15 33
1 15 33
1 15 38
1 15 38
1 15 39
1 15 39
1 15 41
1 15 43
1 15 43
1 15 43
1 15 44
1 15 45
1 16 2
1 16 10
1 16 10
1 16 11
1 16 11
1 16 11
1 16 12
1 16 12
1 16 24
1 16 27
1 16 27
1 16 31
1 16 31
1 16 35
1 16 37
1 16 37
1 16 37
1 16 40
1 16 40
1 16 45
1 16 45
1 16 45
1 16 48
1 17 0
1 17 0
1 17 0
1 17 4
1 17 5
1 17 9
1 17 9
1 17 14
1 17 14
1 17 17
1 17 17
1 17 18
1 17 18
1 17 27
1 17 27
1 17 32
1 17 32
1 17 32
1 17 33
1 17 36
1 17 36
1 17 38
1 17 38
1 17 38
1 17 46
1 17 46
1 17 46
1 17 48
1 17 48
1 17 48
1 17 49
1 17 49
1 18 3
1 18 3
1 18 4
1 18 5
1 18 7
1 18 8
1 18 8
1 18 10
1 18 10
1 18 11
1 18 11
1 18 12
1 18 13
1 18 13
1 18 14
1 18 14
1 18 17
1 18 21
1 18 21
1 18 22
1 18 22
1 18 22
1 18 23
1 18 23
1 18 24
1 18 25
1 18 27
1 18 28
1 18 28
1 18 29
1 18 29
1 18 35
1 18 35
1 18 35
1 18 36
1 18 36
1 18 36
1 18 45
1 18 45
1 18 45
1 18 46
1 18 46
1 18 46
1 18 47
1 18 47
1 19 0
1 19 0
1 19 0
1 19 10
1 19 10
1 19 16
1 19 16
1 19 16
1 19 22
1 19 22
1 19 22
1 19 25
1 19 25
1 19 26
1 19 26
1 19 26
1 19 27
1 19 27
1 19 27
1 19 28
1 19 28
1 20 0
1 20 0
1 20 1
1 20 1
1 20 5
1 20 16
1 20 17
1 20 17
1 20 17
1 20 18
1 20 18
1 20 19
1 20 27
1 20 27
1 20 27
1 20 29
1 20 29
1 20 29
1 20 32
1 20 32
1 20 32
1 20 33
1 20 33
1 20 34
1 20 37
1 20 37
1 20 37
1 20 38
1 20 38
1 20 38
1 20 40
1 20 42
1 20 42
1 20 42
1 20 44
1 20 46
1 20 47
1 20 47
1 20 47
1 20 49
1 21 2
1 21 2
1 21 2
1 21 4
1 21 8
1 21 8
1 21 10
1 21 10
1 21 10
1 21 12
1 21 12
1 21 12
1 21 13
1 21 13
1 21 15
1 21 16
1 21 20
1 21 20
1 21 29
1 21 29
1 21 34
1 21 39
1 21 40
1 21 40
1 21 42
1 21 42
1 21 43
1 21 43
1 21 43
1 21 45
1 21 45
1 21 45
1 22 10
1 22 10
1 22 10
1 22 12
1 22 15
1 22 19
1 22 19
1 22 19
1 22 20
1 22 21
1 22 21
1 22 21
1 22 24
1 22 24
1 22 24
1 22 26
1 22 33
1 22 33
1 22 33
1 22 34
1 22 34
1 22 34
1 22 35
1 22 35
1 22 36
1 22 38
1 22 39
1 22 39
1 22 39
1 22 40
1 22 40
1 22 40
1 22 42
1 22 42
1 22 49
1 22 49
1 23 3
1 23 3
1 23 3
1 23 6
1 23 11
1 23 11
1 23 13
1 23 13
1 23 14
1 23 14
1 23 15
1 23 16
1 23 17
1 23 17
1 23 18
1 23 18
1 23 18
1 23 20
1 23 20
1 23 20
1 23 24
1 23 24
1 23 25
1 23 25
1 23 26
1 23 33
1 23 33
1 23 33
1 23 43
1 23 43
1 23 43
1 23 49
1 24 1
1 24 1
1 24 1
1 24 6
1 24 9
1 24 9
1 24 11
1 24 17
1 24 24
1 24 24
1 24 25
1 24 28
1 24 30
1 24 30
1 24 35
1 24 35
1 24 35
1 24 39
1 24 41
1 24 41
1 24 42
1 24 42
1 24 47
1 24 47
1 25 1
1 25 1
1 25 2
1 25 8
1 25 8
1 25 13
1 25 15
1 25 15
1 25 17
1 25 17
1 25 18
1 25 18
1 25 18
1 25 20
1 25 26
1 25 27
1 25 30
1 25 30
1 25 30
1 25 34
1 25 34
1 25 34
1 25 36
1 25 37
1 25 37
1 25 37
1 25 39
1 25 39
1 25 47
1 25 47
1 26 2
1 26 2
1 26 2
1 26 8
1 26 11
1 26 11
1 26 11
1 26 12
1 26 15
1 26 15
1 26 16
1 26 16
1 26 29
1 26 29
1 26 29
1 26 30
1 26 30
1 26 30
1 26 32
1 26 32
1 26 32
1 26 37
1 26 37
1 26 42
1 26 42
1 26 42
1 26 44
1 26 44
1 26 44
1 26 47
1 26 49
1 26 49
1 27 0
1 27 4
1 27 4
1 27 8
1 27 8
1 27 8
1 27 10
1 27 10
1 27 10
1 27 11
1 27 11
1 27 13
1 27 13
1 27 15
1 27 17
1 27 17
1 27 17
1 27 18
1 27 22
1 27 22
1 27 24
1 27 24
1 27 27
1 27 27
1 27 27
1 27 29
1 27 29
1 27 30
1 27 34
1 27 35
1 27 35
1 27 35
1 27 39
1 27 44
1 27 44
1 27 44
1 28 2
1 28 2
1 28 4
1 28 4
1 28 8
1 28 8
1 28 13
1 28 15
1 28 22
1 28 22
1 28 26
1 28 32
1 28 34
1 28 34
1 28 34
1 28 35
1 28 37
1 28 41
1 28 41
1 28 41
1 28 43
1 28 44
1 28 44
1 28 44
1 28 47
1 28 47
1 28 47
1 28 49
1 29 0
1 29 2
1 29 2
1 29 5
1 29 6
1 29 8
1 29 8
1 29 11
1 29 11
1 29 11
1 29 12
1 29 12
1 29 14
1 29 21
1 29 23
1 29 23
1 29 23
1 29 26
1 29 26
1 29 27
1 29 27
1 29 30
1 29 30
1 29 36
1 29 36
1 29 37
1 29 37
1 29 37
1 29 40
1 29 40
1 29 42
1 29 44
1 29 45
1 29 45
1 29 45
1 30 7
1 30 7
1 30 7
1 30 9
1 30 9
1 30 10
1 30 10
1 30 11
1 30 11
1 30 11
1 30 12
1 30 12
1 30 13
1 30 13
1 30 13
1 30 14
1 30 14
1 30 16
1 30 16
1 30 17
1 30 17
1 30 18
1 30 18
1 30 22
1 30 22
1 30 22
1 30 32
1 30 39
1 30 40
1 30 40
1 30 43
1 31 1
1 31 1
1 31 4
1 31 4
1 31 6
1 31 6
1 31 6
1 31 7
1 31 10
1 31 18
1 31 19
1 31 19
1 31 31
1 31 31
1 31 34
1 31 34
1 31 35
1 31 35
1 31 47
1 31 48
1 31 48
1 31 49
1 32 1
1 32 1
1 32 5
1 32 5
1 32 7
1 32 7
1 32 8
1 32 8
1 32 9
1 32 9
1 32 9
1 32 12
1 32 12
1 32 12
1 32 13
1 32 13
1 32 14
1 32 14
1 32 16
1 32 16
1 32 18
1 32 18
1 32 18
1 32 19
1 32 19
1 32 19
1 32 20
1 32 23
1 32 23
1 32 24
1 32 24
1 32 35
1 32 35
1 32 36
1 32 36
1 32 40
1 32 40
1 32 40
1 32 42
1 32 42
1 32 45
1 32 47
1 32 47
1 32 47
1 32 49
1 32 49
1 33 0
1 33 0
1 33 1
1 33 5
1 33 5
1 33 5
1 33 11
1 33 11
1 33 22
1 33 22
1 33 23
1 33 23
1 33 24
1 33 25
1 33 25
1 33 30
1 33 30
1 33 30
1 33 40
1 33 41
1 33 41
1 33 45
1 33 45
1 33 46
1 33 47
1 33 47
1 34 7
1 34 7
1 34 8
1 34 13
1 34 13
1 34 14
1 34 15
1 34 15
1 34 18
1 34 18
1 34 19
1 34 19
1 34 19
1 34 27
1 34 27
1 34 29
1 34 29
1 34 29
1 34 30
1 34 31
1 34 39
1 34 39
1 34 41
1 34 41
1 34 41
1 34 42
1 34 43
1 34 44
1 34 44
1 34 45
1 34 45
1 35 0
1 35 0
1 35 0
1 35 11
1 35 11
1 35 11
1 35 16
1 35 16
1 35 16
1 35 18
1 35 22
1 35 23
1 35 23
1 35 23
1 35 26
1 35 27
1 35 28
1 35 31
1 35 31
1 35 33
1 35 33
1 35 33
1 35 34
1 35 34
1 35 37
1 35 39
1 35 39
1 35 40
1 35 42
1 35 45
1 35 46
1 35 46
1 35 46
1 35 49
1 35 49
1 35 49
1 36 4
1 36 4
1 36 4
1 36 5
1 36 6
1 36 6
1 36 6
1 36 7
1 36 7
1 36 12
1 36 12
1 36 12
1 36 14
1 36 14
1 36 14
1 36 17
1 36 17
1 36 17
1 36 18
1 36 18
1 36 21
1 36 21
1 36 21
1 36 24
1 36 24
1 36 26
1 36 31
1 36 31
1 36 32
1 36 32
1 36 32
1 36 34
1 36 34
1 36 40
1 36 40
1 36 40
1 37 1
1 37 1
1 37 8
1 37 8
1 37 9
1 37 9
1 37 13
1 37 14
1 37 14
1 37 15
1 37 15
1 37 15
1 37 18
1 37 21
1 37 21
1 37 23
1 37 23
1 37 23
1 37 24
1 37 24
1 37 28
1 37 28
1 37 28
1 37 31
1 37 31
1 37 43
1 37 43
1 37 45
1 37 45
1 37 45
1 37 47
1 37 47
1 37 48
1 37 48
1 38 1
1 38 1
1 38 1
1 38 4
1 38 5
1 38 5
1 38 6
1 38 8
1 38 8
1 38 8
1 38 12
1 38 12
1 38 13
1 38 19
1 38 22
1 38 23
1 38 23
1 38 23
1 38 24
1 38 24
1 38 24
1 38 28
1 38 28
1 38 28
1 38 29
1 38 30
1 38 30
1 38 30
1 38 34
1 38 34
1 38 34
1 38 37
1 38 39
1 38 39
1 38 39
1 38 41
1 38 41
1 38 41
1 39 13
1 39 16
1 39 16
1 39 20
1 39 22
1 39 22
1 39 23
1 39 23
1 39 23
1 39 26
1 39 26
1 39 26
1 39 28
1 39 34
1 39 34
1 39 35
1 39 35
1 39 37
1 39 38
1 39 38
1 39 38
1 39 41
1 40 0
1 40 2
1 40 9
1 40 15
1 40 18
1 40 18
1 40 18
1 40 21
1 40 21
1 40 21
1 40 23
1 40 23
1 40 28
1 40 28
1 40 28
1 40 30
1 40 33
1 40 33
1 40 33
1 40 34
1 40 34
1 40 34
1 40 35
1 40 46
1 40 46
1 40 46
1 40 47
1 40 47
1 41 0
1 41 1
1 41 2
1 41 6
1 41 6
1 41 6
1 41 11
1 41 11
1 41 11
1 41 12
1 41 12
1 41 12
1 41 16
1 41 18
1 41 18
1 41 19
1 41 22
1 41 22
1 41 22
1 41 24
1 41 24
1 41 24
1 41 25
1 41 25
1 41 25
1 41 27
1 41 27
1 41 28
1 41 28
1 41 29
1 41 29
1 41 30
1 41 30
1 41 30
1 41 31
1 41 32
1 41 32
1 41 34
1 41 37
1 41 37
1 41 37
1 41 38
1 41 41
1 41 41
1 41 42
1 41 47
1 42 0
1 42 0
1 42 0
1 42 2
1 42 2
1 42 4
1 42 4
1 42 4
1 42 10
1 42 11
1 42 11
1 42 17
1 42 17
1 42 17
1 42 18
1 42 18
1 42 21
1 42 21
1 42 21
1 42 23
1 42 24
1 42 25
1 42 25
1 42 25
1 42 26
1 42 26
1 42 34
1 42 36
1 42 36
1 42 36
1 42 40
1 42 40
1 42 40
1 42 43
1 42 43
1 42 43
1 42 44
1 42 44
1 42 45
1 42 46
1 42 46
1 42 46
1 43 8
1 43 8
1 43 9
1 43 13
1 43 13
1 43 18
1 43 22
1 43 22
1 43 22
1 43 23
1 43 23
1 43 23
1 43 28
1 43 44
1 43 44
1 43 46
1 44 4
1 44 7
1 44 8
1 44 8
1 44 8
1 44 10
1 44 10
1 44 12
1 44 15
1 44 15
1 44 15
1 44 16
1 44 19
1 44 19
1 44 19
1 44 20
1 44 20
1 44 21
1 44 21
1 44 22
1 44 22
1 44 22
1 44 24
1 44 25
1 44 32
1 44 32
1 44 39
1 44 40
1 44 44
1 44 45
1 44 46
1 44 46
1 44 46
1 44 48
1 44 48
1 44 49
1 44 49
1 45 2
1 45 4
1 45 4
1 45 6
1 45 11
1 45 17
1 45 18
1 45 18
1 45 18
1 45 20
1 45 20
1 45 20
1 45 22
1 45 26
1 45 26
1 45 28
1 45 28
1 45 31
1 45 31
1 45 32
1 45 32
1 45 32
1 45 33
1 45 33
1 45 34
1 45 35
1 45 35
1 45 35
1 45 38
1 45 38
1 45 38
1 45 39
1 45 39
1 45 39
1 45 41
1 45 42
1 45 43
1 45 43
1 45 43
1 45 45
1 45 48
1 45 48
1 45 48
1 46 0
1 46 1
1 46 8
1 46 11
1 46 11
1 46 13
1 46 13
1 46 20
1 46 20
1 46 20
1 46 32
1 46 32
1 46 32
1 46 34
1 46 34
1 46 41
1 46 41
1 46 42
1 46 47
1 47 4
1 47 4
1 47 4
1 47 9
1 47 9
1 47 9
1 47 10
1 47 10
1 47 13
1 47 14
1 47 17
1 47 17
1 47 19
1 47 19
1 47 19
1 47 28
1 47 28
1 47 28
1 47 30
1 47 30
1 47 33
1 47 36
1 47 36
1 47 37
1 47 37
1 47 37
1 47 39
1 47 41
1 47 41
1 47 45
1 47 45
1 47 45
1 47 49
1 47 49
1 47 49
1 48 0
1 48 3
1 48 3
1 48 4
1 48 7
1 48 7
1 48 7
1 48 8
1 48 8
1 48 11
1 48 12
1 48 12
1 48 12
1 48 14
1 48 15
1 48 16
1 48 16
1 48 16
1 48 18
1 48 18
1 48 18
1 48 19
1 48 19
1 48 19
1 48 20
1 48 21
1 48 21
1 48 21
1 48 25
1 48 25
1 48 27
1 48 27
1 48 27
1 48 29
1 48 29
1 48 31
1 48 31
1 48 31
1 48 37
1 48 40
1 48 40
1 48 42
1 49 1
1 49 2
1 49 2
1 49 2
1 49 3
1 49 3
1 49 3
1 49 4
1 49 4
1 49 7
1 49 7
1 49 7
1 49 8
1 49 8
1 49 9
1 49 9
1 49 9
1 49 10
1 49 10
1 49 10
1 49 13
1 49 13
1 49 13
1 49 14
1 49 16
1 49 16
1 49 16
1 49 17
1 49 17
1 49 19
1 49 19
1 49 19
1 49 21
1 49 21
1 49 24
1 49 26
1 49 26
1 49 28
1 49 28
1 49 28
1 49 30
1 49 30
1 49 32
1 49 33
1 49 33
1 49 33
1 49 34
1 49 35
1 49 35
1 49 35
1 49 37
1 49 39
1 49 42
1 49 42
1 49 48
1 49 48
1 49 48
1 49 49
1 49 49
2 0 1
2 0 35
2 0 44
2 1 12
2 1 19
2 1 23
2 1 47
2 2 41
2 3 12
2 3 33
2 4 0
2 5 23
2 6 37
2 7 47
2 10 23
2 10 38
2 12 0
2 12 15
2 13 14
2 13 29
2 13 39
2 14 33
2 15 4
2 15 43
2 16 9
2 16 48
2 17 0
2 17 4
2 17 17
2 17 46
2 18 21
2 20 9
2 20 32
2 21 23
2 24 1
2 24 28
2 24 39
2 24 41
2 24 45
2 25 7
2 25 15
2 26 11
2 27 0
2 27 21
2 27 34
2 29 11
2 29 20
2 30 4
2 30 7
2 31 1
2 31 34
2 32 23
2 32 30
2 32 40
2 33 3
2 34 13
2 34 48
2 35 3
2 35 26
2 37 13
2 37 23
2 37 43
2 38 0
2 38 19
2 40 44
2 41 11
2 41 16
2 42 8
2 43 31
2 44 4
2 44 39
2 44 48
2 45 0
2 46 8
2 46 13
2 46 46
2 47 39
2 48 3
2 48 7
2 48 42
2 49 32
