1 0 0
1 0 0
1 0 1
1 0 8
1 0 8
1 0 8
1 0 9
1 0 11
1 0 13
1 0 13
1 0 13
1 0 16
1 0 16
1 0 16
1 0 18
1 0 19
1 0 19
1 0 22
1 0 22
1 0 22
1 0 23
1 0 26
1 0 27
1 0 28
1 0 28
1 0 28
1 0 29
1 0 31
1 0 34
1 0 34
1 0 36
1 0 37
1 0 37
1 0 38
1 0 38
1 0 44
1 0 44
1 0 44
1 0 46
1 0 49
1 1 0
1 1 3
1 1 4
1 1 4
1 1 4
1 1 10
1 1 10
1 1 11
1 1 15
1 1 15
1 1 16
1 1 16
1 1 20
1 1 20
1 1 25
1 1 41
1 1 41
1 1 43
1 1 44
1 1 45
1 1 45
1 1 46
1 1 46
1 1 47
1 1 47
1 2 2
1 2 2
1 2 5
1 2 5
1 2 5
1 2 10
1 2 10
1 2 16
1 2 16
1 2 20
1 2 20
1 2 22
1 2 22
1 2 23
1 2 23
1 2 26
1 2 26
1 2 26
1 2 27
1 2 27
1 2 27
1 2 28
1 2 28
1 2 28
1 2 32
1 2 40
1 2 40
1 2 40
1 2 41
1 2 41
1 2 43
1 2 43
1 2 43
1 2 44
1 2 44
1 2 48
1 2 49
1 3 1
1 3 3
1 3 5
1 3 5
1 3 7
1 3 7
1 3 17
1 3 17
1 3 21
1 3 26
1 3 29
1 3 31
1 3 37
1 3 37
1 3 39
1 3 39
1 3 39
1 3 42
1 3 42
1 3 43
1 3 43
1 3 45
1 3 45
1 3 46
1 3 48
1 3 48
1 4 0
1 4 0
1 4 6
1 4 14
1 4 14
1 4 14
1 4 16
1 4 16
1 4 17
1 4 17
1 4 17
1 4 21
1 4 21
1 4 23
1 4 23
1 4 23
1 4 25
1 4 25
1 4 25
1 4 28
1 4 28
1 4 28
1 4 31
1 4 31
1 4 32
1 4 32
1 4 34
1 4 34
1 4 34
1 4 38
1 4 38
1 4 40
1 4 40
1 4 40
1 4 43
1 4 43
1 4 49
1 5 1
1 5 1
1 5 11
1 5 17
1 5 17
1 5 17
1 5 19
1 5 19
1 5 19
1 5 26
1 5 26
1 5 32
1 5 32
1 5 33
1 5 33
1 5 33
1 5 38
1 5 39
1 5 39
1 5 39
1 5 40
1 5 40
1 5 40
1 5 42
1 5 42
1 5 44
1 5 44
1 5 44
1 5 45
1 5 49
1 6 2
1 6 2
1 6 2
1 6 6
1 6 6
1 6 8
1 6 8
1 6 8
1 6 9
1 6 11
1 6 11
1 6 11
1 6 12
1 6 12
1 6 13
1 6 13
1 6 13
1 6 14
1 6 14
1 6 16
1 6 16
1 6 20
1 6 20
1 6 20
1 6 25
1 6 26
1 6 26
1 6 28
1 6 37
1 6 37
1 6 40
1 6 43
1 6 43
1 6 43
1 6 44
1 6 44
1 6 44
1 6 46
1 6 46
1 6 47
1 7 2
1 7 2
1 7 2
1 7 11
1 7 11
1 7 14
1 7 14
1 7 16
1 7 18
1 7 23
1 7 23
1 7 23
1 7 27
1 7 27
1 7 31
1 7 31
1 7 33
1 7 33
1 7 34
1 7 34
1 7 36
1 7 37
1 7 37
1 7 38
1 7 39
1 7 40
1 7 40
1 7 40
1 8 0
1 8 0
1 8 6
1 8 6
1 8 6
1 8 7
1 8 7
1 8 7
1 8 9
1 8 9
1 8 9
1 8 11
1 8 11
1 8 11
1 8 13
1 8 18
1 8 25
1 8 26
1 8 26
1 8 26
1 8 27
1 8 27
1 8 28
1 8 28
1 8 30
1 8 30
1 8 30
1 8 31
1 8 31
1 8 31
1 8 34
1 8 34
1 8 34
1 8 36
1 8 36
1 8 36
1 8 45
1 8 45
1 8 49
1 8 49
1 9 3
1 9 3
1 9 3
1 9 4
1 9 4
1 9 4
1 9 8
1 9 9
1 9 11
1 9 12
1 9 12
1 9 14
1 9 14
1 9 17
1 9 17
1 9 20
1 9 20
1 9 21
1 9 21
1 9 22
1 9 24
1 9 24
1 9 27
1 9 27
1 9 27
1 9 28
1 9 28
1 9 28
1 9 36
1 9 39
1 9 39
1 9 42
1 9 42
1 10 4
1 10 4
1 10 4
1 10 5
1 10 5
1 10 6
1 10 7
1 10 7
1 10 12
1 10 12
1 10 13
1 10 13
1 10 15
1 10 15
1 10 15
1 10 16
1 10 16
1 10 24
1 10 31
1 10 31
1 10 31
1 10 35
1 10 36
1 10 36
1 10 36
1 10 39
1 10 39
1 10 39
1 10 44
1 10 44
1 11 1
1 11 1
1 11 1
1 11 2
1 11 3
1 11 4
1 11 4
1 11 8
1 11 8
1 11 8
1 11 10
1 11 10
1 11 10
1 11 18
1 11 18
1 11 18
1 11 21
1 11 21
1 11 21
1 11 24
1 11 24
1 11 26
1 11 26
1 11 26
1 11 30
1 11 30
1 11 31
1 11 31
1 11 44
1 11 45
1 11 45
1 11 46
1 11 46
1 11 46
1 11 48
1 12 0
1 12 0
1 12 4
1 12 10
1 12 12
1 12 12
1 12 12
1 12 15
1 12 15
1 12 15
1 12 18
1 12 18
1 12 18
1 12 19
1 12 19
1 12 19
1 12 32
1 12 32
1 12 33
1 12 35
1 12 35
1 12 35
1 12 40
1 12 40
1 12 40
1 12 41
1 12 41
1 12 44
1 12 44
1 12 46
1 12 49
1 12 49
1 13 3
1 13 3
1 13 7
1 13 8
1 13 11
1 13 11
1 13 12
1 13 12
1 13 14
1 13 14
1 13 14
1 13 17
1 13 17
1 13 23
1 13 23
1 13 25
1 13 25
1 13 25
1 13 26
1 13 27
1 13 27
1 13 27
1 13 28
1 13 30
1 13 30
1 13 30
1 13 39
1 13 39
1 13 42
1 13 43
1 13 49
1 13 49
1 14 1
1 14 3
1 14 8
1 14 8
1 14 8
1 14 12
1 14 13
1 14 13
1 14 17
1 14 17
1 14 17
1 14 18
1 14 18
1 14 19
1 14 19
1 14 25
1 14 25
1 14 25
1 14 26
1 14 27
1 14 33
1 14 33
1 14 33
1 14 34
1 14 35
1 14 35
1 14 35
1 14 38
1 14 41
1 14 44
1 14 44
1 14 44
1 14 46
1 14 47
1 15 8
1 15 8
1 15 8
1 15 11
1 15 11
1 15 13
1 15 13
1 15 15
1 15 15
1 15 15
1 15 19
1 15 19
1 15 20
1 15 22
1 15 22
1 15 23
1 15 23
1 15 23
1 15 27
1 15 27
1 15 27
1 15 33
1 15 35
1 15 38
1 15 40
1 15 40
1 15 40
1 15 42
1 15 42
1 15 42
1 15 44
1 15 44
1 15 48
1 15 48
1 15 48
1 16 5
1 16 6
1 16 6
1 16 9
1 16 9
1 16 9
1 16 14
1 16 15
1 16 15
1 16 24
1 16 24
1 16 25
1 16 25
1 16 25
1 16 30
1 16 30
1 16 32
1 16 32
1 16 32
1 16 33
1 16 33
1 16 36
1 16 37
1 16 37
1 16 37
1 16 40
1 16 41
1 16 41
1 16 44
1 16 48
1 16 48
1 16 49
1 16 49
1 17 7
1 17 7
1 17 13
1 17 13
1 17 13
1 17 14
1 17 14
1 17 14
1 17 16
1 17 19
1 17 22
1 17 22
1 17 22
1 17 26
1 17 26
1 17 26
1 17 29
1 17 29
1 17 29
1 17 30
1 17 30
1 17 30
1 17 37
1 17 37
1 17 38
1 17 38
1 17 38
1 17 39
1 17 39
1 17 39
1 17 41
1 17 41
1 17 41
1 17 44
1 17 44
1 17 46
1 17 46
1 18 2
1 18 2
1 18 3
1 18 3
1 18 3
1 18 8
1 18 8
1 18 8
1 18 9
1 18 9
1 18 11
1 18 15
1 18 19
1 18 19
1 18 19
1 18 21
1 18 21
1 18 22
1 18 22
1 18 22
1 18 24
1 18 24
1 18 24
1 18 27
1 18 27
1 18 27
1 18 28
1 18 31
1 18 31
1 18 33
1 18 38
1 18 38
1 18 38
1 18 39
1 18 39
1 18 39
1 18 40
1 18 40
1 18 41
1 18 41
1 18 47
1 18 49
1 18 49
1 19 0
1 19 0
1 19 1
1 19 1
1 19 1
1 19 11
1 19 11
1 19 13
1 19 16
1 19 16
1 19 16
1 19 18
1 19 18
1 19 22
1 19 22
1 19 24
1 19 25
1 19 25
1 19 28
1 19 28
1 19 32
1 19 32
1 19 32
1 19 33
1 19 33
1 19 33
1 19 38
1 19 38
1 19 45
1 19 49
1 19 49
1 19 49
1 20 2
1 20 2
1 20 2
1 20 16
1 20 18
1 20 18
1 20 24
1 20 24
1 20 25
1 20 29
1 20 31
1 20 31
1 20 31
1 20 33
1 20 33
1 20 33
1 20 34
1 20 34
1 20 36
1 20 41
1 20 41
1 20 42
1 20 42
1 20 42
1 20 43
1 20 45
1 20 45
1 21 1
1 21 3
1 21 8
1 21 8
1 21 9
1 21 10
1 21 10
1 21 10
1 21 13
1 21 13
1 21 13
1 21 17
1 21 17
1 21 18
1 21 18
1 21 20
1 21 22
1 21 22
1 21 22
1 21 23
1 21 24
1 21 24
1 21 24
1 21 29
1 21 29
1 21 29
1 21 30
1 21 30
1 21 33
1 21 37
1 21 37
1 21 37
1 21 38
1 21 38
1 21 43
1 21 43
1 21 43
1 21 44
1 21 48
1 21 48
1 22 0
1 22 1
1 22 1
1 22 1
1 22 2
1 22 2
1 22 2
1 22 9
1 22 14
1 22 15
1 22 15
1 22 15
1 22 16
1 22 18
1 22 27
1 22 27
1 22 27
1 22 29
1 22 29
1 22 31
1 22 31
1 22 31
1 22 33
1 22 33
1 22 33
1 22 35
1 22 41
1 22 41
1 22 41
1 22 42
1 22 42
1 22 46
1 22 46
1 22 46
1 23 0
1 23 1
1 23 1
1 23 2
1 23 2
1 23 2
1 23 6
1 23 18
1 23 18
1 23 18
1 23 28
1 23 31
1 23 31
1 23 31
1 23 33
1 23 33
1 23 33
1 23 35
1 23 35
1 23 39
1 23 45
1 23 45
1 23 48
1 23 49
1 23 49
1 23 49
1 24 0
1 24 0
1 24 0
1 24 6
1 24 6
1 24 9
1 24 9
1 24 9
1 24 11
1 24 13
1 24 13
1 24 16
1 24 17
1 24 17
1 24 17
1 24 20
1 24 20
1 24 20
1 24 22
1 24 22
1 24 22
1 24 24
1 24 24
1 24 24
1 24 25
1 24 25
1 24 25
1 24 29
1 24 29
1 24 30
1 24 31
1 24 31
1 24 32
1 24 33
1 24 38
1 24 39
1 24 39
1 24 39
1 24 40
1 24 40
1 24 43
1 24 47
1 24 47
1 24 47
1 24 49
1 24 49
1 25 1
1 25 1
1 25 3
1 25 3
1 25 3
1 25 5
1 25 13
1 25 13
1 25 13
1 25 14
1 25 22
1 25 22
1 25 22
1 25 32
1 25 34
1 25 34
1 25 38
1 25 38
1 25 38
1 25 42
1 25 42
1 25 43
1 25 44
1 25 44
1 25 45
1 25 47
1 25 47
1 25 47
1 26 1
1 26 1
1 26 8
1 26 9
1 26 9
1 26 10
1 26 12
1 26 14
1 26 14
1 26 14
1 26 15
1 26 18
1 26 18
1 26 18
1 26 22
1 26 24
1 26 24
1 26 24
1 26 30
1 26 30
1 26 31
1 26 32
1 26 32
1 26 32
1 26 35
1 26 35
1 26 37
1 26 37
1 26 37
1 26 38
1 26 38
1 26 38
1 26 39
1 26 41
1 26 41
1 26 42
1 26 42
1 26 42
1 26 45
1 26 45
1 26 46
1 26 47
1 26 47
1 26 47
1 26 48
1 26 49
1 27 0
1 27 0
1 27 1
1 27 2
1 27 4
1 27 6
1 27 6
1 27 6
1 27 8
1 27 11
1 27 16
1 27 16
1 27 16
1 27 17
1 27 17
1 27 17
1 27 19
1 27 19
1 27 19
1 27 25
1 27 29
1 27 29
1 27 29
1 27 36
1 27 36
1 27 42
1 27 42
1 27 47
1 27 47
1 27 49
1 27 49
1 27 49
1 28 0
1 28 0
1 28 0
1 28 6
1 28 6
1 28 6
1 28 8
1 28 10
1 28 10
1 28 10
1 28 13
1 28 15
1 28 15
1 28 15
1 28 17
1 28 17
1 28 18
1 28 18
1 28 19
1 28 22
1 28 22
1 28 22
1 28 24
1 28 25
1 28 25
1 28 26
1 28 26
1 28 26
1 28 29
1 28 29
1 28 29
1 28 30
1 28 30
1 28 30
1 28 31
1 28 31
1 28 31
1 28 32
1 28 35
1 28 35
1 28 35
1 28 40
1 28 42
1 28 43
1 28 43
1 28 46
1 28 47
1 28 47
1 28 47
1 28 49
1 28 49
1 29 1
1 29 1
1 29 2
1 29 2
1 29 3
1 29 3
1 29 5
1 29 5
1 29 5
1 29 6
1 29 8
1 29 8
1 29 8
1 29 9
1 29 9
1 29 11
1 29 14
1 29 15
1 29 15
1 29 16
1 29 24
1 29 24
1 29 24
1 29 25
1 29 26
1 29 26
1 29 30
1 29 32
1 29 35
1 29 35
1 29 38
1 29 38
1 29 39
1 29 39
1 29 39
1 29 42
1 29 44
1 29 44
1 29 46
1 29 46
1 30 2
1 30 2
1 30 3
1 30 3
1 30 3
1 30 8
1 30 8
1 30 9
1 30 10
1 30 22
1 30 25
1 30 25
1 30 25
1 30 28
1 30 30
1 30 30
1 30 30
1 30 31
1 30 31
1 30 34
1 30 44
1 30 47
1 30 48
1 30 48
1 30 48
1 31 1
1 31 3
1 31 9
1 31 9
1 31 9
1 31 11
1 31 11
1 31 11
1 31 14
1 31 14
1 31 15
1 31 24
1 31 24
1 31 29
1 31 30
1 31 30
1 31 33
1 31 33
1 31 33
1 31 35
1 31 35
1 31 35
1 31 38
1 31 38
1 31 40
1 31 45
1 31 45
1 31 46
1 31 46
1 31 46
1 31 49
1 31 49
1 31 49
1 32 0
1 32 0
1 32 0
1 32 3
1 32 3
1 32 3
1 32 7
1 32 7
1 32 7
1 32 9
1 32 14
1 32 14
1 32 23
1 32 23
1 32 23
1 32 34
1 32 34
1 32 35
1 32 35
1 32 37
1 32 37
1 32 37
1 32 44
1 32 44
1 32 44
1 32 47
1 33 5
1 33 5
1 33 9
1 33 9
1 33 9
1 33 11
1 33 11
1 33 11
1 33 12
1 33 12
1 33 15
1 33 18
1 33 18
1 33 18
1 33 19
1 33 19
1 33 29
1 33 30
1 33 30
1 33 30
1 33 34
1 33 34
1 33 39
1 33 39
1 33 42
1 33 42
1 33 42
1 33 44
1 33 44
1 33 47
1 33 47
1 33 47
1 33 49
1 34 3
1 34 3
1 34 3
1 34 8
1 34 8
1 34 8
1 34 13
1 34 13
1 34 13
1 34 15
1 34 15
1 34 15
1 34 16
1 34 16
1 34 16
1 34 17
1 34 17
1 34 17
1 34 18
1 34 23
1 34 24
1 34 29
1 34 29
1 34 30
1 34 30
1 34 30
1 34 33
1 34 33
1 34 33
1 34 37
1 34 40
1 34 42
1 34 43
1 34 49
1 34 49
1 35 1
1 35 1
1 35 1
1 35 4
1 35 4
1 35 4
1 35 5
1 35 5
1 35 10
1 35 10
1 35 14
1 35 14
1 35 17
1 35 17
1 35 17
1 35 18
1 35 18
1 35 18
1 35 22
1 35 25
1 35 25
1 35 25
1 35 28
1 35 28
1 35 29
1 35 29
1 35 29
1 35 30
1 35 32
1 35 35
1 35 35
1 35 35
1 35 37
1 35 37
1 35 38
1 36 1
1 36 2
1 36 3
1 36 3
1 36 4
1 36 4
1 36 4
1 36 10
1 36 11
1 36 11
1 36 11
1 36 12
1 36 12
1 36 12
1 36 17
1 36 17
1 36 17
1 36 18
1 36 18
1 36 19
1 36 19
1 36 19
1 36 31
1 36 31
1 36 31
1 36 34
1 36 35
1 36 35
1 36 46
1 36 46
1 36 46
1 37 3
1 37 3
1 37 6
1 37 6
1 37 6
1 37 7
1 37 7
1 37 7
1 37 8
1 37 9
1 37 9
1 37 9
1 37 10
1 37 10
1 37 11
1 37 13
1 37 14
1 37 15
1 37 15
1 37 20
1 37 22
1 37 22
1 37 23
1 37 23
1 37 23
1 37 24
1 37 25
1 37 25
1 37 31
1 37 32
1 37 45
1 37 45
1 37 45
1 37 47
1 37 47
1 38 5
1 38 6
1 38 8
1 38 10
1 38 13
1 38 13
1 38 13
1 38 16
1 38 16
1 38 16
1 38 25
1 38 35
1 38 35
1 38 36
1 38 36
1 38 37
1 38 37
1 38 37
1 38 38
1 38 38
1 38 38
1 38 41
1 38 43
1 38 43
1 38 43
1 38 44
1 38 46
1 38 47
1 38 48
1 38 49
1 39 1
1 39 2
1 39 13
1 39 13
1 39 13
1 39 15
1 39 17
1 39 17
1 39 17
1 39 21
1 39 27
1 39 37
1 39 37
1 39 45
1 39 45
1 39 46
1 39 46
1 39 46
1 39 47
1 39 47
1 39 47
1 40 2
1 40 2
1 40 5
1 40 5
1 40 5
1 40 8
1 40 9
1 40 13
1 40 13
1 40 13
1 40 15
1 40 19
1 40 22
1 40 22
1 40 29
1 40 30
1 40 32
1 40 35
1 40 38
1 40 38
1 40 39
1 40 40
1 40 40
1 40 42
1 40 42
1 40 42
1 40 44
1 40 44
1 40 44
1 40 47
1 40 47
1 40 48
1 41 2
1 41 2
1 41 3
1 41 3
1 41 6
1 41 6
1 41 6
1 41 7
1 41 7
1 41 20
1 41 23
1 41 25
1 41 25
1 41 25
1 41 28
1 41 28
1 41 28
1 41 30
1 41 30
1 41 33
1 41 33
1 41 37
1 41 37
1 41 41
1 41 41
1 41 41
1 41 43
1 41 43
1 41 45
1 41 46
1 42 2
1 42 2
1 42 2
1 42 4
1 42 4
1 42 4
1 42 5
1 42 5
1 42 11
1 42 11
1 42 14
1 42 14
1 42 14
1 42 19
1 42 19
1 42 23
1 42 24
1 42 24
1 42 26
1 42 26
1 42 31
1 42 31
1 42 31
1 42 32
1 42 32
1 42 32
1 42 33
1 42 33
1 42 33
1 42 35
1 42 40
1 42 42
1 42 42
1 42 42
1 42 45
1 42 45
1 42 47
1 42 47
1 42 47
1 42 49
1 42 49
1 43 0
1 43 0
1 43 0
1 43 2
1 43 2
1 43 2
1 43 3
1 43 3
1 43 6
1 43 10
1 43 10
1 43 10
1 43 14
1 43 21
1 43 21
1 43 22
1 43 22
1 43 22
1 43 23
1 43 23
1 43 34
1 43 38
1 43 38
1 43 38
1 43 40
1 43 40
1 43 40
1 43 44
1 43 44
1 43 44
1 43 45
1 43 45
1 43 49
1 43 49
1 43 49
1 44 3
1 44 3
1 44 5
1 44 5
1 44 13
1 44 13
1 44 14
1 44 14
1 44 15
1 44 15
1 44 15
1 44 17
1 44 17
1 44 21
1 44 25
1 44 26
1 44 26
1 44 26
1 44 29
1 44 30
1 44 30
1 44 30
1 44 33
1 44 35
1 44 36
1 44 36
1 44 40
1 44 40
1 44 41
1 44 41
1 44 41
1 45 5
1 45 5
1 45 7
1 45 7
1 45 7
1 45 9
1 45 9
1 45 21
1 45 21
1 45 22
1 45 23
1 45 23
1 45 23
1 45 27
1 45 27
1 45 27
1 45 29
1 45 29
1 45 36
1 45 37
1 45 37
1 45 41
1 45 41
1 45 41
1 45 45
1 45 47
1 45 47
1 45 48
1 45 48
1 45 48
1 46 0
1 46 0
1 46 0
1 46 2
1 46 2
1 46 2
1 46 3
1 46 21
1 46 21
1 46 23
1 46 30
1 46 30
1 46 30
1 46 32
1 46 34
1 46 34
1 46 34
1 46 43
1 46 43
1 46 43
1 46 44
1 46 45
1 46 46
1 46 46
1 46 47
1 47 1
1 47 1
1 47 7
1 47 7
1 47 7
1 47 8
1 47 8
1 47 12
1 47 16
1 47 24
1 47 24
1 47 25
1 47 25
1 47 27
1 47 27
1 47 31
1 47 33
1 47 33
1 47 33
1 47 34
1 47 35
1 47 35
1 47 38
1 47 38
1 47 39
1 47 39
1 47 41
1 47 41
1 48 0
1 48 0
1 48 1
1 48 1
1 48 2
1 48 4
1 48 4
1 48 4
1 48 5
1 48 5
1 48 9
1 48 9
1 48 9
1 48 15
1 48 16
1 48 16
1 48 19
1 48 19
1 48 19
1 48 25
1 48 25
1 48 26
1 48 26
1 48 26
1 48 28
1 48 29
1 48 30
1 48 31
1 48 32
1 48 32
1 48 32
1 48 35
1 48 35
1 48 35
1 48 36
1 48 36
1 48 39
1 48 39
1 48 41
1 48 41
1 48 41
1 48 42
1 48 45
1 48 45
1 48 45
1 49 1
1 49 1
1 49 4
1 49 4
1 49 4
1 49 5
1 49 5
1 49 5
1 49 6
1 49 6
1 49 8
1 49 8
1 49 8
1 49 13
1 49 13
1 49 14
1 49 14
1 49 15
1 49 15
1 49 23
1 49 23
1 49 31
1 49 31
1 49 38
1 49 38
1 49 38
1 49 40
1 49 43
1 49 43
1 49 44
1 49 44
1 49 46
2 0 16
2 0 18
2 0 26
2 0 41
2 1 3
2 1 10
2 2 48
2 3 14
2 3 31
2 5 37
2 5 44
2 6 30
2 6 46
2 8 21
2 8 25
2 9 44
2 12 40
2 13 3
2 13 7
2 13 11
2 13 17
2 13 25
2 15 22
2 15 30
2 15 48
2 18 2
2 18 11
2 18 33
2 20 20
2 20 29
2 20 41
2 21 8
2 21 48
2 22 0
2 22 14
2 22 39
2 23 43
2 24 8
2 24 13
2 24 27
2 27 4
2 27 16
2 28 12
2 28 22
2 28 24
2 29 1
2 30 12
2 31 14
2 32 34
2 32 42
2 32 47
2 33 18
2 33 29
2 34 39
2 35 1
2 35 35
2 37 6
2 37 13
2 38 35
2 39 1
2 39 23
2 39 29
2 39 40
2 40 32
2 42 14
2 42 40
2 44 35
2 45 7
2 46 42
2 47 1
2 47 38
2 48 4
2 48 15
2 48 28
