1 0 0
1 0 0
1 0 0
1 0 4
1 0 4
1 0 4
1 0 5
1 0 8
1 0 8
1 0 11
1 0 11
1 0 11
1 0 13
1 0 13
1 0 13
1 0 15
1 0 18
1 0 27
1 0 27
1 0 35
1 0 35
1 0 36
1 0 36
1 0 40
1 0 40
1 0 40
1 0 42
1 0 42
1 0 42
1 1 1
1 1 1
1 1 2
1 1 6
1 1 6
1 1 6
1 1 7
1 1 15
1 1 20
1 1 20
1 1 20
1 1 21
1 1 21
1 1 21
1 1 23
1 1 24
1 1 24
1 1 28
1 1 29
1 1 29
1 1 31
1 1 31
1 1 31
1 1 38
1 1 40
1 1 40
1 1 47
1 1 48
1 2 3
1 2 3
1 2 3
1 2 5
1 2 5
1 2 5
1 2 9
1 2 9
1 2 17
1 2 17
1 2 18
1 2 18
1 2 18
1 2 20
1 2 22
1 2 22
1 2 22
1 2 23
1 2 23
1 2 23
1 2 24
1 2 24
1 2 24
1 2 26
1 2 26
1 2 30
1 2 30
1 2 30
1 2 35
1 2 36
1 2 37
1 2 37
1 2 37
1 2 44
1 2 44
1 2 49
1 3 0
1 3 0
1 3 0
1 3 4
1 3 11
1 3 11
1 3 11
1 3 14
1 3 15
1 3 16
1 3 17
1 3 17
1 3 18
1 3 18
1 3 25
1 3 25
1 3 25
1 3 27
1 3 27
1 3 27
1 3 30
1 3 30
1 3 30
1 3 32
1 3 32
1 3 32
1 3 34
1 3 34
1 3 34
1 3 39
1 3 39
1 3 41
1 3 42
1 3 42
1 3 43
1 3 43
1 3 44
1 3 46
1 3 46
1 3 46
1 3 48
1 4 0
1 4 5
1 4 5
1 4 11
1 4 15
1 4 15
1 4 15
1 4 16
1 4 17
1 4 18
1 4 18
1 4 19
1 4 19
1 4 24
1 4 25
1 4 25
1 4 25
1 4 27
1 4 27
1 4 32
1 4 32
1 4 34
1 4 34
1 4 36
1 4 36
1 4 37
1 4 38
1 4 47
1 4 48
1 4 48
1 5 0
1 5 2
1 5 2
1 5 7
1 5 7
1 5 8
1 5 14
1 5 16
1 5 16
1 5 22
1 5 25
1 5 25
1 5 25
1 5 29
1 5 29
1 5 38
1 5 39
1 5 39
1 5 39
1 5 43
1 5 47
1 5 49
1 6 4
1 6 11
1 6 18
1 6 18
1 6 18
1 6 22
1 6 22
1 6 22
1 6 27
1 6 29
1 6 29
1 6 33
1 6 33
1 6 38
1 6 38
1 6 38
1 6 40
1 6 41
1 6 41
1 6 41
1 6 43
1 6 43
1 6 46
1 6 49
1 6 49
1 7 2
1 7 2
1 7 2
1 7 11
1 7 15
1 7 15
1 7 15
1 7 16
1 7 16
1 7 16
1 7 18
1 7 18
1 7 18
1 7 25
1 7 26
1 7 27
1 7 31
1 7 31
1 7 33
1 7 34
1 7 34
1 7 35
1 7 39
1 7 39
1 7 41
1 7 41
1 7 44
1 7 44
1 7 45
1 8 9
1 8 9
1 8 9
1 8 13
1 8 13
1 8 15
1 8 15
1 8 15
1 8 23
1 8 23
1 8 23
1 8 25
1 8 25
1 8 25
1 8 26
1 8 27
1 8 27
1 8 32
1 8 32
1 8 32
1 8 37
1 8 37
1 8 37
1 8 38
1 8 38
1 8 40
1 8 48
1 8 48
1 8 49
1 8 49
1 8 49
1 9 5
1 9 5
1 9 5
1 9 6
1 9 11
1 9 11
1 9 15
1 9 16
1 9 16
1 9 16
1 9 19
1 9 19
1 9 19
1 9 20
1 9 20
1 9 20
1 9 22
1 9 22
1 9 24
1 9 25
1 9 25
1 9 26
1 9 26
1 9 26
1 9 30
1 9 32
1 9 32
1 9 32
1 9 33
1 9 33
1 9 35
1 9 42
1 9 47
1 9 47
1 9 48
1 9 48
1 9 48
1 10 0
1 10 4
1 10 4
1 10 4
1 10 10
1 10 12
1 10 15
1 10 16
1 10 19
1 10 19
1 10 19
1 10 23
1 10 23
1 10 25
1 10 25
1 10 25
1 10 26
1 10 29
1 10 31
1 10 33
1 10 33
1 10 36
1 10 36
1 10 36
1 10 41
1 10 41
1 10 44
1 10 44
1 10 44
1 10 45
1 10 45
1 10 46
1 10 48
1 10 48
1 11 6
1 11 7
1 11 10
1 11 11
1 11 11
1 11 11
1 11 14
1 11 14
1 11 14
1 11 15
1 11 15
1 11 15
1 11 17
1 11 17
1 11 19
1 11 19
1 11 20
1 11 21
1 11 21
1 11 22
1 11 22
1 11 23
1 11 23
1 11 24
1 11 24
1 11 27
1 11 28
1 11 28
1 11 30
1 11 30
1 11 30
1 11 33
1 11 33
1 11 33
1 11 43
1 11 45
1 12 0
1 12 1
1 12 3
1 12 3
1 12 3
1 12 7
1 12 7
1 12 10
1 12 13
1 12 13
1 12 13
1 12 15
1 12 15
1 12 16
1 12 17
1 12 17
1 12 17
1 12 22
1 12 22
1 12 22
1 12 23
1 12 23
1 12 23
1 12 27
1 12 27
1 12 33
1 12 33
1 12 34
1 12 39
1 12 42
1 12 43
1 12 45
1 12 49
1 13 5
1 13 5
1 13 5
1 13 13
1 13 13
1 13 19
1 13 19
1 13 20
1 13 21
1 13 21
1 13 21
1 13 23
1 13 23
1 13 23
1 13 30
1 13 30
1 13 30
1 13 33
1 13 33
1 13 35
1 13 35
1 13 35
1 13 36
1 13 37
1 13 45
1 13 49
1 13 49
1 13 49
1 14 6
1 14 6
1 14 11
1 14 11
1 14 13
1 14 13
1 14 14
1 14 15
1 14 19
1 14 21
1 14 22
1 14 22
1 14 22
1 14 26
1 14 26
1 14 29
1 14 31
1 14 31
1 14 33
1 14 34
1 14 34
1 14 34
1 14 35
1 14 35
1 14 35
1 14 38
1 14 38
1 14 40
1 14 40
1 14 40
1 15 2
1 15 2
1 15 2
1 15 3
1 15 7
1 15 7
1 15 10
1 15 10
1 15 12
1 15 12
1 15 12
1 15 15
1 15 15
1 15 15
1 15 16
1 15 16
1 15 17
1 15 17
1 15 18
1 15 19
1 15 19
1 15 19
1 15 20
1 15 20
1 15 20
1 15 21
1 15 21
1 15 34
1 15 34
1 15 34
1 15 39
1 15 43
1 15 43
1 15 44
1 15 49
1 15 49
1 15 49
1 16 1
1 16 1
1 16 1
1 16 2
1 16 2
1 16 2
1 16 5
1 16 5
1 16 6
1 16 6
1 16 6
1 16 7
1 16 7
1 16 7
1 16 9
1 16 12
1 16 12
1 16 12
1 16 14
1 16 14
1 16 15
1 16 16
1 16 16
1 16 17
1 16 20
1 16 20
1 16 24
1 16 30
1 16 30
1 16 30
1 16 39
1 16 39
1 16 40
1 16 40
1 16 44
1 16 44
1 17 0
1 17 0
1 17 0
1 17 1
1 17 2
1 17 2
1 17 7
1 17 7
1 17 7
1 17 12
1 17 13
1 17 13
1 17 13
1 17 17
1 17 24
1 17 24
1 17 26
1 17 26
1 17 26
1 17 29
1 17 29
1 17 29
1 17 30
1 17 30
1 17 30
1 17 31
1 17 31
1 17 35
1 17 35
1 17 37
1 17 39
1 17 42
1 17 44
1 17 44
1 17 44
1 17 45
1 18 0
1 18 0
1 18 0
1 18 11
1 18 11
1 18 11
1 18 16
1 18 16
1 18 16
1 18 18
1 18 18
1 18 18
1 18 21
1 18 21
1 18 21
1 18 23
1 18 23
1 18 23
1 18 25
1 18 25
1 18 25
1 18 29
1 18 29
1 18 30
1 18 36
1 18 36
1 18 36
1 18 37
1 18 37
1 18 37
1 18 38
1 18 38
1 18 38
1 18 41
1 18 43
1 18 47
1 18 47
1 18 49
1 18 49
1 19 1
1 19 4
1 19 4
1 19 5
1 19 5
1 19 5
1 19 6
1 19 6
1 19 6
1 19 11
1 19 11
1 19 14
1 19 14
1 19 14
1 19 15
1 19 15
1 19 15
1 19 23
1 19 23
1 19 34
1 19 34
1 19 38
1 19 43
1 19 43
1 19 43
1 19 46
1 19 46
1 19 46
1 19 49
1 20 0
1 20 0
1 20 2
1 20 2
1 20 2
1 20 3
1 20 3
1 20 5
1 20 10
1 20 10
1 20 11
1 20 11
1 20 11
1 20 13
1 20 13
1 20 20
1 20 20
1 20 20
1 20 23
1 20 25
1 20 25
1 20 27
1 20 27
1 20 29
1 20 29
1 20 32
1 20 32
1 20 35
1 20 37
1 20 39
1 20 39
1 20 42
1 20 42
1 20 43
1 20 43
1 20 43
1 20 44
1 20 44
1 20 46
1 20 46
1 20 46
1 20 47
1 20 47
1 21 2
1 21 2
1 21 6
1 21 6
1 21 7
1 21 7
1 21 11
1 21 11
1 21 13
1 21 15
1 21 16
1 21 16
1 21 24
1 21 27
1 21 27
1 21 27
1 21 29
1 21 32
1 21 37
1 21 37
1 21 37
1 21 40
1 21 41
1 21 42
1 21 42
1 21 49
1 21 49
1 21 49
1 22 0
1 22 0
1 22 0
1 22 1
1 22 3
1 22 3
1 22 3
1 22 10
1 22 10
1 22 11
1 22 18
1 22 20
1 22 20
1 22 24
1 22 24
1 22 24
1 22 25
1 22 25
1 22 25
1 22 28
1 22 28
1 22 28
1 22 31
1 22 31
1 22 32
1 22 32
1 22 32
1 22 34
1 22 34
1 22 34
1 22 35
1 22 35
1 22 37
1 22 37
1 22 38
1 22 38
1 22 38
1 22 40
1 22 40
1 22 40
1 22 41
1 22 41
1 22 41
1 22 44
1 22 44
1 23 2
1 23 2
1 23 6
1 23 6
1 23 6
1 23 10
1 23 10
1 23 12
1 23 12
1 23 13
1 23 13
1 23 13
1 23 14
1 23 14
1 23 14
1 23 16
1 23 16
1 23 16
1 23 17
1 23 17
1 23 17
1 23 18
1 23 19
1 23 21
1 23 21
1 23 22
1 23 22
1 23 22
1 23 27
1 23 27
1 23 28
1 23 28
1 23 30
1 23 30
1 23 30
1 23 31
1 23 31
1 23 35
1 23 36
1 23 36
1 23 38
1 23 38
1 23 39
1 23 39
1 23 44
1 23 44
1 23 44
1 23 47
1 23 48
1 23 48
1 23 48
1 24 0
1 24 0
1 24 0
1 24 4
1 24 6
1 24 6
1 24 6
1 24 8
1 24 8
1 24 9
1 24 9
1 24 13
1 24 15
1 24 15
1 24 16
1 24 16
1 24 16
1 24 19
1 24 19
1 24 19
1 24 20
1 24 25
1 24 27
1 24 32
1 24 32
1 24 32
1 24 36
1 24 36
1 24 39
1 24 39
1 24 39
1 24 40
1 24 41
1 24 41
1 24 41
1 24 42
1 24 42
1 24 43
1 24 43
1 24 44
1 24 45
1 24 45
1 24 45
1 24 46
1 24 46
1 24 49
1 25 6
1 25 7
1 25 9
1 25 9
1 25 9
1 25 10
1 25 13
1 25 13
1 25 14
1 25 14
1 25 15
1 25 15
1 25 21
1 25 22
1 25 22
1 25 24
1 25 24
1 25 34
1 25 34
1 25 34
1 25 35
1 25 35
1 25 35
1 25 36
1 25 36
1 25 37
1 25 37
1 25 37
1 25 38
1 25 38
1 25 42
1 25 42
1 25 42
1 25 43
1 25 46
1 25 49
1 25 49
1 26 2
1 26 2
1 26 4
1 26 4
1 26 4
1 26 6
1 26 6
1 26 6
1 26 8
1 26 9
1 26 9
1 26 11
1 26 11
1 26 11
1 26 12
1 26 14
1 26 15
1 26 15
1 26 15
1 26 17
1 26 17
1 26 17
1 26 19
1 26 19
1 26 19
1 26 26
1 26 30
1 26 31
1 26 31
1 26 31
1 26 32
1 26 33
1 26 33
1 26 33
1 26 38
1 26 40
1 26 40
1 26 42
1 26 42
1 26 45
1 26 48
1 26 49
1 27 2
1 27 2
1 27 2
1 27 6
1 27 13
1 27 13
1 27 13
1 27 18
1 27 21
1 27 21
1 27 22
1 27 22
1 27 22
1 27 23
1 27 23
1 27 30
1 27 30
1 27 31
1 27 32
1 27 32
1 27 32
1 27 35
1 27 35
1 27 36
1 27 38
1 27 38
1 27 42
1 27 42
1 27 42
1 27 44
1 27 44
1 27 44
1 27 45
1 27 45
1 27 46
1 27 46
1 27 49
1 27 49
1 28 1
1 28 1
1 28 3
1 28 3
1 28 5
1 28 5
1 28 5
1 28 8
1 28 9
1 28 9
1 28 9
1 28 12
1 28 12
1 28 12
1 28 13
1 28 13
1 28 13
1 28 16
1 28 16
1 28 16
1 28 17
1 28 27
1 28 27
1 28 27
1 28 30
1 28 30
1 28 30
1 28 31
1 28 31
1 28 36
1 28 36
1 28 39
1 28 39
1 28 41
1 28 41
1 28 47
1 28 47
1 28 47
1 28 48
1 28 48
1 28 48
1 29 6
1 29 6
1 29 7
1 29 10
1 29 12
1 29 15
1 29 15
1 29 18
1 29 18
1 29 25
1 29 29
1 29 31
1 29 32
1 29 35
1 29 35
1 29 35
1 29 38
1 29 41
1 29 42
1 29 42
1 29 43
1 29 43
1 29 43
1 29 46
1 29 46
1 29 46
1 29 48
1 29 48
1 30 1
1 30 1
1 30 6
1 30 6
1 30 6
1 30 8
1 30 8
1 30 12
1 30 12
1 30 12
1 30 14
1 30 14
1 30 14
1 30 15
1 30 16
1 30 16
1 30 17
1 30 18
1 30 21
1 30 21
1 30 21
1 30 22
1 30 22
1 30 26
1 30 26
1 30 28
1 30 28
1 30 33
1 30 35
1 30 38
1 30 39
1 30 40
1 30 40
1 30 41
1 30 41
1 30 45
1 30 45
1 30 46
1 30 48
1 30 48
1 30 49
1 31 1
1 31 1
1 31 3
1 31 5
1 31 8
1 31 8
1 31 10
1 31 13
1 31 13
1 31 13
1 31 17
1 31 17
1 31 17
1 31 18
1 31 18
1 31 18
1 31 27
1 31 31
1 31 31
1 31 31
1 31 33
1 31 33
1 31 34
1 31 34
1 31 34
1 31 38
1 31 38
1 31 38
1 31 39
1 31 39
1 31 43
1 31 43
1 32 1
1 32 1
1 32 7
1 32 7
1 32 9
1 32 14
1 32 14
1 32 14
1 32 16
1 32 16
1 32 17
1 32 17
1 32 17
1 32 18
1 32 18
1 32 19
1 32 19
1 32 20
1 32 20
1 32 21
1 32 23
1 32 23
1 32 23
1 32 31
1 32 35
1 32 37
1 32 38
1 32 39
1 32 39
1 32 39
1 32 46
1 32 49
1 32 49
1 33 17
1 33 18
1 33 19
1 33 25
1 33 25
1 33 25
1 33 26
1 33 28
1 33 31
1 33 31
1 33 31
1 33 32
1 33 33
1 33 33
1 33 37
1 33 37
1 33 37
1 33 38
1 33 38
1 33 44
1 33 46
1 33 46
1 33 46
1 33 47
1 33 47
1 33 47
1 33 48
1 33 49
1 33 49
1 34 3
1 34 4
1 34 9
1 34 9
1 34 11
1 34 11
1 34 11
1 34 18
1 34 18
1 34 18
1 34 19
1 34 20
1 34 21
1 34 22
1 34 22
1 34 22
1 34 25
1 34 25
1 34 44
1 34 45
1 34 46
1 34 46
1 34 46
1 34 47
1 34 47
1 35 0
1 35 2
1 35 2
1 35 2
1 35 8
1 35 8
1 35 14
1 35 14
1 35 14
1 35 17
1 35 17
1 35 17
1 35 18
1 35 18
1 35 21
1 35 21
1 35 24
1 35 24
1 35 27
1 35 27
1 35 28
1 35 28
1 35 28
1 35 32
1 35 32
1 35 38
1 35 38
1 35 39
1 35 40
1 35 40
1 35 40
1 35 42
1 35 45
1 35 45
1 35 46
1 35 46
1 35 46
1 36 0
1 36 0
1 36 0
1 36 2
1 36 2
1 36 2
1 36 3
1 36 3
1 36 5
1 36 6
1 36 7
1 36 10
1 36 11
1 36 16
1 36 16
1 36 16
1 36 19
1 36 21
1 36 21
1 36 21
1 36 22
1 36 22
1 36 24
1 36 24
1 36 24
1 36 27
1 36 27
1 36 28
1 36 28
1 36 32
1 36 32
1 36 32
1 36 33
1 36 33
1 36 35
1 36 35
1 36 36
1 36 41
1 36 45
1 36 49
1 36 49
1 36 49
1 37 1
1 37 5
1 37 5
1 37 6
1 37 8
1 37 8
1 37 8
1 37 12
1 37 16
1 37 17
1 37 17
1 37 17
1 37 22
1 37 22
1 37 26
1 37 26
1 37 29
1 37 32
1 37 32
1 37 34
1 37 34
1 37 34
1 37 35
1 37 36
1 37 37
1 37 42
1 37 42
1 37 42
1 37 48
1 37 49
1 37 49
1 37 49
1 38 1
1 38 8
1 38 8
1 38 18
1 38 18
1 38 20
1 38 20
1 38 21
1 38 21
1 38 22
1 38 23
1 38 26
1 38 26
1 38 28
1 38 28
1 38 29
1 38 29
1 38 29
1 38 35
1 38 38
1 38 38
1 38 40
1 38 40
1 38 41
1 38 41
1 38 41
1 38 46
1 38 46
1 38 47
1 38 47
1 38 47
1 39 1
1 39 1
1 39 4
1 39 6
1 39 6
1 39 14
1 39 14
1 39 14
1 39 18
1 39 18
1 39 18
1 39 19
1 39 19
1 39 19
1 39 21
1 39 21
1 39 24
1 39 24
1 39 31
1 39 31
1 39 31
1 39 32
1 39 32
1 39 33
1 39 33
1 39 33
1 39 36
1 39 36
1 39 37
1 39 37
1 39 41
1 39 43
1 39 43
1 39 49
1 40 1
1 40 3
1 40 3
1 40 3
1 40 9
1 40 9
1 40 15
1 40 15
1 40 17
1 40 23
1 40 23
1 40 25
1 40 25
1 40 27
1 40 28
1 40 28
1 40 28
1 40 31
1 40 31
1 40 33
1 40 34
1 40 34
1 40 39
1 40 41
1 40 48
1 41 0
1 41 12
1 41 22
1 41 22
1 41 23
1 41 23
1 41 25
1 41 29
1 41 32
1 41 32
1 41 32
1 41 37
1 41 37
1 41 38
1 41 38
1 41 44
1 41 44
1 41 47
1 41 49
1 41 49
1 41 49
1 42 3
1 42 3
1 42 3
1 42 5
1 42 6
1 42 9
1 42 11
1 42 14
1 42 19
1 42 20
1 42 21
1 42 23
1 42 23
1 42 24
1 42 24
1 42 24
1 42 27
1 42 27
1 42 27
1 42 28
1 42 30
1 42 30
1 42 32
1 42 32
1 42 32
1 42 34
1 42 34
1 42 34
1 42 37
1 42 37
1 42 40
1 42 40
1 42 40
1 42 42
1 42 42
1 42 42
1 42 43
1 42 43
1 42 43
1 42 47
1 42 47
1 42 47
1 42 48
1 42 48
1 43 2
1 43 2
1 43 5
1 43 5
1 43 7
1 43 7
1 43 10
1 43 10
1 43 11
1 43 11
1 43 11
1 43 17
1 43 25
1 43 25
1 43 25
1 43 27
1 43 30
1 43 37
1 43 37
1 43 39
1 43 41
1 43 41
1 43 41
1 43 46
1 43 48
1 43 48
1 44 1
1 44 4
1 44 6
1 44 7
1 44 7
1 44 7
1 44 8
1 44 10
1 44 11
1 44 11
1 44 12
1 44 13
1 44 15
1 44 15
1 44 17
1 44 17
1 44 21
1 44 21
1 44 21
1 44 26
1 44 26
1 44 26
1 44 27
1 44 27
1 44 29
1 44 29
1 44 29
1 44 30
1 44 34
1 44 34
1 44 37
1 44 37
1 44 38
1 44 38
1 44 39
1 44 43
1 44 43
1 45 3
1 45 3
1 45 6
1 45 12
1 45 12
1 45 14
1 45 14
1 45 14
1 45 20
1 45 20
1 45 21
1 45 21
1 45 24
1 45 24
1 45 24
1 45 25
1 45 29
1 45 29
1 45 30
1 45 30
1 45 30
1 45 31
1 45 31
1 45 31
1 45 35
1 45 40
1 45 40
1 45 40
1 45 42
1 45 42
1 45 44
1 45 44
1 45 44
1 46 2
1 46 2
1 46 4
1 46 4
1 46 5
1 46 5
1 46 5
1 46 6
1 46 6
1 46 13
1 46 19
1 46 20
1 46 21
1 46 21
1 46 30
1 46 30
1 46 30
1 46 34
1 46 34
1 46 34
1 46 37
1 46 40
1 46 45
1 46 45
1 46 45
1 46 46
1 46 49
1 46 49
1 47 3
1 47 3
1 47 4
1 47 6
1 47 6
1 47 7
1 47 7
1 47 7
1 47 10
1 47 10
1 47 10
1 47 11
1 47 11
1 47 11
1 47 12
1 47 12
1 47 12
1 47 13
1 47 13
1 47 13
1 47 15
1 47 15
1 47 15
1 47 30
1 47 30
1 47 34
1 47 42
1 47 45
1 47 45
1 47 46
1 47 46
1 47 46
1 48 2
1 48 2
1 48 2
1 48 3
1 48 3
1 48 3
1 48 4
1 48 6
1 48 10
1 48 10
1 48 10
1 48 13
1 48 14
1 48 14
1 48 14
1 48 15
1 48 15
1 48 18
1 48 18
1 48 18
1 48 20
1 48 20
1 48 21
1 48 21
1 48 21
1 48 22
1 48 22
1 48 24
1 48 27
1 48 27
1 48 27
1 48 31
1 48 31
1 48 31
1 48 34
1 48 38
1 48 39
1 48 39
1 48 43
1 48 43
1 48 43
1 48 44
1 48 44
1 48 45
1 48 45
1 48 45
1 48 48
1 48 48
1 49 0
1 49 2
1 49 2
1 49 2
1 49 7
1 49 8
1 49 8
1 49 8
1 49 12
1 49 12
1 49 17
1 49 17
1 49 20
1 49 22
1 49 22
1 49 24
1 49 30
1 49 32
1 49 32
1 49 32
1 49 44
1 49 44
1 49 44
2 0 4
2 1 1
2 1 23
2 2 16
2 2 35
2 3 41
2 3 46
2 5 28
2 6 3
2 6 33
2 6 40
2 8 32
2 8 40
2 8 47
2 9 4
2 9 19
2 9 30
2 10 2
2 10 10
2 11 6
2 11 27
2 13 27
2 15 2
2 15 39
2 15 43
2 16 5
2 17 23
2 17 29
2 17 35
2 19 1
2 19 4
2 19 46
2 20 13
2 20 32
2 21 24
2 22 17
2 22 20
2 23 6
2 26 30
2 27 20
2 27 27
2 27 35
2 28 1
2 28 11
2 29 15
2 29 29
2 33 28
2 34 3
2 34 39
2 35 32
2 36 5
2 37 1
2 38 28
2 39 49
2 40 3
2 41 14
2 41 21
2 41 37
2 41 46
2 42 34
2 42 40
2 43 10
2 44 42
2 45 20
2 46 32
2 47 10
2 47 42
2 48 20
2 48 24
