1 0 0
1 0 0
1 0 0
1 0 2
1 0 7
1 0 7
1 0 9
1 0 9
1 0 9
1 0 11
1 0 11
1 0 12
1 0 12
1 0 12
1 0 13
1 0 13
1 0 13
1 0 19
1 0 19
1 0 21
1 0 21
1 0 21
1 0 22
1 0 22
1 0 28
1 0 28
1 0 28
1 0 36
1 0 36
1 0 37
1 0 38
1 0 38
1 0 38
1 0 45
1 0 47
1 0 47
1 0 47
1 1 3
1 1 5
1 1 11
1 1 13
1 1 13
1 1 14
1 1 15
1 1 15
1 1 15
1 1 17
1 1 17
1 1 19
1 1 19
1 1 19
1 1 21
1 1 21
1 1 26
1 1 26
1 1 28
1 1 29
1 1 31
1 1 34
1 1 35
1 1 35
1 1 35
1 1 36
1 1 37
1 1 37
1 1 37
1 1 38
1 1 38
1 1 39
1 1 39
1 1 39
1 1 41
1 1 41
1 1 41
1 1 44
1 1 44
1 1 45
1 1 45
1 1 45
1 2 6
1 2 6
1 2 7
1 2 7
1 2 8
1 2 15
1 2 16
1 2 16
1 2 18
1 2 18
1 2 20
1 2 20
1 2 26
1 2 26
1 2 26
1 2 29
1 2 30
1 2 30
1 2 33
1 2 38
1 2 39
1 2 41
1 2 44
1 2 44
1 2 44
1 2 45
1 2 49
1 2 49
1 2 49
1 3 6
1 3 6
1 3 10
1 3 10
1 3 12
1 3 13
1 3 13
1 3 15
1 3 15
1 3 15
1 3 17
1 3 17
1 3 33
1 3 33
1 3 34
1 3 34
1 3 34
1 3 36
1 3 37
1 3 37
1 3 37
1 3 40
1 3 46
1 3 46
1 3 47
1 3 47
1 3 47
1 3 48
1 3 48
1 4 5
1 4 5
1 4 13
1 4 13
1 4 13
1 4 14
1 4 14
1 4 14
1 4 23
1 4 24
1 4 25
1 4 25
1 4 27
1 4 27
1 4 30
1 4 30
1 4 30
1 4 34
1 4 34
1 4 36
1 4 36
1 4 39
1 4 39
1 4 39
1 4 40
1 4 40
1 4 41
1 4 44
1 4 45
1 4 45
1 4 45
1 4 47
1 5 2
1 5 8
1 5 8
1 5 8
1 5 14
1 5 14
1 5 14
1 5 15
1 5 23
1 5 23
1 5 23
1 5 24
1 5 24
1 5 26
1 5 26
1 5 26
1 5 31
1 5 31
1 5 35
1 5 36
1 5 36
1 5 42
1 5 42
1 5 43
1 5 43
1 5 43
1 5 48
1 5 48
1 5 48
1 5 49
1 5 49
1 5 49
1 6 0
1 6 0
1 6 0
1 6 1
1 6 8
1 6 8
1 6 10
1 6 11
1 6 14
1 6 14
1 6 16
1 6 18
1 6 18
1 6 23
1 6 26
1 6 26
1 6 29
1 6 29
1 6 29
1 6 30
1 6 30
1 6 31
1 6 31
1 6 33
1 6 39
1 6 41
1 6 41
1 6 42
1 6 42
1 6 44
1 6 48
1 6 48
1 6 48
1 7 2
1 7 6
1 7 9
1 7 9
1 7 9
1 7 10
1 7 13
1 7 14
1 7 15
1 7 15
1 7 15
1 7 17
1 7 17
1 7 18
1 7 18
1 7 22
1 7 22
1 7 23
1 7 23
1 7 27
1 7 30
1 7 32
1 7 32
1 7 33
1 7 33
1 7 33
1 7 34
1 7 34
1 7 34
1 7 35
1 7 36
1 7 36
1 7 37
1 7 38
1 7 40
1 7 40
1 7 40
1 7 45
1 7 47
1 8 3
1 8 3
1 8 4
1 8 6
1 8 11
1 8 14
1 8 14
1 8 14
1 8 18
1 8 18
1 8 18
1 8 20
1 8 20
1 8 21
1 8 21
1 8 21
1 8 29
1 8 29
1 8 31
1 8 34
1 8 34
1 8 34
1 8 36
1 8 38
1 8 38
1 8 38
1 8 41
1 8 41
1 8 41
1 8 44
1 8 44
1 8 44
1 9 3
1 9 3
1 9 6
1 9 6
1 9 12
1 9 13
1 9 19
1 9 19
1 9 21
1 9 21
1 9 21
1 9 25
1 9 26
1 9 29
1 9 29
1 9 34
1 9 34
1 9 39
1 9 39
1 9 39
1 9 43
1 9 43
1 9 43
1 9 45
1 9 45
1 9 46
1 9 47
1 9 47
1 9 47
1 9 49
1 9 49
1 10 0
1 10 0
1 10 1
1 10 1
1 10 1
1 10 7
1 10 7
1 10 7
1 10 10
1 10 14
1 10 14
1 10 14
1 10 23
1 10 29
1 10 31
1 10 33
1 10 33
1 10 41
1 10 44
1 10 44
1 10 47
1 10 47
1 10 47
1 10 48
1 10 48
1 11 1
1 11 1
1 11 1
1 11 2
1 11 2
1 11 6
1 11 7
1 11 7
1 11 7
1 11 10
1 11 11
1 11 11
1 11 11
1 11 19
1 11 19
1 11 21
1 11 21
1 11 22
1 11 22
1 11 22
1 11 25
1 11 25
1 11 25
1 11 29
1 11 29
1 11 29
1 11 30
1 11 30
1 11 30
1 11 31
1 11 31
1 11 33
1 11 33
1 11 33
1 11 34
1 11 34
1 11 38
1 11 38
1 11 39
1 11 40
1 11 40
1 11 40
1 11 41
1 11 43
1 12 1
1 12 2
1 12 3
1 12 4
1 12 6
1 12 6
1 12 6
1 12 8
1 12 9
1 12 9
1 12 13
1 12 14
1 12 23
1 12 23
1 12 23
1 12 25
1 12 27
1 12 31
1 12 31
1 12 31
1 12 32
1 12 32
1 12 32
1 12 36
1 12 41
1 12 41
1 12 44
1 12 44
1 12 46
1 13 3
1 13 3
1 13 4
1 13 4
1 13 4
1 13 8
1 13 8
1 13 8
1 13 11
1 13 11
1 13 11
1 13 16
1 13 16
1 13 21
1 13 22
1 13 22
1 13 22
1 13 28
1 13 28
1 13 29
1 13 29
1 13 29
1 13 31
1 13 31
1 13 31
1 13 32
1 13 32
1 13 34
1 13 35
1 13 36
1 13 36
1 13 40
1 13 42
1 13 42
1 13 45
1 13 45
1 13 45
1 13 47
1 13 47
1 13 47
1 13 48
1 13 48
1 13 48
1 14 3
1 14 6
1 14 8
1 14 8
1 14 10
1 14 10
1 14 12
1 14 14
1 14 14
1 14 15
1 14 16
1 14 22
1 14 22
1 14 22
1 14 29
1 14 31
1 14 34
1 14 35
1 14 35
1 14 40
1 14 40
1 14 40
1 14 42
1 14 44
1 14 44
1 14 45
1 14 45
1 14 45
1 14 48
1 14 48
1 14 48
1 15 0
1 15 0
1 15 0
1 15 5
1 15 10
1 15 15
1 15 15
1 15 15
1 15 20
1 15 22
1 15 22
1 15 22
1 15 27
1 15 27
1 15 28
1 15 28
1 15 32
1 15 42
1 16 0
1 16 1
1 16 1
1 16 2
1 16 2
1 16 4
1 16 4
1 16 4
1 16 8
1 16 8
1 16 8
1 16 11
1 16 18
1 16 18
1 16 18
1 16 22
1 16 22
1 16 25
1 16 30
1 16 30
1 16 30
1 16 31
1 16 31
1 16 35
1 16 40
1 16 40
1 16 41
1 16 41
1 16 44
1 16 44
1 16 45
1 16 45
1 16 47
1 16 47
1 16 47
1 16 49
1 17 0
1 17 6
1 17 6
1 17 8
1 17 8
1 17 12
1 17 12
1 17 13
1 17 13
1 17 14
1 17 14
1 17 17
1 17 17
1 17 28
1 17 29
1 17 29
1 17 29
1 17 32
1 17 38
1 17 38
1 17 43
1 17 43
1 17 45
1 17 45
1 17 49
1 17 49
1 17 49
1 18 2
1 18 5
1 18 6
1 18 6
1 18 9
1 18 9
1 18 9
1 18 13
1 18 13
1 18 13
1 18 20
1 18 20
1 18 20
1 18 22
1 18 22
1 18 24
1 18 24
1 18 24
1 18 32
1 18 37
1 18 37
1 18 37
1 18 39
1 18 39
1 18 45
1 18 45
1 18 48
1 18 48
1 18 48
1 19 3
1 19 3
1 19 3
1 19 4
1 19 4
1 19 4
1 19 9
1 19 9
1 19 10
1 19 10
1 19 10
1 19 11
1 19 13
1 19 18
1 19 24
1 19 24
1 19 24
1 19 25
1 19 25
1 19 31
1 19 31
1 19 31
1 19 34
1 19 37
1 19 37
1 19 37
1 19 40
1 19 44
1 19 44
1 19 44
1 19 47
1 19 48
1 19 49
1 19 49
1 20 0
1 20 1
1 20 2
1 20 2
1 20 3
1 20 7
1 20 13
1 20 13
1 20 13
1 20 15
1 20 15
1 20 15
1 20 17
1 20 19
1 20 19
1 20 20
1 20 24
1 20 24
1 20 24
1 20 25
1 20 25
1 20 28
1 20 28
1 20 37
1 20 38
1 20 38
1 20 39
1 20 39
1 20 39
1 20 44
1 20 47
1 20 47
1 20 48
1 21 2
1 21 5
1 21 7
1 21 7
1 21 9
1 21 9
1 21 9
1 21 15
1 21 15
1 21 15
1 21 20
1 21 21
1 21 22
1 21 22
1 21 23
1 21 24
1 21 24
1 21 24
1 21 28
1 21 28
1 21 28
1 21 29
1 21 30
1 21 30
1 21 30
1 21 31
1 21 34
1 21 37
1 21 37
1 21 37
1 21 38
1 21 38
1 21 38
1 21 39
1 21 39
1 21 44
1 21 44
1 21 44
1 21 47
1 21 47
1 21 47
1 22 2
1 22 2
1 22 2
1 22 12
1 22 12
1 22 14
1 22 14
1 22 14
1 22 15
1 22 15
1 22 15
1 22 16
1 22 16
1 22 20
1 22 20
1 22 21
1 22 21
1 22 21
1 22 25
1 22 29
1 22 29
1 22 32
1 22 32
1 22 34
1 22 34
1 22 38
1 22 40
1 22 41
1 22 41
1 22 43
1 22 43
1 22 47
1 22 47
1 22 47
1 23 0
1 23 3
1 23 3
1 23 5
1 23 9
1 23 10
1 23 10
1 23 12
1 23 12
1 23 13
1 23 14
1 23 14
1 23 14
1 23 19
1 23 22
1 23 22
1 23 26
1 23 26
1 23 26
1 23 27
1 23 27
1 23 33
1 23 33
1 23 33
1 23 38
1 23 38
1 23 43
1 23 43
1 23 45
1 23 45
1 23 49
1 24 8
1 24 8
1 24 8
1 24 9
1 24 11
1 24 11
1 24 11
1 24 15
1 24 15
1 24 17
1 24 17
1 24 17
1 24 23
1 24 23
1 24 23
1 24 25
1 24 25
1 24 25
1 24 29
1 24 38
1 24 38
1 24 38
1 24 40
1 24 42
1 24 42
1 24 43
1 24 43
1 24 45
1 24 47
1 24 48
1 25 1
1 25 1
1 25 1
1 25 2
1 25 2
1 25 2
1 25 5
1 25 5
1 25 5
1 25 9
1 25 11
1 25 11
1 25 13
1 25 16
1 25 17
1 25 17
1 25 17
1 25 23
1 25 23
1 25 23
1 25 26
1 25 26
1 25 26
1 25 27
1 25 27
1 25 27
1 25 28
1 25 33
1 25 35
1 25 35
1 25 38
1 25 38
1 25 42
1 25 42
1 25 42
1 25 43
1 25 44
1 25 46
1 25 46
1 26 0
1 26 0
1 26 0
1 26 3
1 26 3
1 26 6
1 26 6
1 26 7
1 26 7
1 26 7
1 26 8
1 26 10
1 26 16
1 26 19
1 26 26
1 26 26
1 26 32
1 26 32
1 26 35
1 26 36
1 26 36
1 26 36
1 26 37
1 26 37
1 26 37
1 26 40
1 26 40
1 26 44
1 26 45
1 26 45
1 26 47
1 27 4
1 27 5
1 27 5
1 27 7
1 27 7
1 27 7
1 27 11
1 27 11
1 27 20
1 27 20
1 27 20
1 27 23
1 27 28
1 27 28
1 27 29
1 27 31
1 27 31
1 27 35
1 27 38
1 27 38
1 27 38
1 27 39
1 27 39
1 27 39
1 27 47
1 27 47
1 27 47
1 27 49
1 27 49
1 28 0
1 28 3
1 28 3
1 28 4
1 28 4
1 28 7
1 28 7
1 28 9
1 28 9
1 28 17
1 28 18
1 28 19
1 28 19
1 28 21
1 28 25
1 28 25
1 28 25
1 28 27
1 28 27
1 28 27
1 28 29
1 28 29
1 28 30
1 28 33
1 28 39
1 28 39
1 28 41
1 28 41
1 28 41
1 28 48
1 29 0
1 29 0
1 29 3
1 29 4
1 29 4
1 29 4
1 29 5
1 29 5
1 29 9
1 29 9
1 29 9
1 29 11
1 29 11
1 29 11
1 29 12
1 29 12
1 29 13
1 29 13
1 29 16
1 29 17
1 29 17
1 29 18
1 29 21
1 29 22
1 29 22
1 29 22
1 29 30
1 29 30
1 29 32
1 29 32
1 29 37
1 29 37
1 29 45
1 29 45
1 29 46
1 29 47
1 29 47
1 29 47
1 29 48
1 29 48
1 29 48
1 30 0
1 30 2
1 30 3
1 30 4
1 30 4
1 30 7
1 30 7
1 30 9
1 30 9
1 30 9
1 30 14
1 30 14
1 30 16
1 30 17
1 30 17
1 30 21
1 30 21
1 30 21
1 30 23
1 30 23
1 30 23
1 30 27
1 30 27
1 30 27
1 30 29
1 30 29
1 30 29
1 30 32
1 30 33
1 30 33
1 30 33
1 30 35
1 30 41
1 30 41
1 30 42
1 30 42
1 30 42
1 30 43
1 30 43
1 30 49
1 30 49
1 31 0
1 31 7
1 31 7
1 31 12
1 31 12
1 31 12
1 31 13
1 31 13
1 31 14
1 31 14
1 31 14
1 31 15
1 31 15
1 31 15
1 31 24
1 31 24
1 31 24
1 31 25
1 31 25
1 31 32
1 31 32
1 31 34
1 31 36
1 31 36
1 31 39
1 31 39
1 31 42
1 31 42
1 31 49
1 31 49
1 31 49
1 32 7
1 32 7
1 32 8
1 32 8
1 32 8
1 32 9
1 32 10
1 32 10
1 32 13
1 32 13
1 32 13
1 32 14
1 32 14
1 32 14
1 32 15
1 32 15
1 32 15
1 32 17
1 32 17
1 32 19
1 32 19
1 32 19
1 32 31
1 32 31
1 32 38
1 32 47
1 32 48
1 32 49
1 32 49
1 32 49
1 33 0
1 33 0
1 33 0
1 33 3
1 33 3
1 33 6
1 33 6
1 33 7
1 33 7
1 33 7
1 33 10
1 33 11
1 33 11
1 33 11
1 33 12
1 33 12
1 33 13
1 33 13
1 33 22
1 33 22
1 33 22
1 33 24
1 33 24
1 33 24
1 33 26
1 33 26
1 33 30
1 33 30
1 33 30
1 33 32
1 33 32
1 33 34
1 33 34
1 33 34
1 33 35
1 33 35
1 33 36
1 33 36
1 33 40
1 33 40
1 33 41
1 33 41
1 33 46
1 33 46
1 33 47
1 33 48
1 33 48
1 33 48
1 34 0
1 34 0
1 34 0
1 34 3
1 34 3
1 34 3
1 34 4
1 34 4
1 34 4
1 34 10
1 34 14
1 34 15
1 34 15
1 34 17
1 34 18
1 34 21
1 34 21
1 34 22
1 34 27
1 34 27
1 34 28
1 34 28
1 34 32
1 34 33
1 34 33
1 34 33
1 34 35
1 34 35
1 34 35
1 34 37
1 34 37
1 34 44
1 34 44
1 34 46
1 34 46
1 34 46
1 34 47
1 34 47
1 34 48
1 35 2
1 35 6
1 35 6
1 35 6
1 35 8
1 35 8
1 35 15
1 35 15
1 35 15
1 35 16
1 35 17
1 35 17
1 35 23
1 35 23
1 35 23
1 35 28
1 35 28
1 35 28
1 35 31
1 35 34
1 35 35
1 35 38
1 35 38
1 35 38
1 35 40
1 35 42
1 35 45
1 35 48
1 36 0
1 36 0
1 36 4
1 36 7
1 36 10
1 36 10
1 36 18
1 36 18
1 36 18
1 36 23
1 36 23
1 36 23
1 36 30
1 36 30
1 36 30
1 36 34
1 36 34
1 36 34
1 36 36
1 36 37
1 36 37
1 36 37
1 36 38
1 36 46
1 36 46
1 36 46
1 37 0
1 37 0
1 37 0
1 37 2
1 37 3
1 37 3
1 37 3
1 37 4
1 37 6
1 37 6
1 37 7
1 37 7
1 37 7
1 37 12
1 37 12
1 37 14
1 37 15
1 37 15
1 37 18
1 37 18
1 37 18
1 37 26
1 37 28
1 37 28
1 37 28
1 37 33
1 37 46
1 37 46
1 37 46
1 37 48
1 37 48
1 37 48
1 37 49
1 37 49
1 38 2
1 38 2
1 38 4
1 38 5
1 38 5
1 38 8
1 38 8
1 38 12
1 38 12
1 38 16
1 38 17
1 38 17
1 38 19
1 38 19
1 38 19
1 38 21
1 38 23
1 38 23
1 38 26
1 38 26
1 38 32
1 38 32
1 38 32
1 38 34
1 38 34
1 38 34
1 38 44
1 38 44
1 38 44
1 38 48
1 38 48
1 38 48
1 39 5
1 39 5
1 39 5
1 39 10
1 39 10
1 39 10
1 39 20
1 39 20
1 39 20
1 39 24
1 39 24
1 39 25
1 39 25
1 39 25
1 39 26
1 39 26
1 39 26
1 39 28
1 39 28
1 39 28
1 39 31
1 39 31
1 39 31
1 39 34
1 39 37
1 39 38
1 39 39
1 39 39
1 39 40
1 39 40
1 39 42
1 39 44
1 39 48
1 40 1
1 40 1
1 40 1
1 40 3
1 40 3
1 40 3
1 40 4
1 40 4
1 40 5
1 40 5
1 40 5
1 40 10
1 40 14
1 40 14
1 40 19
1 40 19
1 40 19
1 40 23
1 40 24
1 40 24
1 40 24
1 40 28
1 40 30
1 40 30
1 40 32
1 40 32
1 40 33
1 40 33
1 40 34
1 40 34
1 40 34
1 40 37
1 40 37
1 40 37
1 40 39
1 40 39
1 40 41
1 40 41
1 40 41
1 40 42
1 40 42
1 40 42
1 41 0
1 41 0
1 41 0
1 41 3
1 41 3
1 41 3
1 41 5
1 41 8
1 41 11
1 41 11
1 41 11
1 41 13
1 41 13
1 41 13
1 41 14
1 41 14
1 41 16
1 41 19
1 41 19
1 41 20
1 41 20
1 41 20
1 41 21
1 41 21
1 41 21
1 41 24
1 41 24
1 41 26
1 41 26
1 41 31
1 41 33
1 41 33
1 41 33
1 41 34
1 41 34
1 41 34
1 41 43
1 41 43
1 41 43
1 41 44
1 41 44
1 41 44
1 42 3
1 42 3
1 42 4
1 42 4
1 42 4
1 42 5
1 42 5
1 42 5
1 42 9
1 42 9
1 42 9
1 42 11
1 42 20
1 42 22
1 42 22
1 42 22
1 42 24
1 42 25
1 42 25
1 42 25
1 42 26
1 42 29
1 42 29
1 42 29
1 42 30
1 42 32
1 42 35
1 42 35
1 42 35
1 42 37
1 42 37
1 42 42
1 42 42
1 42 42
1 42 44
1 42 44
1 42 45
1 42 46
1 42 46
1 42 46
1 42 47
1 42 47
1 43 0
1 43 0
1 43 1
1 43 1
1 43 7
1 43 7
1 43 8
1 43 8
1 43 9
1 43 11
1 43 11
1 43 12
1 43 13
1 43 13
1 43 14
1 43 14
1 43 14
1 43 20
1 43 20
1 43 24
1 43 24
1 43 24
1 43 25
1 43 29
1 43 29
1 43 31
1 43 34
1 43 35
1 43 35
1 43 35
1 43 39
1 43 39
1 43 44
1 43 44
1 43 44
1 43 45
1 43 45
1 43 48
1 43 48
1 44 5
1 44 8
1 44 8
1 44 12
1 44 20
1 44 22
1 44 27
1 44 27
1 44 27
1 44 29
1 44 31
1 44 31
1 44 35
1 44 35
1 44 35
1 44 42
1 44 42
1 44 42
1 44 43
1 44 43
1 44 44
1 44 44
1 44 44
1 44 48
1 45 5
1 45 8
1 45 10
1 45 12
1 45 12
1 45 12
1 45 14
1 45 14
1 45 15
1 45 15
1 45 18
1 45 18
1 45 21
1 45 24
1 45 26
1 45 28
1 45 29
1 45 29
1 45 33
1 45 33
1 45 33
1 45 34
1 45 36
1 45 36
1 45 36
1 45 37
1 45 37
1 45 45
1 45 45
1 45 45
1 45 46
1 45 47
1 45 47
1 45 47
1 46 0
1 46 0
1 46 7
1 46 7
1 46 8
1 46 12
1 46 16
1 46 16
1 46 17
1 46 17
1 46 19
1 46 19
1 46 22
1 46 22
1 46 25
1 46 25
1 46 27
1 46 27
1 46 29
1 46 30
1 46 33
1 46 34
1 46 34
1 46 35
1 46 37
1 46 40
1 46 44
1 46 44
1 46 44
1 46 46
1 47 0
1 47 0
1 47 0
1 47 4
1 47 4
1 47 4
1 47 5
1 47 6
1 47 8
1 47 13
1 47 13
1 47 13
1 47 14
1 47 14
1 47 14
1 47 18
1 47 18
1 47 19
1 47 19
1 47 19
1 47 20
1 47 20
1 47 23
1 47 23
1 47 24
1 47 24
1 47 28
1 47 30
1 47 31
1 47 31
1 47 33
1 47 33
1 47 38
1 47 38
1 47 46
1 47 48
1 47 49
1 48 1
1 48 1
1 48 5
1 48 5
1 48 5
1 48 6
1 48 6
1 48 6
1 48 11
1 48 13
1 48 13
1 48 13
1 48 16
1 48 16
1 48 22
1 48 22
1 48 22
1 48 24
1 48 24
1 48 24
1 48 38
1 48 39
1 48 39
1 48 42
1 48 42
1 48 44
1 48 44
1 48 44
1 48 46
1 49 0
1 49 2
1 49 2
1 49 2
1 49 3
1 49 3
1 49 3
1 49 5
1 49 6
1 49 6
1 49 11
1 49 11
1 49 12
1 49 12
1 49 12
1 49 20
1 49 20
1 49 20
1 49 24
1 49 24
1 49 24
1 49 25
1 49 25
1 49 25
1 49 28
1 49 28
1 49 30
1 49 31
1 49 31
1 49 31
1 49 33
1 49 33
1 49 33
1 49 36
1 49 36
1 49 39
1 49 39
1 49 40
1 49 40
1 49 40
1 49 42
1 49 43
1 49 46
1 49 46
1 49 46
2 0 11
2 0 28
2 0 36
2 0 45
2 1 8
2 3 12
2 4 23
2 4 27
2 5 18
2 5 26
2 5 42
2 5 48
2 6 5
2 6 29
2 6 33
2 8 3
2 8 29
2 10 0
2 11 6
2 11 21
2 13 11
2 13 18
2 13 34
2 13 42
2 13 47
2 14 0
2 14 14
2 16 44
2 16 49
2 17 12
2 17 34
2 18 37
2 20 0
2 20 19
2 20 28
2 22 43
2 23 5
2 23 9
2 23 24
2 25 35
2 26 39
2 26 47
2 27 4
2 27 25
2 27 28
2 28 0
2 28 17
2 28 21
2 28 32
2 30 41
2 31 19
2 33 22
2 33 32
2 33 34
2 34 27
2 36 26
2 37 31
2 37 48
2 38 16
2 38 19
2 38 37
2 40 19
2 40 41
2 41 29
2 43 34
2 45 14
2 45 45
2 46 19
2 47 4
2 47 10
2 47 23
2 47 38
2 48 42
