1 0 2
1 0 3
1 0 10
1 0 10
1 0 12
1 0 12
1 0 12
1 0 15
1 0 15
1 0 16
1 0 16
1 0 18
1 0 18
1 0 19
1 0 19
1 0 25
1 0 25
1 0 25
1 0 33
1 0 33
1 0 46
1 0 46
1 0 46
1 0 49
1 0 49
1 1 0
1 1 0
1 1 0
1 1 1
1 1 1
1 1 3
1 1 3
1 1 3
1 1 5
1 1 5
1 1 7
1 1 7
1 1 7
1 1 8
1 1 8
1 1 11
1 1 11
1 1 12
1 1 14
1 1 14
1 1 14
1 1 21
1 1 22
1 1 24
1 1 25
1 1 25
1 1 25
1 1 27
1 1 29
1 1 29
1 1 36
1 1 36
1 1 36
1 1 38
1 1 38
1 1 38
1 1 40
1 1 40
1 1 41
1 1 41
1 1 41
1 1 42
1 1 43
1 1 44
1 1 47
1 1 47
1 1 47
1 2 0
1 2 0
1 2 0
1 2 5
1 2 5
1 2 5
1 2 11
1 2 11
1 2 11
1 2 14
1 2 14
1 2 14
1 2 15
1 2 15
1 2 15
1 2 16
1 2 20
1 2 20
1 2 20
1 2 22
1 2 22
1 2 22
1 2 30
1 2 31
1 2 42
1 2 47
1 2 47
1 3 0
1 3 0
1 3 6
1 3 8
1 3 8
1 3 8
1 3 12
1 3 12
1 3 12
1 3 15
1 3 15
1 3 23
1 3 23
1 3 23
1 3 26
1 3 26
1 3 26
1 3 32
1 3 32
1 3 32
1 3 42
1 3 42
1 3 42
1 3 43
1 3 43
1 3 43
1 3 47
1 4 4
1 4 4
1 4 4
1 4 9
1 4 9
1 4 10
1 4 15
1 4 17
1 4 20
1 4 20
1 4 21
1 4 21
1 4 21
1 4 25
1 4 26
1 4 27
1 4 27
1 4 29
1 4 29
1 4 29
1 4 30
1 4 30
1 4 30
1 4 43
1 4 44
1 4 44
1 4 44
1 4 46
1 4 46
1 4 46
1 4 48
1 4 48
1 4 48
1 5 2
1 5 2
1 5 2
1 5 5
1 5 5
1 5 5
1 5 8
1 5 10
1 5 10
1 5 10
1 5 14
1 5 18
1 5 18
1 5 18
1 5 20
1 5 20
1 5 23
1 5 27
1 5 28
1 5 28
1 5 37
1 5 38
1 5 38
1 5 38
1 5 48
1 5 49
1 6 3
1 6 3
1 6 11
1 6 11
1 6 12
1 6 16
1 6 19
1 6 19
1 6 22
1 6 23
1 6 23
1 6 23
1 6 29
1 6 29
1 6 29
1 6 31
1 6 31
1 6 31
1 6 34
1 6 34
1 6 34
1 6 38
1 6 38
1 6 47
1 6 47
1 6 47
1 6 49
1 6 49
1 6 49
1 7 4
1 7 4
1 7 12
1 7 12
1 7 14
1 7 14
1 7 18
1 7 18
1 7 18
1 7 24
1 7 25
1 7 25
1 7 25
1 7 26
1 7 26
1 7 26
1 7 29
1 7 29
1 7 29
1 7 35
1 7 35
1 7 38
1 7 39
1 7 39
1 7 39
1 7 41
1 7 41
1 7 41
1 7 43
1 7 44
1 7 44
1 7 44
1 8 1
1 8 1
1 8 2
1 8 2
1 8 4
1 8 4
1 8 8
1 8 8
1 8 8
1 8 10
1 8 13
1 8 16
1 8 18
1 8 18
1 8 18
1 8 25
1 8 32
1 8 40
1 8 41
1 8 41
1 8 47
1 9 5
1 9 5
1 9 5
1 9 6
1 9 6
1 9 6
1 9 11
1 9 11
1 9 11
1 9 12
1 9 12
1 9 12
1 9 14
1 9 14
1 9 14
1 9 16
1 9 16
1 9 20
1 9 32
1 9 32
1 9 32
1 9 33
1 9 34
1 9 34
1 9 34
1 9 40
1 9 40
1 9 42
1 9 42
1 9 48
1 9 48
1 9 48
1 10 5
1 10 6
1 10 6
1 10 6
1 10 8
1 10 16
1 10 18
1 10 18
1 10 18
1 10 19
1 10 20
1 10 20
1 10 27
1 10 27
1 10 27
1 10 36
1 10 36
1 10 36
1 10 38
1 10 39
1 10 41
1 10 41
1 10 41
1 10 43
1 10 47
1 10 47
1 10 47
1 11 0
1 11 2
1 11 2
1 11 3
1 11 3
1 11 3
1 11 7
1 11 7
1 11 14
1 11 14
1 11 14
1 11 16
1 11 19
1 11 19
1 11 19
1 11 22
1 11 22
1 11 22
1 11 23
1 11 24
1 11 24
1 11 29
1 11 31
1 11 31
1 11 31
1 11 38
1 11 38
1 11 39
1 11 39
1 11 41
1 11 41
1 11 43
1 11 43
1 11 43
1 11 44
1 11 44
1 11 44
1 12 5
1 12 5
1 12 5
1 12 10
1 12 10
1 12 10
1 12 12
1 12 12
1 12 13
1 12 17
1 12 17
1 12 19
1 12 20
1 12 20
1 12 23
1 12 23
1 12 23
1 12 26
1 12 26
1 12 26
1 12 30
1 12 30
1 12 32
1 12 38
1 12 38
1 12 38
1 12 42
1 12 42
1 12 46
1 12 46
1 12 46
1 12 47
1 12 47
1 12 47
1 12 48
1 12 48
1 12 48
1 13 3
1 13 3
1 13 4
1 13 4
1 13 4
1 13 7
1 13 9
1 13 9
1 13 10
1 13 10
1 13 10
1 13 11
1 13 11
1 13 11
1 13 12
1 13 12
1 13 13
1 13 15
1 13 15
1 13 16
1 13 16
1 13 17
1 13 17
1 13 17
1 13 18
1 13 19
1 13 19
1 13 20
1 13 20
1 13 20
1 13 22
1 13 22
1 13 24
1 13 24
1 13 24
1 13 27
1 13 27
1 13 33
1 13 33
1 13 33
1 13 35
1 13 35
1 13 39
1 13 39
1 13 39
1 13 44
1 13 44
1 13 44
1 13 45
1 13 46
1 13 46
1 13 46
1 13 48
1 13 48
1 14 0
1 14 0
1 14 4
1 14 4
1 14 8
1 14 10
1 14 13
1 14 13
1 14 14
1 14 14
1 14 17
1 14 20
1 14 25
1 14 25
1 14 25
1 14 35
1 14 35
1 14 42
1 14 42
1 14 47
1 14 47
1 14 48
1 15 1
1 15 3
1 15 3
1 15 5
1 15 5
1 15 5
1 15 8
1 15 8
1 15 8
1 15 10
1 15 10
1 15 14
1 15 14
1 15 14
1 15 17
1 15 17
1 15 17
1 15 19
1 15 19
1 15 19
1 15 21
1 15 23
1 15 24
1 15 24
1 15 24
1 15 26
1 15 29
1 15 29
1 15 32
1 15 34
1 15 38
1 15 38
1 15 41
1 15 45
1 16 2
1 16 2
1 16 2
1 16 5
1 16 5
1 16 8
1 16 8
1 16 12
1 16 12
1 16 12
1 16 16
1 16 18
1 16 18
1 16 19
1 16 19
1 16 21
1 16 21
1 16 26
1 16 30
1 16 30
1 16 33
1 16 33
1 16 34
1 16 34
1 16 34
1 16 35
1 16 35
1 16 39
1 16 39
1 16 39
1 16 41
1 16 49
1 16 49
1 16 49
1 17 3
1 17 3
1 17 5
1 17 6
1 17 6
1 17 6
1 17 9
1 17 29
1 17 29
1 17 29
1 17 30
1 17 30
1 17 32
1 17 32
1 17 34
1 17 38
1 17 38
1 17 38
1 17 40
1 17 40
1 17 41
1 17 47
1 18 3
1 18 3
1 18 3
1 18 4
1 18 14
1 18 15
1 18 15
1 18 16
1 18 17
1 18 17
1 18 17
1 18 18
1 18 19
1 18 19
1 18 19
1 18 22
1 18 33
1 18 35
1 18 35
1 18 36
1 18 36
1 18 36
1 18 37
1 18 37
1 18 40
1 18 40
1 18 40
1 18 41
1 18 41
1 18 41
1 18 43
1 18 46
1 18 46
1 18 46
1 18 47
1 19 4
1 19 7
1 19 17
1 19 17
1 19 20
1 19 23
1 19 23
1 19 23
1 19 27
1 19 29
1 19 30
1 19 30
1 19 30
1 19 32
1 19 32
1 19 32
1 19 34
1 19 34
1 19 34
1 19 36
1 19 38
1 19 43
1 20 1
1 20 3
1 20 3
1 20 5
1 20 5
1 20 9
1 20 11
1 20 11
1 20 13
1 20 20
1 20 20
1 20 23
1 20 23
1 20 27
1 20 27
1 20 27
1 20 34
1 20 34
1 20 34
1 20 35
1 20 35
1 20 35
1 20 37
1 20 38
1 20 38
1 20 38
1 20 39
1 20 39
1 20 39
1 20 40
1 20 40
1 20 41
1 20 42
1 20 42
1 20 42
1 21 4
1 21 4
1 21 5
1 21 5
1 21 5
1 21 9
1 21 9
1 21 14
1 21 16
1 21 16
1 21 16
1 21 17
1 21 17
1 21 17
1 21 18
1 21 39
1 21 39
1 21 39
1 21 42
1 21 42
1 21 42
1 21 43
1 21 43
1 21 44
1 21 46
1 21 46
1 21 46
1 21 47
1 22 5
1 22 10
1 22 10
1 22 11
1 22 11
1 22 13
1 22 17
1 22 17
1 22 17
1 22 18
1 22 18
1 22 25
1 22 25
1 22 25
1 22 27
1 22 27
1 22 27
1 22 28
1 22 31
1 22 31
1 22 33
1 22 33
1 22 33
1 22 34
1 22 35
1 22 36
1 22 36
1 22 36
1 22 39
1 22 39
1 22 40
1 22 43
1 22 43
1 22 44
1 22 44
1 22 44
1 22 47
1 22 47
1 23 0
1 23 0
1 23 0
1 23 3
1 23 3
1 23 3
1 23 4
1 23 4
1 23 4
1 23 5
1 23 5
1 23 6
1 23 6
1 23 6
1 23 7
1 23 7
1 23 7
1 23 9
1 23 9
1 23 9
1 23 11
1 23 11
1 23 12
1 23 12
1 23 12
1 23 16
1 23 16
1 23 16
1 23 25
1 23 29
1 23 29
1 23 29
1 23 34
1 23 34
1 23 34
1 23 38
1 23 42
1 23 42
1 23 46
1 24 1
1 24 1
1 24 1
1 24 5
1 24 6
1 24 6
1 24 9
1 24 9
1 24 11
1 24 11
1 24 12
1 24 12
1 24 12
1 24 15
1 24 15
1 24 16
1 24 16
1 24 16
1 24 17
1 24 19
1 24 19
1 24 19
1 24 20
1 24 20
1 24 20
1 24 21
1 24 21
1 24 26
1 24 26
1 24 30
1 24 30
1 24 30
1 24 32
1 24 32
1 24 33
1 24 33
1 24 33
1 24 34
1 24 34
1 24 34
1 24 41
1 24 42
1 24 42
1 24 45
1 24 45
1 24 45
1 24 49
1 24 49
1 24 49
1 25 2
1 25 2
1 25 6
1 25 6
1 25 6
1 25 8
1 25 11
1 25 11
1 25 17
1 25 17
1 25 18
1 25 18
1 25 18
1 25 19
1 25 19
1 25 19
1 25 21
1 25 21
1 25 21
1 25 22
1 25 23
1 25 23
1 25 23
1 25 33
1 25 33
1 25 37
1 25 45
1 25 45
1 25 45
1 26 7
1 26 14
1 26 17
1 26 17
1 26 20
1 26 20
1 26 20
1 26 21
1 26 21
1 26 21
1 26 22
1 26 22
1 26 22
1 26 26
1 26 26
1 26 26
1 26 30
1 26 30
1 26 31
1 26 32
1 26 32
1 26 32
1 26 35
1 26 35
1 26 39
1 26 39
1 26 39
1 26 40
1 26 41
1 26 41
1 26 48
1 26 48
1 26 48
1 26 49
1 26 49
1 26 49
1 27 1
1 27 1
1 27 1
1 27 4
1 27 4
1 27 4
1 27 5
1 27 8
1 27 8
1 27 12
1 27 13
1 27 13
1 27 13
1 27 14
1 27 14
1 27 19
1 27 19
1 27 23
1 27 24
1 27 25
1 27 25
1 27 25
1 27 26
1 27 28
1 27 28
1 27 28
1 27 30
1 27 30
1 27 33
1 27 33
1 27 33
1 27 35
1 27 35
1 27 36
1 27 36
1 27 36
1 27 40
1 27 40
1 27 43
1 27 43
1 27 45
1 27 45
1 27 45
1 27 47
1 28 0
1 28 0
1 28 0
1 28 6
1 28 6
1 28 6
1 28 8
1 28 11
1 28 12
1 28 12
1 28 12
1 28 15
1 28 16
1 28 23
1 28 23
1 28 23
1 28 25
1 28 25
1 28 28
1 28 30
1 28 30
1 28 31
1 28 32
1 28 32
1 28 35
1 28 35
1 28 40
1 28 43
1 28 43
1 28 45
1 28 45
1 28 45
1 28 46
1 28 46
1 28 47
1 28 47
1 28 47
1 28 48
1 28 48
1 28 48
1 29 0
1 29 2
1 29 2
1 29 4
1 29 4
1 29 5
1 29 5
1 29 5
1 29 9
1 29 9
1 29 9
1 29 10
1 29 10
1 29 14
1 29 14
1 29 15
1 29 15
1 29 15
1 29 17
1 29 17
1 29 21
1 29 21
1 29 21
1 29 24
1 29 24
1 29 24
1 29 26
1 29 27
1 29 27
1 29 28
1 29 28
1 29 28
1 29 33
1 29 33
1 29 33
1 29 40
1 29 46
1 29 47
1 29 47
1 29 47
1 30 4
1 30 5
1 30 7
1 30 9
1 30 9
1 30 17
1 30 17
1 30 19
1 30 20
1 30 20
1 30 26
1 30 27
1 30 27
1 30 27
1 30 28
1 30 28
1 30 29
1 30 29
1 30 35
1 30 35
1 30 35
1 30 36
1 30 36
1 30 38
1 30 38
1 30 43
1 30 43
1 30 49
1 30 49
1 31 10
1 31 10
1 31 10
1 31 27
1 31 30
1 31 33
1 31 33
1 31 46
1 31 46
1 31 46
1 32 0
1 32 0
1 32 3
1 32 6
1 32 7
1 32 10
1 32 10
1 32 10
1 32 11
1 32 11
1 32 11
1 32 12
1 32 12
1 32 15
1 32 16
1 32 16
1 32 16
1 32 21
1 32 21
1 32 21
1 32 22
1 32 22
1 32 22
1 32 27
1 32 27
1 32 31
1 32 31
1 32 31
1 32 34
1 32 35
1 32 39
1 32 39
1 32 41
1 32 41
1 32 41
1 32 42
1 32 43
1 32 49
1 32 49
1 33 0
1 33 0
1 33 0
1 33 1
1 33 1
1 33 2
1 33 5
1 33 5
1 33 6
1 33 6
1 33 12
1 33 19
1 33 19
1 33 19
1 33 21
1 33 21
1 33 22
1 33 22
1 33 23
1 33 23
1 33 23
1 33 24
1 33 24
1 33 24
1 33 27
1 33 27
1 33 27
1 33 28
1 33 35
1 33 36
1 33 40
1 33 40
1 33 40
1 33 43
1 34 5
1 34 5
1 34 5
1 34 8
1 34 8
1 34 8
1 34 10
1 34 16
1 34 16
1 34 16
1 34 20
1 34 20
1 34 20
1 34 21
1 34 21
1 34 21
1 34 22
1 34 23
1 34 23
1 34 23
1 34 27
1 34 27
1 34 27
1 34 28
1 34 28
1 34 34
1 34 34
1 34 36
1 34 38
1 34 38
1 34 39
1 34 39
1 34 39
1 34 49
1 35 4
1 35 4
1 35 4
1 35 8
1 35 10
1 35 11
1 35 11
1 35 11
1 35 12
1 35 12
1 35 12
1 35 14
1 35 17
1 35 18
1 35 20
1 35 22
1 35 22
1 35 22
1 35 28
1 35 28
1 35 29
1 35 29
1 35 30
1 35 30
1 35 35
1 35 35
1 35 35
1 35 37
1 35 44
1 35 44
1 35 46
1 36 2
1 36 2
1 36 7
1 36 7
1 36 9
1 36 10
1 36 10
1 36 10
1 36 12
1 36 12
1 36 12
1 36 14
1 36 22
1 36 22
1 36 29
1 36 29
1 36 29
1 36 31
1 36 31
1 36 41
1 36 43
1 36 44
1 36 48
1 36 48
1 36 48
1 37 0
1 37 0
1 37 0
1 37 4
1 37 4
1 37 5
1 37 5
1 37 6
1 37 6
1 37 7
1 37 7
1 37 7
1 37 15
1 37 17
1 37 17
1 37 18
1 37 18
1 37 20
1 37 21
1 37 21
1 37 21
1 37 22
1 37 22
1 37 24
1 37 24
1 37 24
1 37 35
1 37 35
1 37 38
1 37 38
1 37 40
1 37 40
1 37 41
1 37 43
1 37 43
1 37 43
1 37 44
1 37 46
1 37 46
1 37 46
1 37 48
1 37 48
1 38 7
1 38 7
1 38 7
1 38 9
1 38 9
1 38 12
1 38 12
1 38 18
1 38 18
1 38 18
1 38 21
1 38 21
1 38 22
1 38 22
1 38 26
1 38 28
1 38 28
1 38 30
1 38 30
1 38 30
1 38 33
1 38 33
1 38 35
1 38 35
1 38 35
1 38 36
1 38 36
1 38 40
1 38 40
1 38 45
1 38 45
1 38 45
1 38 46
1 38 48
1 39 0
1 39 0
1 39 1
1 39 1
1 39 1
1 39 2
1 39 2
1 39 3
1 39 3
1 39 4
1 39 4
1 39 7
1 39 7
1 39 7
1 39 9
1 39 12
1 39 12
1 39 12
1 39 17
1 39 17
1 39 17
1 39 19
1 39 19
1 39 19
1 39 23
1 39 25
1 39 30
1 39 37
1 39 37
1 39 40
1 39 41
1 39 41
1 39 41
1 39 43
1 39 43
1 39 43
1 39 48
1 39 48
1 39 48
1 40 11
1 40 11
1 40 11
1 40 12
1 40 12
1 40 21
1 40 21
1 40 21
1 40 28
1 40 28
1 40 29
1 40 29
1 40 30
1 40 34
1 40 36
1 40 39
1 40 39
1 40 46
1 40 48
1 41 1
1 41 1
1 41 1
1 41 4
1 41 4
1 41 6
1 41 7
1 41 7
1 41 14
1 41 17
1 41 19
1 41 20
1 41 21
1 41 21
1 41 21
1 41 23
1 41 23
1 41 23
1 41 26
1 41 26
1 41 26
1 41 29
1 41 29
1 41 30
1 41 30
1 41 31
1 41 31
1 41 31
1 41 33
1 41 33
1 41 33
1 41 36
1 41 38
1 41 40
1 41 40
1 42 1
1 42 1
1 42 2
1 42 2
1 42 4
1 42 6
1 42 6
1 42 6
1 42 8
1 42 19
1 42 19
1 42 19
1 42 21
1 42 21
1 42 24
1 42 25
1 42 28
1 42 28
1 42 31
1 42 31
1 42 31
1 42 34
1 42 34
1 42 34
1 42 35
1 42 35
1 42 35
1 42 37
1 42 37
1 42 37
1 42 38
1 42 38
1 43 2
1 43 3
1 43 3
1 43 3
1 43 6
1 43 6
1 43 11
1 43 11
1 43 11
1 43 13
1 43 13
1 43 14
1 43 14
1 43 15
1 43 16
1 43 16
1 43 18
1 43 18
1 43 18
1 43 20
1 43 20
1 43 20
1 43 22
1 43 22
1 43 23
1 43 23
1 43 23
1 43 28
1 43 31
1 43 31
1 43 32
1 43 32
1 43 34
1 43 38
1 43 39
1 43 39
1 43 47
1 43 47
1 43 47
1 44 0
1 44 0
1 44 3
1 44 3
1 44 3
1 44 6
1 44 6
1 44 7
1 44 7
1 44 7
1 44 8
1 44 10
1 44 10
1 44 10
1 44 12
1 44 15
1 44 15
1 44 15
1 44 18
1 44 18
1 44 20
1 44 29
1 44 32
1 44 32
1 44 32
1 44 34
1 44 35
1 44 37
1 44 37
1 44 37
1 44 39
1 44 39
1 44 40
1 44 46
1 44 48
1 45 0
1 45 0
1 45 4
1 45 5
1 45 5
1 45 5
1 45 8
1 45 8
1 45 8
1 45 13
1 45 13
1 45 13
1 45 15
1 45 15
1 45 16
1 45 16
1 45 17
1 45 20
1 45 20
1 45 23
1 45 23
1 45 26
1 45 26
1 45 27
1 45 29
1 45 32
1 45 32
1 45 32
1 45 35
1 45 35
1 45 42
1 45 42
1 45 42
1 45 43
1 45 43
1 45 43
1 45 48
1 45 49
1 46 2
1 46 2
1 46 2
1 46 3
1 46 14
1 46 14
1 46 19
1 46 21
1 46 23
1 46 28
1 46 28
1 46 31
1 46 32
1 46 33
1 46 33
1 46 35
1 46 35
1 46 35
1 46 37
1 46 37
1 46 38
1 46 38
1 46 38
1 46 40
1 46 40
1 46 40
1 46 44
1 46 44
1 47 2
1 47 8
1 47 8
1 47 8
1 47 21
1 47 21
1 47 22
1 47 29
1 47 29
1 47 29
1 47 31
1 47 31
1 47 31
1 47 33
1 47 33
1 47 33
1 47 38
1 47 43
1 47 43
1 47 43
1 47 47
1 47 47
1 47 47
1 48 2
1 48 4
1 48 4
1 48 4
1 48 9
1 48 9
1 48 9
1 48 17
1 48 17
1 48 18
1 48 18
1 48 18
1 48 22
1 48 23
1 48 23
1 48 23
1 48 27
1 48 29
1 48 31
1 48 31
1 48 33
1 48 37
1 48 40
1 48 40
1 48 40
1 48 41
1 48 41
1 48 43
1 48 45
1 48 45
1 49 3
1 49 3
1 49 7
1 49 8
1 49 11
1 49 11
1 49 14
1 49 16
1 49 16
1 49 18
1 49 27
1 49 27
1 49 31
1 49 31
1 49 36
1 49 40
1 49 40
1 49 41
1 49 44
1 49 44
1 49 44
2 0 0
2 0 2
2 0 10
2 0 22
2 0 45
2 1 7
2 1 14
2 1 40
2 2 30
2 2 39
2 3 26
2 3 29
2 4 3
2 4 17
2 4 37
2 6 11
2 6 16
2 6 22
2 7 24
2 8 32
2 8 40
2 8 47
2 9 5
2 10 43
2 11 22
2 12 10
2 12 46
2 15 1
2 15 5
2 15 26
2 15 29
2 15 34
2 15 41
2 18 35
2 19 20
2 20 5
2 20 9
2 20 47
2 21 16
2 23 16
2 23 42
2 24 1
2 24 48
2 25 40
2 26 28
2 26 35
2 27 12
2 27 43
2 27 45
2 28 15
2 29 4
2 29 38
2 31 10
2 32 0
2 32 6
2 32 15
2 32 20
2 32 34
2 32 41
2 33 8
2 34 10
2 36 43
2 36 48
2 37 35
2 37 40
2 38 12
2 39 0
2 39 25
2 40 28
2 40 36
2 41 3
2 41 19
2 41 38
2 42 13
2 43 10
2 44 46
2 45 23
2 46 2
2 46 21
2 48 40
